#
# There is insufficient memory for the Java Runtime Environment to continue.
# Native memory allocation (malloc) failed to allocate 492144 bytes for Chunk::new
# Possible reasons:
#   The system is out of physical RAM or swap space
#   The process is running with CompressedOops enabled, and the Java Heap may be blocking the growth of the native heap
# Possible solutions:
#   Reduce memory load on the system
#   Increase physical memory or swap space
#   Check if swap backing store is full
#   Decrease Java heap size (-Xmx/-Xms)
#   Decrease number of Java threads
#   Decrease Java thread stack sizes (-Xss)
#   Set larger code cache with -XX:ReservedCodeCacheSize=
#   JVM is running with Unscaled Compressed Oops mode in which the Java heap is
#     placed in the first 4GB address space. The Java Heap base address is the
#     maximum limit for the native heap growth. Please use -XX:HeapBaseMinAddress
#     to set the Java Heap base and to place the Java Heap above 4GB virtual address.
# This output file may be truncated or incomplete.
#
#  Out of Memory Error (allocation.cpp:389), pid=6632, tid=0x00000000000003c8
#
# JRE version: OpenJDK Runtime Environment (8.0_242-b01) (build 1.8.0_242-release-1644-b01)
# Java VM: OpenJDK 64-Bit Server VM (25.242-b01 mixed mode windows-amd64 compressed oops)
# Failed to write core dump. Minidumps are not enabled by default on client versions of Windows
#

---------------  T H R E A D  ---------------

Current thread (0x0000000017e66800):  JavaThread "C2 CompilerThread0" daemon [_thread_in_native, id=968, stack(0x00000000195e0000,0x00000000196e0000)]

Stack: [0x00000000195e0000,0x00000000196e0000]
[error occurred during error reporting (printing stack bounds), id 0xc0000005]

Native frames: (J=compiled Java code, j=interpreted, Vv=VM code, C=native code)


Current CompileTask:
C2:8274203 12770 %     4       org.jetbrains.kotlin.gradle.internal.kapt.incremental.ClasspathEntryData::readObject @ 204 (557 bytes)


---------------  P R O C E S S  ---------------

Java Threads: ( => current thread )
  0x0000000021808000 JavaThread "RMI TCP Connection(1)-127.0.0.1" daemon [_thread_in_native, id=1740, stack(0x000000002fab0000,0x000000002fbb0000)]
  0x000000002180b800 JavaThread "RMI Reaper" [_thread_blocked, id=2028, stack(0x000000002f9b0000,0x000000002fab0000)]
  0x0000000021807000 JavaThread "RMI TCP Accept-0" daemon [_thread_in_native, id=3968, stack(0x000000002f8b0000,0x000000002f9b0000)]
  0x0000000021808800 JavaThread "GC Daemon" daemon [_thread_blocked, id=3064, stack(0x000000002e710000,0x000000002e810000)]
  0x000000002180b000 JavaThread "RMI RenewClean-[127.0.0.1:17878,org.jetbrains.kotlin.daemon.common.LoopbackNetworkInterface$ClientLoopbackSocketFactory@4c2e7e24]" daemon [_thread_blocked, id=7340, stack(0x000000002e610000,0x000000002e710000)]
  0x0000000020d45000 JavaThread "RMI Scheduler(0)" daemon [_thread_blocked, id=5348, stack(0x000000002db10000,0x000000002dc10000)]
  0x0000000020d46800 JavaThread "Cache worker for execution history cache (D:\Development\GitHub\CifraCherry\.gradle\6.5\executionHistory)" [_thread_blocked, id=7572, stack(0x000000002d410000,0x000000002d510000)]
  0x0000000020d3b000 JavaThread "Execution worker for ':' Thread 3" [_thread_blocked, id=6788, stack(0x000000002a7e0000,0x000000002a8e0000)]
  0x0000000020d42000 JavaThread "Execution worker for ':' Thread 2" [_thread_blocked, id=5188, stack(0x000000002a3e0000,0x000000002a4e0000)]
  0x0000000020d41000 JavaThread "Execution worker for ':'" [_thread_in_Java, id=2084, stack(0x000000002a2e0000,0x000000002a3e0000)]
  0x0000000020d40800 JavaThread "Cache worker for file content cache (D:\Development\GitHub\CifraCherry\.gradle\6.5\fileContent)" [_thread_blocked, id=1500, stack(0x000000002a1e0000,0x000000002a2e0000)]
  0x0000000020d3f800 JavaThread "pool-3-thread-1" [_thread_blocked, id=5380, stack(0x000000002a0e0000,0x000000002a1e0000)]
  0x0000000020d3a800 JavaThread "Cache worker for Build Output Cleanup Cache (D:\Development\GitHub\CifraCherry\.gradle\buildOutputCleanup)" [_thread_blocked, id=7632, stack(0x0000000029fe0000,0x000000002a0e0000)]
  0x0000000020d3f000 JavaThread "jar transforms Thread 228" [_thread_blocked, id=8072, stack(0x0000000029ee0000,0x0000000029fe0000)]
  0x0000000020d37800 JavaThread "jar transforms Thread 227" [_thread_blocked, id=7804, stack(0x0000000029de0000,0x0000000029ee0000)]
  0x0000000020d3e000 JavaThread "jar transforms Thread 226" [_thread_blocked, id=4888, stack(0x0000000029ce0000,0x0000000029de0000)]
  0x0000000020d3c000 JavaThread "jar transforms Thread 225" [_thread_blocked, id=1640, stack(0x0000000029be0000,0x0000000029ce0000)]
  0x0000000020d39800 JavaThread "jar transforms Thread 224" [_thread_blocked, id=5584, stack(0x0000000029ae0000,0x0000000029be0000)]
  0x0000000020d3d800 JavaThread "jar transforms Thread 223" [_thread_blocked, id=6316, stack(0x00000000299e0000,0x0000000029ae0000)]
  0x0000000020d3c800 JavaThread "jar transforms Thread 222" [_thread_blocked, id=6156, stack(0x00000000298e0000,0x00000000299e0000)]
  0x0000000020d39000 JavaThread "jar transforms Thread 221" [_thread_blocked, id=7424, stack(0x00000000297e0000,0x00000000298e0000)]
  0x0000000020d38000 JavaThread "jar transforms Thread 220" [_thread_blocked, id=3504, stack(0x00000000296e0000,0x00000000297e0000)]
  0x000000001e3ee800 JavaThread "jar transforms Thread 219" [_thread_blocked, id=5576, stack(0x00000000295e0000,0x00000000296e0000)]
  0x000000001e3ee000 JavaThread "jar transforms Thread 218" [_thread_blocked, id=7392, stack(0x00000000294e0000,0x00000000295e0000)]
  0x000000001e3ed000 JavaThread "jar transforms Thread 217" [_thread_blocked, id=7096, stack(0x00000000293e0000,0x00000000294e0000)]
  0x000000001e3ec800 JavaThread "jar transforms Thread 216" [_thread_blocked, id=7320, stack(0x00000000292e0000,0x00000000293e0000)]
  0x000000001e3f2800 JavaThread "jar transforms Thread 215" [_thread_blocked, id=7304, stack(0x00000000291e0000,0x00000000292e0000)]
  0x000000001e3f1800 JavaThread "jar transforms Thread 214" [_thread_blocked, id=6736, stack(0x00000000290e0000,0x00000000291e0000)]
  0x000000001e3f1000 JavaThread "jar transforms Thread 213" [_thread_blocked, id=6180, stack(0x0000000028fe0000,0x00000000290e0000)]
  0x000000001e3f3000 JavaThread "jar transforms Thread 212" [_thread_blocked, id=6940, stack(0x0000000028ee0000,0x0000000028fe0000)]
  0x000000001e3f0000 JavaThread "jar transforms Thread 211" [_thread_blocked, id=5816, stack(0x0000000028de0000,0x0000000028ee0000)]
  0x000000001e3ef800 JavaThread "jar transforms Thread 210" [_thread_blocked, id=5412, stack(0x0000000028ce0000,0x0000000028de0000)]
  0x000000001e3e5000 JavaThread "jar transforms Thread 209" [_thread_blocked, id=7336, stack(0x0000000028be0000,0x0000000028ce0000)]
  0x000000001e3eb800 JavaThread "jar transforms Thread 208" [_thread_blocked, id=4816, stack(0x0000000028ae0000,0x0000000028be0000)]
  0x000000001e3e4000 JavaThread "jar transforms Thread 207" [_thread_blocked, id=7884, stack(0x00000000289e0000,0x0000000028ae0000)]
  0x000000001e3eb000 JavaThread "jar transforms Thread 206" [_thread_blocked, id=5744, stack(0x00000000288e0000,0x00000000289e0000)]
  0x000000001e3ea000 JavaThread "jar transforms Thread 205" [_thread_blocked, id=328, stack(0x00000000287e0000,0x00000000288e0000)]
  0x000000001e3e9800 JavaThread "jar transforms Thread 204" [_thread_blocked, id=1768, stack(0x00000000286e0000,0x00000000287e0000)]
  0x000000001e3e8800 JavaThread "jar transforms Thread 203" [_thread_blocked, id=1712, stack(0x00000000285e0000,0x00000000286e0000)]
  0x000000001e3e7000 JavaThread "jar transforms Thread 202" [_thread_blocked, id=4476, stack(0x00000000284e0000,0x00000000285e0000)]
  0x000000001e3e6800 JavaThread "jar transforms Thread 201" [_thread_blocked, id=7296, stack(0x00000000283e0000,0x00000000284e0000)]
  0x000000001e3e5800 JavaThread "jar transforms Thread 200" [_thread_blocked, id=8040, stack(0x00000000282e0000,0x00000000283e0000)]
  0x000000001e3e8000 JavaThread "jar transforms Thread 199" [_thread_blocked, id=5552, stack(0x00000000281e0000,0x00000000282e0000)]
  0x000000001e16e000 JavaThread "jar transforms Thread 198" [_thread_blocked, id=6256, stack(0x00000000280e0000,0x00000000281e0000)]
  0x000000001e16d800 JavaThread "jar transforms Thread 197" [_thread_blocked, id=5540, stack(0x0000000027fe0000,0x00000000280e0000)]
  0x000000001e16c800 JavaThread "jar transforms Thread 196" [_thread_blocked, id=6512, stack(0x0000000027ee0000,0x0000000027fe0000)]
  0x000000001e16c000 JavaThread "jar transforms Thread 195" [_thread_blocked, id=5748, stack(0x0000000027de0000,0x0000000027ee0000)]
  0x000000001e164800 JavaThread "jar transforms Thread 194" [_thread_blocked, id=1924, stack(0x0000000027ce0000,0x0000000027de0000)]
  0x000000001e16b000 JavaThread "jar transforms Thread 193" [_thread_blocked, id=1152, stack(0x0000000027be0000,0x0000000027ce0000)]
  0x000000001e163800 JavaThread "jar transforms Thread 192" [_thread_blocked, id=1256, stack(0x0000000027ae0000,0x0000000027be0000)]
  0x000000001e16a800 JavaThread "jar transforms Thread 191" [_thread_blocked, id=3512, stack(0x00000000279e0000,0x0000000027ae0000)]
  0x000000001e163000 JavaThread "jar transforms Thread 190" [_thread_blocked, id=2324, stack(0x00000000278e0000,0x00000000279e0000)]
  0x000000001e166800 JavaThread "jar transforms Thread 189" [_thread_blocked, id=4148, stack(0x00000000277e0000,0x00000000278e0000)]
  0x000000001e169800 JavaThread "jar transforms Thread 188" [_thread_blocked, id=6108, stack(0x00000000276e0000,0x00000000277e0000)]
  0x000000001e169000 JavaThread "jar transforms Thread 187" [_thread_blocked, id=5660, stack(0x00000000275e0000,0x00000000276e0000)]
  0x000000001e165000 JavaThread "jar transforms Thread 186" [_thread_blocked, id=4784, stack(0x00000000274e0000,0x00000000275e0000)]
  0x000000001e166000 JavaThread "jar transforms Thread 185" [_thread_blocked, id=8096, stack(0x00000000273e0000,0x00000000274e0000)]
  0x000000001e167800 JavaThread "jar transforms Thread 184" [_thread_blocked, id=1648, stack(0x00000000272e0000,0x00000000273e0000)]
  0x000000001e168000 JavaThread "jar transforms Thread 183" [_thread_blocked, id=7960, stack(0x00000000271e0000,0x00000000272e0000)]
  0x000000001e15f000 JavaThread "jar transforms Thread 182" [_thread_blocked, id=2952, stack(0x00000000270e0000,0x00000000271e0000)]
  0x000000001e162000 JavaThread "jar transforms Thread 181" [_thread_blocked, id=6436, stack(0x0000000026fe0000,0x00000000270e0000)]
  0x000000001e161800 JavaThread "jar transforms Thread 180" [_thread_blocked, id=4420, stack(0x0000000026ee0000,0x0000000026fe0000)]
  0x000000001e160000 JavaThread "jar transforms Thread 179" [_thread_blocked, id=2980, stack(0x0000000026de0000,0x0000000026ee0000)]
  0x000000001e160800 JavaThread "jar transforms Thread 178" [_thread_blocked, id=548, stack(0x0000000026ce0000,0x0000000026de0000)]
  0x000000001bb5f800 JavaThread "jar transforms Thread 177" [_thread_blocked, id=2896, stack(0x0000000026be0000,0x0000000026ce0000)]
  0x000000001bb5d800 JavaThread "jar transforms Thread 176" [_thread_blocked, id=4228, stack(0x0000000026ae0000,0x0000000026be0000)]
  0x000000001bb5c000 JavaThread "jar transforms Thread 175" [_thread_blocked, id=5968, stack(0x00000000269e0000,0x0000000026ae0000)]
  0x000000001bb5a800 JavaThread "jar transforms Thread 174" [_thread_blocked, id=2712, stack(0x00000000268e0000,0x00000000269e0000)]
  0x000000001bb61000 JavaThread "jar transforms Thread 173" [_thread_blocked, id=5984, stack(0x00000000267e0000,0x00000000268e0000)]
  0x000000001bb60800 JavaThread "jar transforms Thread 172" [_thread_blocked, id=6240, stack(0x00000000266e0000,0x00000000267e0000)]
  0x000000001bb5f000 JavaThread "jar transforms Thread 171" [_thread_blocked, id=8024, stack(0x00000000265e0000,0x00000000266e0000)]
  0x000000001bb5e000 JavaThread "jar transforms Thread 170" [_thread_blocked, id=3436, stack(0x00000000264e0000,0x00000000265e0000)]
  0x000000001f422800 JavaThread "jar transforms Thread 169" [_thread_blocked, id=5484, stack(0x00000000263e0000,0x00000000264e0000)]
  0x000000001f420800 JavaThread "jar transforms Thread 168" [_thread_blocked, id=6016, stack(0x00000000262e0000,0x00000000263e0000)]
  0x000000001f421800 JavaThread "jar transforms Thread 167" [_thread_blocked, id=2548, stack(0x00000000261e0000,0x00000000262e0000)]
  0x000000001f41d800 JavaThread "jar transforms Thread 166" [_thread_blocked, id=7768, stack(0x00000000260e0000,0x00000000261e0000)]
  0x000000001f41e800 JavaThread "jar transforms Thread 165" [_thread_blocked, id=4188, stack(0x0000000025fe0000,0x00000000260e0000)]
  0x000000001f420000 JavaThread "jar transforms Thread 164" [_thread_blocked, id=1284, stack(0x0000000025ee0000,0x0000000025fe0000)]
  0x000000001f41f000 JavaThread "jar transforms Thread 163" [_thread_blocked, id=4292, stack(0x0000000025de0000,0x0000000025ee0000)]
  0x000000001f416000 JavaThread "jar transforms Thread 162" [_thread_blocked, id=6292, stack(0x0000000025ce0000,0x0000000025de0000)]
  0x000000001f41c000 JavaThread "jar transforms Thread 161" [_thread_blocked, id=7344, stack(0x0000000025be0000,0x0000000025ce0000)]
  0x000000001f41d000 JavaThread "jar transforms Thread 160" [_thread_blocked, id=2844, stack(0x0000000025ae0000,0x0000000025be0000)]
  0x000000001f414000 JavaThread "jar transforms Thread 159" [_thread_blocked, id=7920, stack(0x00000000259e0000,0x0000000025ae0000)]
  0x000000001f41a800 JavaThread "jar transforms Thread 158" [_thread_blocked, id=6728, stack(0x00000000258e0000,0x00000000259e0000)]
  0x000000001f418800 JavaThread "jar transforms Thread 157" [_thread_blocked, id=7456, stack(0x00000000257e0000,0x00000000258e0000)]
  0x000000001f417800 JavaThread "jar transforms Thread 156" [_thread_blocked, id=5276, stack(0x00000000256e0000,0x00000000257e0000)]
  0x000000001f414800 JavaThread "jar transforms Thread 155" [_thread_blocked, id=8044, stack(0x00000000255e0000,0x00000000256e0000)]
  0x000000001f41a000 JavaThread "jar transforms Thread 154" [_thread_blocked, id=2936, stack(0x00000000254e0000,0x00000000255e0000)]
  0x000000001a606800 JavaThread "jar transforms Thread 153" [_thread_blocked, id=5944, stack(0x00000000253e0000,0x00000000254e0000)]
  0x000000001a605000 JavaThread "jar transforms Thread 152" [_thread_blocked, id=6416, stack(0x00000000252e0000,0x00000000253e0000)]
  0x000000001a607000 JavaThread "jar transforms Thread 151" [_thread_blocked, id=7560, stack(0x00000000251e0000,0x00000000252e0000)]
  0x000000001a604000 JavaThread "jar transforms Thread 150" [_thread_blocked, id=5016, stack(0x00000000250e0000,0x00000000251e0000)]
  0x000000001a603800 JavaThread "jar transforms Thread 149" [_thread_blocked, id=7896, stack(0x0000000024fe0000,0x00000000250e0000)]
  0x000000001a602800 JavaThread "jar transforms Thread 148" [_thread_blocked, id=4552, stack(0x0000000024ee0000,0x0000000024fe0000)]
  0x000000001a605800 JavaThread "jar transforms Thread 147" [_thread_blocked, id=4084, stack(0x0000000024de0000,0x0000000024ee0000)]
  0x000000001a5fb000 JavaThread "jar transforms Thread 146" [_thread_blocked, id=1668, stack(0x0000000024ce0000,0x0000000024de0000)]
  0x000000001a602000 JavaThread "jar transforms Thread 145" [_thread_blocked, id=2404, stack(0x0000000024be0000,0x0000000024ce0000)]
  0x000000001a600800 JavaThread "jar transforms Thread 144" [_thread_blocked, id=3500, stack(0x0000000024ae0000,0x0000000024be0000)]
  0x000000001a5ff800 JavaThread "jar transforms Thread 143" [_thread_blocked, id=556, stack(0x00000000249e0000,0x0000000024ae0000)]
  0x000000001a601000 JavaThread "jar transforms Thread 142" [_thread_blocked, id=8008, stack(0x00000000248e0000,0x00000000249e0000)]
  0x000000001a5f9800 JavaThread "jar transforms Thread 141" [_thread_blocked, id=1608, stack(0x00000000247e0000,0x00000000248e0000)]
  0x000000001a5fa800 JavaThread "jar transforms Thread 140" [_thread_blocked, id=8120, stack(0x00000000246e0000,0x00000000247e0000)]
  0x000000001a5fc800 JavaThread "jar transforms Thread 139" [_thread_blocked, id=2384, stack(0x00000000243e0000,0x00000000244e0000)]
  0x000000001a5fc000 JavaThread "jar transforms Thread 138" [_thread_blocked, id=1260, stack(0x00000000242e0000,0x00000000243e0000)]
  0x000000001a5fd800 JavaThread "jar transforms Thread 137" [_thread_blocked, id=5492, stack(0x00000000241e0000,0x00000000242e0000)]
  0x000000001bf7a000 JavaThread "jar transforms Thread 136" [_thread_blocked, id=6448, stack(0x00000000240e0000,0x00000000241e0000)]
  0x000000001bf79800 JavaThread "jar transforms Thread 135" [_thread_blocked, id=7380, stack(0x00000000237c0000,0x00000000238c0000)]
  0x000000001bf78800 JavaThread "jar transforms Thread 134" [_thread_blocked, id=1888, stack(0x0000000022ec0000,0x0000000022fc0000)]
  0x000000001bf7d000 JavaThread "jar transforms Thread 133" [_thread_blocked, id=212, stack(0x0000000022dc0000,0x0000000022ec0000)]
  0x000000001bf78000 JavaThread "jar transforms Thread 132" [_thread_blocked, id=7744, stack(0x0000000022cc0000,0x0000000022dc0000)]
  0x000000001bf7c800 JavaThread "jar transforms Thread 131" [_thread_blocked, id=5316, stack(0x00000000229c0000,0x0000000022ac0000)]
  0x000000001bf70800 JavaThread "jar transforms Thread 130" [_thread_blocked, id=7852, stack(0x00000000228c0000,0x00000000229c0000)]
  0x000000001bf77000 JavaThread "jar transforms Thread 129" [_thread_blocked, id=612, stack(0x00000000226c0000,0x00000000227c0000)]
  0x000000001bf6f800 JavaThread "jar transforms Thread 128" [_thread_blocked, id=1128, stack(0x00000000225c0000,0x00000000226c0000)]
  0x000000001bf75800 JavaThread "jar transforms Thread 127" [_thread_blocked, id=4068, stack(0x00000000224c0000,0x00000000225c0000)]
  0x000000001bf73800 JavaThread "jar transforms Thread 126" [_thread_blocked, id=2176, stack(0x00000000223c0000,0x00000000224c0000)]
  0x000000001bf75000 JavaThread "jar transforms Thread 125" [_thread_blocked, id=1584, stack(0x00000000222c0000,0x00000000223c0000)]
  0x000000001bf71000 JavaThread "jar transforms Thread 124" [_thread_blocked, id=2464, stack(0x00000000221c0000,0x00000000222c0000)]
  0x000000001bf76800 JavaThread "jar transforms Thread 123" [_thread_blocked, id=8028, stack(0x00000000220c0000,0x00000000221c0000)]
  0x000000001bf72000 JavaThread "jar transforms Thread 122" [_thread_blocked, id=5704, stack(0x0000000021fc0000,0x00000000220c0000)]
  0x000000001bf72800 JavaThread "jar transforms Thread 121" [_thread_blocked, id=5628, stack(0x0000000021ec0000,0x0000000021fc0000)]
  0x000000001bf74000 JavaThread "jar transforms Thread 120" [_thread_blocked, id=1824, stack(0x0000000021dc0000,0x0000000021ec0000)]
  0x000000001bf6f000 JavaThread "jar transforms Thread 119" [_thread_blocked, id=2444, stack(0x0000000021cc0000,0x0000000021dc0000)]
  0x000000001bc82800 JavaThread "jar transforms Thread 118" [_thread_blocked, id=1208, stack(0x0000000021bc0000,0x0000000021cc0000)]
  0x000000001bc83800 JavaThread "jar transforms Thread 117" [_thread_blocked, id=1652, stack(0x0000000021ac0000,0x0000000021bc0000)]
  0x000000001bc82000 JavaThread "jar transforms Thread 116" [_thread_blocked, id=6704, stack(0x00000000209c0000,0x0000000020ac0000)]
  0x000000001bc81000 JavaThread "jar transforms Thread 115" [_thread_blocked, id=5776, stack(0x00000000208c0000,0x00000000209c0000)]
  0x000000001bc80800 JavaThread "Build operations Thread 4" [_thread_blocked, id=3988, stack(0x00000000207c0000,0x00000000208c0000)]
  0x000000001bc7f800 JavaThread "Build operations Thread 3" [_thread_blocked, id=8164, stack(0x00000000206c0000,0x00000000207c0000)]
  0x000000001bc7f000 JavaThread "Build operations Thread 2" [_thread_blocked, id=2088, stack(0x00000000205c0000,0x00000000206c0000)]
  0x000000001bc7e000 JavaThread "Build operations" [_thread_blocked, id=4588, stack(0x00000000204c0000,0x00000000205c0000)]
  0x000000001bc76800 JavaThread "Cache worker for cache directory md-rule (C:\Users\rafae\.gradle\caches\6.5\md-rule)" [_thread_blocked, id=1844, stack(0x00000000203c0000,0x00000000204c0000)]
  0x000000001bc7d800 JavaThread "Cache worker for cache directory md-supplier (C:\Users\rafae\.gradle\caches\6.5\md-supplier)" [_thread_blocked, id=3464, stack(0x000000001da20000,0x000000001db20000)]
  0x000000001bc76000 JavaThread "Cache worker for checksums cache (D:\Development\GitHub\CifraCherry\.gradle\checksums)" [_thread_blocked, id=4208, stack(0x000000001d920000,0x000000001da20000)]
  0x000000001bc7c800 JavaThread "Cache worker for file hash cache (D:\Development\GitHub\CifraCherry\.gradle\6.5\fileHashes)" [_thread_blocked, id=7112, stack(0x000000001d820000,0x000000001d920000)]
  0x000000001bc7c000 JavaThread "Thread-150" [_thread_blocked, id=2888, stack(0x000000001d720000,0x000000001d820000)]
  0x000000001bc7a800 JavaThread "Stdin handler" [_thread_blocked, id=7324, stack(0x000000001d620000,0x000000001d720000)]
  0x000000001bc75000 JavaThread "Asynchronous log dispatcher for DefaultDaemonConnection: socket connection from /127.0.0.1:51016 to /127.0.0.1:51783" [_thread_blocked, id=2672, stack(0x000000001d520000,0x000000001d620000)]
  0x000000001bc79800 JavaThread "Daemon worker Thread 2" [_thread_blocked, id=7068, stack(0x000000001d420000,0x000000001d520000)]
  0x000000001bc7b000 JavaThread "Cancel handler" [_thread_blocked, id=1880, stack(0x000000001cdc0000,0x000000001cec0000)]
  0x000000001bc78000 JavaThread "Handler for socket connection from /127.0.0.1:51016 to /127.0.0.1:51783" [_thread_in_native, id=5072, stack(0x000000001ccc0000,0x000000001cdc0000)]
  0x000000001bc77800 JavaThread "Daemon Thread 2" [_thread_blocked, id=7984, stack(0x00000000192e0000,0x00000000193e0000)]
  0x000000001bc84000 JavaThread "Memory manager" [_thread_blocked, id=2376, stack(0x000000002ace0000,0x000000002ade0000)]
  0x000000001bf7e000 JavaThread "Cache worker for file content cache (C:\Users\rafae\.gradle\caches\6.5\fileContent)" [_thread_blocked, id=3056, stack(0x00000000236c0000,0x00000000237c0000)]
  0x000000001bf7b000 JavaThread "Cache worker for execution history cache (C:\Users\rafae\.gradle\caches\6.5\executionHistory)" [_thread_blocked, id=4584, stack(0x00000000231c0000,0x00000000232c0000)]
  0x000000001bb5b000 JavaThread "Cache worker for file hash cache (C:\Users\rafae\.gradle\caches\6.5\fileHashes)" [_thread_blocked, id=6116, stack(0x000000001eef0000,0x000000001eff0000)]
  0x000000001bb5c800 JavaThread "File lock request listener" [_thread_in_native, id=7732, stack(0x000000001de20000,0x000000001df20000)]
  0x000000001ba09000 JavaThread "Cache worker for journal cache (C:\Users\rafae\.gradle\caches\journal-1)" [_thread_blocked, id=216, stack(0x000000001dd20000,0x000000001de20000)]
  0x000000001b6aa000 JavaThread "Daemon periodic checks" [_thread_blocked, id=7892, stack(0x000000001d120000,0x000000001d220000)]
  0x000000001b875000 JavaThread "Incoming local TCP Connector on port 51016" [_thread_in_native, id=7308, stack(0x000000001cec0000,0x000000001cfc0000)]
  0x000000001b835800 JavaThread "Daemon health stats" [_thread_blocked, id=4328, stack(0x000000001c880000,0x000000001c980000)]
  0x0000000019920800 JavaThread "Service Thread" daemon [_thread_blocked, id=4796, stack(0x0000000019ce0000,0x0000000019de0000)]
  0x0000000017e7b800 JavaThread "C1 CompilerThread2" daemon [_thread_blocked, id=2516, stack(0x00000000197e0000,0x00000000198e0000)]
  0x0000000017e6a800 JavaThread "C2 CompilerThread1" daemon [_thread_in_native, id=1252, stack(0x00000000196e0000,0x00000000197e0000)]
=>0x0000000017e66800 JavaThread "C2 CompilerThread0" daemon [_thread_in_native, id=968, stack(0x00000000195e0000,0x00000000196e0000)]
  0x0000000017e66000 JavaThread "Attach Listener" daemon [_thread_blocked, id=4408, stack(0x00000000194e0000,0x00000000195e0000)]
  0x0000000017e63800 JavaThread "Signal Dispatcher" daemon [_thread_blocked, id=3468, stack(0x00000000193e0000,0x00000000194e0000)]
  0x000000000320c800 JavaThread "Finalizer" daemon [_thread_blocked, id=4496, stack(0x00000000190d0000,0x00000000191d0000)]
  0x0000000017e49000 JavaThread "Reference Handler" daemon [_thread_blocked, id=6380, stack(0x0000000018fd0000,0x00000000190d0000)]
  0x000000000310d800 JavaThread "main" [_thread_blocked, id=7328, stack(0x0000000002fc0000,0x00000000030c0000)]

Other Threads:
  0x0000000017e26000 VMThread [stack: 0x0000000018ed0000,0x0000000018fd0000] [id=3848]
  0x0000000017eba800 WatcherThread [stack: 0x0000000019de0000,0x0000000019ee0000] [id=3320]

VM state:not at safepoint (normal execution)

VM Mutex/Monitor currently owned by a thread: None

heap address: 0x0000000080000000, size: 2048 MB, Compressed Oops mode: 32-bit
Narrow klass base: 0x0000000000000000, Narrow klass shift: 3
Compressed class space size: 1073741824 Address: 0x0000000100000000

Heap:
 PSYoungGen      total 225792K, used 39104K [0x00000000d5580000, 0x00000000e6a00000, 0x0000000100000000)
  eden space 205824K, 18% used [0x00000000d5580000,0x00000000d7bb03c8,0x00000000e1e80000)
  from space 19968K, 0% used [0x00000000e4280000,0x00000000e4280000,0x00000000e5600000)
  to   space 20480K, 0% used [0x00000000e5600000,0x00000000e5600000,0x00000000e6a00000)
 ParOldGen       total 136704K, used 58770K [0x0000000080000000, 0x0000000088580000, 0x00000000d5580000)
  object space 136704K, 42% used [0x0000000080000000,0x0000000083964970,0x0000000088580000)
 Metaspace       used 90747K, capacity 94794K, committed 96384K, reserved 1132544K
  class space    used 12098K, capacity 12892K, committed 13184K, reserved 1048576K

Card table byte_map: [0x00000000125d0000,0x00000000129e0000] byte_map_base: 0x00000000121d0000

Marking Bits: (ParMarkBitMap*) 0x00000000651ef030
 Begin Bits: [0x0000000013090000, 0x0000000015090000)
 End Bits:   [0x0000000015090000, 0x0000000017090000)

Polling page: 0x0000000002f80000

CodeCache: size=245760Kb used=36551Kb max_used=36551Kb free=209208Kb
 bounds [0x0000000003210000, 0x00000000055f0000, 0x0000000012210000]
 total_blobs=11807 nmethods=10933 adapters=785
 compilation: enabled

Compilation events (10 events):
Event: 8274.133 Thread 0x0000000017e6a800 12788       4       java.util.TreeMap$EntryIterator::next (5 bytes)
Event: 8274.136 Thread 0x0000000017e6a800 nmethod 12788 0x00000000055a3110 code [0x00000000055a3260, 0x00000000055a3398]
Event: 8274.137 Thread 0x0000000017e6a800 12789       4       kotlin.collections.CollectionsKt___CollectionsKt::sorted (155 bytes)
Event: 8274.172 Thread 0x0000000017e7b800 12792 %     3       org.jetbrains.kotlin.gradle.internal.kapt.incremental.ClasspathEntryData::writeObject @ 383 (1265 bytes)
Event: 8274.183 Thread 0x0000000017e7b800 nmethod 12792% 0x00000000055b0850 code [0x00000000055b1680, 0x00000000055bc5e8]
Event: 8274.183 Thread 0x0000000017e7b800 12793       3       org.jetbrains.kotlin.gradle.internal.kapt.incremental.ClasspathEntryData::writeObject (1265 bytes)
Event: 8274.197 Thread 0x0000000017e7b800 nmethod 12793 0x00000000055c4b10 code [0x00000000055c5a40, 0x00000000055d1788]
Event: 8274.197 Thread 0x0000000017e7b800 12795       3       java.util.ComparableTimSort::gallopRight (327 bytes)
Event: 8274.198 Thread 0x0000000017e7b800 nmethod 12795 0x00000000055af710 code [0x00000000055af900, 0x00000000055b03d8]
Event: 8274.199 Thread 0x0000000017e7b800 12796 %     3       org.jetbrains.kotlin.gradle.internal.kapt.incremental.ClasspathEntryData::writeObject @ 65 (1265 bytes)

GC Heap History (10 events):
Event: 38.830 GC heap before
{Heap before GC invocations=17 (full 3):
 PSYoungGen      total 194048K, used 194039K [0x00000000d5580000, 0x00000000e4f80000, 0x0000000100000000)
  eden space 177152K, 100% used [0x00000000d5580000,0x00000000e0280000,0x00000000e0280000)
  from space 16896K, 99% used [0x00000000e0280000,0x00000000e12fdea8,0x00000000e1300000)
  to   space 19456K, 0% used [0x00000000e3c80000,0x00000000e3c80000,0x00000000e4f80000)
 ParOldGen       total 136704K, used 36672K [0x0000000080000000, 0x0000000088580000, 0x00000000d5580000)
  object space 136704K, 26% used [0x0000000080000000,0x00000000823d00c8,0x0000000088580000)
 Metaspace       used 76060K, capacity 79442K, committed 79744K, reserved 1118208K
  class space    used 10396K, capacity 11044K, committed 11136K, reserved 1048576K
Event: 38.861 GC heap after
Heap after GC invocations=17 (full 3):
 PSYoungGen      total 232448K, used 17613K [0x00000000d5580000, 0x00000000e4f80000, 0x0000000100000000)
  eden space 212992K, 0% used [0x00000000d5580000,0x00000000d5580000,0x00000000e2580000)
  from space 19456K, 90% used [0x00000000e3c80000,0x00000000e4db35c8,0x00000000e4f80000)
  to   space 21504K, 0% used [0x00000000e2580000,0x00000000e2580000,0x00000000e3a80000)
 ParOldGen       total 136704K, used 45565K [0x0000000080000000, 0x0000000088580000, 0x00000000d5580000)
  object space 136704K, 33% used [0x0000000080000000,0x0000000082c7f628,0x0000000088580000)
 Metaspace       used 76060K, capacity 79442K, committed 79744K, reserved 1118208K
  class space    used 10396K, capacity 11044K, committed 11136K, reserved 1048576K
}
Event: 45.632 GC heap before
{Heap before GC invocations=18 (full 3):
 PSYoungGen      total 232448K, used 230605K [0x00000000d5580000, 0x00000000e4f80000, 0x0000000100000000)
  eden space 212992K, 100% used [0x00000000d5580000,0x00000000e2580000,0x00000000e2580000)
  from space 19456K, 90% used [0x00000000e3c80000,0x00000000e4db35c8,0x00000000e4f80000)
  to   space 21504K, 0% used [0x00000000e2580000,0x00000000e2580000,0x00000000e3a80000)
 ParOldGen       total 136704K, used 45565K [0x0000000080000000, 0x0000000088580000, 0x00000000d5580000)
  object space 136704K, 33% used [0x0000000080000000,0x0000000082c7f628,0x0000000088580000)
 Metaspace       used 87681K, capacity 92034K, committed 92288K, reserved 1128448K
  class space    used 11762K, capacity 12652K, committed 12672K, reserved 1048576K
Event: 45.694 GC heap after
Heap after GC invocations=18 (full 3):
 PSYoungGen      total 234496K, used 21478K [0x00000000d5580000, 0x00000000e8480000, 0x0000000100000000)
  eden space 212992K, 0% used [0x00000000d5580000,0x00000000d5580000,0x00000000e2580000)
  from space 21504K, 99% used [0x00000000e2580000,0x00000000e3a79848,0x00000000e3a80000)
  to   space 27648K, 0% used [0x00000000e6980000,0x00000000e6980000,0x00000000e8480000)
 ParOldGen       total 136704K, used 54666K [0x0000000080000000, 0x0000000088580000, 0x00000000d5580000)
  object space 136704K, 39% used [0x0000000080000000,0x00000000835629e0,0x0000000088580000)
 Metaspace       used 87681K, capacity 92034K, committed 92288K, reserved 1128448K
  class space    used 11762K, capacity 12652K, committed 12672K, reserved 1048576K
}
Event: 8254.856 GC heap before
{Heap before GC invocations=19 (full 3):
 PSYoungGen      total 234496K, used 234470K [0x00000000d5580000, 0x00000000e8480000, 0x0000000100000000)
  eden space 212992K, 100% used [0x00000000d5580000,0x00000000e2580000,0x00000000e2580000)
  from space 21504K, 99% used [0x00000000e2580000,0x00000000e3a79848,0x00000000e3a80000)
  to   space 27648K, 0% used [0x00000000e6980000,0x00000000e6980000,0x00000000e8480000)
 ParOldGen       total 136704K, used 54666K [0x0000000080000000, 0x0000000088580000, 0x00000000d5580000)
  object space 136704K, 39% used [0x0000000080000000,0x00000000835629e0,0x0000000088580000)
 Metaspace       used 89254K, capacity 93686K, committed 93952K, reserved 1130496K
  class space    used 11888K, capacity 12786K, committed 12800K, reserved 1048576K
Event: 8254.905 GC heap after
Heap after GC invocations=19 (full 3):
 PSYoungGen      total 218112K, used 12192K [0x00000000d5580000, 0x00000000e7580000, 0x0000000100000000)
  eden space 205824K, 0% used [0x00000000d5580000,0x00000000d5580000,0x00000000e1e80000)
  from space 12288K, 99% used [0x00000000e6980000,0x00000000e75680b8,0x00000000e7580000)
  to   space 26112K, 0% used [0x00000000e4280000,0x00000000e4280000,0x00000000e5c00000)
 ParOldGen       total 136704K, used 70812K [0x0000000080000000, 0x0000000088580000, 0x00000000d5580000)
  object space 136704K, 51% used [0x0000000080000000,0x00000000845271a0,0x0000000088580000)
 Metaspace       used 89254K, capacity 93686K, committed 93952K, reserved 1130496K
  class space    used 11888K, capacity 12786K, committed 12800K, reserved 1048576K
}
Event: 8260.481 GC heap before
{Heap before GC invocations=20 (full 3):
 PSYoungGen      total 218112K, used 117936K [0x00000000d5580000, 0x00000000e7580000, 0x0000000100000000)
  eden space 205824K, 51% used [0x00000000d5580000,0x00000000dbcc41f8,0x00000000e1e80000)
  from space 12288K, 99% used [0x00000000e6980000,0x00000000e75680b8,0x00000000e7580000)
  to   space 26112K, 0% used [0x00000000e4280000,0x00000000e4280000,0x00000000e5c00000)
 ParOldGen       total 136704K, used 70812K [0x0000000080000000, 0x0000000088580000, 0x00000000d5580000)
  object space 136704K, 51% used [0x0000000080000000,0x00000000845271a0,0x0000000088580000)
 Metaspace       used 91187K, capacity 95746K, committed 95872K, reserved 1132544K
  class space    used 12178K, capacity 13117K, committed 13184K, reserved 1048576K
Event: 8260.508 GC heap after
Heap after GC invocations=20 (full 3):
 PSYoungGen      total 225792K, used 19666K [0x00000000d5580000, 0x00000000e6a00000, 0x0000000100000000)
  eden space 205824K, 0% used [0x00000000d5580000,0x00000000d5580000,0x00000000e1e80000)
  from space 19968K, 98% used [0x00000000e4280000,0x00000000e55b4bb0,0x00000000e5600000)
  to   space 20480K, 0% used [0x00000000e5600000,0x00000000e5600000,0x00000000e6a00000)
 ParOldGen       total 136704K, used 70820K [0x0000000080000000, 0x0000000088580000, 0x00000000d5580000)
  object space 136704K, 51% used [0x0000000080000000,0x00000000845291a0,0x0000000088580000)
 Metaspace       used 91187K, capacity 95746K, committed 95872K, reserved 1132544K
  class space    used 12178K, capacity 13117K, committed 13184K, reserved 1048576K
}
Event: 8260.508 GC heap before
{Heap before GC invocations=21 (full 4):
 PSYoungGen      total 225792K, used 19666K [0x00000000d5580000, 0x00000000e6a00000, 0x0000000100000000)
  eden space 205824K, 0% used [0x00000000d5580000,0x00000000d5580000,0x00000000e1e80000)
  from space 19968K, 98% used [0x00000000e4280000,0x00000000e55b4bb0,0x00000000e5600000)
  to   space 20480K, 0% used [0x00000000e5600000,0x00000000e5600000,0x00000000e6a00000)
 ParOldGen       total 136704K, used 70820K [0x0000000080000000, 0x0000000088580000, 0x00000000d5580000)
  object space 136704K, 51% used [0x0000000080000000,0x00000000845291a0,0x0000000088580000)
 Metaspace       used 91187K, capacity 95746K, committed 95872K, reserved 1132544K
  class space    used 12178K, capacity 13117K, committed 13184K, reserved 1048576K
Event: 8261.027 GC heap after
Heap after GC invocations=21 (full 4):
 PSYoungGen      total 225792K, used 0K [0x00000000d5580000, 0x00000000e6a00000, 0x0000000100000000)
  eden space 205824K, 0% used [0x00000000d5580000,0x00000000d5580000,0x00000000e1e80000)
  from space 19968K, 0% used [0x00000000e4280000,0x00000000e4280000,0x00000000e5600000)
  to   space 20480K, 0% used [0x00000000e5600000,0x00000000e5600000,0x00000000e6a00000)
 ParOldGen       total 136704K, used 58770K [0x0000000080000000, 0x0000000088580000, 0x00000000d5580000)
  object space 136704K, 42% used [0x0000000080000000,0x0000000083964970,0x0000000088580000)
 Metaspace       used 90274K, capacity 94148K, committed 95872K, reserved 1132544K
  class space    used 12007K, capacity 12805K, committed 13184K, reserved 1048576K
}

Deoptimization events (10 events):
Event: 8273.762 Thread 0x0000000020d41000 Uncommon trap: reason=unstable_if action=reinterpret pc=0x0000000003f09c04 method=org.gradle.internal.snapshot.VfsRelativePath.compareToFirstSegment(Ljava/lang/String;Lorg/gradle/internal/snapshot/CaseSensitivity;)I @ 134
Event: 8273.764 Thread 0x0000000020d41000 Uncommon trap: reason=unstable_if action=reinterpret pc=0x000000000544f600 method=org.gradle.internal.snapshot.PathUtil.equalChars(CCLorg/gradle/internal/snapshot/CaseSensitivity;)Z @ 40
Event: 8273.767 Thread 0x0000000020d41000 Uncommon trap: reason=class_check action=maybe_recompile pc=0x000000000387dab8 method=com.google.common.collect.CompactHashMap$Itr.<init>(Lcom/google/common/collect/CompactHashMap;)V @ 25
Event: 8274.017 Thread 0x0000000020d41000 Uncommon trap: reason=unstable_if action=reinterpret pc=0x0000000004bd7d00 method=java.io.WinNTFileSystem.prefixLength(Ljava/lang/String;)I @ 11
Event: 8274.066 Thread 0x0000000020d41000 Uncommon trap: reason=unstable_if action=reinterpret pc=0x0000000005399858 method=java.io.ObjectOutputStream$BlockDataOutputStream.writeInt(I)V @ 9
Event: 8274.080 Thread 0x0000000020d41000 Uncommon trap: reason=predicate action=maybe_recompile pc=0x00000000055ac8d4 method=java.util.ComparableTimSort.binarySort([Ljava/lang/Object;III)V @ 37
Event: 8274.088 Thread 0x0000000020d41000 Uncommon trap: reason=array_check action=maybe_recompile pc=0x00000000055a8598 method=java.util.ComparableTimSort.binarySort([Ljava/lang/Object;III)V @ 193
Event: 8274.088 Thread 0x0000000020d41000 Uncommon trap: reason=array_check action=maybe_recompile pc=0x00000000055a8660 method=java.util.ComparableTimSort.binarySort([Ljava/lang/Object;III)V @ 183
Event: 8274.088 Thread 0x0000000020d41000 Uncommon trap: reason=array_check action=maybe_recompile pc=0x00000000055a84d4 method=java.util.ComparableTimSort.binarySort([Ljava/lang/Object;III)V @ 215
Event: 8274.088 Thread 0x0000000020d41000 Uncommon trap: reason=array_check action=maybe_recompile pc=0x00000000055a8598 method=java.util.ComparableTimSort.binarySort([Ljava/lang/Object;III)V @ 193

Classes redefined (0 events):
No events

Internal exceptions (10 events):
Event: 8261.068 Thread 0x0000000020d41000 Exception <a 'java/lang/NoSuchMethodError': <clinit>> (0x00000000d55f4f28) thrown at [C:\src\AOSP-openjdk-git\hotspot\src\share\vm\prims\jni.cpp, line 1615]
Event: 8261.069 Thread 0x0000000020d41000 Exception <a 'java/lang/NoSuchMethodError': <clinit>> (0x00000000d5602e78) thrown at [C:\src\AOSP-openjdk-git\hotspot\src\share\vm\prims\jni.cpp, line 1615]
Event: 8261.071 Thread 0x0000000020d41000 Exception <a 'java/lang/NoSuchMethodError': <clinit>> (0x00000000d5612ab0) thrown at [C:\src\AOSP-openjdk-git\hotspot\src\share\vm\prims\jni.cpp, line 1615]
Event: 8261.071 Thread 0x0000000020d41000 Implicit null exception at 0x00000000039722d1 to 0x00000000039723d1
Event: 8261.071 Thread 0x0000000020d41000 Implicit null exception at 0x00000000046d3651 to 0x00000000046d3891
Event: 8261.080 Thread 0x0000000020d41000 Exception <a 'java/lang/NoSuchMethodError': <clinit>> (0x00000000d5859a28) thrown at [C:\src\AOSP-openjdk-git\hotspot\src\share\vm\prims\jni.cpp, line 1615]
Event: 8261.149 Thread 0x0000000020d41000 Exception <a 'java/lang/NoSuchMethodError': <clinit>> (0x00000000d59aacb0) thrown at [C:\src\AOSP-openjdk-git\hotspot\src\share\vm\prims\jni.cpp, line 1615]
Event: 8261.161 Thread 0x0000000020d41000 Exception <a 'java/lang/NoSuchMethodError': <clinit>> (0x00000000d5a73d00) thrown at [C:\src\AOSP-openjdk-git\hotspot\src\share\vm\prims\jni.cpp, line 1615]
Event: 8273.405 Thread 0x000000001bc7c000 Exception <a 'java/lang/NoSuchMethodError': <clinit>> (0x00000000d6110ee8) thrown at [C:\src\AOSP-openjdk-git\hotspot\src\share\vm\prims\jni.cpp, line 1615]
Event: 8273.866 Thread 0x0000000020d41000 Exception <a 'java/lang/NoSuchMethodError': <clinit>> (0x00000000d6dd2398) thrown at [C:\src\AOSP-openjdk-git\hotspot\src\share\vm\prims\jni.cpp, line 1615]

Events (10 events):
Event: 8274.088 Thread 0x0000000020d41000 DEOPT UNPACKING pc=0x000000000325557b sp=0x000000002a3d9e48 mode 2
Event: 8274.088 Thread 0x0000000020d41000 Uncommon trap: trap_request=0xffffffd6 fr.pc=0x00000000055a8660
Event: 8274.088 Thread 0x0000000020d41000 DEOPT PACKING pc=0x00000000055a8660 sp=0x000000002a3d9ea0
Event: 8274.088 Thread 0x0000000020d41000 DEOPT UNPACKING pc=0x000000000325557b sp=0x000000002a3d9e48 mode 2
Event: 8274.088 Thread 0x0000000020d41000 Uncommon trap: trap_request=0xffffffd6 fr.pc=0x00000000055a84d4
Event: 8274.088 Thread 0x0000000020d41000 DEOPT PACKING pc=0x00000000055a84d4 sp=0x000000002a3d9ea0
Event: 8274.088 Thread 0x0000000020d41000 DEOPT UNPACKING pc=0x000000000325557b sp=0x000000002a3d9e48 mode 2
Event: 8274.088 Thread 0x0000000020d41000 Uncommon trap: trap_request=0xffffffd6 fr.pc=0x00000000055a8598
Event: 8274.088 Thread 0x0000000020d41000 DEOPT PACKING pc=0x00000000055a8598 sp=0x000000002a3d9ea0
Event: 8274.088 Thread 0x0000000020d41000 DEOPT UNPACKING pc=0x000000000325557b sp=0x000000002a3d9e48 mode 2


Dynamic libraries:
0x00007ff711c70000 - 0x00007ff711ca1000 	C:\Program Files\Android\Android Studio\jre\bin\java.exe
0x00007ff8fe8d0000 - 0x00007ff8feac5000 	C:\WINDOWS\SYSTEM32\ntdll.dll
0x00007ff8fd6f0000 - 0x00007ff8fd7ad000 	C:\WINDOWS\System32\KERNEL32.DLL
0x00007ff8fc3d0000 - 0x00007ff8fc698000 	C:\WINDOWS\System32\KERNELBASE.dll
0x00007ff8fd3d0000 - 0x00007ff8fd47c000 	C:\WINDOWS\System32\ADVAPI32.dll
0x00007ff8fe760000 - 0x00007ff8fe7fe000 	C:\WINDOWS\System32\msvcrt.dll
0x00007ff8fd500000 - 0x00007ff8fd59b000 	C:\WINDOWS\System32\sechost.dll
0x00007ff8fcd50000 - 0x00007ff8fce7b000 	C:\WINDOWS\System32\RPCRT4.dll
0x00007ff8fcaa0000 - 0x00007ff8fcc40000 	C:\WINDOWS\System32\USER32.dll
0x00007ff8fc6f0000 - 0x00007ff8fc712000 	C:\WINDOWS\System32\win32u.dll
0x00007ff8fce80000 - 0x00007ff8fceaa000 	C:\WINDOWS\System32\GDI32.dll
0x00007ff8fc2c0000 - 0x00007ff8fc3cb000 	C:\WINDOWS\System32\gdi32full.dll
0x00007ff8fc0f0000 - 0x00007ff8fc18d000 	C:\WINDOWS\System32\msvcp_win.dll
0x00007ff8fc190000 - 0x00007ff8fc290000 	C:\WINDOWS\System32\ucrtbase.dll
0x00007ff8ea9a0000 - 0x00007ff8eac3a000 	C:\WINDOWS\WinSxS\amd64_microsoft.windows.common-controls_6595b64144ccf1df_6.0.19041.844_none_ca00b6081b84eb1d\COMCTL32.dll
0x00007ff8fc930000 - 0x00007ff8fc960000 	C:\WINDOWS\System32\IMM32.DLL
0x0000000064940000 - 0x0000000064a12000 	C:\Program Files\Android\Android Studio\jre\jre\bin\msvcr100.dll
0x0000000064a20000 - 0x000000006526b000 	C:\Program Files\Android\Android Studio\jre\jre\bin\server\jvm.dll
0x00007ff8fd000000 - 0x00007ff8fd008000 	C:\WINDOWS\System32\PSAPI.DLL
0x00007ff8f7bc0000 - 0x00007ff8f7bc9000 	C:\WINDOWS\SYSTEM32\WSOCK32.dll
0x00007ff8fd490000 - 0x00007ff8fd4fb000 	C:\WINDOWS\System32\WS2_32.dll
0x00007ff8ef380000 - 0x00007ff8ef3a7000 	C:\WINDOWS\SYSTEM32\WINMM.dll
0x00007ff8f1320000 - 0x00007ff8f132a000 	C:\WINDOWS\SYSTEM32\VERSION.dll
0x00007ff8f7bb0000 - 0x00007ff8f7bbf000 	C:\Program Files\Android\Android Studio\jre\jre\bin\verify.dll
0x00007ff8f7b80000 - 0x00007ff8f7ba9000 	C:\Program Files\Android\Android Studio\jre\jre\bin\java.dll
0x00007ff8f7b30000 - 0x00007ff8f7b46000 	C:\Program Files\Android\Android Studio\jre\jre\bin\zip.dll
0x00007ff8fdef0000 - 0x00007ff8fe632000 	C:\WINDOWS\System32\SHELL32.dll
0x00007ff8fa150000 - 0x00007ff8fa8e1000 	C:\WINDOWS\SYSTEM32\windows.storage.dll
0x00007ff8fd070000 - 0x00007ff8fd3c5000 	C:\WINDOWS\System32\combase.dll
0x00007ff8fb9b0000 - 0x00007ff8fb9dc000 	C:\WINDOWS\SYSTEM32\Wldp.dll
0x00007ff8fcc40000 - 0x00007ff8fccee000 	C:\WINDOWS\System32\SHCORE.dll
0x00007ff8fca40000 - 0x00007ff8fca95000 	C:\WINDOWS\System32\shlwapi.dll
0x00007ff8fbf50000 - 0x00007ff8fbf6f000 	C:\WINDOWS\SYSTEM32\profapi.dll
0x00007ff8f7b10000 - 0x00007ff8f7b2a000 	C:\Program Files\Android\Android Studio\jre\jre\bin\net.dll
0x00007ff8fb720000 - 0x00007ff8fb78a000 	C:\WINDOWS\system32\mswsock.dll
0x00007ff8f7af0000 - 0x00007ff8f7b03000 	C:\Program Files\Android\Android Studio\jre\jre\bin\nio.dll
0x00007ff8ed4c0000 - 0x00007ff8ed4e7000 	C:\Users\rafae\.gradle\native\f6784746aeab05261644944871eae4fe03e0ef1612fff0a4a95f87b438bc6780\windows-amd64\native-platform.dll
0x00007ff8f7b70000 - 0x00007ff8f7b7d000 	C:\Program Files\Android\Android Studio\jre\jre\bin\management.dll
0x00007ff8fb8f0000 - 0x00007ff8fb908000 	C:\WINDOWS\SYSTEM32\CRYPTSP.dll
0x00007ff8fb0c0000 - 0x00007ff8fb0f4000 	C:\WINDOWS\system32\rsaenh.dll
0x00007ff8fc290000 - 0x00007ff8fc2b7000 	C:\WINDOWS\System32\bcrypt.dll
0x00007ff8fbed0000 - 0x00007ff8fbefe000 	C:\WINDOWS\SYSTEM32\USERENV.dll
0x00007ff8fc010000 - 0x00007ff8fc090000 	C:\WINDOWS\System32\bcryptprimitives.dll
0x00007ff8fb910000 - 0x00007ff8fb91c000 	C:\WINDOWS\SYSTEM32\CRYPTBASE.dll
0x00007ff8fb410000 - 0x00007ff8fb44b000 	C:\WINDOWS\SYSTEM32\IPHLPAPI.DLL
0x00007ff8fda70000 - 0x00007ff8fda78000 	C:\WINDOWS\System32\NSI.dll
0x00007ff8f1cf0000 - 0x00007ff8f1d07000 	C:\WINDOWS\SYSTEM32\dhcpcsvc6.DLL
0x00007ff8f15b0000 - 0x00007ff8f15cd000 	C:\WINDOWS\SYSTEM32\dhcpcsvc.DLL
0x00007ff8fb450000 - 0x00007ff8fb51c000 	C:\WINDOWS\SYSTEM32\DNSAPI.dll
0x00007ff8f1cc0000 - 0x00007ff8f1ccb000 	C:\WINDOWS\SYSTEM32\WINNSI.DLL
0x00007ff8ed590000 - 0x00007ff8ed5ae000 	C:\Users\rafae\AppData\Local\Temp\native-platform4436161102568181420dir\native-platform.dll

VM Arguments:
jvm_args: -Xmx2048m -Dfile.encoding=UTF-8 -Duser.country=BR -Duser.language=pt -Duser.variant 
java_command: org.gradle.launcher.daemon.bootstrap.GradleDaemon 6.5
java_class_path (initial): C:\Users\rafae\.gradle\wrapper\dists\gradle-6.5-all\2oz4ud9k3tuxjg84bbf55q0tn\gradle-6.5\lib\gradle-launcher-6.5.jar
Launcher Type: SUN_STANDARD

Environment Variables:
JAVA_HOME=C:\Program Files\Android\Android Studio\jre
PATH=C:\WINDOWS\system32;C:\WINDOWS;C:\WINDOWS\System32\Wbem;C:\WINDOWS\System32\WindowsPowerShell\v1.0\;C:\WINDOWS\System32\OpenSSH\;C:\Program Files\Java\jdk-16\bin;C:\Program Files\Git\cmd;C:\Program Files\dotnet\;C:\Users\rafae\AppData\Local\Microsoft\WindowsApps;C:\Program Files\JetBrains\IntelliJ IDEA Community Edition 2021.1\bin;;C:\Users\rafae\AppData\Local\GitHubDesktop\bin
USERNAME=Rafael
OS=Windows_NT
PROCESSOR_IDENTIFIER=Intel64 Family 6 Model 61 Stepping 4, GenuineIntel



---------------  S Y S T E M  ---------------

OS: Windows 10.0 , 64 bit Build 19041 (10.0.19041.928)

CPU:total 4 (initial active 4) (2 cores per cpu, 2 threads per core) family 6 model 61 stepping 4, cmov, cx8, fxsr, mmx, sse, sse2, sse3, ssse3, sse4.1, sse4.2, popcnt, avx, avx2, aes, clmul, erms, 3dnowpref, lzcnt, ht, tsc, tscinvbit, bmi1, bmi2, adx

Memory: 4k page, physical 8301016k(750932k free), swap 8301016k(4272k free)

vm_info: OpenJDK 64-Bit Server VM (25.242-b01) for windows-amd64 JRE (1.8.0_242-release-1644-b01), built by "builder" with MS VC++ 10.0 (VS2010)

time: Thu Apr 29 19:25:09 2021
timezone: Hora oficial do Brasil
elapsed time: 8274 seconds (0d 2h 17m 54s)

