#
# There is insufficient memory for the Java Runtime Environment to continue.
# Native memory allocation (malloc) failed to allocate 1593216 bytes for Chunk::new
# Possible reasons:
#   The system is out of physical RAM or swap space
#   The process is running with CompressedOops enabled, and the Java Heap may be blocking the growth of the native heap
# Possible solutions:
#   Reduce memory load on the system
#   Increase physical memory or swap space
#   Check if swap backing store is full
#   Decrease Java heap size (-Xmx/-Xms)
#   Decrease number of Java threads
#   Decrease Java thread stack sizes (-Xss)
#   Set larger code cache with -XX:ReservedCodeCacheSize=
#   JVM is running with Unscaled Compressed Oops mode in which the Java heap is
#     placed in the first 4GB address space. The Java Heap base address is the
#     maximum limit for the native heap growth. Please use -XX:HeapBaseMinAddress
#     to set the Java Heap base and to place the Java Heap above 4GB virtual address.
# This output file may be truncated or incomplete.
#
#  Out of Memory Error (allocation.cpp:389), pid=6956, tid=0x00000000000018e4
#
# JRE version: OpenJDK Runtime Environment (8.0_242-b01) (build 1.8.0_242-release-1644-b01)
# Java VM: OpenJDK 64-Bit Server VM (25.242-b01 mixed mode windows-amd64 compressed oops)
# Failed to write core dump. Minidumps are not enabled by default on client versions of Windows
#

---------------  T H R E A D  ---------------

Current thread (0x0000000017211800):  JavaThread "C2 CompilerThread0" daemon [_thread_in_native, id=6372, stack(0x0000000018870000,0x0000000018970000)]

Stack: [0x0000000018870000,0x0000000018970000]
[error occurred during error reporting (printing stack bounds), id 0xc0000005]

Native frames: (J=compiled Java code, j=interpreted, Vv=VM code, C=native code)


Current CompileTask:
C2:  21965 9957   !   4       java.io.ObjectInputStream::readObject0 (671 bytes)


---------------  P R O C E S S  ---------------

Java Threads: ( => current thread )
  0x000000001a5bf000 JavaThread "stdout" [_thread_in_native, id=4564, stack(0x000000002e070000,0x000000002e170000)]
  0x000000001a5b7800 JavaThread "stderr" [_thread_in_native, id=8132, stack(0x000000002df70000,0x000000002e070000)]
  0x000000001a5bd800 JavaThread "stdout" [_thread_in_native, id=4228, stack(0x000000002de70000,0x000000002df70000)]
  0x000000001a5ba000 JavaThread "stderr" [_thread_in_native, id=5292, stack(0x000000002dd70000,0x000000002de70000)]
  0x000000001a5b2800 JavaThread "stdout" [_thread_in_native, id=5412, stack(0x000000002dc70000,0x000000002dd70000)]
  0x000000001a5b8800 JavaThread "stderr" [_thread_in_native, id=6452, stack(0x000000002db70000,0x000000002dc70000)]
  0x000000001a5b5800 JavaThread "stdout" [_thread_in_native, id=4656, stack(0x000000002da70000,0x000000002db70000)]
  0x000000001a5b6000 JavaThread "stderr" [_thread_in_native, id=8680, stack(0x000000002d810000,0x000000002d910000)]
  0x000000001a5b4800 JavaThread "pool-2-thread-1" [_thread_blocked, id=8764, stack(0x000000002d970000,0x000000002da70000)]
  0x000000001a5b7000 JavaThread "WorkerExecutor Queue Thread 5" [_thread_blocked, id=7780, stack(0x000000002d310000,0x000000002d410000)]
  0x000000001a5b3000 JavaThread "MarlinRenderer Disposer" daemon [_thread_blocked, id=9196, stack(0x000000002d210000,0x000000002d310000)]
  0x000000001a5b9000 JavaThread "Java2D Disposer" daemon [_thread_blocked, id=5640, stack(0x000000002d110000,0x000000002d210000)]
  0x000000001ade4000 JavaThread "WorkerExecutor Queue Thread 3" [_thread_blocked, id=5520, stack(0x000000002cd10000,0x000000002ce10000)]
  0x000000001ade3000 JavaThread "WorkerExecutor Queue Thread 2" [_thread_blocked, id=248, stack(0x000000002cc10000,0x000000002cd10000)]
  0x000000001ade2800 JavaThread "WorkerExecutor Queue" [_thread_blocked, id=7180, stack(0x000000002c2c0000,0x000000002c3c0000)]
  0x000000001add9800 JavaThread "Cache worker for execution history cache (D:\Development\GitHub\CifraCherry\.gradle\6.5\executionHistory)" [_thread_blocked, id=5060, stack(0x000000002c710000,0x000000002c810000)]
  0x000000001ade0000 JavaThread "Execution worker for ':' Thread 3" [_thread_blocked, id=4064, stack(0x000000002c610000,0x000000002c710000)]
  0x000000001add8800 JavaThread "Execution worker for ':' Thread 2" [_thread_blocked, id=7012, stack(0x000000002c510000,0x000000002c610000)]
  0x000000001addf800 JavaThread "Execution worker for ':'" [_thread_blocked, id=3080, stack(0x000000002c410000,0x000000002c510000)]
  0x000000001adde800 JavaThread "Cache worker for file content cache (D:\Development\GitHub\CifraCherry\.gradle\6.5\fileContent)" [_thread_blocked, id=7888, stack(0x000000002bdc0000,0x000000002bec0000)]
  0x000000001addd000 JavaThread "Memory manager" [_thread_blocked, id=4288, stack(0x000000002bcc0000,0x000000002bdc0000)]
  0x000000001adde000 JavaThread "pool-1-thread-1" [_thread_blocked, id=6464, stack(0x0000000029a20000,0x0000000029b20000)]
  0x000000001addc800 JavaThread "Cache worker for Build Output Cleanup Cache (D:\Development\GitHub\CifraCherry\.gradle\buildOutputCleanup)" [_thread_blocked, id=6436, stack(0x00000000221b0000,0x00000000222b0000)]
  0x000000001add8000 JavaThread "jar transforms Thread 114" [_thread_blocked, id=2116, stack(0x0000000029440000,0x0000000029540000)]
  0x000000001addb800 JavaThread "jar transforms Thread 113" [_thread_blocked, id=7316, stack(0x0000000029340000,0x0000000029440000)]
  0x000000001addb000 JavaThread "jar transforms Thread 112" [_thread_blocked, id=2368, stack(0x0000000029240000,0x0000000029340000)]
  0x000000001add5800 JavaThread "jar transforms Thread 111" [_thread_blocked, id=5532, stack(0x0000000029140000,0x0000000029240000)]
  0x000000001add6800 JavaThread "jar transforms Thread 110" [_thread_blocked, id=6164, stack(0x0000000029040000,0x0000000029140000)]
  0x000000001adda000 JavaThread "jar transforms Thread 109" [_thread_blocked, id=8296, stack(0x0000000028f40000,0x0000000029040000)]
  0x000000001add7000 JavaThread "jar transforms Thread 108" [_thread_blocked, id=1980, stack(0x0000000028e40000,0x0000000028f40000)]
  0x000000001b650800 JavaThread "jar transforms Thread 107" [_thread_blocked, id=3704, stack(0x0000000028d40000,0x0000000028e40000)]
  0x000000001b64e800 JavaThread "jar transforms Thread 106" [_thread_blocked, id=256, stack(0x0000000028c40000,0x0000000028d40000)]
  0x000000001b64f000 JavaThread "jar transforms Thread 105" [_thread_blocked, id=6968, stack(0x0000000028b40000,0x0000000028c40000)]
  0x000000001b650000 JavaThread "jar transforms Thread 104" [_thread_blocked, id=4852, stack(0x0000000028a40000,0x0000000028b40000)]
  0x000000001b64d800 JavaThread "jar transforms Thread 103" [_thread_blocked, id=5744, stack(0x0000000028940000,0x0000000028a40000)]
  0x000000001b646000 JavaThread "jar transforms Thread 102" [_thread_blocked, id=4076, stack(0x0000000028840000,0x0000000028940000)]
  0x000000001b64c800 JavaThread "jar transforms Thread 101" [_thread_blocked, id=8956, stack(0x0000000028740000,0x0000000028840000)]
  0x000000001b64c000 JavaThread "jar transforms Thread 100" [_thread_blocked, id=6324, stack(0x0000000028640000,0x0000000028740000)]
  0x000000001b64b000 JavaThread "jar transforms Thread 99" [_thread_blocked, id=2892, stack(0x0000000028540000,0x0000000028640000)]
  0x000000001b64a800 JavaThread "jar transforms Thread 98" [_thread_blocked, id=1828, stack(0x0000000028440000,0x0000000028540000)]
  0x000000001b646800 JavaThread "jar transforms Thread 97" [_thread_blocked, id=1112, stack(0x0000000028340000,0x0000000028440000)]
  0x000000001b645000 JavaThread "jar transforms Thread 96" [_thread_blocked, id=8464, stack(0x0000000028240000,0x0000000028340000)]
  0x000000001b643000 JavaThread "jar transforms Thread 95" [_thread_blocked, id=5200, stack(0x0000000028140000,0x0000000028240000)]
  0x000000001b649800 JavaThread "jar transforms Thread 94" [_thread_blocked, id=7064, stack(0x0000000028040000,0x0000000028140000)]
  0x000000001b647800 JavaThread "jar transforms Thread 93" [_thread_blocked, id=4404, stack(0x0000000027f40000,0x0000000028040000)]
  0x000000001b642000 JavaThread "jar transforms Thread 92" [_thread_blocked, id=1500, stack(0x0000000027e40000,0x0000000027f40000)]
  0x000000001b644800 JavaThread "jar transforms Thread 91" [_thread_blocked, id=5080, stack(0x0000000027d40000,0x0000000027e40000)]
  0x000000001b649000 JavaThread "jar transforms Thread 90" [_thread_blocked, id=5960, stack(0x0000000027c40000,0x0000000027d40000)]
  0x000000001b643800 JavaThread "jar transforms Thread 89" [_thread_blocked, id=5600, stack(0x0000000027b40000,0x0000000027c40000)]
  0x000000001b641800 JavaThread "jar transforms Thread 88" [_thread_blocked, id=1340, stack(0x0000000027a40000,0x0000000027b40000)]
  0x000000001b648000 JavaThread "jar transforms Thread 87" [_thread_blocked, id=9020, stack(0x0000000027940000,0x0000000027a40000)]
  0x000000001d927000 JavaThread "jar transforms Thread 86" [_thread_blocked, id=3488, stack(0x0000000027840000,0x0000000027940000)]
  0x000000001d924000 JavaThread "jar transforms Thread 85" [_thread_blocked, id=3920, stack(0x0000000027740000,0x0000000027840000)]
  0x000000001d927800 JavaThread "jar transforms Thread 84" [_thread_blocked, id=7956, stack(0x0000000027640000,0x0000000027740000)]
  0x000000001d924800 JavaThread "jar transforms Thread 83" [_thread_blocked, id=6096, stack(0x0000000027540000,0x0000000027640000)]
  0x000000001d923000 JavaThread "jar transforms Thread 82" [_thread_blocked, id=8704, stack(0x0000000027440000,0x0000000027540000)]
  0x000000001d925800 JavaThread "jar transforms Thread 81" [_thread_blocked, id=336, stack(0x0000000027340000,0x0000000027440000)]
  0x000000001d926000 JavaThread "jar transforms Thread 80" [_thread_blocked, id=6716, stack(0x0000000027240000,0x0000000027340000)]
  0x000000001d91b800 JavaThread "jar transforms Thread 79" [_thread_blocked, id=3360, stack(0x0000000027140000,0x0000000027240000)]
  0x000000001d922800 JavaThread "jar transforms Thread 78" [_thread_blocked, id=8056, stack(0x0000000027040000,0x0000000027140000)]
  0x000000001d921800 JavaThread "jar transforms Thread 77" [_thread_blocked, id=1200, stack(0x0000000026f40000,0x0000000027040000)]
  0x000000001d91a000 JavaThread "jar transforms Thread 76" [_thread_blocked, id=8128, stack(0x0000000026e40000,0x0000000026f40000)]
  0x000000001d91b000 JavaThread "jar transforms Thread 75" [_thread_blocked, id=7900, stack(0x0000000026d40000,0x0000000026e40000)]
  0x000000001d921000 JavaThread "jar transforms Thread 74" [_thread_blocked, id=1044, stack(0x0000000026c40000,0x0000000026d40000)]
  0x000000001d920000 JavaThread "jar transforms Thread 73" [_thread_blocked, id=8344, stack(0x0000000026b40000,0x0000000026c40000)]
  0x000000001d91c800 JavaThread "jar transforms Thread 72" [_thread_blocked, id=8452, stack(0x0000000026a40000,0x0000000026b40000)]
  0x000000001d91d000 JavaThread "jar transforms Thread 71" [_thread_blocked, id=4756, stack(0x0000000026940000,0x0000000026a40000)]
  0x000000001d918800 JavaThread "jar transforms Thread 70" [_thread_blocked, id=3012, stack(0x0000000026840000,0x0000000026940000)]
  0x000000001d91e800 JavaThread "jar transforms Thread 69" [_thread_blocked, id=1212, stack(0x0000000026740000,0x0000000026840000)]
  0x000000001d919000 JavaThread "jar transforms Thread 68" [_thread_blocked, id=6744, stack(0x0000000026640000,0x0000000026740000)]
  0x000000001d91e000 JavaThread "jar transforms Thread 67" [_thread_blocked, id=4604, stack(0x0000000026540000,0x0000000026640000)]
  0x000000001d91f800 JavaThread "jar transforms Thread 66" [_thread_blocked, id=6448, stack(0x0000000026440000,0x0000000026540000)]
  0x000000001d917800 JavaThread "jar transforms Thread 65" [_thread_blocked, id=6228, stack(0x0000000026340000,0x0000000026440000)]
  0x000000001d915800 JavaThread "jar transforms Thread 64" [_thread_blocked, id=3784, stack(0x0000000026240000,0x0000000026340000)]
  0x000000001d917000 JavaThread "jar transforms Thread 63" [_thread_blocked, id=328, stack(0x0000000026140000,0x0000000026240000)]
  0x000000001d914800 JavaThread "jar transforms Thread 62" [_thread_blocked, id=8664, stack(0x0000000026040000,0x0000000026140000)]
  0x000000001d914000 JavaThread "jar transforms Thread 61" [_thread_blocked, id=4684, stack(0x0000000025f40000,0x0000000026040000)]
  0x000000001d913000 JavaThread "jar transforms Thread 60" [_thread_blocked, id=3356, stack(0x0000000025e40000,0x0000000025f40000)]
  0x000000001d916000 JavaThread "jar transforms Thread 59" [_thread_blocked, id=7828, stack(0x0000000025d40000,0x0000000025e40000)]
  0x000000001d90b800 JavaThread "jar transforms Thread 58" [_thread_blocked, id=3872, stack(0x0000000025c40000,0x0000000025d40000)]
  0x000000001d912800 JavaThread "jar transforms Thread 57" [_thread_blocked, id=2868, stack(0x0000000025b40000,0x0000000025c40000)]
  0x000000001d911000 JavaThread "jar transforms Thread 56" [_thread_blocked, id=2640, stack(0x0000000025a40000,0x0000000025b40000)]
  0x000000001d911800 JavaThread "jar transforms Thread 55" [_thread_blocked, id=8024, stack(0x0000000025940000,0x0000000025a40000)]
  0x000000001d90c800 JavaThread "jar transforms Thread 54" [_thread_blocked, id=2728, stack(0x0000000025840000,0x0000000025940000)]
  0x000000001d90b000 JavaThread "jar transforms Thread 53" [_thread_blocked, id=1992, stack(0x0000000025740000,0x0000000025840000)]
  0x000000001d909000 JavaThread "jar transforms Thread 52" [_thread_blocked, id=448, stack(0x0000000025640000,0x0000000025740000)]
  0x000000001d90e800 JavaThread "jar transforms Thread 51" [_thread_blocked, id=5032, stack(0x0000000025540000,0x0000000025640000)]
  0x000000001d90e000 JavaThread "jar transforms Thread 50" [_thread_blocked, id=880, stack(0x0000000025440000,0x0000000025540000)]
  0x000000001d90d000 JavaThread "jar transforms Thread 49" [_thread_blocked, id=6656, stack(0x0000000025340000,0x0000000025440000)]
  0x000000001d90f800 JavaThread "jar transforms Thread 48" [_thread_blocked, id=1824, stack(0x0000000025240000,0x0000000025340000)]
  0x000000001d910000 JavaThread "jar transforms Thread 47" [_thread_blocked, id=6944, stack(0x0000000025140000,0x0000000025240000)]
  0x000000001d908800 JavaThread "jar transforms Thread 46" [_thread_blocked, id=8316, stack(0x0000000025040000,0x0000000025140000)]
  0x000000001d90a000 JavaThread "jar transforms Thread 45" [_thread_blocked, id=5556, stack(0x0000000024f40000,0x0000000025040000)]
  0x000000001e26a800 JavaThread "jar transforms Thread 44" [_thread_blocked, id=2696, stack(0x0000000024e40000,0x0000000024f40000)]
  0x000000001e26d800 JavaThread "jar transforms Thread 43" [_thread_blocked, id=3192, stack(0x0000000024d40000,0x0000000024e40000)]
  0x000000001e26a000 JavaThread "jar transforms Thread 42" [_thread_blocked, id=8272, stack(0x0000000024c40000,0x0000000024d40000)]
  0x000000001e270800 JavaThread "jar transforms Thread 41" [_thread_blocked, id=5540, stack(0x0000000024b40000,0x0000000024c40000)]
  0x000000001e26e800 JavaThread "jar transforms Thread 40" [_thread_blocked, id=2952, stack(0x0000000024a40000,0x0000000024b40000)]
  0x000000001e26c000 JavaThread "jar transforms Thread 39" [_thread_blocked, id=1168, stack(0x0000000024940000,0x0000000024a40000)]
  0x000000001e26f000 JavaThread "jar transforms Thread 38" [_thread_blocked, id=6332, stack(0x0000000024840000,0x0000000024940000)]
  0x000000001e26b800 JavaThread "jar transforms Thread 37" [_thread_blocked, id=7348, stack(0x0000000024740000,0x0000000024840000)]
  0x000000001e26d000 JavaThread "jar transforms Thread 36" [_thread_blocked, id=3440, stack(0x0000000024640000,0x0000000024740000)]
  0x000000001e270000 JavaThread "jar transforms Thread 35" [_thread_blocked, id=5208, stack(0x0000000024540000,0x0000000024640000)]
  0x000000001d788000 JavaThread "jar transforms Thread 34" [_thread_blocked, id=1740, stack(0x0000000024440000,0x0000000024540000)]
  0x000000001d780800 JavaThread "jar transforms Thread 33" [_thread_blocked, id=3964, stack(0x0000000024340000,0x0000000024440000)]
  0x000000001d786800 JavaThread "jar transforms Thread 32" [_thread_blocked, id=3728, stack(0x0000000024240000,0x0000000024340000)]
  0x000000001d786000 JavaThread "jar transforms Thread 31" [_thread_blocked, id=6856, stack(0x0000000024140000,0x0000000024240000)]
  0x000000001d784000 JavaThread "jar transforms Thread 30" [_thread_blocked, id=6480, stack(0x0000000024040000,0x0000000024140000)]
  0x000000001d782800 JavaThread "jar transforms Thread 29" [_thread_blocked, id=6804, stack(0x0000000023f40000,0x0000000024040000)]
  0x000000001d787800 JavaThread "jar transforms Thread 28" [_thread_blocked, id=2056, stack(0x0000000023e40000,0x0000000023f40000)]
  0x000000001d781000 JavaThread "jar transforms Thread 27" [_thread_blocked, id=7400, stack(0x0000000023d40000,0x0000000023e40000)]
  0x000000001d785000 JavaThread "jar transforms Thread 26" [_thread_blocked, id=7732, stack(0x0000000023c40000,0x0000000023d40000)]
  0x000000001d783800 JavaThread "jar transforms Thread 25" [_thread_blocked, id=9140, stack(0x0000000023b40000,0x0000000023c40000)]
  0x000000001d782000 JavaThread "jar transforms Thread 24" [_thread_blocked, id=5820, stack(0x0000000023a40000,0x0000000023b40000)]
  0x000000001d779000 JavaThread "jar transforms Thread 23" [_thread_blocked, id=3420, stack(0x0000000023940000,0x0000000023a40000)]
  0x000000001d77f800 JavaThread "jar transforms Thread 22" [_thread_blocked, id=5700, stack(0x0000000023840000,0x0000000023940000)]
  0x000000001d77a800 JavaThread "jar transforms Thread 21" [_thread_blocked, id=1016, stack(0x0000000023740000,0x0000000023840000)]
  0x000000001d77f000 JavaThread "jar transforms Thread 20" [_thread_blocked, id=9152, stack(0x0000000023640000,0x0000000023740000)]
  0x000000001d779800 JavaThread "jar transforms Thread 19" [_thread_blocked, id=7984, stack(0x0000000023540000,0x0000000023640000)]
  0x000000001d77e000 JavaThread "jar transforms Thread 18" [_thread_blocked, id=9128, stack(0x0000000023440000,0x0000000023540000)]
  0x000000001d77b000 JavaThread "jar transforms Thread 17" [_thread_blocked, id=540, stack(0x0000000023340000,0x0000000023440000)]
  0x000000001d77c000 JavaThread "jar transforms Thread 16" [_thread_blocked, id=548, stack(0x0000000023240000,0x0000000023340000)]
  0x000000001d77d800 JavaThread "jar transforms Thread 15" [_thread_blocked, id=2996, stack(0x0000000023140000,0x0000000023240000)]
  0x000000001d77c800 JavaThread "jar transforms Thread 14" [_thread_blocked, id=5084, stack(0x0000000023040000,0x0000000023140000)]
  0x000000001e716000 JavaThread "jar transforms Thread 13" [_thread_blocked, id=8972, stack(0x0000000022f40000,0x0000000023040000)]
  0x000000001e715800 JavaThread "jar transforms Thread 12" [_thread_blocked, id=4796, stack(0x0000000022e40000,0x0000000022f40000)]
  0x000000001e714800 JavaThread "jar transforms Thread 11" [_thread_blocked, id=8416, stack(0x0000000022d40000,0x0000000022e40000)]
  0x000000001e714000 JavaThread "jar transforms Thread 10" [_thread_blocked, id=2152, stack(0x0000000022b40000,0x0000000022c40000)]
  0x000000001e713000 JavaThread "jar transforms Thread 9" [_thread_blocked, id=8256, stack(0x0000000022a40000,0x0000000022b40000)]
  0x000000001e70b800 JavaThread "jar transforms Thread 8" [_thread_blocked, id=5844, stack(0x0000000022940000,0x0000000022a40000)]
  0x000000001e712800 JavaThread "jar transforms Thread 7" [_thread_blocked, id=2940, stack(0x0000000022840000,0x0000000022940000)]
  0x000000001e711800 JavaThread "jar transforms Thread 6" [_thread_blocked, id=8636, stack(0x0000000022740000,0x0000000022840000)]
  0x000000001e70b000 JavaThread "jar transforms Thread 5" [_thread_blocked, id=3884, stack(0x0000000022640000,0x0000000022740000)]
  0x000000001e70a000 JavaThread "jar transforms Thread 4" [_thread_blocked, id=3788, stack(0x0000000022540000,0x0000000022640000)]
  0x000000001e711000 JavaThread "jar transforms Thread 3" [_thread_blocked, id=4744, stack(0x0000000022440000,0x0000000022540000)]
  0x000000001e710000 JavaThread "jar transforms Thread 2" [_thread_blocked, id=7144, stack(0x0000000022340000,0x0000000022440000)]
  0x000000001e70f800 JavaThread "Build operations Thread 4" [_thread_blocked, id=1804, stack(0x0000000021eb0000,0x0000000021fb0000)]
  0x000000001e709800 JavaThread "Build operations Thread 3" [_thread_blocked, id=6176, stack(0x0000000021db0000,0x0000000021eb0000)]
  0x000000001e708000 JavaThread "Build operations Thread 2" [_thread_in_native, id=7056, stack(0x0000000021cb0000,0x0000000021db0000)]
  0x000000001e70e800 JavaThread "Build operations" [_thread_blocked, id=6508, stack(0x0000000021bb0000,0x0000000021cb0000)]
  0x000000001aefa800 JavaThread "Cache worker for file content cache (C:\Users\rafae\.gradle\caches\6.5\fileContent)" [_thread_blocked, id=6892, stack(0x00000000214b0000,0x00000000215b0000)]
  0x000000001af00800 JavaThread "jar transforms" [_thread_blocked, id=3836, stack(0x00000000213b0000,0x00000000214b0000)]
  0x000000001af00000 JavaThread "Cache worker for execution history cache (C:\Users\rafae\.gradle\caches\6.5\executionHistory)" [_thread_blocked, id=3316, stack(0x0000000020cb0000,0x0000000020db0000)]
  0x000000001aeff000 JavaThread "Cache worker for cache directory md-rule (C:\Users\rafae\.gradle\caches\6.5\md-rule)" [_thread_blocked, id=7252, stack(0x0000000020bb0000,0x0000000020cb0000)]
  0x000000001aefe800 JavaThread "Cache worker for cache directory md-supplier (C:\Users\rafae\.gradle\caches\6.5\md-supplier)" [_thread_blocked, id=5420, stack(0x0000000020ab0000,0x0000000020bb0000)]
  0x000000001aefc000 JavaThread "Cache worker for checksums cache (D:\Development\GitHub\CifraCherry\.gradle\checksums)" [_thread_blocked, id=2972, stack(0x000000001f950000,0x000000001fa50000)]
  0x000000001aefd800 JavaThread "Cache worker for file hash cache (D:\Development\GitHub\CifraCherry\.gradle\6.5\fileHashes)" [_thread_blocked, id=5792, stack(0x000000001f650000,0x000000001f750000)]
  0x000000001aefb800 JavaThread "Cache worker for file hash cache (C:\Users\rafae\.gradle\caches\6.5\fileHashes)" [_thread_blocked, id=8840, stack(0x000000001d1b0000,0x000000001d2b0000)]
  0x000000001aefd000 JavaThread "File lock request listener" [_thread_in_native, id=216, stack(0x000000001d0b0000,0x000000001d1b0000)]
  0x000000001af01800 JavaThread "Cache worker for journal cache (C:\Users\rafae\.gradle\caches\journal-1)" [_thread_blocked, id=964, stack(0x000000001cfb0000,0x000000001d0b0000)]
  0x0000000019b82000 JavaThread "Thread-9" [_thread_blocked, id=2156, stack(0x000000001ccb0000,0x000000001cdb0000)]
  0x000000001accb000 JavaThread "Stdin handler" [_thread_blocked, id=5244, stack(0x000000001cbb0000,0x000000001ccb0000)]
  0x000000001acc3000 JavaThread "Asynchronous log dispatcher for DefaultDaemonConnection: socket connection from /127.0.0.1:57182 to /127.0.0.1:57183" [_thread_blocked, id=9136, stack(0x000000001cab0000,0x000000001cbb0000)]
  0x000000001ac96800 JavaThread "Daemon worker" [_thread_blocked, id=7100, stack(0x000000001c9b0000,0x000000001cab0000)]
  0x000000001ac9b000 JavaThread "Cancel handler" [_thread_blocked, id=2588, stack(0x000000001c8b0000,0x000000001c9b0000)]
  0x000000001a93c000 JavaThread "Handler for socket connection from /127.0.0.1:57182 to /127.0.0.1:57183" [_thread_in_native, id=3716, stack(0x000000001c7b0000,0x000000001c8b0000)]
  0x000000001ac4a000 JavaThread "Daemon" [_thread_blocked, id=8228, stack(0x000000001c6b0000,0x000000001c7b0000)]
  0x000000001ac49000 JavaThread "Daemon periodic checks" [_thread_blocked, id=8760, stack(0x000000001c3b0000,0x000000001c4b0000)]
  0x000000001abf8000 JavaThread "Incoming local TCP Connector on port 57182" [_thread_in_native, id=7024, stack(0x000000001c150000,0x000000001c250000)]
  0x0000000018c3a800 JavaThread "Daemon health stats" [_thread_blocked, id=6724, stack(0x000000001bb10000,0x000000001bc10000)]
  0x0000000018ba8800 JavaThread "Service Thread" daemon [_thread_blocked, id=6336, stack(0x0000000018f70000,0x0000000019070000)]
  0x000000001722a800 JavaThread "C1 CompilerThread2" daemon [_thread_blocked, id=9184, stack(0x0000000018a70000,0x0000000018b70000)]
  0x000000001721a000 JavaThread "C2 CompilerThread1" daemon [_thread_blocked, id=4212, stack(0x0000000018970000,0x0000000018a70000)]
=>0x0000000017211800 JavaThread "C2 CompilerThread0" daemon [_thread_in_native, id=6372, stack(0x0000000018870000,0x0000000018970000)]
  0x0000000017210000 JavaThread "Attach Listener" daemon [_thread_blocked, id=8480, stack(0x0000000018770000,0x0000000018870000)]
  0x0000000017216800 JavaThread "Signal Dispatcher" daemon [_thread_blocked, id=7396, stack(0x0000000018670000,0x0000000018770000)]
  0x00000000025eb000 JavaThread "Finalizer" daemon [_thread_blocked, id=8976, stack(0x0000000018460000,0x0000000018560000)]
  0x00000000171f9000 JavaThread "Reference Handler" daemon [_thread_blocked, id=6828, stack(0x0000000018360000,0x0000000018460000)]
  0x000000000247d800 JavaThread "main" [_thread_blocked, id=8536, stack(0x0000000002340000,0x0000000002440000)]

Other Threads:
  0x00000000171d6000 VMThread [stack: 0x0000000018260000,0x0000000018360000] [id=7008]
  0x0000000018ba9000 WatcherThread [stack: 0x0000000019070000,0x0000000019170000] [id=8832]

VM state:not at safepoint (normal execution)

VM Mutex/Monitor currently owned by a thread: None

heap address: 0x0000000080000000, size: 2048 MB, Compressed Oops mode: 32-bit
Narrow klass base: 0x0000000000000000, Narrow klass shift: 3
Compressed class space size: 1073741824 Address: 0x0000000100000000

Heap:
 PSYoungGen      total 282624K, used 241253K [0x00000000d5580000, 0x00000000eda80000, 0x0000000100000000)
  eden space 262144K, 84% used [0x00000000d5580000,0x00000000e2d1c940,0x00000000e5580000)
  from space 20480K, 99% used [0x00000000e5580000,0x00000000e697ccd0,0x00000000e6980000)
  to   space 26112K, 0% used [0x00000000ec100000,0x00000000ec100000,0x00000000eda80000)
 ParOldGen       total 100352K, used 40126K [0x0000000080000000, 0x0000000086200000, 0x00000000d5580000)
  object space 100352K, 39% used [0x0000000080000000,0x000000008272f968,0x0000000086200000)
 Metaspace       used 75330K, capacity 78741K, committed 78872K, reserved 1118208K
  class space    used 10095K, capacity 10716K, committed 10784K, reserved 1048576K

Card table byte_map: [0x00000000119b0000,0x0000000011dc0000] byte_map_base: 0x00000000115b0000

Marking Bits: (ParMarkBitMap*) 0x0000000050d9f030
 Begin Bits: [0x0000000012470000, 0x0000000014470000)
 End Bits:   [0x0000000014470000, 0x0000000016470000)

Polling page: 0x0000000002440000

CodeCache: size=245760Kb used=29304Kb max_used=29316Kb free=216455Kb
 bounds [0x00000000025f0000, 0x00000000042c0000, 0x00000000115f0000]
 total_blobs=9767 nmethods=8846 adapters=833
 compilation: enabled

Compilation events (10 events):
Event: 21.945 Thread 0x000000001722a800 nmethod 10091 0x00000000042ab490 code [0x00000000042ab860, 0x00000000042ad6b8]
Event: 21.945 Thread 0x000000001721a000 nmethod 10085 0x00000000042a1350 code [0x00000000042a14a0, 0x00000000042a15d8]
Event: 21.945 Thread 0x000000001721a000 10086       4       org.gradle.cache.internal.btree.BTreePersistentIndexedCache::load (40 bytes)
Event: 21.947 Thread 0x000000001721a000 nmethod 10086 0x00000000042a6b90 code [0x00000000042a6ce0, 0x00000000042a6e28]
Event: 21.950 Thread 0x000000001722a800 10092       3       org.gradle.internal.vfs.impl.DefaultVirtualFileSystem$$Lambda$250/1258596012::update (10 bytes)
Event: 21.950 Thread 0x000000001722a800 nmethod 10092 0x00000000042a3190 code [0x00000000042a3300, 0x00000000042a3628]
Event: 21.950 Thread 0x000000001722a800 10093       3       org.gradle.internal.vfs.impl.DefaultVirtualFileSystem::lambda$snapshot$12 (13 bytes)
Event: 21.951 Thread 0x000000001722a800 nmethod 10093 0x00000000042a6690 code [0x00000000042a6800, 0x00000000042a6aa8]
Event: 21.951 Thread 0x000000001721a000 10094   !   4       sun.reflect.GeneratedMethodAccessor1::invoke (68 bytes)
Event: 21.953 Thread 0x000000001721a000 nmethod 10094 0x00000000042a9a10 code [0x00000000042a9b60, 0x00000000042a9cd8]

GC Heap History (10 events):
Event: 7.351 GC heap before
{Heap before GC invocations=12 (full 2):
 PSYoungGen      total 140288K, used 129024K [0x00000000d5580000, 0x00000000e2d80000, 0x0000000100000000)
  eden space 129024K, 100% used [0x00000000d5580000,0x00000000dd380000,0x00000000dd380000)
  from space 11264K, 0% used [0x00000000dd380000,0x00000000dd380000,0x00000000dde80000)
  to   space 12800K, 0% used [0x00000000e2100000,0x00000000e2100000,0x00000000e2d80000)
 ParOldGen       total 66048K, used 17826K [0x0000000080000000, 0x0000000084080000, 0x00000000d5580000)
  object space 66048K, 26% used [0x0000000080000000,0x0000000081168868,0x0000000084080000)
 Metaspace       used 37933K, capacity 39564K, committed 39720K, reserved 1083392K
  class space    used 5231K, capacity 5576K, committed 5680K, reserved 1048576K
Event: 7.363 GC heap after
Heap after GC invocations=12 (full 2):
 PSYoungGen      total 195584K, used 9362K [0x00000000d5580000, 0x00000000e2a80000, 0x0000000100000000)
  eden space 185856K, 0% used [0x00000000d5580000,0x00000000d5580000,0x00000000e0b00000)
  from space 9728K, 96% used [0x00000000e2100000,0x00000000e2a249c0,0x00000000e2a80000)
  to   space 13312K, 0% used [0x00000000e1080000,0x00000000e1080000,0x00000000e1d80000)
 ParOldGen       total 66048K, used 17834K [0x0000000080000000, 0x0000000084080000, 0x00000000d5580000)
  object space 66048K, 27% used [0x0000000080000000,0x000000008116a868,0x0000000084080000)
 Metaspace       used 37933K, capacity 39564K, committed 39720K, reserved 1083392K
  class space    used 5231K, capacity 5576K, committed 5680K, reserved 1048576K
}
Event: 10.069 GC heap before
{Heap before GC invocations=13 (full 2):
 PSYoungGen      total 195584K, used 195218K [0x00000000d5580000, 0x00000000e2a80000, 0x0000000100000000)
  eden space 185856K, 100% used [0x00000000d5580000,0x00000000e0b00000,0x00000000e0b00000)
  from space 9728K, 96% used [0x00000000e2100000,0x00000000e2a249c0,0x00000000e2a80000)
  to   space 13312K, 0% used [0x00000000e1080000,0x00000000e1080000,0x00000000e1d80000)
 ParOldGen       total 66048K, used 17834K [0x0000000080000000, 0x0000000084080000, 0x00000000d5580000)
  object space 66048K, 27% used [0x0000000080000000,0x000000008116a868,0x0000000084080000)
 Metaspace       used 53826K, capacity 55898K, committed 55976K, reserved 1097728K
  class space    used 7147K, capacity 7589K, committed 7600K, reserved 1048576K
Event: 10.113 GC heap after
Heap after GC invocations=13 (full 2):
 PSYoungGen      total 204800K, used 13295K [0x00000000d5580000, 0x00000000e7d80000, 0x0000000100000000)
  eden space 191488K, 0% used [0x00000000d5580000,0x00000000d5580000,0x00000000e1080000)
  from space 13312K, 99% used [0x00000000e1080000,0x00000000e1d7be50,0x00000000e1d80000)
  to   space 20480K, 0% used [0x00000000e6980000,0x00000000e6980000,0x00000000e7d80000)
 ParOldGen       total 66048K, used 32953K [0x0000000080000000, 0x0000000084080000, 0x00000000d5580000)
  object space 66048K, 49% used [0x0000000080000000,0x000000008202e670,0x0000000084080000)
 Metaspace       used 53826K, capacity 55898K, committed 55976K, reserved 1097728K
  class space    used 7147K, capacity 7589K, committed 7600K, reserved 1048576K
}
Event: 10.715 GC heap before
{Heap before GC invocations=14 (full 2):
 PSYoungGen      total 204800K, used 38997K [0x00000000d5580000, 0x00000000e7d80000, 0x0000000100000000)
  eden space 191488K, 13% used [0x00000000d5580000,0x00000000d6e99720,0x00000000e1080000)
  from space 13312K, 99% used [0x00000000e1080000,0x00000000e1d7be50,0x00000000e1d80000)
  to   space 20480K, 0% used [0x00000000e6980000,0x00000000e6980000,0x00000000e7d80000)
 ParOldGen       total 66048K, used 32953K [0x0000000080000000, 0x0000000084080000, 0x00000000d5580000)
  object space 66048K, 49% used [0x0000000080000000,0x000000008202e670,0x0000000084080000)
 Metaspace       used 56827K, capacity 59075K, committed 59160K, reserved 1099776K
  class space    used 7691K, capacity 8139K, committed 8224K, reserved 1048576K
Event: 10.747 GC heap after
Heap after GC invocations=14 (full 2):
 PSYoungGen      total 282624K, used 3808K [0x00000000d5580000, 0x00000000e8480000, 0x0000000100000000)
  eden space 262144K, 0% used [0x00000000d5580000,0x00000000d5580000,0x00000000e5580000)
  from space 20480K, 18% used [0x00000000e6980000,0x00000000e6d381c8,0x00000000e7d80000)
  to   space 20480K, 0% used [0x00000000e5580000,0x00000000e5580000,0x00000000e6980000)
 ParOldGen       total 66048K, used 44106K [0x0000000080000000, 0x0000000084080000, 0x00000000d5580000)
  object space 66048K, 66% used [0x0000000080000000,0x0000000082b12ae8,0x0000000084080000)
 Metaspace       used 56827K, capacity 59075K, committed 59160K, reserved 1099776K
  class space    used 7691K, capacity 8139K, committed 8224K, reserved 1048576K
}
Event: 10.747 GC heap before
{Heap before GC invocations=15 (full 3):
 PSYoungGen      total 282624K, used 3808K [0x00000000d5580000, 0x00000000e8480000, 0x0000000100000000)
  eden space 262144K, 0% used [0x00000000d5580000,0x00000000d5580000,0x00000000e5580000)
  from space 20480K, 18% used [0x00000000e6980000,0x00000000e6d381c8,0x00000000e7d80000)
  to   space 20480K, 0% used [0x00000000e5580000,0x00000000e5580000,0x00000000e6980000)
 ParOldGen       total 66048K, used 44106K [0x0000000080000000, 0x0000000084080000, 0x00000000d5580000)
  object space 66048K, 66% used [0x0000000080000000,0x0000000082b12ae8,0x0000000084080000)
 Metaspace       used 56827K, capacity 59075K, committed 59160K, reserved 1099776K
  class space    used 7691K, capacity 8139K, committed 8224K, reserved 1048576K
Event: 11.071 GC heap after
Heap after GC invocations=15 (full 3):
 PSYoungGen      total 282624K, used 0K [0x00000000d5580000, 0x00000000e8480000, 0x0000000100000000)
  eden space 262144K, 0% used [0x00000000d5580000,0x00000000d5580000,0x00000000e5580000)
  from space 20480K, 0% used [0x00000000e6980000,0x00000000e6980000,0x00000000e7d80000)
  to   space 20480K, 0% used [0x00000000e5580000,0x00000000e5580000,0x00000000e6980000)
 ParOldGen       total 100352K, used 33463K [0x0000000080000000, 0x0000000086200000, 0x00000000d5580000)
  object space 100352K, 33% used [0x0000000080000000,0x00000000820adc68,0x0000000086200000)
 Metaspace       used 56816K, capacity 59039K, committed 59160K, reserved 1099776K
  class space    used 7687K, capacity 8133K, committed 8224K, reserved 1048576K
}
Event: 16.179 GC heap before
{Heap before GC invocations=16 (full 3):
 PSYoungGen      total 282624K, used 262144K [0x00000000d5580000, 0x00000000e8480000, 0x0000000100000000)
  eden space 262144K, 100% used [0x00000000d5580000,0x00000000e5580000,0x00000000e5580000)
  from space 20480K, 0% used [0x00000000e6980000,0x00000000e6980000,0x00000000e7d80000)
  to   space 20480K, 0% used [0x00000000e5580000,0x00000000e5580000,0x00000000e6980000)
 ParOldGen       total 100352K, used 33463K [0x0000000080000000, 0x0000000086200000, 0x00000000d5580000)
  object space 100352K, 33% used [0x0000000080000000,0x00000000820adc68,0x0000000086200000)
 Metaspace       used 68559K, capacity 71787K, committed 71960K, reserved 1112064K
  class space    used 9366K, capacity 10001K, committed 10016K, reserved 1048576K
Event: 16.219 GC heap after
Heap after GC invocations=16 (full 3):
 PSYoungGen      total 282624K, used 20467K [0x00000000d5580000, 0x00000000eda80000, 0x0000000100000000)
  eden space 262144K, 0% used [0x00000000d5580000,0x00000000d5580000,0x00000000e5580000)
  from space 20480K, 99% used [0x00000000e5580000,0x00000000e697ccd0,0x00000000e6980000)
  to   space 26112K, 0% used [0x00000000ec100000,0x00000000ec100000,0x00000000eda80000)
 ParOldGen       total 100352K, used 40126K [0x0000000080000000, 0x0000000086200000, 0x00000000d5580000)
  object space 100352K, 39% used [0x0000000080000000,0x000000008272f968,0x0000000086200000)
 Metaspace       used 68559K, capacity 71787K, committed 71960K, reserved 1112064K
  class space    used 9366K, capacity 10001K, committed 10016K, reserved 1048576K
}

Deoptimization events (10 events):
Event: 20.280 Thread 0x000000001addf800 Uncommon trap: reason=class_check action=maybe_recompile pc=0x0000000003f2f630 method=com.sun.org.apache.xerces.internal.dom.ElementImpl.getAttributes()Lorg/w3c/dom/NamedNodeMap; @ 8
Event: 20.280 Thread 0x000000001addf800 Uncommon trap: reason=class_check action=maybe_recompile pc=0x0000000003f2f630 method=com.sun.org.apache.xerces.internal.dom.ElementImpl.getAttributes()Lorg/w3c/dom/NamedNodeMap; @ 8
Event: 20.280 Thread 0x000000001addf800 Uncommon trap: reason=class_check action=maybe_recompile pc=0x0000000003f2f630 method=com.sun.org.apache.xerces.internal.dom.ElementImpl.getAttributes()Lorg/w3c/dom/NamedNodeMap; @ 8
Event: 20.348 Thread 0x000000001addf800 Uncommon trap: reason=unstable_if action=reinterpret pc=0x0000000003efdcdc method=com.android.utils.XmlUtils.toXmlAttributeValue(Ljava/lang/String;)Ljava/lang/String; @ 33
Event: 20.348 Thread 0x000000001addf800 Uncommon trap: reason=unstable_if action=reinterpret pc=0x0000000004015608 method=com.android.utils.XmlUtils.append(Lcom/android/utils/XmlUtils$PositionAwareStringBuilder;Lorg/w3c/dom/Node;Ljava/util/Map;Ljava/util/Set;)V @ 540
Event: 20.348 Thread 0x000000001addf800 Uncommon trap: reason=unstable_if action=reinterpret pc=0x0000000004015608 method=com.android.utils.XmlUtils.append(Lcom/android/utils/XmlUtils$PositionAwareStringBuilder;Lorg/w3c/dom/Node;Ljava/util/Map;Ljava/util/Set;)V @ 540
Event: 20.388 Thread 0x000000001addf800 Uncommon trap: reason=unstable_if action=reinterpret pc=0x0000000004015608 method=com.android.utils.XmlUtils.append(Lcom/android/utils/XmlUtils$PositionAwareStringBuilder;Lorg/w3c/dom/Node;Ljava/util/Map;Ljava/util/Set;)V @ 540
Event: 20.586 Thread 0x000000001add8800 Uncommon trap: reason=unstable_if action=reinterpret pc=0x0000000003680160 method=java.util.HashMap$HashIterator.<init>(Ljava/util/HashMap;)V @ 45
Event: 20.590 Thread 0x000000001ac96800 Uncommon trap: reason=unstable_if action=reinterpret pc=0x000000000368268c method=java.util.HashMap$HashIterator.<init>(Ljava/util/HashMap;)V @ 45
Event: 21.063 Thread 0x000000001a5b7800 Uncommon trap: reason=unstable_if action=reinterpret pc=0x00000000041792a8 method=java.io.BufferedReader.readLine(Z)Ljava/lang/String; @ 192

Classes redefined (0 events):
No events

Internal exceptions (10 events):
Event: 19.459 Thread 0x000000001addf800 Implicit null exception at 0x0000000002894e16 to 0x00000000028951b1
Event: 19.655 Thread 0x000000001addf800 Implicit null exception at 0x000000000285bbd6 to 0x000000000285bf69
Event: 20.348 Thread 0x000000001addf800 Implicit null exception at 0x0000000004017906 to 0x00000000040155e5
Event: 20.348 Thread 0x000000001addf800 Implicit null exception at 0x0000000004017906 to 0x00000000040155e5
Event: 20.388 Thread 0x000000001addf800 Implicit null exception at 0x0000000004017906 to 0x00000000040155e5
Event: 20.438 Thread 0x000000001addf800 Exception <a 'java/lang/NoSuchMethodError': <clinit>> (0x00000000e1658ef8) thrown at [C:\src\AOSP-openjdk-git\hotspot\src\share\vm\prims\jni.cpp, line 1615]
Event: 20.439 Thread 0x000000001addf800 Exception <a 'java/lang/NoSuchMethodError': <clinit>> (0x00000000e1669318) thrown at [C:\src\AOSP-openjdk-git\hotspot\src\share\vm\prims\jni.cpp, line 1615]
Event: 20.440 Thread 0x000000001addf800 Exception <a 'java/lang/NoSuchMethodError': <clinit>> (0x00000000e167cb70) thrown at [C:\src\AOSP-openjdk-git\hotspot\src\share\vm\prims\jni.cpp, line 1615]
Event: 20.446 Thread 0x000000001addf800 Exception <a 'java/lang/NoSuchMethodError': <clinit>> (0x00000000e1703ed8) thrown at [C:\src\AOSP-openjdk-git\hotspot\src\share\vm\prims\jni.cpp, line 1615]
Event: 21.531 Thread 0x000000001addd000 Exception <a 'java/lang/NoSuchMethodError': java.lang.Object.lambda$comparingInt$7b0bb60$1(Ljava/util/function/ToIntFunction;Ljava/lang/Object;Ljava/lang/Object;)I> (0x00000000e256db80) thrown at [C:\src\AOSP-openjdk-git\hotspot\src\share\vm\interpreter\l

Events (10 events):
Event: 21.529 loading class org/gradle/workers/internal/WorkerDaemonExpiration$SimpleMemoryExpirationSelector
Event: 21.529 loading class org/gradle/workers/internal/WorkerDaemonExpiration$SimpleMemoryExpirationSelector done
Event: 21.530 loading class org/gradle/workers/internal/WorkerDaemonClient
Event: 21.530 loading class org/gradle/workers/internal/WorkerDaemonClient done
Event: 21.531 loading class org/gradle/workers/internal/WorkerDaemonClient
Event: 21.531 loading class org/gradle/workers/internal/WorkerDaemonClient done
Event: 21.686 loading class org/gradle/internal/snapshot/impl/ListValueSnapshot
Event: 21.686 loading class org/gradle/internal/snapshot/impl/ListValueSnapshot done
Event: 21.877 Executing VM operation: BulkRevokeBias
Event: 21.879 Executing VM operation: BulkRevokeBias done


Dynamic libraries:
0x00007ff6c2460000 - 0x00007ff6c2491000 	C:\Program Files\Android\Android Studio\jre\bin\java.exe
0x00007fff1aa90000 - 0x00007fff1ac85000 	C:\WINDOWS\SYSTEM32\ntdll.dll
0x00007fff1a170000 - 0x00007fff1a22d000 	C:\WINDOWS\System32\KERNEL32.DLL
0x00007fff186a0000 - 0x00007fff18968000 	C:\WINDOWS\System32\KERNELBASE.dll
0x00007fff19320000 - 0x00007fff193cc000 	C:\WINDOWS\System32\ADVAPI32.dll
0x00007fff1a5c0000 - 0x00007fff1a65e000 	C:\WINDOWS\System32\msvcrt.dll
0x00007fff1a6c0000 - 0x00007fff1a75b000 	C:\WINDOWS\System32\sechost.dll
0x00007fff1a470000 - 0x00007fff1a59b000 	C:\WINDOWS\System32\RPCRT4.dll
0x00007fff193d0000 - 0x00007fff19570000 	C:\WINDOWS\System32\USER32.dll
0x00007fff18510000 - 0x00007fff18532000 	C:\WINDOWS\System32\win32u.dll
0x00007fff199e0000 - 0x00007fff19a0a000 	C:\WINDOWS\System32\GDI32.dll
0x00007fff18400000 - 0x00007fff1850b000 	C:\WINDOWS\System32\gdi32full.dll
0x00007fff18360000 - 0x00007fff183fd000 	C:\WINDOWS\System32\msvcp_win.dll
0x00007fff189c0000 - 0x00007fff18ac0000 	C:\WINDOWS\System32\ucrtbase.dll
0x00007fff04ed0000 - 0x00007fff0516a000 	C:\WINDOWS\WinSxS\amd64_microsoft.windows.common-controls_6595b64144ccf1df_6.0.19041.844_none_ca00b6081b84eb1d\COMCTL32.dll
0x00007fff1a890000 - 0x00007fff1a8c0000 	C:\WINDOWS\System32\IMM32.DLL
0x00000000504f0000 - 0x00000000505c2000 	C:\Program Files\Android\Android Studio\jre\jre\bin\msvcr100.dll
0x00000000505d0000 - 0x0000000050e1b000 	C:\Program Files\Android\Android Studio\jre\jre\bin\server\jvm.dll
0x00007fff19a10000 - 0x00007fff19a18000 	C:\WINDOWS\System32\PSAPI.DLL
0x00007fff0ef50000 - 0x00007fff0ef5a000 	C:\WINDOWS\SYSTEM32\VERSION.dll
0x00007fff0e9f0000 - 0x00007fff0ea17000 	C:\WINDOWS\SYSTEM32\WINMM.dll
0x00007fff12280000 - 0x00007fff12289000 	C:\WINDOWS\SYSTEM32\WSOCK32.dll
0x00007fff18f30000 - 0x00007fff18f9b000 	C:\WINDOWS\System32\WS2_32.dll
0x00007fff12250000 - 0x00007fff1225f000 	C:\Program Files\Android\Android Studio\jre\jre\bin\verify.dll
0x00007fff09b60000 - 0x00007fff09b89000 	C:\Program Files\Android\Android Studio\jre\jre\bin\java.dll
0x00007fff08660000 - 0x00007fff08676000 	C:\Program Files\Android\Android Studio\jre\jre\bin\zip.dll
0x00007fff19a20000 - 0x00007fff1a162000 	C:\WINDOWS\System32\SHELL32.dll
0x00007fff16310000 - 0x00007fff16aa1000 	C:\WINDOWS\SYSTEM32\windows.storage.dll
0x00007fff18bd0000 - 0x00007fff18f25000 	C:\WINDOWS\System32\combase.dll
0x00007fff17c40000 - 0x00007fff17c6c000 	C:\WINDOWS\SYSTEM32\Wldp.dll
0x00007fff1a9a0000 - 0x00007fff1aa4e000 	C:\WINDOWS\System32\SHCORE.dll
0x00007fff1a660000 - 0x00007fff1a6b5000 	C:\WINDOWS\System32\shlwapi.dll
0x00007fff18110000 - 0x00007fff1812f000 	C:\WINDOWS\SYSTEM32\profapi.dll
0x00007fff07540000 - 0x00007fff0755a000 	C:\Program Files\Android\Android Studio\jre\jre\bin\net.dll
0x00007fff179b0000 - 0x00007fff17a1a000 	C:\WINDOWS\system32\mswsock.dll
0x00007fff07100000 - 0x00007fff07113000 	C:\Program Files\Android\Android Studio\jre\jre\bin\nio.dll
0x00007fff12670000 - 0x00007fff12697000 	C:\Users\rafae\.gradle\native\f6784746aeab05261644944871eae4fe03e0ef1612fff0a4a95f87b438bc6780\windows-amd64\native-platform.dll
0x00007fff11ff0000 - 0x00007fff11ffd000 	C:\Program Files\Android\Android Studio\jre\jre\bin\management.dll
0x00007fff17b80000 - 0x00007fff17b98000 	C:\WINDOWS\SYSTEM32\CRYPTSP.dll
0x00007fff172e0000 - 0x00007fff17314000 	C:\WINDOWS\system32\rsaenh.dll
0x00007fff18ac0000 - 0x00007fff18ae7000 	C:\WINDOWS\System32\bcrypt.dll
0x00007fff18090000 - 0x00007fff180be000 	C:\WINDOWS\SYSTEM32\USERENV.dll
0x00007fff182e0000 - 0x00007fff18360000 	C:\WINDOWS\System32\bcryptprimitives.dll
0x00007fff17ba0000 - 0x00007fff17bac000 	C:\WINDOWS\SYSTEM32\CRYPTBASE.dll
0x00007fff17650000 - 0x00007fff1768b000 	C:\WINDOWS\SYSTEM32\IPHLPAPI.DLL
0x00007fff1a460000 - 0x00007fff1a468000 	C:\WINDOWS\System32\NSI.dll
0x00007fff0f1a0000 - 0x00007fff0f1b7000 	C:\WINDOWS\SYSTEM32\dhcpcsvc6.DLL
0x00007fff105c0000 - 0x00007fff105dd000 	C:\WINDOWS\SYSTEM32\dhcpcsvc.DLL
0x00007fff17690000 - 0x00007fff1775c000 	C:\WINDOWS\SYSTEM32\DNSAPI.dll
0x00007fff105e0000 - 0x00007fff105eb000 	C:\WINDOWS\SYSTEM32\WINNSI.DLL
0x00007fff00af0000 - 0x00007fff00c8c000 	C:\Program Files\Android\Android Studio\jre\jre\bin\awt.dll
0x00007fff1a230000 - 0x00007fff1a2fd000 	C:\WINDOWS\System32\OLEAUT32.dll
0x00007fff16000000 - 0x00007fff1602f000 	C:\WINDOWS\SYSTEM32\dwmapi.dll
0x00007fff13f10000 - 0x00007fff144d0000 	C:\WINDOWS\SYSTEM32\d2d1.dll
0x00007fff15ba0000 - 0x00007fff15c30000 	C:\WINDOWS\SYSTEM32\apphelp.dll
0x00007fff15f20000 - 0x00007fff15fbe000 	C:\WINDOWS\system32\uxtheme.dll

VM Arguments:
jvm_args: -Xmx2048m -Dfile.encoding=UTF-8 -Duser.country=BR -Duser.language=pt -Duser.variant 
java_command: org.gradle.launcher.daemon.bootstrap.GradleDaemon 6.5
java_class_path (initial): C:\Users\rafae\.gradle\wrapper\dists\gradle-6.5-all\2oz4ud9k3tuxjg84bbf55q0tn\gradle-6.5\lib\gradle-launcher-6.5.jar
Launcher Type: SUN_STANDARD

Environment Variables:
JAVA_HOME=C:\Program Files\Android\Android Studio\jre\jre
PATH=C:\Program Files\Common Files\Oracle\Java\javapath;C:\WINDOWS\system32;C:\WINDOWS;C:\WINDOWS\System32\Wbem;C:\WINDOWS\System32\WindowsPowerShell\v1.0\;C:\WINDOWS\System32\OpenSSH\;C:\Program Files\Java\jdk-16\bin;C:\Program Files\Git\cmd;C:\Program Files\dotnet\;C:\Users\rafae\AppData\Local\Microsoft\WindowsApps;C:\Program Files\JetBrains\IntelliJ IDEA Community Edition 2021.1\bin;;C:\Users\rafae\AppData\Local\GitHubDesktop\bin
USERNAME=Rafael
OS=Windows_NT
PROCESSOR_IDENTIFIER=Intel64 Family 6 Model 61 Stepping 4, GenuineIntel



---------------  S Y S T E M  ---------------

OS: Windows 10.0 , 64 bit Build 19041 (10.0.19041.928)

CPU:total 4 (initial active 4) (2 cores per cpu, 2 threads per core) family 6 model 61 stepping 4, cmov, cx8, fxsr, mmx, sse, sse2, sse3, ssse3, sse4.1, sse4.2, popcnt, avx, avx2, aes, clmul, erms, 3dnowpref, lzcnt, ht, tsc, tscinvbit, bmi1, bmi2, adx

Memory: 4k page, physical 8301016k(780548k free), swap 8301016k(5684k free)

vm_info: OpenJDK 64-Bit Server VM (25.242-b01) for windows-amd64 JRE (1.8.0_242-release-1644-b01), built by "builder" with MS VC++ 10.0 (VS2010)

time: Fri Apr 30 15:57:33 2021
timezone: Hora oficial do Brasil
elapsed time: 21 seconds (0d 0h 0m 21s)

