#
# There is insufficient memory for the Java Runtime Environment to continue.
# Native memory allocation (malloc) failed to allocate 901936 bytes for Chunk::new
# Possible reasons:
#   The system is out of physical RAM or swap space
#   The process is running with CompressedOops enabled, and the Java Heap may be blocking the growth of the native heap
# Possible solutions:
#   Reduce memory load on the system
#   Increase physical memory or swap space
#   Check if swap backing store is full
#   Decrease Java heap size (-Xmx/-Xms)
#   Decrease number of Java threads
#   Decrease Java thread stack sizes (-Xss)
#   Set larger code cache with -XX:ReservedCodeCacheSize=
#   JVM is running with Unscaled Compressed Oops mode in which the Java heap is
#     placed in the first 4GB address space. The Java Heap base address is the
#     maximum limit for the native heap growth. Please use -XX:HeapBaseMinAddress
#     to set the Java Heap base and to place the Java Heap above 4GB virtual address.
# This output file may be truncated or incomplete.
#
#  Out of Memory Error (allocation.cpp:389), pid=9332, tid=0x00000000000012ac
#
# JRE version: OpenJDK Runtime Environment (8.0_242-b01) (build 1.8.0_242-release-1644-b01)
# Java VM: OpenJDK 64-Bit Server VM (25.242-b01 mixed mode windows-amd64 compressed oops)
# Failed to write core dump. Minidumps are not enabled by default on client versions of Windows
#

---------------  T H R E A D  ---------------

Current thread (0x00000000179cb800):  JavaThread "C2 CompilerThread1" daemon [_thread_in_native, id=4780, stack(0x0000000019130000,0x0000000019230000)]

Stack: [0x0000000019130000,0x0000000019230000]
[error occurred during error reporting (printing stack bounds), id 0xc0000005]

Native frames: (J=compiled Java code, j=interpreted, Vv=VM code, C=native code)


Current CompileTask:
C2:   7027 4966       4       org.jetbrains.kotlin.load.java.structure.impl.classFiles.BinaryJavaMethodBase$Companion::create (557 bytes)


---------------  P R O C E S S  ---------------

Java Threads: ( => current thread )
  0x0000000017a1e800 JavaThread "Service Thread" daemon [_thread_blocked, id=7356, stack(0x0000000019730000,0x0000000019830000)]
  0x00000000179da800 JavaThread "C1 CompilerThread2" daemon [_thread_blocked, id=8008, stack(0x0000000019230000,0x0000000019330000)]
=>0x00000000179cb800 JavaThread "C2 CompilerThread1" daemon [_thread_in_native, id=4780, stack(0x0000000019130000,0x0000000019230000)]
  0x00000000179c4800 JavaThread "C2 CompilerThread0" daemon [_thread_in_native, id=6460, stack(0x0000000019030000,0x0000000019130000)]
  0x00000000179c3000 JavaThread "Attach Listener" daemon [_thread_blocked, id=4308, stack(0x0000000018f30000,0x0000000019030000)]
  0x00000000179c2000 JavaThread "Signal Dispatcher" daemon [_thread_blocked, id=7304, stack(0x0000000018e30000,0x0000000018f30000)]
  0x0000000002e4b800 JavaThread "Finalizer" daemon [_thread_blocked, id=10184, stack(0x0000000018c20000,0x0000000018d20000)]
  0x00000000179a8800 JavaThread "Reference Handler" daemon [_thread_blocked, id=2348, stack(0x0000000018b20000,0x0000000018c20000)]
  0x0000000000f4e800 JavaThread "main" [_thread_in_vm, id=8344, stack(0x0000000002c50000,0x0000000002d50000)]

Other Threads:
  0x0000000017985800 VMThread [stack: 0x0000000018a20000,0x0000000018b20000] [id=5576]
  0x0000000019369000 WatcherThread [stack: 0x0000000019830000,0x0000000019930000] [id=9152]

VM state:not at safepoint (normal execution)

VM Mutex/Monitor currently owned by a thread: None

heap address: 0x0000000081400000, size: 2028 MB, Compressed Oops mode: 32-bit
Narrow klass base: 0x0000000000000000, Narrow klass shift: 3
Compressed class space size: 1073741824 Address: 0x0000000100000000

Heap:
 PSYoungGen      total 99840K, used 44531K [0x00000000d5c00000, 0x00000000dd600000, 0x0000000100000000)
  eden space 78336K, 34% used [0x00000000d5c00000,0x00000000d7673b18,0x00000000da880000)
  from space 21504K, 81% used [0x00000000dbe80000,0x00000000dcf89130,0x00000000dd380000)
  to   space 22528K, 0% used [0x00000000da880000,0x00000000da880000,0x00000000dbe80000)
 ParOldGen       total 139776K, used 30211K [0x0000000081400000, 0x0000000089c80000, 0x00000000d5c00000)
  object space 139776K, 21% used [0x0000000081400000,0x0000000083180c68,0x0000000089c80000)
 Metaspace       used 48087K, capacity 48932K, committed 49408K, reserved 1093632K
  class space    used 5789K, capacity 6036K, committed 6144K, reserved 1048576K

Card table byte_map: [0x0000000012210000,0x0000000012610000] byte_map_base: 0x0000000011e06000

Marking Bits: (ParMarkBitMap*) 0x00000000735bf030
 Begin Bits: [0x0000000012cc0000, 0x0000000014c70000)
 End Bits:   [0x0000000014c70000, 0x0000000016c20000)

Polling page: 0x0000000000bf0000

CodeCache: size=245760Kb used=18966Kb max_used=18966Kb free=226793Kb
 bounds [0x0000000002e50000, 0x00000000040f0000, 0x0000000011e50000]
 total_blobs=5599 nmethods=5081 adapters=428
 compilation: enabled

Compilation events (10 events):
Event: 7.015 Thread 0x00000000179c4800 5111       4       kotlin.sequences.FilteringSequence$iterator$1::calcNext (71 bytes)
Event: 7.016 Thread 0x00000000179da800 nmethod 5109 0x00000000040d6e50 code [0x00000000040d71a0, 0x00000000040d8878]
Event: 7.016 Thread 0x00000000179da800 5110       3       kotlin.sequences.SequencesKt___SequencesKt::mapNotNull (30 bytes)
Event: 7.018 Thread 0x00000000179c4800 nmethod 5111 0x00000000040d6990 code [0x00000000040d6ae0, 0x00000000040d6c58]
Event: 7.018 Thread 0x00000000179c4800 5112       4       org.jetbrains.kotlin.load.java.lazy.descriptors.LazyJavaScope::getFunctionNamesLazy (17 bytes)
Event: 7.019 Thread 0x00000000179da800 nmethod 5110 0x00000000040dc6d0 code [0x00000000040dca60, 0x00000000040de3e8]
Event: 7.020 Thread 0x00000000179da800 5113       3       org.jetbrains.kotlin.cli.jvm.compiler.KotlinCliJavaFileManagerImpl$knownClassNamesInPackage$1::invoke (16 bytes)
Event: 7.020 Thread 0x00000000179da800 nmethod 5113 0x00000000040dbf90 code [0x00000000040dc120, 0x00000000040dc5c8]
Event: 7.021 Thread 0x00000000179da800 5114       3       org.jetbrains.kotlin.cli.jvm.index.JavaRoot$RootTypes::getSourceAndBinary (4 bytes)
Event: 7.021 Thread 0x00000000179da800 nmethod 5114 0x00000000040dbbd0 code [0x00000000040dbd40, 0x00000000040dbef0]

GC Heap History (10 events):
Event: 3.332 GC heap before
{Heap before GC invocations=6 (full 1):
 PSYoungGen      total 49664K, used 49644K [0x00000000d5c00000, 0x00000000da700000, 0x0000000100000000)
  eden space 44544K, 100% used [0x00000000d5c00000,0x00000000d8780000,0x00000000d8780000)
  from space 5120K, 99% used [0x00000000da200000,0x00000000da6fb360,0x00000000da700000)
  to   space 5120K, 0% used [0x00000000d9d00000,0x00000000d9d00000,0x00000000da200000)
 ParOldGen       total 95232K, used 24249K [0x0000000081400000, 0x0000000087100000, 0x00000000d5c00000)
  object space 95232K, 25% used [0x0000000081400000,0x0000000082bae640,0x0000000087100000)
 Metaspace       used 32408K, capacity 32948K, committed 33152K, reserved 1079296K
  class space    used 4028K, capacity 4218K, committed 4224K, reserved 1048576K
Event: 3.357 GC heap after
Heap after GC invocations=6 (full 1):
 PSYoungGen      total 65024K, used 5111K [0x00000000d5c00000, 0x00000000dc380000, 0x0000000100000000)
  eden space 59904K, 0% used [0x00000000d5c00000,0x00000000d5c00000,0x00000000d9680000)
  from space 5120K, 99% used [0x00000000d9d00000,0x00000000da1fdc80,0x00000000da200000)
  to   space 23040K, 0% used [0x00000000dad00000,0x00000000dad00000,0x00000000dc380000)
 ParOldGen       total 95232K, used 34719K [0x0000000081400000, 0x0000000087100000, 0x00000000d5c00000)
  object space 95232K, 36% used [0x0000000081400000,0x00000000835e7f08,0x0000000087100000)
 Metaspace       used 32408K, capacity 32948K, committed 33152K, reserved 1079296K
  class space    used 4028K, capacity 4218K, committed 4224K, reserved 1048576K
}
Event: 3.689 GC heap before
{Heap before GC invocations=7 (full 1):
 PSYoungGen      total 65024K, used 21253K [0x00000000d5c00000, 0x00000000dc380000, 0x0000000100000000)
  eden space 59904K, 26% used [0x00000000d5c00000,0x00000000d6bc38f0,0x00000000d9680000)
  from space 5120K, 99% used [0x00000000d9d00000,0x00000000da1fdc80,0x00000000da200000)
  to   space 23040K, 0% used [0x00000000dad00000,0x00000000dad00000,0x00000000dc380000)
 ParOldGen       total 95232K, used 34719K [0x0000000081400000, 0x0000000087100000, 0x00000000d5c00000)
  object space 95232K, 36% used [0x0000000081400000,0x00000000835e7f08,0x0000000087100000)
 Metaspace       used 34682K, capacity 35200K, committed 35416K, reserved 1081344K
  class space    used 4354K, capacity 4540K, committed 4608K, reserved 1048576K
Event: 3.698 GC heap after
Heap after GC invocations=7 (full 1):
 PSYoungGen      total 83456K, used 8669K [0x00000000d5c00000, 0x00000000dd700000, 0x0000000100000000)
  eden space 60416K, 0% used [0x00000000d5c00000,0x00000000d5c00000,0x00000000d9700000)
  from space 23040K, 37% used [0x00000000dad00000,0x00000000db577680,0x00000000dc380000)
  to   space 22528K, 0% used [0x00000000d9700000,0x00000000d9700000,0x00000000dad00000)
 ParOldGen       total 95232K, used 34727K [0x0000000081400000, 0x0000000087100000, 0x00000000d5c00000)
  object space 95232K, 36% used [0x0000000081400000,0x00000000835e9f08,0x0000000087100000)
 Metaspace       used 34682K, capacity 35200K, committed 35416K, reserved 1081344K
  class space    used 4354K, capacity 4540K, committed 4608K, reserved 1048576K
}
Event: 3.698 GC heap before
{Heap before GC invocations=8 (full 2):
 PSYoungGen      total 83456K, used 8669K [0x00000000d5c00000, 0x00000000dd700000, 0x0000000100000000)
  eden space 60416K, 0% used [0x00000000d5c00000,0x00000000d5c00000,0x00000000d9700000)
  from space 23040K, 37% used [0x00000000dad00000,0x00000000db577680,0x00000000dc380000)
  to   space 22528K, 0% used [0x00000000d9700000,0x00000000d9700000,0x00000000dad00000)
 ParOldGen       total 95232K, used 34727K [0x0000000081400000, 0x0000000087100000, 0x00000000d5c00000)
  object space 95232K, 36% used [0x0000000081400000,0x00000000835e9f08,0x0000000087100000)
 Metaspace       used 34682K, capacity 35200K, committed 35416K, reserved 1081344K
  class space    used 4354K, capacity 4540K, committed 4608K, reserved 1048576K
Event: 3.788 GC heap after
Heap after GC invocations=8 (full 2):
 PSYoungGen      total 83456K, used 0K [0x00000000d5c00000, 0x00000000dd700000, 0x0000000100000000)
  eden space 60416K, 0% used [0x00000000d5c00000,0x00000000d5c00000,0x00000000d9700000)
  from space 23040K, 0% used [0x00000000dad00000,0x00000000dad00000,0x00000000dc380000)
  to   space 22528K, 0% used [0x00000000d9700000,0x00000000d9700000,0x00000000dad00000)
 ParOldGen       total 139776K, used 30203K [0x0000000081400000, 0x0000000089c80000, 0x00000000d5c00000)
  object space 139776K, 21% used [0x0000000081400000,0x000000008317ec68,0x0000000089c80000)
 Metaspace       used 34682K, capacity 35200K, committed 35416K, reserved 1081344K
  class space    used 4354K, capacity 4540K, committed 4608K, reserved 1048576K
}
Event: 4.921 GC heap before
{Heap before GC invocations=9 (full 2):
 PSYoungGen      total 83456K, used 60416K [0x00000000d5c00000, 0x00000000dd700000, 0x0000000100000000)
  eden space 60416K, 100% used [0x00000000d5c00000,0x00000000d9700000,0x00000000d9700000)
  from space 23040K, 0% used [0x00000000dad00000,0x00000000dad00000,0x00000000dc380000)
  to   space 22528K, 0% used [0x00000000d9700000,0x00000000d9700000,0x00000000dad00000)
 ParOldGen       total 139776K, used 30203K [0x0000000081400000, 0x0000000089c80000, 0x00000000d5c00000)
  object space 139776K, 21% used [0x0000000081400000,0x000000008317ec68,0x0000000089c80000)
 Metaspace       used 42498K, capacity 43274K, committed 43776K, reserved 1087488K
  class space    used 5273K, capacity 5527K, committed 5632K, reserved 1048576K
Event: 4.935 GC heap after
Heap after GC invocations=9 (full 2):
 PSYoungGen      total 82944K, used 12740K [0x00000000d5c00000, 0x00000000dd380000, 0x0000000100000000)
  eden space 60416K, 0% used [0x00000000d5c00000,0x00000000d5c00000,0x00000000d9700000)
  from space 22528K, 56% used [0x00000000d9700000,0x00000000da3711d8,0x00000000dad00000)
  to   space 21504K, 0% used [0x00000000dbe80000,0x00000000dbe80000,0x00000000dd380000)
 ParOldGen       total 139776K, used 30211K [0x0000000081400000, 0x0000000089c80000, 0x00000000d5c00000)
  object space 139776K, 21% used [0x0000000081400000,0x0000000083180c68,0x0000000089c80000)
 Metaspace       used 42498K, capacity 43274K, committed 43776K, reserved 1087488K
  class space    used 5273K, capacity 5527K, committed 5632K, reserved 1048576K
}
Event: 6.298 GC heap before
{Heap before GC invocations=10 (full 2):
 PSYoungGen      total 82944K, used 73156K [0x00000000d5c00000, 0x00000000dd380000, 0x0000000100000000)
  eden space 60416K, 100% used [0x00000000d5c00000,0x00000000d9700000,0x00000000d9700000)
  from space 22528K, 56% used [0x00000000d9700000,0x00000000da3711d8,0x00000000dad00000)
  to   space 21504K, 0% used [0x00000000dbe80000,0x00000000dbe80000,0x00000000dd380000)
 ParOldGen       total 139776K, used 30211K [0x0000000081400000, 0x0000000089c80000, 0x00000000d5c00000)
  object space 139776K, 21% used [0x0000000081400000,0x0000000083180c68,0x0000000089c80000)
 Metaspace       used 47521K, capacity 48336K, committed 48896K, reserved 1091584K
  class space    used 5767K, capacity 6030K, committed 6144K, reserved 1048576K
Event: 6.332 GC heap after
Heap after GC invocations=10 (full 2):
 PSYoungGen      total 99840K, used 17444K [0x00000000d5c00000, 0x00000000dd600000, 0x0000000100000000)
  eden space 78336K, 0% used [0x00000000d5c00000,0x00000000d5c00000,0x00000000da880000)
  from space 21504K, 81% used [0x00000000dbe80000,0x00000000dcf89130,0x00000000dd380000)
  to   space 22528K, 0% used [0x00000000da880000,0x00000000da880000,0x00000000dbe80000)
 ParOldGen       total 139776K, used 30211K [0x0000000081400000, 0x0000000089c80000, 0x00000000d5c00000)
  object space 139776K, 21% used [0x0000000081400000,0x0000000083180c68,0x0000000089c80000)
 Metaspace       used 47521K, capacity 48336K, committed 48896K, reserved 1091584K
  class space    used 5767K, capacity 6030K, committed 6144K, reserved 1048576K
}

Deoptimization events (10 events):
Event: 6.547 Thread 0x0000000000f4e800 Uncommon trap: reason=class_check action=maybe_recompile pc=0x0000000003efe884 method=org.jetbrains.kotlin.types.checker.ClassicTypeSystemContext$DefaultImpls.typeConstructor(Lorg/jetbrains/kotlin/types/checker/ClassicTypeSystemContext;Lorg/jetbrains/kotl
Event: 6.579 Thread 0x0000000000f4e800 Uncommon trap: reason=class_check action=maybe_recompile pc=0x00000000032cc784 method=java.util.regex.Pattern$CharProperty.match(Ljava/util/regex/Matcher;ILjava/lang/CharSequence;)Z @ 18
Event: 6.579 Thread 0x0000000000f4e800 Uncommon trap: reason=class_check action=maybe_recompile pc=0x00000000032cc784 method=java.util.regex.Pattern$CharProperty.match(Ljava/util/regex/Matcher;ILjava/lang/CharSequence;)Z @ 18
Event: 6.848 Thread 0x0000000000f4e800 Uncommon trap: reason=null_check action=make_not_entrant pc=0x000000000403380c method=org.jetbrains.kotlin.load.java.components.JavaAnnotationDescriptor.<init>(Lorg/jetbrains/kotlin/load/java/lazy/LazyJavaResolverContext;Lorg/jetbrains/kotlin/load/java/st
Event: 6.937 Thread 0x0000000000f4e800 Uncommon trap: reason=bimorphic action=maybe_recompile pc=0x000000000402ba78 method=kotlin.collections.CollectionsKt___CollectionsKt.toSet(Ljava/lang/Iterable;)Ljava/util/Set; @ 76
Event: 6.941 Thread 0x0000000000f4e800 Uncommon trap: reason=bimorphic action=maybe_recompile pc=0x000000000402ba78 method=kotlin.collections.CollectionsKt___CollectionsKt.toSet(Ljava/lang/Iterable;)Ljava/util/Set; @ 76
Event: 6.941 Thread 0x0000000000f4e800 Uncommon trap: reason=bimorphic action=maybe_recompile pc=0x000000000402ba78 method=kotlin.collections.CollectionsKt___CollectionsKt.toSet(Ljava/lang/Iterable;)Ljava/util/Set; @ 76
Event: 6.942 Thread 0x0000000000f4e800 Uncommon trap: reason=bimorphic action=maybe_recompile pc=0x000000000402ba78 method=kotlin.collections.CollectionsKt___CollectionsKt.toSet(Ljava/lang/Iterable;)Ljava/util/Set; @ 76
Event: 6.943 Thread 0x0000000000f4e800 Uncommon trap: reason=predicate action=maybe_recompile pc=0x0000000004087878 method=java.util.AbstractCollection.toArray([Ljava/lang/Object;)[Ljava/lang/Object; @ 49
Event: 6.992 Thread 0x0000000000f4e800 Uncommon trap: reason=bimorphic action=maybe_recompile pc=0x0000000002f63604 method=org.jetbrains.kotlin.types.DelegatingSimpleType.getConstructor()Lorg/jetbrains/kotlin/types/TypeConstructor; @ 4

Classes redefined (0 events):
No events

Internal exceptions (10 events):
Event: 4.515 Thread 0x0000000000f4e800 Exception <a 'java/lang/NoSuchMethodError': java.lang.Object.lambda$static$1()Lorg/jetbrains/kotlin/com/intellij/lang/ASTNode;> (0x00000000d7aa5b58) thrown at [C:\src\AOSP-openjdk-git\hotspot\src\share\vm\interpreter\linkResolver.cpp, line 620]
Event: 4.516 Thread 0x0000000000f4e800 Exception <a 'java/lang/NoSuchMethodError': java.lang.Object.lambda$static$2()Lorg/jetbrains/kotlin/com/intellij/lang/ASTNode;> (0x00000000d7aa8990) thrown at [C:\src\AOSP-openjdk-git\hotspot\src\share\vm\interpreter\linkResolver.cpp, line 620]
Event: 4.516 Thread 0x0000000000f4e800 Exception <a 'java/lang/NoSuchMethodError': java.lang.Object.lambda$static$3()Lorg/jetbrains/kotlin/com/intellij/lang/ASTNode;> (0x00000000d7aab7c0) thrown at [C:\src\AOSP-openjdk-git\hotspot\src\share\vm\interpreter\linkResolver.cpp, line 620]
Event: 4.529 Thread 0x0000000000f4e800 Implicit null exception at 0x0000000003667150 to 0x0000000003667215
Event: 4.564 Thread 0x0000000000f4e800 Exception <a 'java/lang/NoSuchMethodError': java.lang.Object.lambda$static$0(I)[Lorg/jetbrains/kotlin/com/intellij/psi/PsiReference;> (0x00000000d7c28628) thrown at [C:\src\AOSP-openjdk-git\hotspot\src\share\vm\interpreter\linkResolver.cpp, line 620]
Event: 4.583 Thread 0x0000000000f4e800 Exception <a 'java/lang/NoSuchMethodError': java.lang.Object.lambda$static$0(I)[Lorg/jetbrains/kotlin/com/intellij/psi/PsiTypeElement;> (0x00000000d7cd8270) thrown at [C:\src\AOSP-openjdk-git\hotspot\src\share\vm\interpreter\linkResolver.cpp, line 620]
Event: 4.608 Thread 0x0000000000f4e800 Exception <a 'java/lang/NoSuchMethodError': java.lang.Object.lambda$static$0(I)[Lorg/jetbrains/kotlin/com/intellij/psi/PsiTypeParameter;> (0x00000000d7ddeb08) thrown at [C:\src\AOSP-openjdk-git\hotspot\src\share\vm\interpreter\linkResolver.cpp, line 620]
Event: 4.717 Thread 0x0000000000f4e800 Exception <a 'java/lang/NoSuchMethodError': java.lang.Object.lambda$static$0(I)[Lorg/jetbrains/kotlin/psi/KtDeclaration;> (0x00000000d8208ec8) thrown at [C:\src\AOSP-openjdk-git\hotspot\src\share\vm\interpreter\linkResolver.cpp, line 620]
Event: 4.757 Thread 0x0000000000f4e800 Exception <a 'java/lang/NoSuchMethodError': java.lang.Object.lambda$static$0(I)[Lorg/jetbrains/kotlin/psi/KtTypeElement;> (0x00000000d8391e20) thrown at [C:\src\AOSP-openjdk-git\hotspot\src\share\vm\interpreter\linkResolver.cpp, line 620]
Event: 6.848 Thread 0x0000000000f4e800 Implicit null exception at 0x00000000040331df to 0x0000000004033801

Events (10 events):
Event: 7.024 loading class org/jetbrains/kotlin/android/synthetic/descriptors/SyntheticElementResolveContext$widgetReceivers$2
Event: 7.024 loading class org/jetbrains/kotlin/android/synthetic/descriptors/SyntheticElementResolveContext$widgetReceivers$2 done
Event: 7.024 loading class org/jetbrains/kotlin/android/synthetic/descriptors/SyntheticElementResolveContext$experimentalWidgetReceivers$2
Event: 7.024 loading class org/jetbrains/kotlin/android/synthetic/descriptors/SyntheticElementResolveContext$experimentalWidgetReceivers$2 done
Event: 7.024 loading class org/jetbrains/kotlin/android/synthetic/descriptors/SyntheticElementResolveContext$fragmentTypes$2
Event: 7.024 loading class org/jetbrains/kotlin/android/synthetic/descriptors/SyntheticElementResolveContext$fragmentTypes$2 done
Event: 7.025 loading class org/jetbrains/kotlin/android/synthetic/descriptors/WidgetReceiver
Event: 7.025 loading class org/jetbrains/kotlin/android/synthetic/descriptors/WidgetReceiver done
Event: 7.025 loading class org/jetbrains/kotlin/android/synthetic/res/AndroidLayoutGroupData
Event: 7.025 loading class org/jetbrains/kotlin/android/synthetic/res/AndroidLayoutGroupData done


Dynamic libraries:
0x00007ff724760000 - 0x00007ff724791000 	C:\Program Files\Android\Android Studio\jre\jre\bin\java.exe
0x00007ff80c4b0000 - 0x00007ff80c6a5000 	C:\WINDOWS\SYSTEM32\ntdll.dll
0x00007ff80c3b0000 - 0x00007ff80c46d000 	C:\WINDOWS\System32\KERNEL32.DLL
0x00007ff809bf0000 - 0x00007ff809eb8000 	C:\WINDOWS\System32\KERNELBASE.dll
0x00007ff80bde0000 - 0x00007ff80be8c000 	C:\WINDOWS\System32\ADVAPI32.dll
0x00007ff80bbc0000 - 0x00007ff80bc5e000 	C:\WINDOWS\System32\msvcrt.dll
0x00007ff80ba90000 - 0x00007ff80bb2b000 	C:\WINDOWS\System32\sechost.dll
0x00007ff80c280000 - 0x00007ff80c3ab000 	C:\WINDOWS\System32\RPCRT4.dll
0x00007ff80b1d0000 - 0x00007ff80b370000 	C:\WINDOWS\System32\USER32.dll
0x00007ff809f70000 - 0x00007ff809f92000 	C:\WINDOWS\System32\win32u.dll
0x00007ff80a650000 - 0x00007ff80a67a000 	C:\WINDOWS\System32\GDI32.dll
0x00007ff80a020000 - 0x00007ff80a12b000 	C:\WINDOWS\System32\gdi32full.dll
0x00007ff80a310000 - 0x00007ff80a3ad000 	C:\WINDOWS\System32\msvcp_win.dll
0x00007ff80a410000 - 0x00007ff80a510000 	C:\WINDOWS\System32\ucrtbase.dll
0x00007ffff76e0000 - 0x00007ffff797a000 	C:\WINDOWS\WinSxS\amd64_microsoft.windows.common-controls_6595b64144ccf1df_6.0.19041.844_none_ca00b6081b84eb1d\COMCTL32.dll
0x00007ff80be90000 - 0x00007ff80bec0000 	C:\WINDOWS\System32\IMM32.DLL
0x0000000072d10000 - 0x0000000072de2000 	C:\Program Files\Android\Android Studio\jre\jre\bin\msvcr100.dll
0x0000000072df0000 - 0x000000007363b000 	C:\Program Files\Android\Android Studio\jre\jre\bin\server\jvm.dll
0x00007ff80a820000 - 0x00007ff80a828000 	C:\WINDOWS\System32\PSAPI.DLL
0x00007ff8005b0000 - 0x00007ff8005d7000 	C:\WINDOWS\SYSTEM32\WINMM.dll
0x00007ff800350000 - 0x00007ff800359000 	C:\WINDOWS\SYSTEM32\WSOCK32.dll
0x00007ff8021d0000 - 0x00007ff8021da000 	C:\WINDOWS\SYSTEM32\VERSION.dll
0x00007ff80b370000 - 0x00007ff80b3db000 	C:\WINDOWS\System32\WS2_32.dll
0x00007fffff730000 - 0x00007fffff73f000 	C:\Program Files\Android\Android Studio\jre\jre\bin\verify.dll
0x00007fffe5b50000 - 0x00007fffe5b79000 	C:\Program Files\Android\Android Studio\jre\jre\bin\java.dll
0x00007fffff710000 - 0x00007fffff726000 	C:\Program Files\Android\Android Studio\jre\jre\bin\zip.dll
0x00007ff80a950000 - 0x00007ff80b092000 	C:\WINDOWS\System32\SHELL32.dll
0x00007ff807d30000 - 0x00007ff8084c1000 	C:\WINDOWS\SYSTEM32\windows.storage.dll
0x00007ff80bf20000 - 0x00007ff80c275000 	C:\WINDOWS\System32\combase.dll
0x00007ff809590000 - 0x00007ff8095bc000 	C:\WINDOWS\SYSTEM32\Wldp.dll
0x00007ff80a5a0000 - 0x00007ff80a64e000 	C:\WINDOWS\System32\SHCORE.dll
0x00007ff80a540000 - 0x00007ff80a595000 	C:\WINDOWS\System32\shlwapi.dll
0x00007ff809b30000 - 0x00007ff809b4f000 	C:\WINDOWS\SYSTEM32\profapi.dll
0x00007fffe6360000 - 0x00007fffe637a000 	C:\Program Files\Android\Android Studio\jre\jre\bin\net.dll
0x00007ff809300000 - 0x00007ff80936a000 	C:\WINDOWS\system32\mswsock.dll
0x00007fffe60f0000 - 0x00007fffe6103000 	C:\Program Files\Android\Android Studio\jre\jre\bin\nio.dll

VM Arguments:
java_command: org.jetbrains.kotlin.cli.jvm.K2JVMCompiler @D:\Development\MyProjects\CifraCherry\app\build\20210423_2868898949685803495.compiler.options
java_class_path (initial): C:\Users\rafae\.gradle\caches\modules-2\files-2.1\org.jetbrains.kotlin\kotlin-compiler-embeddable\1.4.32\b4fc9be460ca88eecea2303e142ce2920bd14775\kotlin-compiler-embeddable-1.4.32.jar;C:\Users\rafae\.gradle\caches\modules-2\files-2.1\org.jetbrains.kotlin\kotlin-reflect\1.4.32\ce852b166d97f0f1991b5130c2bb02e2ef6c554e\kotlin-reflect-1.4.32.jar;C:\Users\rafae\.gradle\caches\modules-2\files-2.1\org.jetbrains.kotlin\kotlin-stdlib\1.4.32\461367948840adbb0839c51d91ed74ef4a9ccb52\kotlin-stdlib-1.4.32.jar;C:\Users\rafae\.gradle\caches\modules-2\files-2.1\org.jetbrains.kotlin\kotlin-script-runtime\1.4.32\bac50b0748be017dbc13fc1cb7231b1c9da0e106\kotlin-script-runtime-1.4.32.jar;C:\Users\rafae\.gradle\caches\modules-2\files-2.1\org.jetbrains.kotlin\kotlin-daemon-embeddable\1.4.32\b40c5de5adea26ebb4e5fc36945c482ac20acee2\kotlin-daemon-embeddable-1.4.32.jar;C:\Users\rafae\.gradle\caches\modules-2\files-2.1\org.jetbrains.intellij.deps\trove4j\1.0.20181211\216c2e14b070f334479d800987affe4054cd563f\trove4j-1.0.20181211.jar;C:\Users\rafae\.gradle\caches\modules-2\files-2.1\org.jetbrains.kotlin\kotlin-stdlib-common\1.4.32\ef50bfa2c0491a11dcc35d9822edbfd6170e1ea2\kotlin-stdlib-common-1.4.32.jar;C:\Users\rafae\.gradle\caches\modules-2\files-2.1\org.jetbrains\annotations\13.0\919f0dfe192fb4e063e7dacadee7f8bb9a2672a9\annotations-13.0.jar;C:\Program Files\Android\Android Studio\jre\lib\tools.jar
Launcher Type: SUN_STANDARD

Environment Variables:
JAVA_HOME=C:\Program Files\Android\Android Studio\jre
PATH=C:\WINDOWS\system32;C:\WINDOWS;C:\WINDOWS\System32\Wbem;C:\WINDOWS\System32\WindowsPowerShell\v1.0\;C:\WINDOWS\System32\OpenSSH\;C:\Program Files\Java\jdk-16\bin;C:\Program Files\Git\cmd;C:\Program Files\dotnet\;C:\Users\rafae\AppData\Local\Microsoft\WindowsApps;C:\Program Files\JetBrains\IntelliJ IDEA Community Edition 2021.1\bin;;C:\Users\rafae\AppData\Local\GitHubDesktop\bin
USERNAME=Rafael
OS=Windows_NT
PROCESSOR_IDENTIFIER=Intel64 Family 6 Model 61 Stepping 4, GenuineIntel



---------------  S Y S T E M  ---------------

OS: Windows 10.0 , 64 bit Build 19041 (10.0.19041.928)

CPU:total 4 (initial active 4) (2 cores per cpu, 2 threads per core) family 6 model 61 stepping 4, cmov, cx8, fxsr, mmx, sse, sse2, sse3, ssse3, sse4.1, sse4.2, popcnt, avx, avx2, aes, clmul, erms, 3dnowpref, lzcnt, ht, tsc, tscinvbit, bmi1, bmi2, adx

Memory: 4k page, physical 8301016k(681720k free), swap 8301016k(5612k free)

vm_info: OpenJDK 64-Bit Server VM (25.242-b01) for windows-amd64 JRE (1.8.0_242-release-1644-b01), built by "builder" with MS VC++ 10.0 (VS2010)

time: Fri Apr 23 23:31:43 2021
timezone: Hora oficial do Brasil
elapsed time: 7 seconds (0d 0h 0m 7s)

