#
# There is insufficient memory for the Java Runtime Environment to continue.
# Native memory allocation (malloc) failed to allocate 32744 bytes for ChunkPool::allocate
# Possible reasons:
#   The system is out of physical RAM or swap space
#   The process is running with CompressedOops enabled, and the Java Heap may be blocking the growth of the native heap
# Possible solutions:
#   Reduce memory load on the system
#   Increase physical memory or swap space
#   Check if swap backing store is full
#   Decrease Java heap size (-Xmx/-Xms)
#   Decrease number of Java threads
#   Decrease Java thread stack sizes (-Xss)
#   Set larger code cache with -XX:ReservedCodeCacheSize=
#   JVM is running with Unscaled Compressed Oops mode in which the Java heap is
#     placed in the first 4GB address space. The Java Heap base address is the
#     maximum limit for the native heap growth. Please use -XX:HeapBaseMinAddress
#     to set the Java Heap base and to place the Java Heap above 4GB virtual address.
# This output file may be truncated or incomplete.
#
#  Out of Memory Error (allocation.cpp:272), pid=7616, tid=0x0000000000000dd8
#
# JRE version: OpenJDK Runtime Environment (8.0_242-b01) (build 1.8.0_242-release-1644-b01)
# Java VM: OpenJDK 64-Bit Server VM (25.242-b01 mixed mode windows-amd64 compressed oops)
# Failed to write core dump. Minidumps are not enabled by default on client versions of Windows
#

---------------  T H R E A D  ---------------

Current thread (0x0000000017ca7800):  JavaThread "C2 CompilerThread0" daemon [_thread_in_native, id=3544, stack(0x0000000019320000,0x0000000019420000)]

Stack: [0x0000000019320000,0x0000000019420000]
[error occurred during error reporting (printing stack bounds), id 0xc0000005]

Native frames: (J=compiled Java code, j=interpreted, Vv=VM code, C=native code)


Current CompileTask:
C2: 189632 17090       4       org.gradle.internal.snapshot.impl.DirectorySnapshotter$PathVisitor::visitResolvedFile (52 bytes)


---------------  P R O C E S S  ---------------

Java Threads: ( => current thread )
  0x000000001be7a000 JavaThread "RMI TCP Connection(2)-127.0.0.1" daemon [_thread_in_native, id=3480, stack(0x0000000024180000,0x0000000024280000)]
  0x000000001be79000 JavaThread "RMI RenewClean-[127.0.0.1:17708,org.jetbrains.kotlin.daemon.common.LoopbackNetworkInterface$ClientLoopbackSocketFactory@2d276be0]" daemon [_thread_blocked, id=5340, stack(0x0000000024080000,0x0000000024180000)]
  0x000000001f2ce000 JavaThread "jar transforms Thread 228" [_thread_blocked, id=8420, stack(0x0000000030780000,0x0000000030880000)]
  0x000000001f2cb800 JavaThread "jar transforms Thread 227" [_thread_blocked, id=5788, stack(0x0000000030680000,0x0000000030780000)]
  0x000000001f2cc800 JavaThread "jar transforms Thread 226" [_thread_blocked, id=5880, stack(0x0000000030580000,0x0000000030680000)]
  0x000000001f2c3800 JavaThread "jar transforms Thread 225" [_thread_blocked, id=7060, stack(0x0000000030480000,0x0000000030580000)]
  0x000000001f2ca000 JavaThread "jar transforms Thread 224" [_thread_blocked, id=740, stack(0x0000000030380000,0x0000000030480000)]
  0x000000001f2c8800 JavaThread "jar transforms Thread 223" [_thread_blocked, id=8580, stack(0x0000000030280000,0x0000000030380000)]
  0x000000001f2c9800 JavaThread "jar transforms Thread 222" [_thread_blocked, id=8624, stack(0x0000000030180000,0x0000000030280000)]
  0x000000001f2c8000 JavaThread "jar transforms Thread 221" [_thread_blocked, id=2560, stack(0x0000000030080000,0x0000000030180000)]
  0x000000001f2c0800 JavaThread "jar transforms Thread 220" [_thread_blocked, id=548, stack(0x000000002ff80000,0x0000000030080000)]
  0x000000001f2c2800 JavaThread "jar transforms Thread 219" [_thread_blocked, id=240, stack(0x000000002fe80000,0x000000002ff80000)]
  0x000000001f2c7000 JavaThread "jar transforms Thread 218" [_thread_blocked, id=8120, stack(0x000000002fd80000,0x000000002fe80000)]
  0x000000001f2c6800 JavaThread "jar transforms Thread 217" [_thread_blocked, id=2756, stack(0x000000002fc80000,0x000000002fd80000)]
  0x000000001f2c5800 JavaThread "jar transforms Thread 216" [_thread_blocked, id=5648, stack(0x000000002fb80000,0x000000002fc80000)]
  0x000000001f2c2000 JavaThread "jar transforms Thread 215" [_thread_blocked, id=5424, stack(0x000000002fa80000,0x000000002fb80000)]
  0x000000001f2c5000 JavaThread "jar transforms Thread 214" [_thread_blocked, id=8032, stack(0x000000002f980000,0x000000002fa80000)]
  0x000000001f2c1000 JavaThread "jar transforms Thread 213" [_thread_blocked, id=9756, stack(0x000000002f880000,0x000000002f980000)]
  0x000000001f2c4000 JavaThread "jar transforms Thread 212" [_thread_blocked, id=396, stack(0x000000002f780000,0x000000002f880000)]
  0x000000001e9dd800 JavaThread "jar transforms Thread 211" [_thread_blocked, id=1312, stack(0x000000002f680000,0x000000002f780000)]
  0x000000001e9dc800 JavaThread "jar transforms Thread 210" [_thread_blocked, id=6484, stack(0x000000002f580000,0x000000002f680000)]
  0x000000001e9dc000 JavaThread "jar transforms Thread 209" [_thread_blocked, id=6352, stack(0x000000002f480000,0x000000002f580000)]
  0x000000001e9da800 JavaThread "jar transforms Thread 208" [_thread_blocked, id=6588, stack(0x000000002f380000,0x000000002f480000)]
  0x000000001e9d9800 JavaThread "jar transforms Thread 207" [_thread_blocked, id=9524, stack(0x000000002f280000,0x000000002f380000)]
  0x000000001e9e0800 JavaThread "jar transforms Thread 206" [_thread_blocked, id=2384, stack(0x000000002f180000,0x000000002f280000)]
  0x000000001e9db000 JavaThread "jar transforms Thread 205" [_thread_blocked, id=8172, stack(0x000000002f080000,0x000000002f180000)]
  0x000000001e9df000 JavaThread "jar transforms Thread 204" [_thread_blocked, id=6012, stack(0x000000002ef80000,0x000000002f080000)]
  0x000000001e9df800 JavaThread "jar transforms Thread 203" [_thread_blocked, id=7260, stack(0x000000002ee80000,0x000000002ef80000)]
  0x000000001e9de000 JavaThread "jar transforms Thread 202" [_thread_blocked, id=1192, stack(0x000000002ed80000,0x000000002ee80000)]
  0x000000001e9d2000 JavaThread "jar transforms Thread 201" [_thread_blocked, id=812, stack(0x000000002ec80000,0x000000002ed80000)]
  0x000000001e9d9000 JavaThread "jar transforms Thread 200" [_thread_blocked, id=1356, stack(0x000000002eb80000,0x000000002ec80000)]
  0x000000001e9d7800 JavaThread "jar transforms Thread 199" [_thread_blocked, id=4388, stack(0x000000002ea80000,0x000000002eb80000)]
  0x000000001e9d6800 JavaThread "jar transforms Thread 198" [_thread_blocked, id=3540, stack(0x000000002e980000,0x000000002ea80000)]
  0x000000001e9d3800 JavaThread "jar transforms Thread 197" [_thread_blocked, id=8056, stack(0x000000002e880000,0x000000002e980000)]
  0x000000001e9d8000 JavaThread "jar transforms Thread 196" [_thread_blocked, id=1120, stack(0x000000002e780000,0x000000002e880000)]
  0x000000001e9d3000 JavaThread "jar transforms Thread 195" [_thread_blocked, id=860, stack(0x000000002e680000,0x000000002e780000)]
  0x000000001e9d6000 JavaThread "jar transforms Thread 194" [_thread_blocked, id=6816, stack(0x000000002e580000,0x000000002e680000)]
  0x000000001e9d5000 JavaThread "jar transforms Thread 193" [_thread_blocked, id=3880, stack(0x000000002e480000,0x000000002e580000)]
  0x000000001e9d1800 JavaThread "jar transforms Thread 192" [_thread_blocked, id=9224, stack(0x000000002e380000,0x000000002e480000)]
  0x000000001e9d4800 JavaThread "jar transforms Thread 191" [_thread_blocked, id=7368, stack(0x000000002e280000,0x000000002e380000)]
  0x0000000020f4d800 JavaThread "jar transforms Thread 190" [_thread_blocked, id=5428, stack(0x000000002e180000,0x000000002e280000)]
  0x0000000020f4d000 JavaThread "jar transforms Thread 189" [_thread_blocked, id=6116, stack(0x000000002e080000,0x000000002e180000)]
  0x0000000020f4c000 JavaThread "jar transforms Thread 188" [_thread_blocked, id=9844, stack(0x000000002df80000,0x000000002e080000)]
  0x0000000020f4f000 JavaThread "jar transforms Thread 187" [_thread_blocked, id=6540, stack(0x000000002de80000,0x000000002df80000)]
  0x0000000020f4e800 JavaThread "jar transforms Thread 186" [_thread_blocked, id=9516, stack(0x000000002dd80000,0x000000002de80000)]
  0x0000000020f4a800 JavaThread "jar transforms Thread 185" [_thread_blocked, id=6508, stack(0x000000002dc80000,0x000000002dd80000)]
  0x0000000020f44800 JavaThread "jar transforms Thread 184" [_thread_blocked, id=4548, stack(0x000000002db80000,0x000000002dc80000)]
  0x0000000020f4b800 JavaThread "jar transforms Thread 183" [_thread_blocked, id=1552, stack(0x000000002da80000,0x000000002db80000)]
  0x0000000020f43000 JavaThread "jar transforms Thread 182" [_thread_blocked, id=8608, stack(0x000000002d980000,0x000000002da80000)]
  0x0000000020f4a000 JavaThread "jar transforms Thread 181" [_thread_blocked, id=4400, stack(0x000000002d880000,0x000000002d980000)]
  0x0000000020f49000 JavaThread "jar transforms Thread 180" [_thread_blocked, id=108, stack(0x000000002d780000,0x000000002d880000)]
  0x0000000020f48800 JavaThread "jar transforms Thread 179" [_thread_blocked, id=3424, stack(0x000000002d680000,0x000000002d780000)]
  0x0000000020f42800 JavaThread "jar transforms Thread 178" [_thread_blocked, id=9200, stack(0x000000002ce80000,0x000000002cf80000)]
  0x0000000020f44000 JavaThread "jar transforms Thread 177" [_thread_blocked, id=9856, stack(0x000000002cd80000,0x000000002ce80000)]
  0x0000000020f41000 JavaThread "jar transforms Thread 176" [_thread_blocked, id=4672, stack(0x000000002cc80000,0x000000002cd80000)]
  0x0000000020f41800 JavaThread "jar transforms Thread 175" [_thread_blocked, id=8560, stack(0x000000002cb80000,0x000000002cc80000)]
  0x0000000020f47800 JavaThread "jar transforms Thread 174" [_thread_blocked, id=7372, stack(0x000000002ca80000,0x000000002cb80000)]
  0x0000000020f40000 JavaThread "jar transforms Thread 173" [_thread_blocked, id=1232, stack(0x000000002c980000,0x000000002ca80000)]
  0x0000000020f46000 JavaThread "jar transforms Thread 172" [_thread_blocked, id=6956, stack(0x000000002c880000,0x000000002c980000)]
  0x0000000020f47000 JavaThread "jar transforms Thread 171" [_thread_blocked, id=3948, stack(0x000000002c780000,0x000000002c880000)]
  0x0000000020f45800 JavaThread "jar transforms Thread 170" [_thread_blocked, id=5728, stack(0x000000002c680000,0x000000002c780000)]
  0x0000000020fa0800 JavaThread "jar transforms Thread 169" [_thread_blocked, id=4788, stack(0x000000002c580000,0x000000002c680000)]
  0x0000000020fa1800 JavaThread "jar transforms Thread 168" [_thread_blocked, id=8280, stack(0x000000002c480000,0x000000002c580000)]
  0x0000000020fa0000 JavaThread "jar transforms Thread 167" [_thread_blocked, id=9148, stack(0x000000002bd80000,0x000000002be80000)]
  0x0000000020f9e800 JavaThread "jar transforms Thread 166" [_thread_blocked, id=9768, stack(0x000000002bc80000,0x000000002bd80000)]
  0x0000000020f9d000 JavaThread "jar transforms Thread 165" [_thread_blocked, id=7488, stack(0x000000002bb80000,0x000000002bc80000)]
  0x0000000020f9f000 JavaThread "jar transforms Thread 164" [_thread_blocked, id=8344, stack(0x000000002ba80000,0x000000002bb80000)]
  0x0000000020f9d800 JavaThread "jar transforms Thread 163" [_thread_blocked, id=8088, stack(0x000000002b580000,0x000000002b680000)]
  0x0000000020fa2000 JavaThread "jar transforms Thread 162" [_thread_blocked, id=3296, stack(0x000000002a180000,0x000000002a280000)]
  0x0000000020f9c000 JavaThread "jar transforms Thread 161" [_thread_blocked, id=10052, stack(0x0000000029e80000,0x0000000029f80000)]
  0x0000000020f94800 JavaThread "jar transforms Thread 160" [_thread_blocked, id=5036, stack(0x0000000029b20000,0x0000000029c20000)]
  0x0000000020f96000 JavaThread "jar transforms Thread 159" [_thread_blocked, id=6704, stack(0x0000000029a20000,0x0000000029b20000)]
  0x0000000020f95800 JavaThread "jar transforms Thread 158" [_thread_blocked, id=7604, stack(0x0000000029920000,0x0000000029a20000)]
  0x0000000020f9b800 JavaThread "jar transforms Thread 157" [_thread_blocked, id=9776, stack(0x0000000029820000,0x0000000029920000)]
  0x0000000020f97000 JavaThread "jar transforms Thread 156" [_thread_blocked, id=3168, stack(0x0000000029720000,0x0000000029820000)]
  0x0000000020f94000 JavaThread "jar transforms Thread 155" [_thread_blocked, id=6368, stack(0x0000000029620000,0x0000000029720000)]
  0x0000000020f9a800 JavaThread "jar transforms Thread 154" [_thread_blocked, id=8724, stack(0x0000000029520000,0x0000000029620000)]
  0x0000000020f9a000 JavaThread "jar transforms Thread 153" [_thread_blocked, id=2884, stack(0x0000000029420000,0x0000000029520000)]
  0x0000000020f93000 JavaThread "jar transforms Thread 152" [_thread_blocked, id=8756, stack(0x0000000029320000,0x0000000029420000)]
  0x0000000020f98800 JavaThread "jar transforms Thread 151" [_thread_blocked, id=2328, stack(0x0000000029220000,0x0000000029320000)]
  0x0000000020f99000 JavaThread "jar transforms Thread 150" [_thread_blocked, id=2432, stack(0x0000000029120000,0x0000000029220000)]
  0x0000000020f97800 JavaThread "jar transforms Thread 149" [_thread_blocked, id=8500, stack(0x0000000029020000,0x0000000029120000)]
  0x000000001bb90000 JavaThread "jar transforms Thread 148" [_thread_blocked, id=3496, stack(0x0000000028f20000,0x0000000029020000)]
  0x000000001bb8f800 JavaThread "jar transforms Thread 147" [_thread_blocked, id=4252, stack(0x0000000028e20000,0x0000000028f20000)]
  0x000000001bb91800 JavaThread "jar transforms Thread 146" [_thread_blocked, id=9072, stack(0x0000000028d20000,0x0000000028e20000)]
  0x000000001bb8e800 JavaThread "jar transforms Thread 145" [_thread_blocked, id=3060, stack(0x0000000028c20000,0x0000000028d20000)]
  0x000000001bb92800 JavaThread "jar transforms Thread 144" [_thread_blocked, id=10064, stack(0x0000000028b20000,0x0000000028c20000)]
  0x000000001eb26000 JavaThread "jar transforms Thread 143" [_thread_blocked, id=6472, stack(0x0000000028a20000,0x0000000028b20000)]
  0x000000001eb23800 JavaThread "jar transforms Thread 142" [_thread_blocked, id=1148, stack(0x0000000028920000,0x0000000028a20000)]
  0x000000001eb23000 JavaThread "jar transforms Thread 141" [_thread_blocked, id=6620, stack(0x0000000028820000,0x0000000028920000)]
  0x000000001eb24800 JavaThread "jar transforms Thread 140" [_thread_blocked, id=1348, stack(0x0000000028720000,0x0000000028820000)]
  0x000000001eb21800 JavaThread "jar transforms Thread 139" [_thread_blocked, id=8568, stack(0x0000000028620000,0x0000000028720000)]
  0x000000001eb25000 JavaThread "jar transforms Thread 138" [_thread_blocked, id=8924, stack(0x0000000028520000,0x0000000028620000)]
  0x000000001eb18800 JavaThread "jar transforms Thread 137" [_thread_blocked, id=2812, stack(0x0000000028420000,0x0000000028520000)]
  0x000000001eb1f000 JavaThread "jar transforms Thread 136" [_thread_blocked, id=1744, stack(0x0000000028320000,0x0000000028420000)]
  0x000000001eb1e800 JavaThread "jar transforms Thread 135" [_thread_blocked, id=8620, stack(0x0000000028220000,0x0000000028320000)]
  0x000000001eb1d000 JavaThread "jar transforms Thread 134" [_thread_blocked, id=9588, stack(0x0000000028120000,0x0000000028220000)]
  0x000000001eb17800 JavaThread "jar transforms Thread 133" [_thread_blocked, id=3212, stack(0x0000000028020000,0x0000000028120000)]
  0x000000001eb1c000 JavaThread "jar transforms Thread 132" [_thread_blocked, id=7280, stack(0x0000000027f20000,0x0000000028020000)]
  0x000000001eb1b800 JavaThread "jar transforms Thread 131" [_thread_blocked, id=736, stack(0x0000000027e20000,0x0000000027f20000)]
  0x000000001eb1d800 JavaThread "jar transforms Thread 130" [_thread_blocked, id=7588, stack(0x0000000027d20000,0x0000000027e20000)]
  0x000000001eb1a800 JavaThread "jar transforms Thread 129" [_thread_blocked, id=6804, stack(0x0000000027c20000,0x0000000027d20000)]
  0x000000001eb19000 JavaThread "jar transforms Thread 128" [_thread_blocked, id=9680, stack(0x0000000027b20000,0x0000000027c20000)]
  0x000000001be53000 JavaThread "jar transforms Thread 127" [_thread_blocked, id=8700, stack(0x0000000027a20000,0x0000000027b20000)]
  0x000000001be52000 JavaThread "jar transforms Thread 126" [_thread_blocked, id=1272, stack(0x0000000027920000,0x0000000027a20000)]
  0x000000001be54800 JavaThread "jar transforms Thread 125" [_thread_blocked, id=6600, stack(0x0000000027820000,0x0000000027920000)]
  0x000000001be55000 JavaThread "jar transforms Thread 124" [_thread_blocked, id=1700, stack(0x0000000027720000,0x0000000027820000)]
  0x000000001be53800 JavaThread "jar transforms Thread 123" [_thread_blocked, id=1536, stack(0x0000000027620000,0x0000000027720000)]
  0x000000001be51800 JavaThread "jar transforms Thread 122" [_thread_blocked, id=5912, stack(0x0000000027520000,0x0000000027620000)]
  0x000000001be50800 JavaThread "jar transforms Thread 121" [_thread_blocked, id=7064, stack(0x0000000027420000,0x0000000027520000)]
  0x000000001be49000 JavaThread "jar transforms Thread 120" [_thread_blocked, id=404, stack(0x0000000027320000,0x0000000027420000)]
  0x000000001be50000 JavaThread "jar transforms Thread 119" [_thread_blocked, id=9924, stack(0x0000000027220000,0x0000000027320000)]
  0x000000001be48800 JavaThread "jar transforms Thread 118" [_thread_blocked, id=6728, stack(0x0000000027120000,0x0000000027220000)]
  0x000000001be4e800 JavaThread "jar transforms Thread 117" [_thread_blocked, id=9720, stack(0x0000000027020000,0x0000000027120000)]
  0x000000001be4d800 JavaThread "jar transforms Thread 116" [_thread_blocked, id=7652, stack(0x0000000024690000,0x0000000024790000)]
  0x000000001be4f000 JavaThread "jar transforms Thread 115" [_thread_blocked, id=4928, stack(0x0000000022e80000,0x0000000022f80000)]
  0x000000001aa57000 JavaThread "Asynchronous log dispatcher for DefaultDaemonConnection: socket connection from /127.0.0.1:49226 to /127.0.0.1:49254" [_thread_blocked, id=4784, stack(0x000000001d360000,0x000000001d460000)]
  0x000000001aa5c800 JavaThread "Daemon worker Thread 2" [_thread_blocked, id=5064, stack(0x000000001d260000,0x000000001d360000)]
  0x000000001aa55000 JavaThread "Cancel handler" [_thread_blocked, id=2988, stack(0x000000001d160000,0x000000001d260000)]
  0x000000001aa5b800 JavaThread "Handler for socket connection from /127.0.0.1:49226 to /127.0.0.1:49254" [_thread_in_native, id=6604, stack(0x000000001cb00000,0x000000001cc00000)]
  0x000000001aa5a000 JavaThread "Daemon Thread 2" [_thread_blocked, id=4108, stack(0x000000001ca00000,0x000000001cb00000)]
  0x000000001aa59800 JavaThread "RMI Reaper" [_thread_blocked, id=8704, stack(0x0000000022d80000,0x0000000022e80000)]
  0x000000001aa58800 JavaThread "RMI TCP Accept-0" daemon [_thread_in_native, id=2304, stack(0x0000000022c80000,0x0000000022d80000)]
  0x000000001aa55800 JavaThread "GC Daemon" daemon [_thread_blocked, id=1096, stack(0x0000000021e80000,0x0000000021f80000)]
  0x000000001aa54000 JavaThread "RMI Scheduler(0)" daemon [_thread_blocked, id=9184, stack(0x0000000001460000,0x0000000001560000)]
  0x000000001aa5e800 JavaThread "Memory manager" [_thread_blocked, id=6760, stack(0x000000002b280000,0x000000002b380000)]
  0x000000001bb93000 JavaThread "Cache worker for file content cache (C:\Users\rafae\.gradle\caches\6.5\fileContent)" [_thread_blocked, id=9428, stack(0x0000000021f80000,0x0000000022080000)]
  0x000000001bb8d000 JavaThread "Cache worker for execution history cache (C:\Users\rafae\.gradle\caches\6.5\executionHistory)" [_thread_blocked, id=6016, stack(0x0000000021780000,0x0000000021880000)]
  0x000000001bb91000 JavaThread "Cache worker for file hash cache (C:\Users\rafae\.gradle\caches\6.5\fileHashes)" [_thread_blocked, id=8356, stack(0x000000001dc60000,0x000000001dd60000)]
  0x000000001bb8c800 JavaThread "File lock request listener" [_thread_in_native, id=2040, stack(0x000000001db60000,0x000000001dc60000)]
  0x000000001bb36800 JavaThread "Cache worker for journal cache (C:\Users\rafae\.gradle\caches\journal-1)" [_thread_blocked, id=6576, stack(0x000000001da60000,0x000000001db60000)]
  0x000000001b7a8000 JavaThread "Daemon periodic checks" [_thread_blocked, id=1404, stack(0x000000001ce60000,0x000000001cf60000)]
  0x000000001b7a0800 JavaThread "Incoming local TCP Connector on port 49226" [_thread_in_native, id=9836, stack(0x000000001cc00000,0x000000001cd00000)]
  0x0000000019c50800 JavaThread "Daemon health stats" [_thread_blocked, id=1172, stack(0x000000001c5c0000,0x000000001c6c0000)]
  0x0000000019653800 JavaThread "Service Thread" daemon [_thread_blocked, id=5376, stack(0x0000000019a20000,0x0000000019b20000)]
  0x0000000017cb8800 JavaThread "C1 CompilerThread2" daemon [_thread_in_native, id=8520, stack(0x0000000019520000,0x0000000019620000)]
  0x0000000017caa800 JavaThread "C2 CompilerThread1" daemon [_thread_in_native, id=5668, stack(0x0000000019420000,0x0000000019520000)]
=>0x0000000017ca7800 JavaThread "C2 CompilerThread0" daemon [_thread_in_native, id=3544, stack(0x0000000019320000,0x0000000019420000)]
  0x0000000017ca6800 JavaThread "Attach Listener" daemon [_thread_blocked, id=328, stack(0x0000000019220000,0x0000000019320000)]
  0x0000000017ca5000 JavaThread "Signal Dispatcher" daemon [_thread_blocked, id=2936, stack(0x0000000019120000,0x0000000019220000)]
  0x000000000307c800 JavaThread "Finalizer" daemon [_thread_blocked, id=3472, stack(0x0000000018f10000,0x0000000019010000)]
  0x0000000017c89000 JavaThread "Reference Handler" daemon [_thread_blocked, id=2076, stack(0x0000000018e10000,0x0000000018f10000)]
  0x0000000002f7d800 JavaThread "main" [_thread_blocked, id=6900, stack(0x0000000002e00000,0x0000000002f00000)]

Other Threads:
  0x0000000017c66800 VMThread [stack: 0x0000000018d10000,0x0000000018e10000] [id=8868]
  0x0000000019654000 WatcherThread [stack: 0x0000000019b20000,0x0000000019c20000] [id=5264]

VM state:not at safepoint (normal execution)

VM Mutex/Monitor currently owned by a thread: None

OutOfMemory and StackOverflow Exception counts:
OutOfMemoryError java_heap_errors=1

heap address: 0x0000000080000000, size: 2048 MB, Compressed Oops mode: 32-bit
Narrow klass base: 0x0000000000000000, Narrow klass shift: 3
Compressed class space size: 1073741824 Address: 0x0000000100000000

Heap:
 PSYoungGen      total 394240K, used 53426K [0x00000000d5580000, 0x00000000ef680000, 0x0000000100000000)
  eden space 361472K, 14% used [0x00000000d5580000,0x00000000d89acae0,0x00000000eb680000)
  from space 32768K, 0% used [0x00000000eb680000,0x00000000eb680000,0x00000000ed680000)
  to   space 28160K, 0% used [0x00000000edb00000,0x00000000edb00000,0x00000000ef680000)
 ParOldGen       total 97792K, used 73037K [0x0000000080000000, 0x0000000085f80000, 0x00000000d5580000)
  object space 97792K, 74% used [0x0000000080000000,0x00000000847534c8,0x0000000085f80000)
 Metaspace       used 111036K, capacity 115926K, committed 116248K, reserved 1150976K
  class space    used 14425K, capacity 15320K, committed 15408K, reserved 1048576K

Card table byte_map: [0x0000000012440000,0x0000000012850000] byte_map_base: 0x0000000012040000

Marking Bits: (ParMarkBitMap*) 0x00000000735bf030
 Begin Bits: [0x0000000012f00000, 0x0000000014f00000)
 End Bits:   [0x0000000014f00000, 0x0000000016f00000)

Polling page: 0x0000000001140000

CodeCache: size=245760Kb used=44554Kb max_used=44561Kb free=201205Kb
 bounds [0x0000000003080000, 0x0000000005c50000, 0x0000000012080000]
 total_blobs=14990 nmethods=14064 adapters=837
 compilation: enabled

Compilation events (10 events):
Event: 189.536 Thread 0x0000000017ca7800 17083       4       java.util.stream.Collectors$$Lambda$87/1176742907::get (8 bytes)
Event: 189.538 Thread 0x0000000017ca7800 nmethod 17083 0x0000000005c2b3d0 code [0x0000000005c2b520, 0x0000000005c2b5f8]
Event: 189.538 Thread 0x0000000017ca7800 17099       4       org.gradle.api.internal.artifacts.transform.DefaultTransformationNodeRegistry$ArtifactTransformKey::<init> (7 bytes)
Event: 189.538 Thread 0x0000000017ca7800 nmethod 17099 0x00000000052eb0d0 code [0x00000000052eb200, 0x00000000052eb278]
Event: 189.538 Thread 0x0000000017ca7800 17100   !   4       org.gradle.api.internal.artifacts.ivyservice.ResolvedFilesCollectingVisitor::visitArtifact (38 bytes)
Event: 189.544 Thread 0x0000000017ca7800 nmethod 17100 0x0000000005c41310 code [0x0000000005c41500, 0x0000000005c41a30]
Event: 189.545 Thread 0x0000000017ca7800 17090       4       org.gradle.internal.snapshot.impl.DirectorySnapshotter$PathVisitor::visitResolvedFile (52 bytes)
Event: 189.568 Thread 0x0000000017cb8800 17101       3       java.util.jar.JarFile::<init> (8 bytes)
Event: 189.568 Thread 0x0000000017cb8800 nmethod 17101 0x0000000005c1e1d0 code [0x0000000005c1e340, 0x0000000005c1e5c8]
Event: 189.571 Thread 0x0000000017cb8800 17103       3       java.lang.ref.PhantomReference::<init> (7 bytes)

GC Heap History (10 events):
Event: 95.303 GC heap before
{Heap before GC invocations=18 (full 3):
 PSYoungGen      total 389632K, used 307074K [0x00000000d5580000, 0x00000000ef680000, 0x0000000100000000)
  eden space 361472K, 78% used [0x00000000d5580000,0x00000000e6928ac8,0x00000000eb680000)
  from space 28160K, 88% used [0x00000000edb00000,0x00000000ef337e90,0x00000000ef680000)
  to   space 32768K, 0% used [0x00000000eb680000,0x00000000eb680000,0x00000000ed680000)
 ParOldGen       total 97792K, used 66252K [0x0000000080000000, 0x0000000085f80000, 0x00000000d5580000)
  object space 97792K, 67% used [0x0000000080000000,0x00000000840b3298,0x0000000085f80000)
 Metaspace       used 94359K, capacity 98442K, committed 98600K, reserved 1134592K
  class space    used 12480K, capacity 13256K, committed 13360K, reserved 1048576K
Event: 95.354 GC heap after
Heap after GC invocations=18 (full 3):
 PSYoungGen      total 394240K, used 30957K [0x00000000d5580000, 0x00000000ef680000, 0x0000000100000000)
  eden space 361472K, 0% used [0x00000000d5580000,0x00000000d5580000,0x00000000eb680000)
  from space 32768K, 94% used [0x00000000eb680000,0x00000000ed4bb500,0x00000000ed680000)
  to   space 28160K, 0% used [0x00000000edb00000,0x00000000edb00000,0x00000000ef680000)
 ParOldGen       total 97792K, used 79063K [0x0000000080000000, 0x0000000085f80000, 0x00000000d5580000)
  object space 97792K, 80% used [0x0000000080000000,0x0000000084d35fb0,0x0000000085f80000)
 Metaspace       used 94359K, capacity 98442K, committed 98600K, reserved 1134592K
  class space    used 12480K, capacity 13256K, committed 13360K, reserved 1048576K
}
Event: 95.354 GC heap before
{Heap before GC invocations=19 (full 4):
 PSYoungGen      total 394240K, used 30957K [0x00000000d5580000, 0x00000000ef680000, 0x0000000100000000)
  eden space 361472K, 0% used [0x00000000d5580000,0x00000000d5580000,0x00000000eb680000)
  from space 32768K, 94% used [0x00000000eb680000,0x00000000ed4bb500,0x00000000ed680000)
  to   space 28160K, 0% used [0x00000000edb00000,0x00000000edb00000,0x00000000ef680000)
 ParOldGen       total 97792K, used 79063K [0x0000000080000000, 0x0000000085f80000, 0x00000000d5580000)
  object space 97792K, 80% used [0x0000000080000000,0x0000000084d35fb0,0x0000000085f80000)
 Metaspace       used 94359K, capacity 98442K, committed 98600K, reserved 1134592K
  class space    used 12480K, capacity 13256K, committed 13360K, reserved 1048576K
Event: 95.719 GC heap after
Heap after GC invocations=19 (full 4):
 PSYoungGen      total 394240K, used 0K [0x00000000d5580000, 0x00000000ef680000, 0x0000000100000000)
  eden space 361472K, 0% used [0x00000000d5580000,0x00000000d5580000,0x00000000eb680000)
  from space 32768K, 0% used [0x00000000eb680000,0x00000000eb680000,0x00000000ed680000)
  to   space 28160K, 0% used [0x00000000edb00000,0x00000000edb00000,0x00000000ef680000)
 ParOldGen       total 97792K, used 82358K [0x0000000080000000, 0x0000000085f80000, 0x00000000d5580000)
  object space 97792K, 84% used [0x0000000080000000,0x000000008506d988,0x0000000085f80000)
 Metaspace       used 94264K, capacity 98154K, committed 98600K, reserved 1134592K
  class space    used 12450K, capacity 13204K, committed 13360K, reserved 1048576K
}
Event: 99.662 GC heap before
{Heap before GC invocations=20 (full 5):
 PSYoungGen      total 394240K, used 361472K [0x00000000d5580000, 0x00000000ef680000, 0x0000000100000000)
  eden space 361472K, 100% used [0x00000000d5580000,0x00000000eb680000,0x00000000eb680000)
  from space 32768K, 0% used [0x00000000eb680000,0x00000000eb680000,0x00000000ed680000)
  to   space 28160K, 0% used [0x00000000edb00000,0x00000000edb00000,0x00000000ef680000)
 ParOldGen       total 97792K, used 82358K [0x0000000080000000, 0x0000000085f80000, 0x00000000d5580000)
  object space 97792K, 84% used [0x0000000080000000,0x000000008506d988,0x0000000085f80000)
 Metaspace       used 105873K, capacity 110498K, committed 110744K, reserved 1144832K
  class space    used 14065K, capacity 14962K, committed 15024K, reserved 1048576K
Event: 100.863 GC heap after
Heap after GC invocations=20 (full 5):
 PSYoungGen      total 394240K, used 141418K [0x00000000d5580000, 0x00000000ef680000, 0x0000000100000000)
  eden space 361472K, 39% used [0x00000000d5580000,0x00000000ddf9ab00,0x00000000eb680000)
  from space 32768K, 0% used [0x00000000eb680000,0x00000000eb680000,0x00000000ed680000)
  to   space 28160K, 0% used [0x00000000edb00000,0x00000000edb00000,0x00000000ef680000)
 ParOldGen       total 97792K, used 97708K [0x0000000080000000, 0x0000000085f80000, 0x00000000d5580000)
  object space 97792K, 99% used [0x0000000080000000,0x0000000085f6b060,0x0000000085f80000)
 Metaspace       used 105838K, capacity 110408K, committed 110744K, reserved 1144832K
  class space    used 14053K, capacity 14939K, committed 15024K, reserved 1048576K
}
Event: 102.983 GC heap before
{Heap before GC invocations=21 (full 6):
 PSYoungGen      total 394240K, used 355506K [0x00000000d5580000, 0x00000000ef680000, 0x0000000100000000)
  eden space 361472K, 98% used [0x00000000d5580000,0x00000000eb0ac908,0x00000000eb680000)
  from space 32768K, 0% used [0x00000000eb680000,0x00000000eb680000,0x00000000ed680000)
  to   space 28160K, 0% used [0x00000000edb00000,0x00000000edb00000,0x00000000ef680000)
 ParOldGen       total 97792K, used 97708K [0x0000000080000000, 0x0000000085f80000, 0x00000000d5580000)
  object space 97792K, 99% used [0x0000000080000000,0x0000000085f6b060,0x0000000085f80000)
 Metaspace       used 106332K, capacity 111026K, committed 111256K, reserved 1144832K
  class space    used 14080K, capacity 14980K, committed 15024K, reserved 1048576K
Event: 103.658 GC heap after
Heap after GC invocations=21 (full 6):
 PSYoungGen      total 394240K, used 41560K [0x00000000d5580000, 0x00000000ef680000, 0x0000000100000000)
  eden space 361472K, 11% used [0x00000000d5580000,0x00000000d7e161d0,0x00000000eb680000)
  from space 32768K, 0% used [0x00000000eb680000,0x00000000eb680000,0x00000000ed680000)
  to   space 28160K, 0% used [0x00000000edb00000,0x00000000edb00000,0x00000000ef680000)
 ParOldGen       total 97792K, used 97708K [0x0000000080000000, 0x0000000085f80000, 0x00000000d5580000)
  object space 97792K, 99% used [0x0000000080000000,0x0000000085f6b0e8,0x0000000085f80000)
 Metaspace       used 106332K, capacity 111026K, committed 111256K, reserved 1144832K
  class space    used 14080K, capacity 14980K, committed 15024K, reserved 1048576K
}
Event: 185.951 GC heap before
{Heap before GC invocations=22 (full 7):
 PSYoungGen      total 394240K, used 361472K [0x00000000d5580000, 0x00000000ef680000, 0x0000000100000000)
  eden space 361472K, 100% used [0x00000000d5580000,0x00000000eb680000,0x00000000eb680000)
  from space 32768K, 0% used [0x00000000eb680000,0x00000000eb680000,0x00000000ed680000)
  to   space 28160K, 0% used [0x00000000edb00000,0x00000000edb00000,0x00000000ef680000)
 ParOldGen       total 97792K, used 97708K [0x0000000080000000, 0x0000000085f80000, 0x00000000d5580000)
  object space 97792K, 99% used [0x0000000080000000,0x0000000085f6b0e8,0x0000000085f80000)
 Metaspace       used 110929K, capacity 115768K, committed 115992K, reserved 1150976K
  class space    used 14417K, capacity 15315K, committed 15408K, reserved 1048576K
Event: 186.293 GC heap after
Heap after GC invocations=22 (full 7):
 PSYoungGen      total 394240K, used 0K [0x00000000d5580000, 0x00000000ef680000, 0x0000000100000000)
  eden space 361472K, 0% used [0x00000000d5580000,0x00000000d5580000,0x00000000eb680000)
  from space 32768K, 0% used [0x00000000eb680000,0x00000000eb680000,0x00000000ed680000)
  to   space 28160K, 0% used [0x00000000edb00000,0x00000000edb00000,0x00000000ef680000)
 ParOldGen       total 97792K, used 73037K [0x0000000080000000, 0x0000000085f80000, 0x00000000d5580000)
  object space 97792K, 74% used [0x0000000080000000,0x00000000847534c8,0x0000000085f80000)
 Metaspace       used 110929K, capacity 115768K, committed 115992K, reserved 1150976K
  class space    used 14417K, capacity 15315K, committed 15408K, reserved 1048576K
}

Deoptimization events (10 events):
Event: 184.631 Thread 0x000000001e741800 Uncommon trap: reason=class_check action=maybe_recompile pc=0x00000000052dff30 method=com.google.common.cache.LocalCache$Segment.get(Ljava/lang/Object;I)Ljava/lang/Object; @ 49
Event: 184.631 Thread 0x000000001e741800 Uncommon trap: reason=class_check action=maybe_recompile pc=0x00000000052e6940 method=com.google.common.cache.LocalCache$Segment.get(Ljava/lang/Object;I)Ljava/lang/Object; @ 49
Event: 185.019 Thread 0x000000001be4a000 Uncommon trap: reason=unstable_if action=reinterpret pc=0x0000000004ac8f5c method=java.util.concurrent.locks.LockSupport.unpark(Ljava/lang/Thread;)V @ 1
Event: 185.164 Thread 0x000000001be4a000 Uncommon trap: reason=unstable_if action=reinterpret pc=0x000000000451838c method=com.google.common.cache.LongAdder.add(J)V @ 24
Event: 185.916 Thread 0x000000001e73a800 Uncommon trap: reason=class_check action=maybe_recompile pc=0x000000000487b6b8 method=kotlin.collections.CollectionsKt___CollectionsKt.sorted(Ljava/lang/Iterable;)Ljava/util/List; @ 8
Event: 186.293 Thread 0x0000000017c89000 Uncommon trap: reason=unstable_if action=reinterpret pc=0x0000000003ffee38 method=java.lang.ref.Reference.tryHandlePending(Z)Z @ 20
Event: 187.064 Thread 0x000000001aa5c800 Uncommon trap: reason=class_check action=maybe_recompile pc=0x00000000037d6010 method=java.util.WeakHashMap.eq(Ljava/lang/Object;Ljava/lang/Object;)Z @ 7
Event: 187.097 Thread 0x000000001be7a000 Uncommon trap: reason=class_check action=maybe_recompile pc=0x0000000003f2ee10 method=java.lang.ThreadLocal.set(Ljava/lang/Object;)V @ 26
Event: 189.579 Thread 0x000000001e740800 Uncommon trap: reason=unstable_if action=reinterpret pc=0x0000000004a693bc method=java.util.concurrent.locks.AbstractQueuedSynchronizer$ConditionObject.checkInterruptWhileWaiting(Ljava/util/concurrent/locks/AbstractQueuedSynchronizer$Node;)I @ 3
Event: 189.586 Thread 0x000000001aa5c800 Uncommon trap: reason=unstable_if action=reinterpret pc=0x0000000004684e20 method=java.util.Spliterators$1Adapter.next()Ljava/lang/Object; @ 4

Classes redefined (0 events):
No events

Internal exceptions (10 events):
Event: 182.999 Thread 0x000000001aa5c800 Exception <a 'sun/nio/fs/WindowsException'> (0x00000000e078e190) thrown at [C:\src\AOSP-openjdk-git\hotspot\src\share\vm\prims\jni.cpp, line 710]
Event: 183.303 Thread 0x000000001aa5c800 Exception <a 'sun/nio/fs/WindowsException'> (0x00000000e15b2480) thrown at [C:\src\AOSP-openjdk-git\hotspot\src\share\vm\prims\jni.cpp, line 710]
Event: 184.003 Thread 0x000000001e740000 Implicit null exception at 0x0000000004449d11 to 0x000000000444a385
Event: 184.238 Thread 0x000000001e740000 Implicit null exception at 0x00000000046faa33 to 0x00000000046fb8cd
Event: 184.405 Thread 0x000000001e740000 Implicit null exception at 0x0000000005a3391d to 0x0000000005a33cd9
Event: 186.613 Thread 0x000000001aa5c800 Exception <a 'sun/nio/fs/WindowsException'> (0x00000000d744d828) thrown at [C:\src\AOSP-openjdk-git\hotspot\src\share\vm\prims\jni.cpp, line 710]
Event: 186.613 Thread 0x000000001aa5c800 Exception <a 'sun/nio/fs/WindowsException'> (0x00000000d744f078) thrown at [C:\src\AOSP-openjdk-git\hotspot\src\share\vm\prims\jni.cpp, line 710]
Event: 187.068 Thread 0x000000001be79000 Exception <a 'java/lang/InterruptedException'> (0x00000000d791a748) thrown at [C:\src\AOSP-openjdk-git\hotspot\src\share\vm\runtime\objectMonitor.cpp, line 1680]
Event: 189.569 Thread 0x000000001aa5c800 Exception <a 'java/lang/OutOfMemoryError'> (0x00000000d8559908) thrown at [C:\src\AOSP-openjdk-git\hotspot\src\share\vm\prims\jni.cpp, line 737]
Event: 189.569 Thread 0x000000001aa5c800 Exception <a 'java/lang/reflect/InvocationTargetException'> (0x00000000d855a680) thrown at [C:\src\AOSP-openjdk-git\hotspot\src\share\vm\runtime\reflection.cpp, line 1092]

Events (10 events):
Event: 189.586 Thread 0x000000001aa5c800 Uncommon trap: trap_request=0xffffff65 fr.pc=0x0000000004684e20
Event: 189.586 Thread 0x000000001aa5c800 DEOPT PACKING pc=0x0000000004684e20 sp=0x000000001d35ba70
Event: 189.586 Thread 0x000000001aa5c800 DEOPT UNPACKING pc=0x00000000030c557b sp=0x000000001d35ba18 mode 2
Event: 189.587 Executing VM operation: RevokeBias
Event: 189.587 Executing VM operation: RevokeBias done
Event: 189.587 Executing VM operation: RevokeBias
Event: 189.588 Executing VM operation: RevokeBias done
Event: 189.588 Thread 0x000000001f2cb000 Thread exited: 0x000000001f2cb000
Event: 189.588 Executing VM operation: RevokeBias
Event: 189.588 Executing VM operation: RevokeBias done


Dynamic libraries:
0x00007ff602510000 - 0x00007ff602541000 	C:\Program Files\Android\Android Studio\jre\bin\java.exe
0x00007ff80c4b0000 - 0x00007ff80c6a5000 	C:\WINDOWS\SYSTEM32\ntdll.dll
0x00007ff80c3b0000 - 0x00007ff80c46d000 	C:\WINDOWS\System32\KERNEL32.DLL
0x00007ff809bf0000 - 0x00007ff809eb8000 	C:\WINDOWS\System32\KERNELBASE.dll
0x00007ff80bde0000 - 0x00007ff80be8c000 	C:\WINDOWS\System32\ADVAPI32.dll
0x00007ff80bbc0000 - 0x00007ff80bc5e000 	C:\WINDOWS\System32\msvcrt.dll
0x00007ff80ba90000 - 0x00007ff80bb2b000 	C:\WINDOWS\System32\sechost.dll
0x00007ff80c280000 - 0x00007ff80c3ab000 	C:\WINDOWS\System32\RPCRT4.dll
0x00007ff80b1d0000 - 0x00007ff80b370000 	C:\WINDOWS\System32\USER32.dll
0x00007ff809f70000 - 0x00007ff809f92000 	C:\WINDOWS\System32\win32u.dll
0x00007ff80a650000 - 0x00007ff80a67a000 	C:\WINDOWS\System32\GDI32.dll
0x00007ff80a020000 - 0x00007ff80a12b000 	C:\WINDOWS\System32\gdi32full.dll
0x00007ff80a310000 - 0x00007ff80a3ad000 	C:\WINDOWS\System32\msvcp_win.dll
0x00007ff80a410000 - 0x00007ff80a510000 	C:\WINDOWS\System32\ucrtbase.dll
0x00007ffff76e0000 - 0x00007ffff797a000 	C:\WINDOWS\WinSxS\amd64_microsoft.windows.common-controls_6595b64144ccf1df_6.0.19041.844_none_ca00b6081b84eb1d\COMCTL32.dll
0x00007ff80be90000 - 0x00007ff80bec0000 	C:\WINDOWS\System32\IMM32.DLL
0x0000000072d10000 - 0x0000000072de2000 	C:\Program Files\Android\Android Studio\jre\jre\bin\msvcr100.dll
0x0000000072df0000 - 0x000000007363b000 	C:\Program Files\Android\Android Studio\jre\jre\bin\server\jvm.dll
0x00007ff80a820000 - 0x00007ff80a828000 	C:\WINDOWS\System32\PSAPI.DLL
0x00007ff8021d0000 - 0x00007ff8021da000 	C:\WINDOWS\SYSTEM32\VERSION.dll
0x00007ff8005b0000 - 0x00007ff8005d7000 	C:\WINDOWS\SYSTEM32\WINMM.dll
0x00007ff800350000 - 0x00007ff800359000 	C:\WINDOWS\SYSTEM32\WSOCK32.dll
0x00007ff80b370000 - 0x00007ff80b3db000 	C:\WINDOWS\System32\WS2_32.dll
0x00007fffff730000 - 0x00007fffff73f000 	C:\Program Files\Android\Android Studio\jre\jre\bin\verify.dll
0x00007fffe5b50000 - 0x00007fffe5b79000 	C:\Program Files\Android\Android Studio\jre\jre\bin\java.dll
0x00007fffff710000 - 0x00007fffff726000 	C:\Program Files\Android\Android Studio\jre\jre\bin\zip.dll
0x00007ff80a950000 - 0x00007ff80b092000 	C:\WINDOWS\System32\SHELL32.dll
0x00007ff807d30000 - 0x00007ff8084c1000 	C:\WINDOWS\SYSTEM32\windows.storage.dll
0x00007ff80bf20000 - 0x00007ff80c275000 	C:\WINDOWS\System32\combase.dll
0x00007ff809590000 - 0x00007ff8095bc000 	C:\WINDOWS\SYSTEM32\Wldp.dll
0x00007ff80a5a0000 - 0x00007ff80a64e000 	C:\WINDOWS\System32\SHCORE.dll
0x00007ff80a540000 - 0x00007ff80a595000 	C:\WINDOWS\System32\shlwapi.dll
0x00007ff809b30000 - 0x00007ff809b4f000 	C:\WINDOWS\SYSTEM32\profapi.dll
0x00007fffe6360000 - 0x00007fffe637a000 	C:\Program Files\Android\Android Studio\jre\jre\bin\net.dll
0x00007ff809300000 - 0x00007ff80936a000 	C:\WINDOWS\system32\mswsock.dll
0x00007fffe60f0000 - 0x00007fffe6103000 	C:\Program Files\Android\Android Studio\jre\jre\bin\nio.dll
0x00007fffe6d10000 - 0x00007fffe6d37000 	C:\Users\rafae\.gradle\native\f6784746aeab05261644944871eae4fe03e0ef1612fff0a4a95f87b438bc6780\windows-amd64\native-platform.dll
0x00007fffee700000 - 0x00007fffee70d000 	C:\Program Files\Android\Android Studio\jre\jre\bin\management.dll
0x00007ff8094d0000 - 0x00007ff8094e8000 	C:\WINDOWS\SYSTEM32\CRYPTSP.dll
0x00007ff808ca0000 - 0x00007ff808cd4000 	C:\WINDOWS\system32\rsaenh.dll
0x00007ff809fa0000 - 0x00007ff809fc7000 	C:\WINDOWS\System32\bcrypt.dll
0x00007ff809af0000 - 0x00007ff809b1e000 	C:\WINDOWS\SYSTEM32\USERENV.dll
0x00007ff80a130000 - 0x00007ff80a1b0000 	C:\WINDOWS\System32\bcryptprimitives.dll
0x00007ff8094f0000 - 0x00007ff8094fc000 	C:\WINDOWS\SYSTEM32\CRYPTBASE.dll
0x00007ff808ff0000 - 0x00007ff80902b000 	C:\WINDOWS\SYSTEM32\IPHLPAPI.DLL
0x00007ff80a510000 - 0x00007ff80a518000 	C:\WINDOWS\System32\NSI.dll
0x00007ff8040f0000 - 0x00007ff804107000 	C:\WINDOWS\SYSTEM32\dhcpcsvc6.DLL
0x00007ff8041f0000 - 0x00007ff80420d000 	C:\WINDOWS\SYSTEM32\dhcpcsvc.DLL
0x00007ff809030000 - 0x00007ff8090fc000 	C:\WINDOWS\SYSTEM32\DNSAPI.dll
0x00007ff804300000 - 0x00007ff80430b000 	C:\WINDOWS\SYSTEM32\WINNSI.DLL
0x00007fffe7a90000 - 0x00007fffe7aae000 	C:\Users\rafae\AppData\Local\Temp\native-platform3337616259139944215dir\native-platform.dll

VM Arguments:
jvm_args: -Xmx2048m -Dfile.encoding=UTF-8 -Duser.country=BR -Duser.language=pt -Duser.variant 
java_command: org.gradle.launcher.daemon.bootstrap.GradleDaemon 6.5
java_class_path (initial): C:\Users\rafae\.gradle\wrapper\dists\gradle-6.5-all\2oz4ud9k3tuxjg84bbf55q0tn\gradle-6.5\lib\gradle-launcher-6.5.jar
Launcher Type: SUN_STANDARD

Environment Variables:
JAVA_HOME=C:\Program Files\Android\Android Studio\jre
PATH=C:\WINDOWS\system32;C:\WINDOWS;C:\WINDOWS\System32\Wbem;C:\WINDOWS\System32\WindowsPowerShell\v1.0\;C:\WINDOWS\System32\OpenSSH\;C:\Program Files\Java\jdk-16\bin;C:\Program Files\Git\cmd;C:\Program Files\dotnet\;C:\Users\rafae\AppData\Local\Microsoft\WindowsApps;C:\Program Files\JetBrains\IntelliJ IDEA Community Edition 2021.1\bin;;C:\Users\rafae\AppData\Local\GitHubDesktop\bin
USERNAME=Rafael
OS=Windows_NT
PROCESSOR_IDENTIFIER=Intel64 Family 6 Model 61 Stepping 4, GenuineIntel



---------------  S Y S T E M  ---------------

OS: Windows 10.0 , 64 bit Build 19041 (10.0.19041.928)

CPU:total 4 (initial active 4) (2 cores per cpu, 2 threads per core) family 6 model 61 stepping 4, cmov, cx8, fxsr, mmx, sse, sse2, sse3, ssse3, sse4.1, sse4.2, popcnt, avx, avx2, aes, clmul, erms, 3dnowpref, lzcnt, ht, tsc, tscinvbit, bmi1, bmi2, adx

Memory: 4k page, physical 8301016k(641276k free), swap 8301016k(10500k free)

vm_info: OpenJDK 64-Bit Server VM (25.242-b01) for windows-amd64 JRE (1.8.0_242-release-1644-b01), built by "builder" with MS VC++ 10.0 (VS2010)

time: Fri Apr 23 23:14:16 2021
timezone: Hora oficial do Brasil
elapsed time: 189 seconds (0d 0h 3m 9s)

