#
# There is insufficient memory for the Java Runtime Environment to continue.
# Native memory allocation (malloc) failed to allocate 32744 bytes for ChunkPool::allocate
# Possible reasons:
#   The system is out of physical RAM or swap space
#   The process is running with CompressedOops enabled, and the Java Heap may be blocking the growth of the native heap
# Possible solutions:
#   Reduce memory load on the system
#   Increase physical memory or swap space
#   Check if swap backing store is full
#   Decrease Java heap size (-Xmx/-Xms)
#   Decrease number of Java threads
#   Decrease Java thread stack sizes (-Xss)
#   Set larger code cache with -XX:ReservedCodeCacheSize=
#   JVM is running with Unscaled Compressed Oops mode in which the Java heap is
#     placed in the first 4GB address space. The Java Heap base address is the
#     maximum limit for the native heap growth. Please use -XX:HeapBaseMinAddress
#     to set the Java Heap base and to place the Java Heap above 4GB virtual address.
# This output file may be truncated or incomplete.
#
#  Out of Memory Error (allocation.cpp:272), pid=6528, tid=0x0000000000001eac
#
# JRE version: OpenJDK Runtime Environment (8.0_242-b01) (build 1.8.0_242-release-1644-b01)
# Java VM: OpenJDK 64-Bit Server VM (25.242-b01 mixed mode windows-amd64 compressed oops)
# Failed to write core dump. Minidumps are not enabled by default on client versions of Windows
#

---------------  T H R E A D  ---------------

Current thread (0x00000000174e2800):  JavaThread "C1 CompilerThread2" daemon [_thread_in_vm, id=7852, stack(0x0000000018d30000,0x0000000018e30000)]

Stack: [0x0000000018d30000,0x0000000018e30000]
[error occurred during error reporting (printing stack bounds), id 0xc0000005]

Native frames: (J=compiled Java code, j=interpreted, Vv=VM code, C=native code)


Current CompileTask:
C1: 191795 20227       2       com.android.tools.r8.utils.x1.f::a (33 bytes)


---------------  P R O C E S S  ---------------

Java Threads: ( => current thread )
  0x000000001d79e000 JavaThread "WorkerExecutor Queue Thread 5" [_thread_in_Java, id=1408, stack(0x0000000031090000,0x0000000031190000)]
  0x0000000029f0a800 JavaThread "ForkJoinPool.commonPool-worker-2" daemon [_thread_blocked, id=4080, stack(0x0000000030c90000,0x0000000030d90000)]
  0x000000001ee91000 JavaThread "ForkJoinPool.commonPool-worker-1" daemon [_thread_blocked, id=1260, stack(0x000000002ee30000,0x000000002ef30000)]
  0x000000002a075000 JavaThread "WorkerExecutor Queue Thread 4" [_thread_in_Java, id=8624, stack(0x0000000030960000,0x0000000030a60000)]
  0x0000000029f0d800 JavaThread "Cache worker for Java compile cache (D:\Development\GitHub\CifraCherry\.gradle\6.5\javaCompile)" [_thread_blocked, id=6268, stack(0x0000000030b90000,0x0000000030c90000)]
  0x0000000029f0e800 JavaThread "Cache worker for Java compile cache (C:\Users\rafae\.gradle\caches\6.5\javaCompile)" [_thread_blocked, id=1436, stack(0x0000000030a90000,0x0000000030b90000)]
  0x0000000029f0b800 JavaThread "RMI TCP Connection(idle)" daemon [_thread_blocked, id=6836, stack(0x0000000030660000,0x0000000030760000)]
  0x0000000029f04000 JavaThread "RMI TCP Connection(2)-127.0.0.1" daemon [_thread_in_native, id=6560, stack(0x0000000030330000,0x0000000030430000)]
  0x0000000029f06000 JavaThread "WorkerExecutor Queue Thread 3" [_thread_in_vm, id=6824, stack(0x000000002eb30000,0x000000002ec30000)]
  0x0000000029f09000 JavaThread "WorkerExecutor Queue Thread 2" [_thread_in_Java, id=1152, stack(0x000000002ea30000,0x000000002eb30000)]
  0x0000000029f02800 JavaThread "stdout" [_thread_in_native, id=1772, stack(0x000000002e730000,0x000000002e830000)]
  0x0000000029f01800 JavaThread "stderr" [_thread_in_native, id=1828, stack(0x000000002e630000,0x000000002e730000)]
  0x0000000029f08800 JavaThread "pool-3-thread-1" [_thread_blocked, id=4636, stack(0x000000002d230000,0x000000002d330000)]
  0x0000000029f00000 JavaThread "Cache worker for execution history cache (D:\Development\GitHub\CifraCherry\.gradle\6.5\executionHistory)" [_thread_blocked, id=6660, stack(0x000000002c630000,0x000000002c730000)]
  0x0000000029eff000 JavaThread "Execution worker for ':' Thread 3" [_thread_blocked, id=920, stack(0x000000002c530000,0x000000002c630000)]
  0x0000000029f04800 JavaThread "Execution worker for ':' Thread 2" [_thread_blocked, id=9028, stack(0x000000002bfe0000,0x000000002c0e0000)]
  0x0000000029f05800 JavaThread "Execution worker for ':'" [_thread_blocked, id=4980, stack(0x000000002bee0000,0x000000002bfe0000)]
  0x000000001b637800 JavaThread "Cache worker for file content cache (D:\Development\GitHub\CifraCherry\.gradle\6.5\fileContent)" [_thread_blocked, id=8828, stack(0x0000000028aa0000,0x0000000028ba0000)]
  0x000000001b635800 JavaThread "pool-2-thread-1" [_thread_blocked, id=2892, stack(0x00000000287a0000,0x00000000288a0000)]
  0x000000001b634800 JavaThread "Cache worker for Build Output Cleanup Cache (D:\Development\GitHub\CifraCherry\.gradle\buildOutputCleanup)" [_thread_blocked, id=8964, stack(0x00000000284a0000,0x00000000285a0000)]
  0x000000001b636000 JavaThread "jar transforms Thread 228" [_thread_blocked, id=5752, stack(0x00000000283a0000,0x00000000284a0000)]
  0x000000001b63a000 JavaThread "jar transforms Thread 227" [_thread_blocked, id=7884, stack(0x00000000282a0000,0x00000000283a0000)]
  0x000000001b639000 JavaThread "jar transforms Thread 226" [_thread_blocked, id=7232, stack(0x00000000281a0000,0x00000000282a0000)]
  0x000000001b638800 JavaThread "jar transforms Thread 225" [_thread_blocked, id=8092, stack(0x00000000280a0000,0x00000000281a0000)]
  0x000000001b62d000 JavaThread "jar transforms Thread 224" [_thread_blocked, id=7364, stack(0x0000000027fa0000,0x00000000280a0000)]
  0x000000001b634000 JavaThread "jar transforms Thread 223" [_thread_blocked, id=4508, stack(0x0000000027ea0000,0x0000000027fa0000)]
  0x000000001b631000 JavaThread "jar transforms Thread 222" [_thread_blocked, id=6256, stack(0x0000000027da0000,0x0000000027ea0000)]
  0x000000001b62f800 JavaThread "jar transforms Thread 221" [_thread_blocked, id=2312, stack(0x0000000027ca0000,0x0000000027da0000)]
  0x000000001b62e800 JavaThread "jar transforms Thread 220" [_thread_blocked, id=6508, stack(0x0000000027ba0000,0x0000000027ca0000)]
  0x000000001b62c800 JavaThread "jar transforms Thread 219" [_thread_blocked, id=4912, stack(0x0000000027aa0000,0x0000000027ba0000)]
  0x000000001b62e000 JavaThread "jar transforms Thread 218" [_thread_blocked, id=6056, stack(0x00000000279a0000,0x0000000027aa0000)]
  0x000000001b630000 JavaThread "jar transforms Thread 217" [_thread_blocked, id=7388, stack(0x00000000278a0000,0x00000000279a0000)]
  0x000000001b633000 JavaThread "jar transforms Thread 216" [_thread_blocked, id=3848, stack(0x00000000277a0000,0x00000000278a0000)]
  0x000000001b62b800 JavaThread "jar transforms Thread 215" [_thread_blocked, id=6360, stack(0x00000000276a0000,0x00000000277a0000)]
  0x000000001b631800 JavaThread "jar transforms Thread 214" [_thread_blocked, id=8660, stack(0x00000000275a0000,0x00000000276a0000)]
  0x000000001b632800 JavaThread "jar transforms Thread 213" [_thread_blocked, id=1080, stack(0x00000000274a0000,0x00000000275a0000)]
  0x000000001b62b000 JavaThread "jar transforms Thread 212" [_thread_blocked, id=6368, stack(0x00000000273a0000,0x00000000274a0000)]
  0x000000001a5f7800 JavaThread "jar transforms Thread 211" [_thread_blocked, id=3248, stack(0x00000000272a0000,0x00000000273a0000)]
  0x000000001a5f6000 JavaThread "jar transforms Thread 210" [_thread_blocked, id=3680, stack(0x00000000271a0000,0x00000000272a0000)]
  0x000000001a5f9000 JavaThread "jar transforms Thread 209" [_thread_blocked, id=6956, stack(0x00000000270a0000,0x00000000271a0000)]
  0x000000001a5f5000 JavaThread "jar transforms Thread 208" [_thread_blocked, id=8184, stack(0x0000000026fa0000,0x00000000270a0000)]
  0x000000001a5f4800 JavaThread "jar transforms Thread 207" [_thread_blocked, id=4428, stack(0x0000000026ea0000,0x0000000026fa0000)]
  0x000000001a5f9800 JavaThread "jar transforms Thread 206" [_thread_blocked, id=7492, stack(0x0000000026da0000,0x0000000026ea0000)]
  0x000000001a5f8000 JavaThread "jar transforms Thread 205" [_thread_blocked, id=8368, stack(0x0000000026ca0000,0x0000000026da0000)]
  0x000000001a5f6800 JavaThread "jar transforms Thread 204" [_thread_blocked, id=2572, stack(0x0000000026ba0000,0x0000000026ca0000)]
  0x000000001a5ed000 JavaThread "jar transforms Thread 203" [_thread_blocked, id=6752, stack(0x0000000026aa0000,0x0000000026ba0000)]
  0x000000001a5ee800 JavaThread "jar transforms Thread 202" [_thread_blocked, id=2564, stack(0x00000000269a0000,0x0000000026aa0000)]
  0x000000001a5f3800 JavaThread "jar transforms Thread 201" [_thread_blocked, id=6060, stack(0x00000000268a0000,0x00000000269a0000)]
  0x000000001a5ed800 JavaThread "jar transforms Thread 200" [_thread_blocked, id=1192, stack(0x00000000267a0000,0x00000000268a0000)]
  0x000000001a5f3000 JavaThread "jar transforms Thread 199" [_thread_blocked, id=2660, stack(0x00000000266a0000,0x00000000267a0000)]
  0x000000001a5f2000 JavaThread "jar transforms Thread 198" [_thread_blocked, id=5404, stack(0x00000000265a0000,0x00000000266a0000)]
  0x000000001a5ef000 JavaThread "jar transforms Thread 197" [_thread_blocked, id=9072, stack(0x00000000264a0000,0x00000000265a0000)]
  0x000000001a5ea800 JavaThread "jar transforms Thread 196" [_thread_blocked, id=2656, stack(0x00000000263a0000,0x00000000264a0000)]
  0x000000001a5eb800 JavaThread "jar transforms Thread 195" [_thread_blocked, id=7072, stack(0x00000000262a0000,0x00000000263a0000)]
  0x000000001a5f1800 JavaThread "jar transforms Thread 194" [_thread_blocked, id=4140, stack(0x00000000261a0000,0x00000000262a0000)]
  0x000000001a5f0000 JavaThread "jar transforms Thread 193" [_thread_blocked, id=216, stack(0x00000000260a0000,0x00000000261a0000)]
  0x000000001a5ec000 JavaThread "jar transforms Thread 192" [_thread_blocked, id=4564, stack(0x0000000025fa0000,0x00000000260a0000)]
  0x000000001a5f0800 JavaThread "jar transforms Thread 191" [_thread_blocked, id=3792, stack(0x0000000025ea0000,0x0000000025fa0000)]
  0x000000001f865800 JavaThread "jar transforms Thread 190" [_thread_blocked, id=328, stack(0x0000000025da0000,0x0000000025ea0000)]
  0x000000001f866000 JavaThread "jar transforms Thread 189" [_thread_blocked, id=7784, stack(0x0000000025ca0000,0x0000000025da0000)]
  0x000000001f864800 JavaThread "jar transforms Thread 188" [_thread_blocked, id=8360, stack(0x0000000025ba0000,0x0000000025ca0000)]
  0x000000001f864000 JavaThread "jar transforms Thread 187" [_thread_blocked, id=7956, stack(0x0000000025aa0000,0x0000000025ba0000)]
  0x000000001f861000 JavaThread "jar transforms Thread 186" [_thread_blocked, id=7076, stack(0x00000000259a0000,0x0000000025aa0000)]
  0x000000001f862800 JavaThread "jar transforms Thread 185" [_thread_blocked, id=8428, stack(0x00000000258a0000,0x00000000259a0000)]
  0x000000001f861800 JavaThread "jar transforms Thread 184" [_thread_blocked, id=5596, stack(0x00000000257a0000,0x00000000258a0000)]
  0x000000001f860000 JavaThread "jar transforms Thread 183" [_thread_blocked, id=6352, stack(0x00000000256a0000,0x00000000257a0000)]
  0x000000001f863000 JavaThread "jar transforms Thread 182" [_thread_blocked, id=8336, stack(0x00000000255a0000,0x00000000256a0000)]
  0x000000001f858800 JavaThread "jar transforms Thread 181" [_thread_blocked, id=4672, stack(0x00000000254a0000,0x00000000255a0000)]
  0x000000001f85f800 JavaThread "jar transforms Thread 180" [_thread_blocked, id=4840, stack(0x00000000253a0000,0x00000000254a0000)]
  0x000000001f85b800 JavaThread "jar transforms Thread 179" [_thread_blocked, id=7060, stack(0x00000000252a0000,0x00000000253a0000)]
  0x000000001f857800 JavaThread "jar transforms Thread 178" [_thread_blocked, id=3132, stack(0x00000000251a0000,0x00000000252a0000)]
  0x000000001f85e800 JavaThread "jar transforms Thread 177" [_thread_blocked, id=3544, stack(0x00000000250a0000,0x00000000251a0000)]
  0x000000001f85a800 JavaThread "jar transforms Thread 176" [_thread_blocked, id=3620, stack(0x0000000024fa0000,0x00000000250a0000)]
  0x000000001f859000 JavaThread "jar transforms Thread 175" [_thread_blocked, id=8292, stack(0x0000000024ea0000,0x0000000024fa0000)]
  0x000000001f85a000 JavaThread "jar transforms Thread 174" [_thread_blocked, id=6880, stack(0x0000000024da0000,0x0000000024ea0000)]
  0x000000001f85e000 JavaThread "jar transforms Thread 173" [_thread_blocked, id=7504, stack(0x0000000024ca0000,0x0000000024da0000)]
  0x000000001f85d000 JavaThread "jar transforms Thread 172" [_thread_blocked, id=6072, stack(0x0000000024ba0000,0x0000000024ca0000)]
  0x000000001f857000 JavaThread "jar transforms Thread 171" [_thread_blocked, id=9036, stack(0x0000000024aa0000,0x0000000024ba0000)]
  0x000000001f85c800 JavaThread "jar transforms Thread 170" [_thread_blocked, id=2008, stack(0x00000000249a0000,0x0000000024aa0000)]
  0x0000000019bd4000 JavaThread "jar transforms Thread 169" [_thread_blocked, id=8348, stack(0x00000000248a0000,0x00000000249a0000)]
  0x0000000019bd3800 JavaThread "jar transforms Thread 168" [_thread_blocked, id=7012, stack(0x00000000247a0000,0x00000000248a0000)]
  0x0000000019bd2800 JavaThread "jar transforms Thread 167" [_thread_blocked, id=1956, stack(0x00000000246a0000,0x00000000247a0000)]
  0x0000000019bd6800 JavaThread "jar transforms Thread 166" [_thread_blocked, id=8324, stack(0x00000000245a0000,0x00000000246a0000)]
  0x0000000019bd8000 JavaThread "jar transforms Thread 165" [_thread_blocked, id=1952, stack(0x00000000244a0000,0x00000000245a0000)]
  0x0000000019bd2000 JavaThread "jar transforms Thread 164" [_thread_blocked, id=6480, stack(0x00000000243a0000,0x00000000244a0000)]
  0x0000000019bd8800 JavaThread "jar transforms Thread 163" [_thread_blocked, id=7420, stack(0x00000000242a0000,0x00000000243a0000)]
  0x0000000019bd5800 JavaThread "jar transforms Thread 162" [_thread_blocked, id=8060, stack(0x00000000241a0000,0x00000000242a0000)]
  0x0000000019bd7000 JavaThread "jar transforms Thread 161" [_thread_blocked, id=8512, stack(0x00000000240a0000,0x00000000241a0000)]
  0x0000000019bd5000 JavaThread "jar transforms Thread 160" [_thread_blocked, id=260, stack(0x0000000023fa0000,0x00000000240a0000)]
  0x00000000174e0000 JavaThread "jar transforms Thread 159" [_thread_blocked, id=6068, stack(0x0000000023ea0000,0x0000000023fa0000)]
  0x00000000174e1800 JavaThread "jar transforms Thread 158" [_thread_blocked, id=3024, stack(0x0000000023da0000,0x0000000023ea0000)]
  0x00000000174de800 JavaThread "jar transforms Thread 157" [_thread_blocked, id=6684, stack(0x0000000023ca0000,0x0000000023da0000)]
  0x00000000174e4000 JavaThread "jar transforms Thread 156" [_thread_blocked, id=7216, stack(0x0000000023ba0000,0x0000000023ca0000)]
  0x00000000174de000 JavaThread "jar transforms Thread 155" [_thread_blocked, id=6760, stack(0x0000000023aa0000,0x0000000023ba0000)]
  0x000000002a071000 JavaThread "jar transforms Thread 154" [_thread_blocked, id=2124, stack(0x00000000239a0000,0x0000000023aa0000)]
  0x000000002a070800 JavaThread "jar transforms Thread 153" [_thread_blocked, id=5356, stack(0x00000000238a0000,0x00000000239a0000)]
  0x000000002a077000 JavaThread "jar transforms Thread 152" [_thread_blocked, id=4384, stack(0x00000000237a0000,0x00000000238a0000)]
  0x000000002a073800 JavaThread "jar transforms Thread 151" [_thread_blocked, id=8808, stack(0x00000000236a0000,0x00000000237a0000)]
  0x000000002a076800 JavaThread "jar transforms Thread 150" [_thread_blocked, id=7056, stack(0x00000000235a0000,0x00000000236a0000)]
  0x000000002a075800 JavaThread "jar transforms Thread 149" [_thread_blocked, id=2076, stack(0x00000000234a0000,0x00000000235a0000)]
  0x000000001e037000 JavaThread "jar transforms Thread 148" [_thread_blocked, id=6084, stack(0x00000000233a0000,0x00000000234a0000)]
  0x000000001e035800 JavaThread "jar transforms Thread 147" [_thread_blocked, id=8264, stack(0x00000000232a0000,0x00000000233a0000)]
  0x000000001e033000 JavaThread "jar transforms Thread 146" [_thread_blocked, id=8744, stack(0x00000000231a0000,0x00000000232a0000)]
  0x000000001e034800 JavaThread "jar transforms Thread 145" [_thread_blocked, id=6088, stack(0x00000000230a0000,0x00000000231a0000)]
  0x000000001e034000 JavaThread "jar transforms Thread 144" [_thread_blocked, id=8556, stack(0x0000000022fa0000,0x00000000230a0000)]
  0x000000001e031800 JavaThread "jar transforms Thread 143" [_thread_blocked, id=624, stack(0x0000000022ea0000,0x0000000022fa0000)]
  0x000000001e032800 JavaThread "jar transforms Thread 142" [_thread_blocked, id=3396, stack(0x0000000022da0000,0x0000000022ea0000)]
  0x000000001e036000 JavaThread "jar transforms Thread 141" [_thread_blocked, id=2304, stack(0x0000000022ca0000,0x0000000022da0000)]
  0x000000001e02a000 JavaThread "jar transforms Thread 140" [_thread_blocked, id=8352, stack(0x0000000022ba0000,0x0000000022ca0000)]
  0x000000001e031000 JavaThread "jar transforms Thread 139" [_thread_blocked, id=8248, stack(0x0000000022aa0000,0x0000000022ba0000)]
  0x000000001e030000 JavaThread "jar transforms Thread 138" [_thread_blocked, id=2748, stack(0x00000000229a0000,0x0000000022aa0000)]
  0x000000001e028800 JavaThread "jar transforms Thread 137" [_thread_blocked, id=7580, stack(0x00000000228a0000,0x00000000229a0000)]
  0x000000001e02f800 JavaThread "jar transforms Thread 136" [_thread_blocked, id=6340, stack(0x00000000227a0000,0x00000000228a0000)]
  0x000000001e028000 JavaThread "jar transforms Thread 135" [_thread_blocked, id=7432, stack(0x00000000226a0000,0x00000000227a0000)]
  0x000000001e02e800 JavaThread "jar transforms Thread 134" [_thread_blocked, id=8420, stack(0x00000000225a0000,0x00000000226a0000)]
  0x000000001ee95000 JavaThread "jar transforms Thread 133" [_thread_blocked, id=1504, stack(0x00000000224a0000,0x00000000225a0000)]
  0x000000001ee8b800 JavaThread "jar transforms Thread 132" [_thread_blocked, id=528, stack(0x00000000223a0000,0x00000000224a0000)]
  0x000000001ee92800 JavaThread "jar transforms Thread 131" [_thread_blocked, id=7140, stack(0x00000000222a0000,0x00000000223a0000)]
  0x000000001ee92000 JavaThread "jar transforms Thread 130" [_thread_blocked, id=6860, stack(0x00000000221a0000,0x00000000222a0000)]
  0x000000001ee8a000 JavaThread "jar transforms Thread 129" [_thread_blocked, id=7988, stack(0x00000000220a0000,0x00000000221a0000)]
  0x000000001ee8b000 JavaThread "jar transforms Thread 128" [_thread_blocked, id=8252, stack(0x0000000021fa0000,0x00000000220a0000)]
  0x000000001ee8f800 JavaThread "jar transforms Thread 127" [_thread_blocked, id=1916, stack(0x0000000021ea0000,0x0000000021fa0000)]
  0x000000001ee8f000 JavaThread "jar transforms Thread 126" [_thread_blocked, id=6436, stack(0x0000000021da0000,0x0000000021ea0000)]
  0x000000001ee8d800 JavaThread "jar transforms Thread 125" [_thread_blocked, id=6124, stack(0x0000000021ba0000,0x0000000021ca0000)]
  0x000000001ee85800 JavaThread "jar transforms Thread 124" [_thread_blocked, id=896, stack(0x0000000021aa0000,0x0000000021ba0000)]
  0x000000001ee89800 JavaThread "jar transforms Thread 123" [_thread_blocked, id=3288, stack(0x00000000219a0000,0x0000000021aa0000)]
  0x000000001ee86800 JavaThread "jar transforms Thread 122" [_thread_blocked, id=384, stack(0x00000000218a0000,0x00000000219a0000)]
  0x000000001ee88800 JavaThread "jar transforms Thread 121" [_thread_blocked, id=2664, stack(0x00000000217a0000,0x00000000218a0000)]
  0x000000001ee87000 JavaThread "jar transforms Thread 120" [_thread_blocked, id=3584, stack(0x00000000216a0000,0x00000000217a0000)]
  0x000000001ee88000 JavaThread "jar transforms Thread 119" [_thread_blocked, id=6448, stack(0x00000000215a0000,0x00000000216a0000)]
  0x000000001ee8c800 JavaThread "jar transforms Thread 118" [_thread_blocked, id=32, stack(0x00000000214a0000,0x00000000215a0000)]
  0x000000001e494800 JavaThread "jar transforms Thread 117" [_thread_blocked, id=1856, stack(0x00000000213a0000,0x00000000214a0000)]
  0x000000001e490800 JavaThread "jar transforms Thread 116" [_thread_blocked, id=7496, stack(0x00000000212a0000,0x00000000213a0000)]
  0x000000001e493800 JavaThread "jar transforms Thread 115" [_thread_blocked, id=8460, stack(0x00000000211a0000,0x00000000212a0000)]
  0x000000001e490000 JavaThread "Build operations Thread 4" [_thread_blocked, id=5908, stack(0x00000000210a0000,0x00000000211a0000)]
  0x000000001e496800 JavaThread "Build operations Thread 3" [_thread_blocked, id=8380, stack(0x0000000020fa0000,0x00000000210a0000)]
  0x000000001e493000 JavaThread "Build operations Thread 2" [_thread_blocked, id=7976, stack(0x00000000207a0000,0x00000000208a0000)]
  0x000000001e495000 JavaThread "Build operations" [_thread_blocked, id=7516, stack(0x000000001ffa0000,0x00000000200a0000)]
  0x000000001e488000 JavaThread "Cache worker for cache directory md-rule (C:\Users\rafae\.gradle\caches\6.5\md-rule)" [_thread_blocked, id=5780, stack(0x000000001fea0000,0x000000001ffa0000)]
  0x000000001e48f000 JavaThread "Cache worker for cache directory md-supplier (C:\Users\rafae\.gradle\caches\6.5\md-supplier)" [_thread_blocked, id=6272, stack(0x000000001fad0000,0x000000001fbd0000)]
  0x000000001e487800 JavaThread "Cache worker for checksums cache (D:\Development\GitHub\CifraCherry\.gradle\checksums)" [_thread_blocked, id=5148, stack(0x000000001e740000,0x000000001e840000)]
  0x000000001e48d000 JavaThread "Cache worker for file hash cache (D:\Development\GitHub\CifraCherry\.gradle\6.5\fileHashes)" [_thread_blocked, id=1932, stack(0x000000001cf70000,0x000000001d070000)]
  0x000000001e48d800 JavaThread "Thread-150" [_thread_blocked, id=3552, stack(0x000000001cc70000,0x000000001cd70000)]
  0x000000001e48c000 JavaThread "Stdin handler" [_thread_blocked, id=7552, stack(0x000000001cb70000,0x000000001cc70000)]
  0x000000001e48a800 JavaThread "Asynchronous log dispatcher for DefaultDaemonConnection: socket connection from /127.0.0.1:60690 to /127.0.0.1:60748" [_thread_blocked, id=5468, stack(0x000000001ca70000,0x000000001cb70000)]
  0x000000001e48e800 JavaThread "Daemon worker Thread 2" [_thread_blocked, id=6428, stack(0x000000001c970000,0x000000001ca70000)]
  0x000000001e489800 JavaThread "Cancel handler" [_thread_blocked, id=8620, stack(0x0000000000d90000,0x0000000000e90000)]
  0x000000001e48b000 JavaThread "Handler for socket connection from /127.0.0.1:60690 to /127.0.0.1:60748" [_thread_in_native, id=7328, stack(0x0000000000c90000,0x0000000000d90000)]
  0x000000001e489000 JavaThread "Daemon Thread 2" [_thread_blocked, id=3880, stack(0x0000000000b90000,0x0000000000c90000)]
  0x000000002a072800 JavaThread "RMI Reaper" [_thread_blocked, id=9124, stack(0x000000002d530000,0x000000002d630000)]
  0x000000002a074000 JavaThread "RMI TCP Accept-0" daemon [_thread_in_native, id=1548, stack(0x000000002d430000,0x000000002d530000)]
  0x000000002a072000 JavaThread "GC Daemon" daemon [_thread_blocked, id=9052, stack(0x000000002d330000,0x000000002d430000)]
  0x000000001e02c800 JavaThread "RMI Scheduler(0)" daemon [_thread_blocked, id=7360, stack(0x000000002d130000,0x000000002d230000)]
  0x000000001ee90800 JavaThread "Memory manager" [_thread_blocked, id=1096, stack(0x000000002a970000,0x000000002aa70000)]
  0x00000000174e1000 JavaThread "Cache worker for file content cache (C:\Users\rafae\.gradle\caches\6.5\fileContent)" [_thread_blocked, id=4848, stack(0x00000000208a0000,0x00000000209a0000)]
  0x00000000174df800 JavaThread "Cache worker for execution history cache (C:\Users\rafae\.gradle\caches\6.5\executionHistory)" [_thread_blocked, id=1324, stack(0x00000000200a0000,0x00000000201a0000)]
  0x00000000174e4800 JavaThread "Cache worker for file hash cache (C:\Users\rafae\.gradle\caches\6.5\fileHashes)" [_thread_blocked, id=588, stack(0x000000001d470000,0x000000001d570000)]
  0x00000000174e3000 JavaThread "File lock request listener" [_thread_in_native, id=492, stack(0x000000001d370000,0x000000001d470000)]
  0x000000001af68800 JavaThread "Cache worker for journal cache (C:\Users\rafae\.gradle\caches\journal-1)" [_thread_blocked, id=8928, stack(0x000000001d270000,0x000000001d370000)]
  0x000000001aea3800 JavaThread "Daemon periodic checks" [_thread_blocked, id=5068, stack(0x000000001c670000,0x000000001c770000)]
  0x000000001ae1e000 JavaThread "Incoming local TCP Connector on port 60690" [_thread_in_native, id=6704, stack(0x000000001c410000,0x000000001c510000)]
  0x000000001ad3d800 JavaThread "Daemon health stats" [_thread_blocked, id=7400, stack(0x000000001bdd0000,0x000000001bed0000)]
  0x000000001751d800 JavaThread "Service Thread" daemon [_thread_blocked, id=8176, stack(0x0000000019230000,0x0000000019330000)]
=>0x00000000174e2800 JavaThread "C1 CompilerThread2" daemon [_thread_in_vm, id=7852, stack(0x0000000018d30000,0x0000000018e30000)]
  0x00000000174cd800 JavaThread "C2 CompilerThread1" daemon [_thread_in_native, id=600, stack(0x0000000018c30000,0x0000000018d30000)]
  0x00000000174c6800 JavaThread "C2 CompilerThread0" daemon [_thread_in_native, id=7044, stack(0x0000000018b30000,0x0000000018c30000)]
  0x00000000174c5000 JavaThread "Attach Listener" daemon [_thread_blocked, id=2708, stack(0x0000000018a30000,0x0000000018b30000)]
  0x00000000174c1800 JavaThread "Signal Dispatcher" daemon [_thread_blocked, id=6780, stack(0x0000000018930000,0x0000000018a30000)]
  0x000000000289c000 JavaThread "Finalizer" daemon [_thread_blocked, id=1356, stack(0x0000000018720000,0x0000000018820000)]
  0x00000000174a9800 JavaThread "Reference Handler" daemon [_thread_blocked, id=6620, stack(0x0000000018620000,0x0000000018720000)]
  0x000000000274e000 JavaThread "main" [_thread_blocked, id=1128, stack(0x0000000002630000,0x0000000002730000)]

Other Threads:
  0x0000000017487000 VMThread [stack: 0x0000000018520000,0x0000000018620000] [id=8608]
  0x000000001751e000 WatcherThread [stack: 0x0000000019330000,0x0000000019430000] [id=7672]

VM state:not at safepoint (normal execution)

VM Mutex/Monitor currently owned by a thread: None

heap address: 0x0000000080000000, size: 2048 MB, Compressed Oops mode: 32-bit
Narrow klass base: 0x0000000000000000, Narrow klass shift: 3
Compressed class space size: 1073741824 Address: 0x0000000100000000

Heap:
 PSYoungGen      total 507904K, used 89744K [0x00000000d5580000, 0x00000000fd880000, 0x0000000100000000)
  eden space 458752K, 19% used [0x00000000d5580000,0x00000000dad24140,0x00000000f1580000)
  from space 49152K, 0% used [0x00000000f1580000,0x00000000f1580000,0x00000000f4580000)
  to   space 65024K, 0% used [0x00000000f9900000,0x00000000f9900000,0x00000000fd880000)
 ParOldGen       total 265728K, used 143482K [0x0000000080000000, 0x0000000090380000, 0x00000000d5580000)
  object space 265728K, 53% used [0x0000000080000000,0x0000000088c1eb20,0x0000000090380000)
 Metaspace       used 121248K, capacity 126352K, committed 127256K, reserved 1159168K
  class space    used 15407K, capacity 16404K, committed 16664K, reserved 1048576K

Card table byte_map: [0x0000000011c60000,0x0000000012070000] byte_map_base: 0x0000000011860000

Marking Bits: (ParMarkBitMap*) 0x0000000054b6f030
 Begin Bits: [0x0000000012720000, 0x0000000014720000)
 End Bits:   [0x0000000014720000, 0x0000000016720000)

Polling page: 0x0000000000a40000

CodeCache: size=245760Kb used=55046Kb max_used=55046Kb free=190713Kb
 bounds [0x00000000028a0000, 0x0000000005ea0000, 0x00000000118a0000]
 total_blobs=17422 nmethods=16514 adapters=819
 compilation: enabled

Compilation events (10 events):
Event: 191.769 Thread 0x00000000174e2800 nmethod 20222 0x0000000005e9bf50 code [0x0000000005e9c0a0, 0x0000000005e9c1d0]
Event: 191.774 Thread 0x00000000174e2800 20223       2       com.android.tools.r8.dex.m::c (117 bytes)
Event: 191.775 Thread 0x00000000174e2800 nmethod 20223 0x0000000005e9c250 code [0x0000000005e9c400, 0x0000000005e9c798]
Event: 191.775 Thread 0x00000000174e2800 20224       2       com.android.tools.r8.dex.j::l (8 bytes)
Event: 191.775 Thread 0x00000000174e2800 nmethod 20224 0x0000000005e9cbd0 code [0x0000000005e9cd20, 0x0000000005e9ce70]
Event: 191.782 Thread 0x00000000174e2800 20225       2       com.android.tools.r8.t.a.a.a.h.V0$f::hasNext (14 bytes)
Event: 191.783 Thread 0x00000000174e2800 nmethod 20225 0x0000000005e9cf10 code [0x0000000005e9d060, 0x0000000005e9d1d0]
Event: 191.783 Thread 0x00000000174e2800 20226       2       java.nio.HeapByteBuffer::putInt (20 bytes)
Event: 191.783 Thread 0x00000000174e2800 nmethod 20226 0x0000000005e9d250 code [0x0000000005e9d3c0, 0x0000000005e9d5a8]
Event: 191.794 Thread 0x00000000174e2800 20227       2       com.android.tools.r8.utils.x1.f::a (33 bytes)

GC Heap History (10 events):
Event: 165.735 GC heap before
{Heap before GC invocations=20 (full 5):
 PSYoungGen      total 395264K, used 371712K [0x00000000d5580000, 0x00000000efa80000, 0x0000000100000000)
  eden space 371712K, 100% used [0x00000000d5580000,0x00000000ec080000,0x00000000ec080000)
  from space 23552K, 0% used [0x00000000ee380000,0x00000000ee380000,0x00000000efa80000)
  to   space 29696K, 61% used [0x00000000ec080000,0x00000000ed25aae8,0x00000000edd80000)
 ParOldGen       total 213504K, used 132686K [0x0000000080000000, 0x000000008d080000, 0x00000000d5580000)
  object space 213504K, 62% used [0x0000000080000000,0x0000000088193bb0,0x000000008d080000)
 Metaspace       used 97697K, capacity 101338K, committed 101528K, reserved 1138688K
  class space    used 12523K, capacity 13204K, committed 13208K, reserved 1048576K
Event: 165.989 GC heap after
Heap after GC invocations=20 (full 5):
 PSYoungGen      total 395264K, used 0K [0x00000000d5580000, 0x00000000efa80000, 0x0000000100000000)
  eden space 371712K, 0% used [0x00000000d5580000,0x00000000d5580000,0x00000000ec080000)
  from space 23552K, 0% used [0x00000000ee380000,0x00000000ee380000,0x00000000efa80000)
  to   space 29696K, 0% used [0x00000000ec080000,0x00000000ec080000,0x00000000edd80000)
 ParOldGen       total 167936K, used 76820K [0x0000000080000000, 0x000000008a400000, 0x00000000d5580000)
  object space 167936K, 45% used [0x0000000080000000,0x0000000084b05080,0x000000008a400000)
 Metaspace       used 97697K, capacity 101338K, committed 101528K, reserved 1138688K
  class space    used 12523K, capacity 13204K, committed 13208K, reserved 1048576K
}
Event: 172.772 GC heap before
{Heap before GC invocations=21 (full 5):
 PSYoungGen      total 395264K, used 371712K [0x00000000d5580000, 0x00000000efa80000, 0x0000000100000000)
  eden space 371712K, 100% used [0x00000000d5580000,0x00000000ec080000,0x00000000ec080000)
  from space 23552K, 0% used [0x00000000ee380000,0x00000000ee380000,0x00000000efa80000)
  to   space 29696K, 0% used [0x00000000ec080000,0x00000000ec080000,0x00000000edd80000)
 ParOldGen       total 167936K, used 76820K [0x0000000080000000, 0x000000008a400000, 0x00000000d5580000)
  object space 167936K, 45% used [0x0000000080000000,0x0000000084b05080,0x000000008a400000)
 Metaspace       used 106418K, capacity 110276K, committed 110488K, reserved 1144832K
  class space    used 13475K, capacity 14223K, committed 14232K, reserved 1048576K
Event: 172.845 GC heap after
Heap after GC invocations=21 (full 5):
 PSYoungGen      total 401408K, used 29674K [0x00000000d5580000, 0x00000000f9c00000, 0x0000000100000000)
  eden space 371712K, 0% used [0x00000000d5580000,0x00000000d5580000,0x00000000ec080000)
  from space 29696K, 99% used [0x00000000ec080000,0x00000000edd7a9a8,0x00000000edd80000)
  to   space 51200K, 0% used [0x00000000f6a00000,0x00000000f6a00000,0x00000000f9c00000)
 ParOldGen       total 167936K, used 122139K [0x0000000080000000, 0x000000008a400000, 0x00000000d5580000)
  object space 167936K, 72% used [0x0000000080000000,0x0000000087746df8,0x000000008a400000)
 Metaspace       used 106418K, capacity 110276K, committed 110488K, reserved 1144832K
  class space    used 13475K, capacity 14223K, committed 14232K, reserved 1048576K
}
Event: 184.024 GC heap before
{Heap before GC invocations=22 (full 5):
 PSYoungGen      total 401408K, used 401386K [0x00000000d5580000, 0x00000000f9c00000, 0x0000000100000000)
  eden space 371712K, 100% used [0x00000000d5580000,0x00000000ec080000,0x00000000ec080000)
  from space 29696K, 99% used [0x00000000ec080000,0x00000000edd7a9a8,0x00000000edd80000)
  to   space 51200K, 0% used [0x00000000f6a00000,0x00000000f6a00000,0x00000000f9c00000)
 ParOldGen       total 167936K, used 122139K [0x0000000080000000, 0x000000008a400000, 0x00000000d5580000)
  object space 167936K, 72% used [0x0000000080000000,0x0000000087746df8,0x000000008a400000)
 Metaspace       used 110580K, capacity 114724K, committed 114968K, reserved 1148928K
  class space    used 13929K, capacity 14756K, committed 14872K, reserved 1048576K
Event: 184.080 GC heap after
Heap after GC invocations=22 (full 5):
 PSYoungGen      total 456704K, used 11651K [0x00000000d5580000, 0x00000000f7580000, 0x0000000100000000)
  eden space 444928K, 0% used [0x00000000d5580000,0x00000000d5580000,0x00000000f0800000)
  from space 11776K, 98% used [0x00000000f6a00000,0x00000000f7560cd0,0x00000000f7580000)
  to   space 49152K, 0% used [0x00000000f1580000,0x00000000f1580000,0x00000000f4580000)
 ParOldGen       total 167936K, used 135710K [0x0000000080000000, 0x000000008a400000, 0x00000000d5580000)
  object space 167936K, 80% used [0x0000000080000000,0x0000000088487908,0x000000008a400000)
 Metaspace       used 110580K, capacity 114724K, committed 114968K, reserved 1148928K
  class space    used 13929K, capacity 14756K, committed 14872K, reserved 1048576K
}
Event: 189.822 GC heap before
{Heap before GC invocations=23 (full 5):
 PSYoungGen      total 456704K, used 456579K [0x00000000d5580000, 0x00000000f7580000, 0x0000000100000000)
  eden space 444928K, 100% used [0x00000000d5580000,0x00000000f0800000,0x00000000f0800000)
  from space 11776K, 98% used [0x00000000f6a00000,0x00000000f7560cd0,0x00000000f7580000)
  to   space 49152K, 0% used [0x00000000f1580000,0x00000000f1580000,0x00000000f4580000)
 ParOldGen       total 167936K, used 135710K [0x0000000080000000, 0x000000008a400000, 0x00000000d5580000)
  object space 167936K, 80% used [0x0000000080000000,0x0000000088487908,0x000000008a400000)
 Metaspace       used 119864K, capacity 125338K, committed 125592K, reserved 1159168K
  class space    used 15395K, capacity 16515K, committed 16536K, reserved 1048576K
Event: 189.915 GC heap after
Heap after GC invocations=23 (full 5):
 PSYoungGen      total 507904K, used 49131K [0x00000000d5580000, 0x00000000fd880000, 0x0000000100000000)
  eden space 458752K, 0% used [0x00000000d5580000,0x00000000d5580000,0x00000000f1580000)
  from space 49152K, 99% used [0x00000000f1580000,0x00000000f457ad08,0x00000000f4580000)
  to   space 65024K, 0% used [0x00000000f9900000,0x00000000f9900000,0x00000000fd880000)
 ParOldGen       total 167936K, used 155414K [0x0000000080000000, 0x000000008a400000, 0x00000000d5580000)
  object space 167936K, 92% used [0x0000000080000000,0x00000000897c58a8,0x000000008a400000)
 Metaspace       used 119864K, capacity 125338K, committed 125592K, reserved 1159168K
  class space    used 15395K, capacity 16515K, committed 16536K, reserved 1048576K
}
Event: 189.915 GC heap before
{Heap before GC invocations=24 (full 6):
 PSYoungGen      total 507904K, used 49131K [0x00000000d5580000, 0x00000000fd880000, 0x0000000100000000)
  eden space 458752K, 0% used [0x00000000d5580000,0x00000000d5580000,0x00000000f1580000)
  from space 49152K, 99% used [0x00000000f1580000,0x00000000f457ad08,0x00000000f4580000)
  to   space 65024K, 0% used [0x00000000f9900000,0x00000000f9900000,0x00000000fd880000)
 ParOldGen       total 167936K, used 155414K [0x0000000080000000, 0x000000008a400000, 0x00000000d5580000)
  object space 167936K, 92% used [0x0000000080000000,0x00000000897c58a8,0x000000008a400000)
 Metaspace       used 119864K, capacity 125338K, committed 125592K, reserved 1159168K
  class space    used 15395K, capacity 16515K, committed 16536K, reserved 1048576K
Event: 190.399 GC heap after
Heap after GC invocations=24 (full 6):
 PSYoungGen      total 507904K, used 0K [0x00000000d5580000, 0x00000000fd880000, 0x0000000100000000)
  eden space 458752K, 0% used [0x00000000d5580000,0x00000000d5580000,0x00000000f1580000)
  from space 49152K, 0% used [0x00000000f1580000,0x00000000f1580000,0x00000000f4580000)
  to   space 65024K, 0% used [0x00000000f9900000,0x00000000f9900000,0x00000000fd880000)
 ParOldGen       total 265728K, used 143482K [0x0000000080000000, 0x0000000090380000, 0x00000000d5580000)
  object space 265728K, 53% used [0x0000000080000000,0x0000000088c1eb20,0x0000000090380000)
 Metaspace       used 119321K, capacity 124096K, committed 125592K, reserved 1159168K
  class space    used 15202K, capacity 16170K, committed 16536K, reserved 1048576K
}

Deoptimization events (10 events):
Event: 190.512 Thread 0x0000000029f06000 Uncommon trap: reason=unstable_if action=reinterpret pc=0x0000000003e67914 method=com.android.tools.r8.s.b.q1.W()Z @ 71
Event: 190.541 Thread 0x0000000029f06000 Uncommon trap: reason=unstable_if action=reinterpret pc=0x00000000049fe2bc method=com.android.tools.r8.graph.i0.a([C)I @ 44
Event: 190.553 Thread 0x0000000029f06000 Uncommon trap: reason=unstable_if action=reinterpret pc=0x00000000049f0ae0 method=com.android.tools.r8.z.a.a.f.a(II[C)Ljava/lang/String; @ 59
Event: 190.702 Thread 0x0000000029f09000 Uncommon trap: reason=bimorphic action=maybe_recompile pc=0x0000000002cc3a58 method=com.android.tools.r8.s.b.s1.a(Lcom/android/tools/r8/s/a/p/u;)Lcom/android/tools/r8/s/b/s1; @ 12
Event: 190.702 Thread 0x0000000029f09000 Uncommon trap: reason=bimorphic action=maybe_recompile pc=0x0000000003d5ee38 method=com.android.tools.r8.s.b.s1.a(Lcom/android/tools/r8/s/a/p/u;)Lcom/android/tools/r8/s/b/s1; @ 12
Event: 190.702 Thread 0x0000000029f09000 Uncommon trap: reason=bimorphic action=maybe_recompile pc=0x0000000003d5ee38 method=com.android.tools.r8.s.b.s1.a(Lcom/android/tools/r8/s/a/p/u;)Lcom/android/tools/r8/s/b/s1; @ 12
Event: 190.702 Thread 0x0000000029f09000 Uncommon trap: reason=bimorphic action=maybe_recompile pc=0x0000000003d5ee38 method=com.android.tools.r8.s.b.s1.a(Lcom/android/tools/r8/s/a/p/u;)Lcom/android/tools/r8/s/b/s1; @ 12
Event: 190.702 Thread 0x0000000029f09000 Uncommon trap: reason=bimorphic action=maybe_recompile pc=0x0000000002cc3a58 method=com.android.tools.r8.s.b.s1.a(Lcom/android/tools/r8/s/a/p/u;)Lcom/android/tools/r8/s/b/s1; @ 12
Event: 190.939 Thread 0x0000000029f06000 Uncommon trap: reason=unstable_if action=reinterpret pc=0x0000000004a0074c method=com.android.tools.r8.z.a.a.f.a(II[C)Ljava/lang/String; @ 59
Event: 191.255 Thread 0x0000000029f06000 Uncommon trap: reason=unstable_if action=reinterpret pc=0x000000000488abe8 method=com.android.tools.r8.q.a.a.b.J0.k()Ljava/lang/Object; @ 32

Classes redefined (0 events):
No events

Internal exceptions (10 events):
Event: 186.846 Thread 0x0000000029f05800 Exception <a 'sun/nio/fs/WindowsException'> (0x00000000e8469c58) thrown at [C:\src\AOSP-openjdk-git\hotspot\src\share\vm\prims\jni.cpp, line 710]
Event: 186.962 Thread 0x0000000029f05800 Exception <a 'java/lang/NoSuchMethodError': <clinit>> (0x00000000e8502da8) thrown at [C:\src\AOSP-openjdk-git\hotspot\src\share\vm\prims\jni.cpp, line 1615]
Event: 187.401 Thread 0x0000000029f06000 Exception <a 'sun/nio/fs/WindowsException'> (0x00000000e9bbac48) thrown at [C:\src\AOSP-openjdk-git\hotspot\src\share\vm\prims\jni.cpp, line 710]
Event: 187.401 Thread 0x0000000029f09000 Exception <a 'sun/nio/fs/WindowsException'> (0x00000000e8896718) thrown at [C:\src\AOSP-openjdk-git\hotspot\src\share\vm\prims\jni.cpp, line 710]
Event: 188.094 Thread 0x0000000029f09000 Exception <a 'java/lang/IncompatibleClassChangeError': Found class java.lang.Object, but interface was expected> (0x00000000ea84cc80) thrown at [C:\src\AOSP-openjdk-git\hotspot\src\share\vm\interpreter\linkResolver.cpp, line 653]
Event: 188.852 Thread 0x0000000029f06000 Exception <a 'java/lang/NoSuchMethodError': java.lang.Object.b(Lcom/android/tools/r8/graph/p1$b;)Lcom/android/tools/r8/graph/p1$b;> (0x00000000edcaf460) thrown at [C:\src\AOSP-openjdk-git\hotspot\src\share\vm\interpreter\linkResolver.cpp, line 620]
Event: 188.928 Thread 0x000000002a075000 Exception <a 'java/lang/NoSuchMethodError': java.lang.Object.lambda$maxBy$1(Ljava/util/Comparator;Ljava/lang/Object;Ljava/lang/Object;)Ljava/lang/Object;> (0x00000000ee044d10) thrown at [C:\src\AOSP-openjdk-git\hotspot\src\share\vm\interpreter\linkResolve
Event: 188.928 Thread 0x0000000029f09000 Exception <a 'java/lang/NoSuchMethodError': java.lang.Object.lambda$maxBy$1(Ljava/util/Comparator;Ljava/lang/Object;Ljava/lang/Object;)Ljava/lang/Object;> (0x00000000edd790f0) thrown at [C:\src\AOSP-openjdk-git\hotspot\src\share\vm\interpreter\linkResolve
Event: 188.928 Thread 0x000000001d79e000 Exception <a 'java/lang/NoSuchMethodError': java.lang.Object.lambda$maxBy$1(Ljava/util/Comparator;Ljava/lang/Object;Ljava/lang/Object;)Ljava/lang/Object;> (0x00000000ee092138) thrown at [C:\src\AOSP-openjdk-git\hotspot\src\share\vm\interpreter\linkResolve
Event: 188.928 Thread 0x0000000029f06000 Exception <a 'java/lang/NoSuchMethodError': java.lang.Object.lambda$maxBy$1(Ljava/util/Comparator;Ljava/lang/Object;Ljava/lang/Object;)Ljava/lang/Object;> (0x00000000ee0b3158) thrown at [C:\src\AOSP-openjdk-git\hotspot\src\share\vm\interpreter\linkResolve

Events (10 events):
Event: 191.785 loading class com/android/tools/r8/dex/k
Event: 191.785 loading class com/android/tools/r8/dex/k done
Event: 191.785 loading class java/util/zip/Adler32
Event: 191.785 loading class java/util/zip/Adler32 done
Event: 191.785 Executing VM operation: Deoptimize
Event: 191.788 Executing VM operation: Deoptimize done
Event: 191.789 loading class com/android/tools/r8/dex/r$a
Event: 191.789 loading class com/android/tools/r8/dex/r$a done
Event: 191.789 loading class com/android/tools/r8/ByteDataView
Event: 191.789 loading class com/android/tools/r8/ByteDataView done


Dynamic libraries:
0x00007ff67a8f0000 - 0x00007ff67a921000 	C:\Program Files\Android\Android Studio\jre\bin\java.exe
0x00007ff805ab0000 - 0x00007ff805ca5000 	C:\WINDOWS\SYSTEM32\ntdll.dll
0x00007ff805000000 - 0x00007ff8050bd000 	C:\WINDOWS\System32\KERNEL32.DLL
0x00007ff803400000 - 0x00007ff8036c8000 	C:\WINDOWS\System32\KERNELBASE.dll
0x00007ff804110000 - 0x00007ff8041bc000 	C:\WINDOWS\System32\ADVAPI32.dll
0x00007ff804070000 - 0x00007ff80410e000 	C:\WINDOWS\System32\msvcrt.dll
0x00007ff803b10000 - 0x00007ff803bab000 	C:\WINDOWS\System32\sechost.dll
0x00007ff8050c0000 - 0x00007ff8051eb000 	C:\WINDOWS\System32\RPCRT4.dll
0x00007ff804260000 - 0x00007ff804400000 	C:\WINDOWS\System32\USER32.dll
0x00007ff8032a0000 - 0x00007ff8032c2000 	C:\WINDOWS\System32\win32u.dll
0x00007ff804040000 - 0x00007ff80406a000 	C:\WINDOWS\System32\GDI32.dll
0x00007ff8036d0000 - 0x00007ff8037db000 	C:\WINDOWS\System32\gdi32full.dll
0x00007ff8037e0000 - 0x00007ff80387d000 	C:\WINDOWS\System32\msvcp_win.dll
0x00007ff803a10000 - 0x00007ff803b10000 	C:\WINDOWS\System32\ucrtbase.dll
0x00007fffeff90000 - 0x00007ffff022a000 	C:\WINDOWS\WinSxS\amd64_microsoft.windows.common-controls_6595b64144ccf1df_6.0.19041.844_none_ca00b6081b84eb1d\COMCTL32.dll
0x00007ff804ad0000 - 0x00007ff804b00000 	C:\WINDOWS\System32\IMM32.DLL
0x00000000542c0000 - 0x0000000054392000 	C:\Program Files\Android\Android Studio\jre\jre\bin\msvcr100.dll
0x00000000543a0000 - 0x0000000054beb000 	C:\Program Files\Android\Android Studio\jre\jre\bin\server\jvm.dll
0x00007ff804250000 - 0x00007ff804258000 	C:\WINDOWS\System32\PSAPI.DLL
0x00007ffff8200000 - 0x00007ffff820a000 	C:\WINDOWS\SYSTEM32\VERSION.dll
0x00007ffff7d90000 - 0x00007ffff7db7000 	C:\WINDOWS\SYSTEM32\WINMM.dll
0x00007ffff41d0000 - 0x00007ffff41d9000 	C:\WINDOWS\SYSTEM32\WSOCK32.dll
0x00007ff805940000 - 0x00007ff8059ab000 	C:\WINDOWS\System32\WS2_32.dll
0x00007ffff41c0000 - 0x00007ffff41cf000 	C:\Program Files\Android\Android Studio\jre\jre\bin\verify.dll
0x00007ffff4190000 - 0x00007ffff41b9000 	C:\Program Files\Android\Android Studio\jre\jre\bin\java.dll
0x00007ffff4170000 - 0x00007ffff4186000 	C:\Program Files\Android\Android Studio\jre\jre\bin\zip.dll
0x00007ff8051f0000 - 0x00007ff805932000 	C:\WINDOWS\System32\SHELL32.dll
0x00007ff801330000 - 0x00007ff801ac1000 	C:\WINDOWS\SYSTEM32\windows.storage.dll
0x00007ff803ce0000 - 0x00007ff804035000 	C:\WINDOWS\System32\combase.dll
0x00007ff802c60000 - 0x00007ff802c8c000 	C:\WINDOWS\SYSTEM32\Wldp.dll
0x00007ff8044d0000 - 0x00007ff80457e000 	C:\WINDOWS\System32\SHCORE.dll
0x00007ff8046d0000 - 0x00007ff804725000 	C:\WINDOWS\System32\shlwapi.dll
0x00007ff803130000 - 0x00007ff80314f000 	C:\WINDOWS\SYSTEM32\profapi.dll
0x00007ffff3730000 - 0x00007ffff374a000 	C:\Program Files\Android\Android Studio\jre\jre\bin\net.dll
0x00007ff8029d0000 - 0x00007ff802a3a000 	C:\WINDOWS\system32\mswsock.dll
0x00007ffff17d0000 - 0x00007ffff17e3000 	C:\Program Files\Android\Android Studio\jre\jre\bin\nio.dll
0x00007ffffcbc0000 - 0x00007ffffcbe7000 	C:\Users\rafae\.gradle\native\f6784746aeab05261644944871eae4fe03e0ef1612fff0a4a95f87b438bc6780\windows-amd64\native-platform.dll
0x00007ffff4160000 - 0x00007ffff416d000 	C:\Program Files\Android\Android Studio\jre\jre\bin\management.dll
0x00007ff802ba0000 - 0x00007ff802bb8000 	C:\WINDOWS\SYSTEM32\CRYPTSP.dll
0x00007ff802300000 - 0x00007ff802334000 	C:\WINDOWS\system32\rsaenh.dll
0x00007ff8039e0000 - 0x00007ff803a07000 	C:\WINDOWS\System32\bcrypt.dll
0x00007ff8030b0000 - 0x00007ff8030de000 	C:\WINDOWS\SYSTEM32\USERENV.dll
0x00007ff8032d0000 - 0x00007ff803350000 	C:\WINDOWS\System32\bcryptprimitives.dll
0x00007ff802bc0000 - 0x00007ff802bcc000 	C:\WINDOWS\SYSTEM32\CRYPTBASE.dll
0x00007ff802670000 - 0x00007ff8026ab000 	C:\WINDOWS\SYSTEM32\IPHLPAPI.DLL
0x00007ff8046c0000 - 0x00007ff8046c8000 	C:\WINDOWS\System32\NSI.dll
0x00007ffff9cd0000 - 0x00007ffff9ce7000 	C:\WINDOWS\SYSTEM32\dhcpcsvc6.DLL
0x00007ffff9da0000 - 0x00007ffff9dbd000 	C:\WINDOWS\SYSTEM32\dhcpcsvc.DLL
0x00007ff8026b0000 - 0x00007ff80277c000 	C:\WINDOWS\SYSTEM32\DNSAPI.dll
0x00007ffffb1b0000 - 0x00007ffffb1bb000 	C:\WINDOWS\SYSTEM32\WINNSI.DLL

VM Arguments:
jvm_args: -Xmx2048m -Dfile.encoding=UTF-8 -Duser.country=BR -Duser.language=pt -Duser.variant 
java_command: org.gradle.launcher.daemon.bootstrap.GradleDaemon 6.5
java_class_path (initial): C:\Users\rafae\.gradle\wrapper\dists\gradle-6.5-all\2oz4ud9k3tuxjg84bbf55q0tn\gradle-6.5\lib\gradle-launcher-6.5.jar
Launcher Type: SUN_STANDARD

Environment Variables:
JAVA_HOME=C:\Program Files\Java\jdk-16.0.1\jre
PATH=C:\WINDOWS\system32;C:\WINDOWS;C:\WINDOWS\System32\Wbem;C:\WINDOWS\System32\WindowsPowerShell\v1.0\;C:\WINDOWS\System32\OpenSSH\;C:\Program Files\Java\jdk-16\bin;C:\Program Files\Git\cmd;C:\Program Files\dotnet\;C:\Users\rafae\AppData\Local\Microsoft\WindowsApps;C:\Program Files\JetBrains\IntelliJ IDEA Community Edition 2021.1\bin;;C:\Users\rafae\AppData\Local\GitHubDesktop\bin
USERNAME=Rafael
OS=Windows_NT
PROCESSOR_IDENTIFIER=Intel64 Family 6 Model 61 Stepping 4, GenuineIntel



---------------  S Y S T E M  ---------------

OS: Windows 10.0 , 64 bit Build 19041 (10.0.19041.928)

CPU:total 4 (initial active 4) (2 cores per cpu, 2 threads per core) family 6 model 61 stepping 4, cmov, cx8, fxsr, mmx, sse, sse2, sse3, ssse3, sse4.1, sse4.2, popcnt, avx, avx2, aes, clmul, erms, 3dnowpref, lzcnt, ht, tsc, tscinvbit, bmi1, bmi2, adx

Memory: 4k page, physical 8301016k(823976k free), swap 8301016k(5140k free)

vm_info: OpenJDK 64-Bit Server VM (25.242-b01) for windows-amd64 JRE (1.8.0_242-release-1644-b01), built by "builder" with MS VC++ 10.0 (VS2010)

time: Fri May 07 16:38:59 2021
timezone: Hora oficial do Brasil
elapsed time: 191 seconds (0d 0h 3m 11s)

