#
# There is insufficient memory for the Java Runtime Environment to continue.
# Native memory allocation (malloc) failed to allocate 1095136 bytes for Chunk::new
# Possible reasons:
#   The system is out of physical RAM or swap space
#   The process is running with CompressedOops enabled, and the Java Heap may be blocking the growth of the native heap
# Possible solutions:
#   Reduce memory load on the system
#   Increase physical memory or swap space
#   Check if swap backing store is full
#   Decrease Java heap size (-Xmx/-Xms)
#   Decrease number of Java threads
#   Decrease Java thread stack sizes (-Xss)
#   Set larger code cache with -XX:ReservedCodeCacheSize=
#   JVM is running with Unscaled Compressed Oops mode in which the Java heap is
#     placed in the first 4GB address space. The Java Heap base address is the
#     maximum limit for the native heap growth. Please use -XX:HeapBaseMinAddress
#     to set the Java Heap base and to place the Java Heap above 4GB virtual address.
# This output file may be truncated or incomplete.
#
#  Out of Memory Error (allocation.cpp:389), pid=8740, tid=0x0000000000001a2c
#
# JRE version: OpenJDK Runtime Environment (8.0_242-b01) (build 1.8.0_242-release-1644-b01)
# Java VM: OpenJDK 64-Bit Server VM (25.242-b01 mixed mode windows-amd64 compressed oops)
# Failed to write core dump. Minidumps are not enabled by default on client versions of Windows
#

---------------  T H R E A D  ---------------

Current thread (0x0000000018085800):  JavaThread "C2 CompilerThread0" daemon [_thread_in_native, id=6700, stack(0x00000000196e0000,0x00000000197e0000)]

Stack: [0x00000000196e0000,0x00000000197e0000]
[error occurred during error reporting (printing stack bounds), id 0xc0000005]

Native frames: (J=compiled Java code, j=interpreted, Vv=VM code, C=native code)


Current CompileTask:
C2:6820749 17253   !   4       java.io.ObjectInputStream::readObject0 (671 bytes)


---------------  P R O C E S S  ---------------

Java Threads: ( => current thread )
  0x000000001a896800 JavaThread "RMI TCP Connection(1)-127.0.0.1" daemon [_thread_in_native, id=1312, stack(0x0000000023020000,0x0000000023120000)]
  0x000000001a89c800 JavaThread "RMI Reaper" [_thread_blocked, id=4764, stack(0x0000000022f20000,0x0000000023020000)]
  0x000000001a89c000 JavaThread "RMI TCP Accept-0" daemon [_thread_in_native, id=8156, stack(0x0000000022c10000,0x0000000022d10000)]
  0x000000001a89d800 JavaThread "GC Daemon" daemon [_thread_blocked, id=8700, stack(0x0000000022b10000,0x0000000022c10000)]
  0x000000001a89b000 JavaThread "RMI RenewClean-[127.0.0.1:17189,org.jetbrains.kotlin.daemon.common.LoopbackNetworkInterface$ClientLoopbackSocketFactory@3225181d]" daemon [_thread_blocked, id=1900, stack(0x0000000022a10000,0x0000000022b10000)]
  0x000000001a893800 JavaThread "RMI Scheduler(0)" daemon [_thread_blocked, id=3020, stack(0x000000001d520000,0x000000001d620000)]
  0x000000002004c000 JavaThread "WorkerExecutor Queue Thread 6" [_thread_blocked, id=9204, stack(0x000000002da30000,0x000000002db30000)]
  0x000000001fe16000 JavaThread "stdout" [_thread_in_native, id=6756, stack(0x000000002efc0000,0x000000002f0c0000)]
  0x000000001b053000 JavaThread "stderr" [_thread_in_native, id=6436, stack(0x000000002eec0000,0x000000002efc0000)]
  0x000000001b052000 JavaThread "stdout" [_thread_in_native, id=848, stack(0x000000002edc0000,0x000000002eec0000)]
  0x000000001b051800 JavaThread "stderr" [_thread_in_native, id=8584, stack(0x000000002ecc0000,0x000000002edc0000)]
  0x000000001b050800 JavaThread "stdout" [_thread_in_native, id=7320, stack(0x000000002ebc0000,0x000000002ecc0000)]
  0x000000001b050000 JavaThread "stderr" [_thread_in_native, id=4452, stack(0x000000002eac0000,0x000000002ebc0000)]
  0x000000001b04f000 JavaThread "stdout" [_thread_in_native, id=4176, stack(0x000000002e9c0000,0x000000002eac0000)]
  0x000000001b048800 JavaThread "stderr" [_thread_in_native, id=2704, stack(0x000000002c440000,0x000000002c540000)]
  0x000000001b04d800 JavaThread "pool-3-thread-1" [_thread_blocked, id=7352, stack(0x000000002e700000,0x000000002e800000)]
  0x000000001b04a000 JavaThread "WorkerExecutor Queue Thread 5" [_thread_blocked, id=5768, stack(0x000000002df40000,0x000000002e040000)]
  0x000000001b04d000 JavaThread "MarlinRenderer Disposer" daemon [_thread_blocked, id=4164, stack(0x000000002e090000,0x000000002e190000)]
  0x000000001b046000 JavaThread "Java2D Disposer" daemon [_thread_blocked, id=8168, stack(0x000000002de30000,0x000000002df30000)]
  0x000000001b04b800 JavaThread "WorkerExecutor Queue Thread 3" [_thread_blocked, id=5088, stack(0x000000002c640000,0x000000002c740000)]
  0x000000001b049000 JavaThread "WorkerExecutor Queue Thread 2" [_thread_blocked, id=9136, stack(0x000000002c760000,0x000000002c860000)]
  0x000000001fe12000 JavaThread "Cache worker for execution history cache (D:\Development\GitHub\CifraCherry\.gradle\6.5\executionHistory)" [_thread_blocked, id=5160, stack(0x000000002bf40000,0x000000002c040000)]
  0x000000001fe16800 JavaThread "Execution worker for ':' Thread 3" [_thread_blocked, id=6844, stack(0x000000002bd20000,0x000000002be20000)]
  0x000000001fe10800 JavaThread "Execution worker for ':' Thread 2" [_thread_blocked, id=5920, stack(0x000000002a510000,0x000000002a610000)]
  0x000000001fe15000 JavaThread "Execution worker for ':'" [_thread_blocked, id=7280, stack(0x000000002a210000,0x000000002a310000)]
  0x000000001fe09000 JavaThread "Cache worker for file content cache (D:\Development\GitHub\CifraCherry\.gradle\6.5\fileContent)" [_thread_blocked, id=8484, stack(0x0000000029f10000,0x000000002a010000)]
  0x000000001fe0f000 JavaThread "pool-2-thread-1" [_thread_blocked, id=8496, stack(0x0000000029e10000,0x0000000029f10000)]
  0x000000001fe0e800 JavaThread "Cache worker for Build Output Cleanup Cache (D:\Development\GitHub\CifraCherry\.gradle\buildOutputCleanup)" [_thread_blocked, id=1192, stack(0x0000000029d10000,0x0000000029e10000)]
  0x000000001bf4f000 JavaThread "Build operations Thread 4" [_thread_blocked, id=1980, stack(0x0000000022210000,0x0000000022310000)]
  0x000000001bf4e000 JavaThread "Build operations Thread 3" [_thread_blocked, id=5008, stack(0x0000000021a10000,0x0000000021b10000)]
  0x000000001bf53800 JavaThread "Build operations Thread 2" [_thread_blocked, id=6068, stack(0x0000000021910000,0x0000000021a10000)]
  0x000000001bf46800 JavaThread "Build operations" [_thread_blocked, id=4996, stack(0x00000000205c0000,0x00000000206c0000)]
  0x000000001bf4c800 JavaThread "Cache worker for cache directory md-rule (C:\Users\rafae\.gradle\caches\6.5\md-rule)" [_thread_blocked, id=8720, stack(0x00000000204c0000,0x00000000205c0000)]
  0x000000001bf4d800 JavaThread "Cache worker for cache directory md-supplier (C:\Users\rafae\.gradle\caches\6.5\md-supplier)" [_thread_blocked, id=6668, stack(0x000000001db20000,0x000000001dc20000)]
  0x000000001bf4c000 JavaThread "Cache worker for checksums cache (D:\Development\GitHub\CifraCherry\.gradle\checksums)" [_thread_blocked, id=6848, stack(0x000000001da20000,0x000000001db20000)]
  0x000000001bf45000 JavaThread "Cache worker for file hash cache (D:\Development\GitHub\CifraCherry\.gradle\6.5\fileHashes)" [_thread_in_native, id=6376, stack(0x000000001d920000,0x000000001da20000)]
  0x000000001bf4b000 JavaThread "Thread-148" [_thread_blocked, id=2884, stack(0x000000001d820000,0x000000001d920000)]
  0x000000001bf4a000 JavaThread "Asynchronous log dispatcher for DefaultDaemonConnection: socket connection from /127.0.0.1:57660 to /127.0.0.1:58036" [_thread_blocked, id=4296, stack(0x000000001cec0000,0x000000001cfc0000)]
  0x000000001bf48000 JavaThread "Daemon worker Thread 2" [_thread_in_native, id=8080, stack(0x000000001cdc0000,0x000000001cec0000)]
  0x000000001bf44000 JavaThread "Cancel handler" [_thread_blocked, id=3976, stack(0x0000000001730000,0x0000000001830000)]
  0x000000001bf49800 JavaThread "Handler for socket connection from /127.0.0.1:57660 to /127.0.0.1:58036" [_thread_in_native, id=1820, stack(0x0000000001630000,0x0000000001730000)]
  0x000000001bf47000 JavaThread "Daemon Thread 2" [_thread_blocked, id=3828, stack(0x0000000001530000,0x0000000001630000)]
  0x000000001bf45800 JavaThread "Memory manager" [_thread_blocked, id=9092, stack(0x000000002aa10000,0x000000002ab10000)]
  0x000000001809e000 JavaThread "Cache worker for file content cache (C:\Users\rafae\.gradle\caches\6.5\fileContent)" [_thread_blocked, id=6792, stack(0x0000000022310000,0x0000000022410000)]
  0x000000001809c800 JavaThread "Cache worker for execution history cache (C:\Users\rafae\.gradle\caches\6.5\executionHistory)" [_thread_blocked, id=8448, stack(0x0000000021b10000,0x0000000021c10000)]
  0x00000000180a2000 JavaThread "Cache worker for file hash cache (C:\Users\rafae\.gradle\caches\6.5\fileHashes)" [_thread_blocked, id=4736, stack(0x000000001e020000,0x000000001e120000)]
  0x000000001809f800 JavaThread "File lock request listener" [_thread_in_native, id=1880, stack(0x000000001df20000,0x000000001e020000)]
  0x000000001bcf2000 JavaThread "Cache worker for journal cache (C:\Users\rafae\.gradle\caches\journal-1)" [_thread_blocked, id=1148, stack(0x000000001de20000,0x000000001df20000)]
  0x000000001bae1000 JavaThread "Daemon periodic checks" [_thread_blocked, id=4772, stack(0x000000001d220000,0x000000001d320000)]
  0x000000001bafa000 JavaThread "Incoming local TCP Connector on port 57660" [_thread_in_native, id=3572, stack(0x000000001cfc0000,0x000000001d0c0000)]
  0x000000001a023800 JavaThread "Daemon health stats" [_thread_blocked, id=3856, stack(0x000000001c980000,0x000000001ca80000)]
  0x0000000019a21800 JavaThread "Service Thread" daemon [_thread_blocked, id=7488, stack(0x0000000019de0000,0x0000000019ee0000)]
  0x000000001809f000 JavaThread "C1 CompilerThread2" daemon [_thread_blocked, id=5980, stack(0x00000000198e0000,0x00000000199e0000)]
  0x000000001808c000 JavaThread "C2 CompilerThread1" daemon [_thread_blocked, id=5084, stack(0x00000000197e0000,0x00000000198e0000)]
=>0x0000000018085800 JavaThread "C2 CompilerThread0" daemon [_thread_in_native, id=6700, stack(0x00000000196e0000,0x00000000197e0000)]
  0x0000000018084000 JavaThread "Attach Listener" daemon [_thread_blocked, id=5932, stack(0x00000000195e0000,0x00000000196e0000)]
  0x0000000018080800 JavaThread "Signal Dispatcher" daemon [_thread_blocked, id=8328, stack(0x00000000194e0000,0x00000000195e0000)]
  0x000000000336b000 JavaThread "Finalizer" daemon [_thread_blocked, id=7120, stack(0x00000000192d0000,0x00000000193d0000)]
  0x0000000018069000 JavaThread "Reference Handler" daemon [_thread_blocked, id=8812, stack(0x00000000191d0000,0x00000000192d0000)]
  0x000000000345d800 JavaThread "main" [_thread_blocked, id=3820, stack(0x0000000003100000,0x0000000003200000)]

Other Threads:
  0x0000000018046000 VMThread [stack: 0x00000000190d0000,0x00000000191d0000] [id=5816]
  0x00000000180de800 WatcherThread [stack: 0x0000000019ee0000,0x0000000019fe0000] [id=8408]

VM state:not at safepoint (normal execution)

VM Mutex/Monitor currently owned by a thread: None

heap address: 0x0000000080000000, size: 2048 MB, Compressed Oops mode: 32-bit
Narrow klass base: 0x0000000000000000, Narrow klass shift: 3
Compressed class space size: 1073741824 Address: 0x0000000100000000

Heap:
 PSYoungGen      total 264704K, used 66737K [0x00000000d5580000, 0x00000000ee800000, 0x0000000100000000)
  eden space 150016K, 27% used [0x00000000d5580000,0x00000000d7e0a6b0,0x00000000de800000)
  from space 114688K, 21% used [0x00000000de800000,0x00000000e00a2140,0x00000000e5800000)
  to   space 111104K, 0% used [0x00000000e7b80000,0x00000000e7b80000,0x00000000ee800000)
 ParOldGen       total 330752K, used 159824K [0x0000000080000000, 0x0000000094300000, 0x00000000d5580000)
  object space 330752K, 48% used [0x0000000080000000,0x0000000089c140c8,0x0000000094300000)
 Metaspace       used 97077K, capacity 101362K, committed 101592K, reserved 1136640K
  class space    used 12699K, capacity 13479K, committed 13568K, reserved 1048576K

Card table byte_map: [0x0000000012820000,0x0000000012c30000] byte_map_base: 0x0000000012420000

Marking Bits: (ParMarkBitMap*) 0x00000000689ef030
 Begin Bits: [0x00000000132e0000, 0x00000000152e0000)
 End Bits:   [0x00000000152e0000, 0x00000000172e0000)

Polling page: 0x00000000018e0000

CodeCache: size=245760Kb used=44876Kb max_used=45335Kb free=200883Kb
 bounds [0x0000000003460000, 0x0000000006120000, 0x0000000012460000]
 total_blobs=14996 nmethods=13982 adapters=926
 compilation: enabled

Compilation events (10 events):
Event: 6820.680 Thread 0x000000001809f000 17272   !   3       org.gradle.initialization.DefaultBuildCancellationToken::isCancellationRequested (19 bytes)
Event: 6820.680 Thread 0x000000001809f000 nmethod 17272 0x000000000424a490 code [0x000000000424a5e0, 0x000000000424a8d0]
Event: 6820.684 Thread 0x000000001809f000 17273       3       java.io.ObjectOutputStream$HandleTable::<init> (45 bytes)
Event: 6820.685 Thread 0x000000001809f000 nmethod 17273 0x000000000585c910 code [0x000000000585cae0, 0x000000000585d218]
Event: 6820.689 Thread 0x000000001808c000 17274   !   4       java.util.concurrent.FutureTask::run (126 bytes)
Event: 6820.695 Thread 0x000000001808c000 nmethod 17274 0x00000000049aa150 code [0x00000000049aa2e0, 0x00000000049aa670]
Event: 6820.717 Thread 0x000000001809f000 17275   !   3       org.gradle.internal.hash.DefaultFileHasher::hash (71 bytes)
Event: 6820.719 Thread 0x000000001809f000 nmethod 17275 0x0000000005bb8010 code [0x0000000005bb82c0, 0x0000000005bb94c8]
Event: 6820.728 Thread 0x000000001809f000 17276       3       java.io.BufferedInputStream::fill (233 bytes)
Event: 6820.729 Thread 0x000000001809f000 nmethod 17276 0x0000000005a5eb50 code [0x0000000005a5edc0, 0x0000000005a5fcb8]

GC Heap History (10 events):
Event: 6777.513 GC heap before
{Heap before GC invocations=21 (full 3):
 PSYoungGen      total 193536K, used 193522K [0x00000000d5580000, 0x00000000e7400000, 0x0000000100000000)
  eden space 140288K, 100% used [0x00000000d5580000,0x00000000dde80000,0x00000000dde80000)
  from space 53248K, 99% used [0x00000000dde80000,0x00000000e127cb98,0x00000000e1280000)
  to   space 67584K, 0% used [0x00000000e3200000,0x00000000e3200000,0x00000000e7400000)
 ParOldGen       total 163328K, used 66411K [0x0000000080000000, 0x0000000089f80000, 0x00000000d5580000)
  object space 163328K, 40% used [0x0000000080000000,0x00000000840dad30,0x0000000089f80000)
 Metaspace       used 90266K, capacity 94286K, committed 94552K, reserved 1130496K
  class space    used 11837K, capacity 12594K, committed 12672K, reserved 1048576K
Event: 6777.732 GC heap after
Heap after GC invocations=21 (full 3):
 PSYoungGen      total 195584K, used 67580K [0x00000000d5580000, 0x00000000ebb80000, 0x0000000100000000)
  eden space 128000K, 0% used [0x00000000d5580000,0x00000000d5580000,0x00000000dd280000)
  from space 67584K, 99% used [0x00000000e3200000,0x00000000e73ff018,0x00000000e7400000)
  to   space 97792K, 0% used [0x00000000dd280000,0x00000000dd280000,0x00000000e3200000)
 ParOldGen       total 163328K, used 118361K [0x0000000080000000, 0x0000000089f80000, 0x00000000d5580000)
  object space 163328K, 72% used [0x0000000080000000,0x00000000873965f8,0x0000000089f80000)
 Metaspace       used 90266K, capacity 94286K, committed 94552K, reserved 1130496K
  class space    used 11837K, capacity 12594K, committed 12672K, reserved 1048576K
}
Event: 6781.457 GC heap before
{Heap before GC invocations=22 (full 3):
 PSYoungGen      total 195584K, used 195580K [0x00000000d5580000, 0x00000000ebb80000, 0x0000000100000000)
  eden space 128000K, 100% used [0x00000000d5580000,0x00000000dd280000,0x00000000dd280000)
  from space 67584K, 99% used [0x00000000e3200000,0x00000000e73ff018,0x00000000e7400000)
  to   space 97792K, 0% used [0x00000000dd280000,0x00000000dd280000,0x00000000e3200000)
 ParOldGen       total 163328K, used 118361K [0x0000000080000000, 0x0000000089f80000, 0x00000000d5580000)
  object space 163328K, 72% used [0x0000000080000000,0x00000000873965f8,0x0000000089f80000)
 Metaspace       used 92340K, capacity 96752K, committed 96984K, reserved 1132544K
  class space    used 12122K, capacity 12935K, committed 13056K, reserved 1048576K
Event: 6781.587 GC heap after
Heap after GC invocations=22 (full 3):
 PSYoungGen      total 225792K, used 81672K [0x00000000d5580000, 0x00000000ec200000, 0x0000000100000000)
  eden space 128000K, 0% used [0x00000000d5580000,0x00000000d5580000,0x00000000dd280000)
  from space 97792K, 83% used [0x00000000dd280000,0x00000000e2242398,0x00000000e3200000)
  to   space 108544K, 0% used [0x00000000e5800000,0x00000000e5800000,0x00000000ec200000)
 ParOldGen       total 163328K, used 131969K [0x0000000080000000, 0x0000000089f80000, 0x00000000d5580000)
  object space 163328K, 80% used [0x0000000080000000,0x00000000880e06b8,0x0000000089f80000)
 Metaspace       used 92340K, capacity 96752K, committed 96984K, reserved 1132544K
  class space    used 12122K, capacity 12935K, committed 13056K, reserved 1048576K
}
Event: 6782.580 GC heap before
{Heap before GC invocations=23 (full 3):
 PSYoungGen      total 225792K, used 193784K [0x00000000d5580000, 0x00000000ec200000, 0x0000000100000000)
  eden space 128000K, 87% used [0x00000000d5580000,0x00000000dc2fbd08,0x00000000dd280000)
  from space 97792K, 83% used [0x00000000dd280000,0x00000000e2242398,0x00000000e3200000)
  to   space 108544K, 0% used [0x00000000e5800000,0x00000000e5800000,0x00000000ec200000)
 ParOldGen       total 163328K, used 131969K [0x0000000080000000, 0x0000000089f80000, 0x00000000d5580000)
  object space 163328K, 80% used [0x0000000080000000,0x00000000880e06b8,0x0000000089f80000)
 Metaspace       used 92568K, capacity 97014K, committed 97240K, reserved 1134592K
  class space    used 12138K, capacity 12958K, committed 13056K, reserved 1048576K
Event: 6782.704 GC heap after
Heap after GC invocations=23 (full 3):
 PSYoungGen      total 258560K, used 75858K [0x00000000d5580000, 0x00000000ed380000, 0x0000000100000000)
  eden space 150016K, 0% used [0x00000000d5580000,0x00000000d5580000,0x00000000de800000)
  from space 108544K, 69% used [0x00000000e5800000,0x00000000ea214bb0,0x00000000ec200000)
  to   space 114688K, 0% used [0x00000000de800000,0x00000000de800000,0x00000000e5800000)
 ParOldGen       total 163328K, used 143357K [0x0000000080000000, 0x0000000089f80000, 0x00000000d5580000)
  object space 163328K, 87% used [0x0000000080000000,0x0000000088bff688,0x0000000089f80000)
 Metaspace       used 92568K, capacity 97014K, committed 97240K, reserved 1134592K
  class space    used 12138K, capacity 12958K, committed 13056K, reserved 1048576K
}
Event: 6782.704 GC heap before
{Heap before GC invocations=24 (full 4):
 PSYoungGen      total 258560K, used 75858K [0x00000000d5580000, 0x00000000ed380000, 0x0000000100000000)
  eden space 150016K, 0% used [0x00000000d5580000,0x00000000d5580000,0x00000000de800000)
  from space 108544K, 69% used [0x00000000e5800000,0x00000000ea214bb0,0x00000000ec200000)
  to   space 114688K, 0% used [0x00000000de800000,0x00000000de800000,0x00000000e5800000)
 ParOldGen       total 163328K, used 143357K [0x0000000080000000, 0x0000000089f80000, 0x00000000d5580000)
  object space 163328K, 87% used [0x0000000080000000,0x0000000088bff688,0x0000000089f80000)
 Metaspace       used 92568K, capacity 97014K, committed 97240K, reserved 1134592K
  class space    used 12138K, capacity 12958K, committed 13056K, reserved 1048576K
Event: 6783.873 GC heap after
Heap after GC invocations=24 (full 4):
 PSYoungGen      total 258560K, used 0K [0x00000000d5580000, 0x00000000ed380000, 0x0000000100000000)
  eden space 150016K, 0% used [0x00000000d5580000,0x00000000d5580000,0x00000000de800000)
  from space 108544K, 0% used [0x00000000e5800000,0x00000000e5800000,0x00000000ec200000)
  to   space 114688K, 0% used [0x00000000de800000,0x00000000de800000,0x00000000e5800000)
 ParOldGen       total 330752K, used 159816K [0x0000000080000000, 0x0000000094300000, 0x00000000d5580000)
  object space 330752K, 48% used [0x0000000080000000,0x0000000089c120c8,0x0000000094300000)
 Metaspace       used 92309K, capacity 96396K, committed 97240K, reserved 1134592K
  class space    used 12066K, capacity 12827K, committed 13056K, reserved 1048576K
}
Event: 6803.834 GC heap before
{Heap before GC invocations=25 (full 4):
 PSYoungGen      total 258560K, used 150016K [0x00000000d5580000, 0x00000000ed380000, 0x0000000100000000)
  eden space 150016K, 100% used [0x00000000d5580000,0x00000000de800000,0x00000000de800000)
  from space 108544K, 0% used [0x00000000e5800000,0x00000000e5800000,0x00000000ec200000)
  to   space 114688K, 0% used [0x00000000de800000,0x00000000de800000,0x00000000e5800000)
 ParOldGen       total 330752K, used 159816K [0x0000000080000000, 0x0000000094300000, 0x00000000d5580000)
  object space 330752K, 48% used [0x0000000080000000,0x0000000089c120c8,0x0000000094300000)
 Metaspace       used 94814K, capacity 98954K, committed 99544K, reserved 1136640K
  class space    used 12364K, capacity 13104K, committed 13312K, reserved 1048576K
Event: 6803.848 GC heap after
Heap after GC invocations=25 (full 4):
 PSYoungGen      total 264704K, used 25224K [0x00000000d5580000, 0x00000000ee800000, 0x0000000100000000)
  eden space 150016K, 0% used [0x00000000d5580000,0x00000000d5580000,0x00000000de800000)
  from space 114688K, 21% used [0x00000000de800000,0x00000000e00a2140,0x00000000e5800000)
  to   space 111104K, 0% used [0x00000000e7b80000,0x00000000e7b80000,0x00000000ee800000)
 ParOldGen       total 330752K, used 159824K [0x0000000080000000, 0x0000000094300000, 0x00000000d5580000)
  object space 330752K, 48% used [0x0000000080000000,0x0000000089c140c8,0x0000000094300000)
 Metaspace       used 94814K, capacity 98954K, committed 99544K, reserved 1136640K
  class space    used 12364K, capacity 13104K, committed 13312K, reserved 1048576K
}

Deoptimization events (10 events):
Event: 6809.319 Thread 0x000000001fe15000 Uncommon trap: reason=unstable_if action=reinterpret pc=0x0000000004c469dc method=java.io.ObjectInputStream.filterCheck(Ljava/lang/Class;I)V @ 4
Event: 6809.321 Thread 0x000000001fe15000 Uncommon trap: reason=predicate action=maybe_recompile pc=0x0000000004ed94cc method=java.io.ObjectInputStream$BlockDataInputStream.readFully([BIIZ)V @ 4
Event: 6809.321 Thread 0x000000001fe15000 Uncommon trap: reason=unstable_if action=reinterpret pc=0x000000000467adfc method=java.util.concurrent.ScheduledThreadPoolExecutor$DelayedWorkQueue.offer(Ljava/lang/Runnable;)Z @ 56
Event: 6809.325 Thread 0x000000001fe15000 Uncommon trap: reason=bimorphic action=maybe_recompile pc=0x0000000003b98274 method=java.io.DataOutputStream.writeShort(I)V @ 12
Event: 6809.452 Thread 0x000000001fe15000 Uncommon trap: reason=unstable_if action=reinterpret pc=0x00000000056ccb00 method=java.lang.String.valueOf(Ljava/lang/Object;)Ljava/lang/String; @ 1
Event: 6809.656 Thread 0x000000001a896800 Uncommon trap: reason=class_check action=maybe_recompile pc=0x000000000434cad0 method=java.lang.ThreadLocal.set(Ljava/lang/Object;)V @ 26
Event: 6809.656 Thread 0x000000001a896800 Uncommon trap: reason=unstable_if action=reinterpret pc=0x0000000004c243b4 method=java.io.BufferedInputStream.fill()V @ 9
Event: 6820.532 Thread 0x000000001a896800 Uncommon trap: reason=unstable_if action=reinterpret pc=0x000000000521c880 method=java.io.ObjectInputStream$BlockDataInputStream.readUTFSpan(Ljava/lang/StringBuilder;J)J @ 35
Event: 6820.571 Thread 0x000000001fe15000 Uncommon trap: reason=unstable_if action=reinterpret pc=0x0000000004ddcd84 method=org.gradle.internal.operations.DefaultBuildOperationExecutor$3.stop()V @ 61
Event: 6820.571 Thread 0x000000001fe15000 Uncommon trap: reason=unstable_if action=reinterpret pc=0x0000000004e10204 method=org.gradle.internal.operations.DefaultBuildOperationExecutor$1.execute(Lorg/gradle/internal/operations/BuildOperationDescriptor;Lorg/gradle/internal/operations/DefaultBuildO

Classes redefined (0 events):
No events

Internal exceptions (10 events):
Event: 6809.321 Thread 0x000000001a89b000 Exception <a 'java/lang/InterruptedException'> (0x00000000d742f300) thrown at [C:\src\AOSP-openjdk-git\hotspot\src\share\vm\runtime\objectMonitor.cpp, line 1680]
Event: 6809.337 Thread 0x000000001fe15000 Exception <a 'java/lang/NoSuchMethodError': <clinit>> (0x00000000d7466758) thrown at [C:\src\AOSP-openjdk-git\hotspot\src\share\vm\prims\jni.cpp, line 1615]
Event: 6809.338 Thread 0x000000001fe15000 Exception <a 'java/lang/NoSuchMethodError': <clinit>> (0x00000000d74746a8) thrown at [C:\src\AOSP-openjdk-git\hotspot\src\share\vm\prims\jni.cpp, line 1615]
Event: 6809.347 Thread 0x000000001fe15000 Exception <a 'java/lang/NoSuchMethodError': <clinit>> (0x00000000d7484260) thrown at [C:\src\AOSP-openjdk-git\hotspot\src\share\vm\prims\jni.cpp, line 1615]
Event: 6809.356 Thread 0x000000001fe15000 Exception <a 'java/lang/NoSuchMethodError': <clinit>> (0x00000000d74aac50) thrown at [C:\src\AOSP-openjdk-git\hotspot\src\share\vm\prims\jni.cpp, line 1615]
Event: 6809.540 Thread 0x000000001fe15000 Exception <a 'java/lang/NoSuchMethodError': <clinit>> (0x00000000d75ec958) thrown at [C:\src\AOSP-openjdk-git\hotspot\src\share\vm\prims\jni.cpp, line 1615]
Event: 6809.578 Thread 0x000000001fe15000 Exception <a 'java/lang/NoSuchMethodError': <clinit>> (0x00000000d76cb728) thrown at [C:\src\AOSP-openjdk-git\hotspot\src\share\vm\prims\jni.cpp, line 1615]
Event: 6820.570 Thread 0x000000001fe15000 Exception <a 'java/lang/reflect/InvocationTargetException'> (0x00000000d7a13d50) thrown at [C:\src\AOSP-openjdk-git\hotspot\src\share\vm\runtime\reflection.cpp, line 1092]
Event: 6820.588 Thread 0x000000001bf4b000 Exception <a 'java/lang/NoSuchMethodError': <clinit>> (0x00000000d7c37fc8) thrown at [C:\src\AOSP-openjdk-git\hotspot\src\share\vm\prims\jni.cpp, line 1615]
Event: 6820.590 Thread 0x000000001bf4b000 Exception <a 'java/lang/NoSuchMethodError': <clinit>> (0x00000000d7c52630) thrown at [C:\src\AOSP-openjdk-git\hotspot\src\share\vm\prims\jni.cpp, line 1615]

Events (10 events):
Event: 6820.576 loading class org/gradle/internal/build/event/types/DefaultFailure
Event: 6820.576 loading class org/gradle/internal/build/event/types/DefaultFailure done
Event: 6820.577 loading class org/gradle/tooling/internal/protocol/InternalFailure
Event: 6820.577 loading class org/gradle/tooling/internal/protocol/InternalFailure done
Event: 6820.578 loading class java/lang/Throwable$WrappedPrintWriter
Event: 6820.578 loading class java/lang/Throwable$PrintStreamOrWriter
Event: 6820.578 loading class java/lang/Throwable$PrintStreamOrWriter done
Event: 6820.578 loading class java/lang/Throwable$WrappedPrintWriter done
Event: 6820.581 loading class org/gradle/execution/plan/DefaultExecutionPlan
Event: 6820.581 loading class org/gradle/execution/plan/DefaultExecutionPlan done


Dynamic libraries:
0x00007ff653620000 - 0x00007ff653651000 	C:\Program Files\Android\Android Studio\jre\bin\java.exe
0x00007ffdf2130000 - 0x00007ffdf2325000 	C:\WINDOWS\SYSTEM32\ntdll.dll
0x00007ffdf0270000 - 0x00007ffdf032d000 	C:\WINDOWS\System32\KERNEL32.DLL
0x00007ffdefc50000 - 0x00007ffdeff18000 	C:\WINDOWS\System32\KERNELBASE.dll
0x00007ffdf14b0000 - 0x00007ffdf155c000 	C:\WINDOWS\System32\ADVAPI32.dll
0x00007ffdf1200000 - 0x00007ffdf129e000 	C:\WINDOWS\System32\msvcrt.dll
0x00007ffdf0f10000 - 0x00007ffdf0fab000 	C:\WINDOWS\System32\sechost.dll
0x00007ffdf0330000 - 0x00007ffdf045b000 	C:\WINDOWS\System32\RPCRT4.dll
0x00007ffdf1060000 - 0x00007ffdf1200000 	C:\WINDOWS\System32\USER32.dll
0x00007ffdeff20000 - 0x00007ffdeff42000 	C:\WINDOWS\System32\win32u.dll
0x00007ffdf20c0000 - 0x00007ffdf20ea000 	C:\WINDOWS\System32\GDI32.dll
0x00007ffdeffd0000 - 0x00007ffdf00db000 	C:\WINDOWS\System32\gdi32full.dll
0x00007ffdef870000 - 0x00007ffdef90d000 	C:\WINDOWS\System32\msvcp_win.dll
0x00007ffdefb50000 - 0x00007ffdefc50000 	C:\WINDOWS\System32\ucrtbase.dll
0x00007ffddbce0000 - 0x00007ffddbf7a000 	C:\WINDOWS\WinSxS\amd64_microsoft.windows.common-controls_6595b64144ccf1df_6.0.19041.844_none_ca00b6081b84eb1d\COMCTL32.dll
0x00007ffdf1030000 - 0x00007ffdf1060000 	C:\WINDOWS\System32\IMM32.DLL
0x0000000068140000 - 0x0000000068212000 	C:\Program Files\Android\Android Studio\jre\jre\bin\msvcr100.dll
0x0000000068220000 - 0x0000000068a6b000 	C:\Program Files\Android\Android Studio\jre\jre\bin\server\jvm.dll
0x00007ffdf0260000 - 0x00007ffdf0268000 	C:\WINDOWS\System32\PSAPI.DLL
0x00007ffde9150000 - 0x00007ffde9159000 	C:\WINDOWS\SYSTEM32\WSOCK32.dll
0x00007ffde3c30000 - 0x00007ffde3c3a000 	C:\WINDOWS\SYSTEM32\VERSION.dll
0x00007ffdf0fb0000 - 0x00007ffdf101b000 	C:\WINDOWS\System32\WS2_32.dll
0x00007ffde2dd0000 - 0x00007ffde2df7000 	C:\WINDOWS\SYSTEM32\WINMM.dll
0x00007ffde5350000 - 0x00007ffde535f000 	C:\Program Files\Android\Android Studio\jre\jre\bin\verify.dll
0x00007ffddf980000 - 0x00007ffddf9a9000 	C:\Program Files\Android\Android Studio\jre\jre\bin\java.dll
0x00007ffde0f60000 - 0x00007ffde0f76000 	C:\Program Files\Android\Android Studio\jre\jre\bin\zip.dll
0x00007ffdf0650000 - 0x00007ffdf0d92000 	C:\WINDOWS\System32\SHELL32.dll
0x00007ffded9c0000 - 0x00007ffdee150000 	C:\WINDOWS\SYSTEM32\windows.storage.dll
0x00007ffdf1cb0000 - 0x00007ffdf2005000 	C:\WINDOWS\System32\combase.dll
0x00007ffdef270000 - 0x00007ffdef29c000 	C:\WINDOWS\SYSTEM32\Wldp.dll
0x00007ffdf2010000 - 0x00007ffdf20be000 	C:\WINDOWS\System32\SHCORE.dll
0x00007ffdf12a0000 - 0x00007ffdf12f5000 	C:\WINDOWS\System32\shlwapi.dll
0x00007ffdef7b0000 - 0x00007ffdef7cf000 	C:\WINDOWS\SYSTEM32\profapi.dll
0x00007ffddf960000 - 0x00007ffddf97a000 	C:\Program Files\Android\Android Studio\jre\jre\bin\net.dll
0x00007ffdeef80000 - 0x00007ffdeefea000 	C:\WINDOWS\system32\mswsock.dll
0x00007ffddf940000 - 0x00007ffddf953000 	C:\Program Files\Android\Android Studio\jre\jre\bin\nio.dll
0x00007ffde92d0000 - 0x00007ffde92f7000 	C:\Users\rafae\.gradle\native\f6784746aeab05261644944871eae4fe03e0ef1612fff0a4a95f87b438bc6780\windows-amd64\native-platform.dll
0x00007ffde5140000 - 0x00007ffde514d000 	C:\Program Files\Android\Android Studio\jre\jre\bin\management.dll
0x00007ffdef150000 - 0x00007ffdef168000 	C:\WINDOWS\SYSTEM32\CRYPTSP.dll
0x00007ffdee920000 - 0x00007ffdee954000 	C:\WINDOWS\system32\rsaenh.dll
0x00007ffdef910000 - 0x00007ffdef937000 	C:\WINDOWS\System32\bcrypt.dll
0x00007ffdef770000 - 0x00007ffdef79e000 	C:\WINDOWS\SYSTEM32\USERENV.dll
0x00007ffdeff50000 - 0x00007ffdeffd0000 	C:\WINDOWS\System32\bcryptprimitives.dll
0x00007ffdef170000 - 0x00007ffdef17c000 	C:\WINDOWS\SYSTEM32\CRYPTBASE.dll
0x00007ffdeec70000 - 0x00007ffdeecab000 	C:\WINDOWS\SYSTEM32\IPHLPAPI.DLL
0x00007ffdf1ae0000 - 0x00007ffdf1ae8000 	C:\WINDOWS\System32\NSI.dll
0x00007ffde8af0000 - 0x00007ffde8b07000 	C:\WINDOWS\SYSTEM32\dhcpcsvc6.DLL
0x00007ffde8bc0000 - 0x00007ffde8bdd000 	C:\WINDOWS\SYSTEM32\dhcpcsvc.DLL
0x00007ffdeecb0000 - 0x00007ffdeed7c000 	C:\WINDOWS\SYSTEM32\DNSAPI.dll
0x00007ffde90f0000 - 0x00007ffde90fb000 	C:\WINDOWS\SYSTEM32\WINNSI.DLL
0x00007ffdee670000 - 0x00007ffdee6a3000 	C:\WINDOWS\SYSTEM32\ntmarta.dll
0x00007ffdcbe60000 - 0x00007ffdcbffc000 	C:\Program Files\Android\Android Studio\jre\jre\bin\awt.dll
0x00007ffdf0190000 - 0x00007ffdf025d000 	C:\WINDOWS\System32\OLEAUT32.dll
0x00007ffded400000 - 0x00007ffded42f000 	C:\WINDOWS\SYSTEM32\dwmapi.dll
0x00007ffdeb800000 - 0x00007ffdebdc0000 	C:\WINDOWS\SYSTEM32\d2d1.dll
0x00007ffded250000 - 0x00007ffded2e0000 	C:\WINDOWS\SYSTEM32\apphelp.dll
0x00007ffded300000 - 0x00007ffded39e000 	C:\WINDOWS\system32\uxtheme.dll
0x00007ffde4c40000 - 0x00007ffde4c5e000 	C:\Users\rafae\AppData\Local\Temp\native-platform5037965184739030491dir\native-platform.dll

VM Arguments:
jvm_args: -Xmx2048m -Dfile.encoding=UTF-8 -Duser.country=BR -Duser.language=pt -Duser.variant 
java_command: org.gradle.launcher.daemon.bootstrap.GradleDaemon 6.5
java_class_path (initial): C:\Users\rafae\.gradle\wrapper\dists\gradle-6.5-all\2oz4ud9k3tuxjg84bbf55q0tn\gradle-6.5\lib\gradle-launcher-6.5.jar
Launcher Type: SUN_STANDARD

Environment Variables:
JAVA_HOME=C:\Program Files\Java\jdk-16.0.1\jre
PATH=C:\WINDOWS\system32;C:\WINDOWS;C:\WINDOWS\System32\Wbem;C:\WINDOWS\System32\WindowsPowerShell\v1.0\;C:\WINDOWS\System32\OpenSSH\;C:\Program Files\Java\jdk-16\bin;C:\Program Files\Git\cmd;C:\Program Files\dotnet\;C:\Users\rafae\AppData\Local\Microsoft\WindowsApps;C:\Program Files\JetBrains\IntelliJ IDEA Community Edition 2021.1\bin;;C:\Users\rafae\AppData\Local\GitHubDesktop\bin
USERNAME=Rafael
OS=Windows_NT
PROCESSOR_IDENTIFIER=Intel64 Family 6 Model 61 Stepping 4, GenuineIntel



---------------  S Y S T E M  ---------------

OS: Windows 10.0 , 64 bit Build 19041 (10.0.19041.928)

CPU:total 4 (initial active 4) (2 cores per cpu, 2 threads per core) family 6 model 61 stepping 4, cmov, cx8, fxsr, mmx, sse, sse2, sse3, ssse3, sse4.1, sse4.2, popcnt, avx, avx2, aes, clmul, erms, 3dnowpref, lzcnt, ht, tsc, tscinvbit, bmi1, bmi2, adx

Memory: 4k page, physical 8301016k(701672k free), swap 8301016k(3488k free)

vm_info: OpenJDK 64-Bit Server VM (25.242-b01) for windows-amd64 JRE (1.8.0_242-release-1644-b01), built by "builder" with MS VC++ 10.0 (VS2010)

time: Sat May 22 00:01:10 2021
timezone: Hora oficial do Brasil
elapsed time: 6820 seconds (0d 1h 53m 40s)

