#
# There is insufficient memory for the Java Runtime Environment to continue.
# Native memory allocation (malloc) failed to allocate 1437424 bytes for Chunk::new
# Possible reasons:
#   The system is out of physical RAM or swap space
#   The process is running with CompressedOops enabled, and the Java Heap may be blocking the growth of the native heap
# Possible solutions:
#   Reduce memory load on the system
#   Increase physical memory or swap space
#   Check if swap backing store is full
#   Decrease Java heap size (-Xmx/-Xms)
#   Decrease number of Java threads
#   Decrease Java thread stack sizes (-Xss)
#   Set larger code cache with -XX:ReservedCodeCacheSize=
#   JVM is running with Unscaled Compressed Oops mode in which the Java heap is
#     placed in the first 4GB address space. The Java Heap base address is the
#     maximum limit for the native heap growth. Please use -XX:HeapBaseMinAddress
#     to set the Java Heap base and to place the Java Heap above 4GB virtual address.
# This output file may be truncated or incomplete.
#
#  Out of Memory Error (allocation.cpp:389), pid=7948, tid=0x00000000000023f8
#
# JRE version: OpenJDK Runtime Environment (8.0_242-b01) (build 1.8.0_242-release-1644-b01)
# Java VM: OpenJDK 64-Bit Server VM (25.242-b01 mixed mode windows-amd64 compressed oops)
# Failed to write core dump. Minidumps are not enabled by default on client versions of Windows
#

---------------  T H R E A D  ---------------

Current thread (0x0000000017b31000):  JavaThread "C2 CompilerThread1" daemon [_thread_in_native, id=9208, stack(0x0000000019280000,0x0000000019380000)]

Stack: [0x0000000019280000,0x0000000019380000]
[error occurred during error reporting (printing stack bounds), id 0xc0000005]

Native frames: (J=compiled Java code, j=interpreted, Vv=VM code, C=native code)


Current CompileTask:
C2:   2774 1682       4       java.net.URLClassLoader$1::run (5 bytes)


---------------  P R O C E S S  ---------------

Java Threads: ( => current thread )
  0x00000000194b2800 JavaThread "Service Thread" daemon [_thread_blocked, id=6540, stack(0x0000000019880000,0x0000000019980000)]
  0x0000000017b35800 JavaThread "C1 CompilerThread2" daemon [_thread_blocked, id=5740, stack(0x0000000019380000,0x0000000019480000)]
=>0x0000000017b31000 JavaThread "C2 CompilerThread1" daemon [_thread_in_native, id=9208, stack(0x0000000019280000,0x0000000019380000)]
  0x0000000017b25000 JavaThread "C2 CompilerThread0" daemon [_thread_in_native, id=6796, stack(0x0000000019180000,0x0000000019280000)]
  0x0000000017b29800 JavaThread "Attach Listener" daemon [_thread_blocked, id=6948, stack(0x0000000019080000,0x0000000019180000)]
  0x0000000017b28800 JavaThread "Signal Dispatcher" daemon [_thread_blocked, id=7052, stack(0x0000000018f80000,0x0000000019080000)]
  0x0000000002fad800 JavaThread "Finalizer" daemon [_thread_blocked, id=5092, stack(0x0000000018d70000,0x0000000018e70000)]
  0x0000000017b09000 JavaThread "Reference Handler" daemon [_thread_blocked, id=2656, stack(0x0000000018c70000,0x0000000018d70000)]
  0x000000000156e800 JavaThread "main" [_thread_in_Java, id=2256, stack(0x0000000002db0000,0x0000000002eb0000)]

Other Threads:
  0x0000000017ae5800 VMThread [stack: 0x0000000018b70000,0x0000000018c70000] [id=6660]
  0x00000000194bd800 WatcherThread [stack: 0x0000000019980000,0x0000000019a80000] [id=8668]

VM state:not at safepoint (normal execution)

VM Mutex/Monitor currently owned by a thread: None

heap address: 0x0000000081400000, size: 2028 MB, Compressed Oops mode: 32-bit
Narrow klass base: 0x0000000000000000, Narrow klass shift: 3
Compressed class space size: 1073741824 Address: 0x0000000100000000

Heap:
 PSYoungGen      total 71680K, used 33785K [0x00000000d5c00000, 0x00000000de800000, 0x0000000100000000)
  eden space 66560K, 50% used [0x00000000d5c00000,0x00000000d7cfe6a8,0x00000000d9d00000)
  from space 5120K, 0% used [0x00000000d9d00000,0x00000000d9d00000,0x00000000da200000)
  to   space 5120K, 0% used [0x00000000de300000,0x00000000de300000,0x00000000de800000)
 ParOldGen       total 94720K, used 21964K [0x0000000081400000, 0x0000000087080000, 0x00000000d5c00000)
  object space 94720K, 23% used [0x0000000081400000,0x0000000082973358,0x0000000087080000)
 Metaspace       used 25341K, capacity 25892K, committed 25984K, reserved 1071104K
  class space    used 3236K, capacity 3410K, committed 3456K, reserved 1048576K

Card table byte_map: [0x0000000012370000,0x0000000012770000] byte_map_base: 0x0000000011f66000

Marking Bits: (ParMarkBitMap*) 0x0000000050d9f030
 Begin Bits: [0x0000000012e20000, 0x0000000014dd0000)
 End Bits:   [0x0000000014dd0000, 0x0000000016d80000)

Polling page: 0x0000000001510000

CodeCache: size=245760Kb used=5729Kb max_used=5733Kb free=240030Kb
 bounds [0x0000000002fb0000, 0x0000000003550000, 0x0000000011fb0000]
 total_blobs=2350 nmethods=1889 adapters=373
 compilation: enabled

Compilation events (10 events):
Event: 2.713 Thread 0x0000000017b25000 nmethod 1840 0x0000000003541790 code [0x00000000035419e0, 0x0000000003542e40]
Event: 2.713 Thread 0x0000000017b25000 1869       4       java.util.zip.ZipEntry::<init> (43 bytes)
Event: 2.713 Thread 0x0000000017b25000 nmethod 1869 0x000000000353e8d0 code [0x000000000353ea00, 0x000000000353ea98]
Event: 2.713 Thread 0x0000000017b25000 1871       4       org.jetbrains.kotlin.com.intellij.openapi.vfs.impl.ZipEntryMap::get (82 bytes)
Event: 2.733 Thread 0x0000000017b25000 nmethod 1871 0x000000000353ee50 code [0x000000000353efe0, 0x000000000353f9b8]
Event: 2.733 Thread 0x0000000017b25000 1872       4       org.jetbrains.kotlin.com.intellij.openapi.vfs.impl.ZipEntryMap::isTheOne (139 bytes)
Event: 2.747 Thread 0x0000000017b25000 nmethod 1872 0x000000000353dad0 code [0x000000000353dc60, 0x000000000353e358]
Event: 2.747 Thread 0x0000000017b25000 1873       4       org.jetbrains.kotlin.com.intellij.openapi.vfs.impl.ZipEntryMap::put (80 bytes)
Event: 2.748 Thread 0x0000000017b35800 1888       2       gnu.trove.THashMap$EntryView$EntryIterator::objectAtIndex (40 bytes)
Event: 2.748 Thread 0x0000000017b35800 nmethod 1888 0x0000000003541210 code [0x0000000003541380, 0x00000000035415d0]

GC Heap History (8 events):
Event: 0.829 GC heap before
{Heap before GC invocations=1 (full 0):
 PSYoungGen      total 38400K, used 33280K [0x00000000d5c00000, 0x00000000d8680000, 0x0000000100000000)
  eden space 33280K, 100% used [0x00000000d5c00000,0x00000000d7c80000,0x00000000d7c80000)
  from space 5120K, 0% used [0x00000000d8180000,0x00000000d8180000,0x00000000d8680000)
  to   space 5120K, 0% used [0x00000000d7c80000,0x00000000d7c80000,0x00000000d8180000)
 ParOldGen       total 87552K, used 0K [0x0000000081400000, 0x0000000086980000, 0x00000000d5c00000)
  object space 87552K, 0% used [0x0000000081400000,0x0000000081400000,0x0000000086980000)
 Metaspace       used 10279K, capacity 10458K, committed 10624K, reserved 1058816K
  class space    used 1083K, capacity 1147K, committed 1152K, reserved 1048576K
Event: 0.839 GC heap after
Heap after GC invocations=1 (full 0):
 PSYoungGen      total 38400K, used 5108K [0x00000000d5c00000, 0x00000000da700000, 0x0000000100000000)
  eden space 33280K, 0% used [0x00000000d5c00000,0x00000000d5c00000,0x00000000d7c80000)
  from space 5120K, 99% used [0x00000000d7c80000,0x00000000d817d2f0,0x00000000d8180000)
  to   space 5120K, 0% used [0x00000000da200000,0x00000000da200000,0x00000000da700000)
 ParOldGen       total 87552K, used 2590K [0x0000000081400000, 0x0000000086980000, 0x00000000d5c00000)
  object space 87552K, 2% used [0x0000000081400000,0x0000000081687bc0,0x0000000086980000)
 Metaspace       used 10279K, capacity 10458K, committed 10624K, reserved 1058816K
  class space    used 1083K, capacity 1147K, committed 1152K, reserved 1048576K
}
Event: 1.515 GC heap before
{Heap before GC invocations=2 (full 0):
 PSYoungGen      total 38400K, used 38388K [0x00000000d5c00000, 0x00000000da700000, 0x0000000100000000)
  eden space 33280K, 100% used [0x00000000d5c00000,0x00000000d7c80000,0x00000000d7c80000)
  from space 5120K, 99% used [0x00000000d7c80000,0x00000000d817d2f0,0x00000000d8180000)
  to   space 5120K, 0% used [0x00000000da200000,0x00000000da200000,0x00000000da700000)
 ParOldGen       total 87552K, used 2590K [0x0000000081400000, 0x0000000086980000, 0x00000000d5c00000)
  object space 87552K, 2% used [0x0000000081400000,0x0000000081687bc0,0x0000000086980000)
 Metaspace       used 15976K, capacity 16344K, committed 16640K, reserved 1064960K
  class space    used 1821K, capacity 1944K, committed 2048K, reserved 1048576K
Event: 1.530 GC heap after
Heap after GC invocations=2 (full 0):
 PSYoungGen      total 71680K, used 5104K [0x00000000d5c00000, 0x00000000da700000, 0x0000000100000000)
  eden space 66560K, 0% used [0x00000000d5c00000,0x00000000d5c00000,0x00000000d9d00000)
  from space 5120K, 99% used [0x00000000da200000,0x00000000da6fc010,0x00000000da700000)
  to   space 5120K, 0% used [0x00000000d9d00000,0x00000000d9d00000,0x00000000da200000)
 ParOldGen       total 87552K, used 7581K [0x0000000081400000, 0x0000000086980000, 0x00000000d5c00000)
  object space 87552K, 8% used [0x0000000081400000,0x0000000081b67490,0x0000000086980000)
 Metaspace       used 15976K, capacity 16344K, committed 16640K, reserved 1064960K
  class space    used 1821K, capacity 1944K, committed 2048K, reserved 1048576K
}
Event: 2.018 GC heap before
{Heap before GC invocations=3 (full 0):
 PSYoungGen      total 71680K, used 36443K [0x00000000d5c00000, 0x00000000da700000, 0x0000000100000000)
  eden space 66560K, 47% used [0x00000000d5c00000,0x00000000d7a9ac38,0x00000000d9d00000)
  from space 5120K, 99% used [0x00000000da200000,0x00000000da6fc010,0x00000000da700000)
  to   space 5120K, 0% used [0x00000000d9d00000,0x00000000d9d00000,0x00000000da200000)
 ParOldGen       total 87552K, used 7581K [0x0000000081400000, 0x0000000086980000, 0x00000000d5c00000)
  object space 87552K, 8% used [0x0000000081400000,0x0000000081b67490,0x0000000086980000)
 Metaspace       used 20692K, capacity 21178K, committed 21248K, reserved 1069056K
  class space    used 2367K, capacity 2527K, committed 2560K, reserved 1048576K
Event: 2.042 GC heap after
Heap after GC invocations=3 (full 0):
 PSYoungGen      total 71680K, used 5088K [0x00000000d5c00000, 0x00000000de800000, 0x0000000100000000)
  eden space 66560K, 0% used [0x00000000d5c00000,0x00000000d5c00000,0x00000000d9d00000)
  from space 5120K, 99% used [0x00000000d9d00000,0x00000000da1f8030,0x00000000da200000)
  to   space 5120K, 0% used [0x00000000de300000,0x00000000de300000,0x00000000de800000)
 ParOldGen       total 87552K, used 24614K [0x0000000081400000, 0x0000000086980000, 0x00000000d5c00000)
  object space 87552K, 28% used [0x0000000081400000,0x0000000082c098a0,0x0000000086980000)
 Metaspace       used 20692K, capacity 21178K, committed 21248K, reserved 1069056K
  class space    used 2367K, capacity 2527K, committed 2560K, reserved 1048576K
}
Event: 2.042 GC heap before
{Heap before GC invocations=4 (full 1):
 PSYoungGen      total 71680K, used 5088K [0x00000000d5c00000, 0x00000000de800000, 0x0000000100000000)
  eden space 66560K, 0% used [0x00000000d5c00000,0x00000000d5c00000,0x00000000d9d00000)
  from space 5120K, 99% used [0x00000000d9d00000,0x00000000da1f8030,0x00000000da200000)
  to   space 5120K, 0% used [0x00000000de300000,0x00000000de300000,0x00000000de800000)
 ParOldGen       total 87552K, used 24614K [0x0000000081400000, 0x0000000086980000, 0x00000000d5c00000)
  object space 87552K, 28% used [0x0000000081400000,0x0000000082c098a0,0x0000000086980000)
 Metaspace       used 20692K, capacity 21178K, committed 21248K, reserved 1069056K
  class space    used 2367K, capacity 2527K, committed 2560K, reserved 1048576K
Event: 2.138 GC heap after
Heap after GC invocations=4 (full 1):
 PSYoungGen      total 71680K, used 0K [0x00000000d5c00000, 0x00000000de800000, 0x0000000100000000)
  eden space 66560K, 0% used [0x00000000d5c00000,0x00000000d5c00000,0x00000000d9d00000)
  from space 5120K, 0% used [0x00000000d9d00000,0x00000000d9d00000,0x00000000da200000)
  to   space 5120K, 0% used [0x00000000de300000,0x00000000de300000,0x00000000de800000)
 ParOldGen       total 94720K, used 21964K [0x0000000081400000, 0x0000000087080000, 0x00000000d5c00000)
  object space 94720K, 23% used [0x0000000081400000,0x0000000082973358,0x0000000087080000)
 Metaspace       used 20692K, capacity 21178K, committed 21248K, reserved 1069056K
  class space    used 2367K, capacity 2527K, committed 2560K, reserved 1048576K
}

Deoptimization events (10 events):
Event: 1.826 Thread 0x000000000156e800 Uncommon trap: reason=class_check action=maybe_recompile pc=0x000000000344cb74 method=java.util.zip.InflaterInputStream.read([BII)I @ 100
Event: 1.879 Thread 0x000000000156e800 Uncommon trap: reason=unstable_if action=reinterpret pc=0x000000000346db28 method=java.util.Arrays.hashCode([B)I @ 1
Event: 1.900 Thread 0x000000000156e800 Uncommon trap: reason=unstable_if action=reinterpret pc=0x00000000034779cc method=com.sun.nio.zipfs.ZipFileSystem.getParent([B)[B @ 21
Event: 1.915 Thread 0x000000000156e800 Uncommon trap: reason=class_check action=maybe_recompile pc=0x000000000344cb74 method=java.util.zip.InflaterInputStream.read([BII)I @ 100
Event: 2.186 Thread 0x000000000156e800 Uncommon trap: reason=unstable_if action=reinterpret pc=0x000000000340b7b0 method=java.lang.String.startsWith(Ljava/lang/String;I)Z @ 25
Event: 2.186 Thread 0x000000000156e800 Uncommon trap: reason=unstable_if action=reinterpret pc=0x000000000316b4c8 method=java.lang.String.startsWith(Ljava/lang/String;I)Z @ 25
Event: 2.325 Thread 0x000000000156e800 Uncommon trap: reason=class_check action=maybe_recompile pc=0x000000000341a644 method=java.util.regex.Pattern$CharProperty.match(Ljava/util/regex/Matcher;ILjava/lang/CharSequence;)Z @ 18
Event: 2.326 Thread 0x000000000156e800 Uncommon trap: reason=class_check action=maybe_recompile pc=0x000000000341a644 method=java.util.regex.Pattern$CharProperty.match(Ljava/util/regex/Matcher;ILjava/lang/CharSequence;)Z @ 18
Event: 2.654 Thread 0x000000000156e800 Uncommon trap: reason=unstable_if action=reinterpret pc=0x0000000003520b70 method=org.jetbrains.kotlin.com.intellij.openapi.vfs.impl.ZipEntryMap.isTheOne(Lorg/jetbrains/kotlin/com/intellij/openapi/vfs/impl/ArchiveHandler$EntryInfo;Ljava/lang/CharSequence;
Event: 2.674 Thread 0x000000000156e800 Uncommon trap: reason=unstable_if action=reinterpret pc=0x0000000003535de4 method=org.jetbrains.kotlin.com.intellij.openapi.vfs.impl.ZipEntryMap.isTheOne(Lorg/jetbrains/kotlin/com/intellij/openapi/vfs/impl/ArchiveHandler$EntryInfo;Ljava/lang/CharSequence;

Classes redefined (0 events):
No events

Internal exceptions (10 events):
Event: 0.513 Thread 0x000000000156e800 Exception <a 'java/security/PrivilegedActionException'> (0x00000000d6c12510) thrown at [C:\src\AOSP-openjdk-git\hotspot\src\share\vm\prims\jvm.cpp, line 1502]
Event: 0.664 Thread 0x000000000156e800 Implicit null exception at 0x000000000313105b to 0x0000000003131205
Event: 0.785 Thread 0x000000000156e800 Exception <a 'java/lang/ArrayIndexOutOfBoundsException'> (0x00000000d79eef10) thrown at [C:\src\AOSP-openjdk-git\hotspot\src\share\vm\runtime\sharedRuntime.cpp, line 605]
Event: 1.013 Thread 0x000000000156e800 Exception <a 'java/lang/ArrayIndexOutOfBoundsException'> (0x00000000d63d06a0) thrown at [C:\src\AOSP-openjdk-git\hotspot\src\share\vm\runtime\sharedRuntime.cpp, line 605]
Event: 1.645 Thread 0x000000000156e800 Exception <a 'java/lang/NoSuchMethodError': java.lang.Object.lambda$static$0()J> (0x00000000d611eaf8) thrown at [C:\src\AOSP-openjdk-git\hotspot\src\share\vm\interpreter\linkResolver.cpp, line 620]
Event: 1.879 Thread 0x000000000156e800 Implicit null exception at 0x000000000346d993 to 0x000000000346db0e
Event: 1.992 Thread 0x000000000156e800 Exception <a 'java/lang/NoSuchMethodError': java.lang.Object.lambda$static$0(I)[Lorg/jetbrains/kotlin/com/intellij/openapi/editor/event/DocumentListener;> (0x00000000d7890528) thrown at [C:\src\AOSP-openjdk-git\hotspot\src\share\vm\interpreter\linkResolve
Event: 2.159 Thread 0x000000000156e800 Exception <a 'java/lang/NoSuchMethodError': java.lang.Object.lambda$static$0(I)[Lorg/jetbrains/kotlin/com/intellij/psi/PsiAnnotation;> (0x00000000d5c82a60) thrown at [C:\src\AOSP-openjdk-git\hotspot\src\share\vm\interpreter\linkResolver.cpp, line 620]
Event: 2.302 Thread 0x000000000156e800 Exception <a 'java/lang/NoSuchMethodError': java.lang.Object.lambda$static$0(I)[Lorg/jetbrains/kotlin/com/intellij/psi/PsiElement;> (0x00000000d63af630) thrown at [C:\src\AOSP-openjdk-git\hotspot\src\share\vm\interpreter\linkResolver.cpp, line 620]
Event: 2.355 Thread 0x000000000156e800 Exception <a 'java/lang/NoSuchMethodError': java.lang.Object.lambda$comparing$77a9974f$1(Ljava/util/function/Function;Ljava/lang/Object;Ljava/lang/Object;)I> (0x00000000d658bcb8) thrown at [C:\src\AOSP-openjdk-git\hotspot\src\share\vm\interpreter\linkReso

Events (10 events):
Event: 2.577 loading class java/util/zip/ZipUtils
Event: 2.577 loading class java/util/zip/ZipUtils done
Event: 2.654 Thread 0x000000000156e800 Uncommon trap: trap_request=0xffffff65 fr.pc=0x0000000003520b70
Event: 2.654 Thread 0x000000000156e800 DEOPT PACKING pc=0x0000000003520b70 sp=0x0000000002eae170
Event: 2.654 Thread 0x000000000156e800 DEOPT UNPACKING pc=0x0000000002ff557b sp=0x0000000002eae128 mode 2
Event: 2.672 Thread 0x000000000156e800 DEOPT PACKING pc=0x00000000031d0b0d sp=0x0000000002eae010
Event: 2.672 Thread 0x000000000156e800 DEOPT UNPACKING pc=0x0000000002ff75d0 sp=0x0000000002eadd60 mode 0
Event: 2.674 Thread 0x000000000156e800 Uncommon trap: trap_request=0xffffff65 fr.pc=0x0000000003535de4
Event: 2.674 Thread 0x000000000156e800 DEOPT PACKING pc=0x0000000003535de4 sp=0x0000000002eae1d0
Event: 2.674 Thread 0x000000000156e800 DEOPT UNPACKING pc=0x0000000002ff557b sp=0x0000000002eae128 mode 2


Dynamic libraries:
0x00007ff7fd350000 - 0x00007ff7fd381000 	C:\Program Files\Android\Android Studio\jre\jre\bin\java.exe
0x00007fff1aa90000 - 0x00007fff1ac85000 	C:\WINDOWS\SYSTEM32\ntdll.dll
0x00007fff1a170000 - 0x00007fff1a22d000 	C:\WINDOWS\System32\KERNEL32.DLL
0x00007fff186a0000 - 0x00007fff18968000 	C:\WINDOWS\System32\KERNELBASE.dll
0x00007fff19320000 - 0x00007fff193cc000 	C:\WINDOWS\System32\ADVAPI32.dll
0x00007fff1a5c0000 - 0x00007fff1a65e000 	C:\WINDOWS\System32\msvcrt.dll
0x00007fff1a6c0000 - 0x00007fff1a75b000 	C:\WINDOWS\System32\sechost.dll
0x00007fff1a470000 - 0x00007fff1a59b000 	C:\WINDOWS\System32\RPCRT4.dll
0x00007fff193d0000 - 0x00007fff19570000 	C:\WINDOWS\System32\USER32.dll
0x00007fff18510000 - 0x00007fff18532000 	C:\WINDOWS\System32\win32u.dll
0x00007fff199e0000 - 0x00007fff19a0a000 	C:\WINDOWS\System32\GDI32.dll
0x00007fff18400000 - 0x00007fff1850b000 	C:\WINDOWS\System32\gdi32full.dll
0x00007fff18360000 - 0x00007fff183fd000 	C:\WINDOWS\System32\msvcp_win.dll
0x00007fff189c0000 - 0x00007fff18ac0000 	C:\WINDOWS\System32\ucrtbase.dll
0x00007fff04ed0000 - 0x00007fff0516a000 	C:\WINDOWS\WinSxS\amd64_microsoft.windows.common-controls_6595b64144ccf1df_6.0.19041.844_none_ca00b6081b84eb1d\COMCTL32.dll
0x00007fff1a890000 - 0x00007fff1a8c0000 	C:\WINDOWS\System32\IMM32.DLL
0x00000000504f0000 - 0x00000000505c2000 	C:\Program Files\Android\Android Studio\jre\jre\bin\msvcr100.dll
0x00000000505d0000 - 0x0000000050e1b000 	C:\Program Files\Android\Android Studio\jre\jre\bin\server\jvm.dll
0x00007fff19a10000 - 0x00007fff19a18000 	C:\WINDOWS\System32\PSAPI.DLL
0x00007fff0ef50000 - 0x00007fff0ef5a000 	C:\WINDOWS\SYSTEM32\VERSION.dll
0x00007fff0e9f0000 - 0x00007fff0ea17000 	C:\WINDOWS\SYSTEM32\WINMM.dll
0x00007fff12280000 - 0x00007fff12289000 	C:\WINDOWS\SYSTEM32\WSOCK32.dll
0x00007fff18f30000 - 0x00007fff18f9b000 	C:\WINDOWS\System32\WS2_32.dll
0x00007fff12250000 - 0x00007fff1225f000 	C:\Program Files\Android\Android Studio\jre\jre\bin\verify.dll
0x00007fff09b60000 - 0x00007fff09b89000 	C:\Program Files\Android\Android Studio\jre\jre\bin\java.dll
0x00007fff08660000 - 0x00007fff08676000 	C:\Program Files\Android\Android Studio\jre\jre\bin\zip.dll
0x00007fff19a20000 - 0x00007fff1a162000 	C:\WINDOWS\System32\SHELL32.dll
0x00007fff16310000 - 0x00007fff16aa1000 	C:\WINDOWS\SYSTEM32\windows.storage.dll
0x00007fff18bd0000 - 0x00007fff18f25000 	C:\WINDOWS\System32\combase.dll
0x00007fff17c40000 - 0x00007fff17c6c000 	C:\WINDOWS\SYSTEM32\Wldp.dll
0x00007fff1a9a0000 - 0x00007fff1aa4e000 	C:\WINDOWS\System32\SHCORE.dll
0x00007fff1a660000 - 0x00007fff1a6b5000 	C:\WINDOWS\System32\shlwapi.dll
0x00007fff18110000 - 0x00007fff1812f000 	C:\WINDOWS\SYSTEM32\profapi.dll
0x00007fff07540000 - 0x00007fff0755a000 	C:\Program Files\Android\Android Studio\jre\jre\bin\net.dll
0x00007fff179b0000 - 0x00007fff17a1a000 	C:\WINDOWS\system32\mswsock.dll
0x00007fff07100000 - 0x00007fff07113000 	C:\Program Files\Android\Android Studio\jre\jre\bin\nio.dll

VM Arguments:
java_command: org.jetbrains.kotlin.cli.jvm.K2JVMCompiler @D:\Development\GitHub\CifraCherry\app\build\20210430_5903245386627424934.compiler.options
java_class_path (initial): C:\Users\rafae\.gradle\caches\modules-2\files-2.1\org.jetbrains.kotlin\kotlin-compiler-embeddable\1.4.32\b4fc9be460ca88eecea2303e142ce2920bd14775\kotlin-compiler-embeddable-1.4.32.jar;C:\Users\rafae\.gradle\caches\modules-2\files-2.1\org.jetbrains.kotlin\kotlin-reflect\1.4.32\ce852b166d97f0f1991b5130c2bb02e2ef6c554e\kotlin-reflect-1.4.32.jar;C:\Users\rafae\.gradle\caches\modules-2\files-2.1\org.jetbrains.kotlin\kotlin-stdlib\1.4.32\461367948840adbb0839c51d91ed74ef4a9ccb52\kotlin-stdlib-1.4.32.jar;C:\Users\rafae\.gradle\caches\modules-2\files-2.1\org.jetbrains.kotlin\kotlin-script-runtime\1.4.32\bac50b0748be017dbc13fc1cb7231b1c9da0e106\kotlin-script-runtime-1.4.32.jar;C:\Users\rafae\.gradle\caches\modules-2\files-2.1\org.jetbrains.kotlin\kotlin-daemon-embeddable\1.4.32\b40c5de5adea26ebb4e5fc36945c482ac20acee2\kotlin-daemon-embeddable-1.4.32.jar;C:\Users\rafae\.gradle\caches\modules-2\files-2.1\org.jetbrains.intellij.deps\trove4j\1.0.20181211\216c2e14b070f334479d800987affe4054cd563f\trove4j-1.0.20181211.jar;C:\Users\rafae\.gradle\caches\modules-2\files-2.1\org.jetbrains.kotlin\kotlin-stdlib-common\1.4.32\ef50bfa2c0491a11dcc35d9822edbfd6170e1ea2\kotlin-stdlib-common-1.4.32.jar;C:\Users\rafae\.gradle\caches\modules-2\files-2.1\org.jetbrains\annotations\13.0\919f0dfe192fb4e063e7dacadee7f8bb9a2672a9\annotations-13.0.jar;C:\Program Files\Android\Android Studio\jre\lib\tools.jar
Launcher Type: SUN_STANDARD

Environment Variables:
JAVA_HOME=C:\Program Files\Android\Android Studio\jre\jre
PATH=C:\Program Files\Common Files\Oracle\Java\javapath;C:\WINDOWS\system32;C:\WINDOWS;C:\WINDOWS\System32\Wbem;C:\WINDOWS\System32\WindowsPowerShell\v1.0\;C:\WINDOWS\System32\OpenSSH\;C:\Program Files\Java\jdk-16\bin;C:\Program Files\Git\cmd;C:\Program Files\dotnet\;C:\Users\rafae\AppData\Local\Microsoft\WindowsApps;C:\Program Files\JetBrains\IntelliJ IDEA Community Edition 2021.1\bin;;C:\Users\rafae\AppData\Local\GitHubDesktop\bin
USERNAME=Rafael
OS=Windows_NT
PROCESSOR_IDENTIFIER=Intel64 Family 6 Model 61 Stepping 4, GenuineIntel



---------------  S Y S T E M  ---------------

OS: Windows 10.0 , 64 bit Build 19041 (10.0.19041.928)

CPU:total 4 (initial active 4) (2 cores per cpu, 2 threads per core) family 6 model 61 stepping 4, cmov, cx8, fxsr, mmx, sse, sse2, sse3, ssse3, sse4.1, sse4.2, popcnt, avx, avx2, aes, clmul, erms, 3dnowpref, lzcnt, ht, tsc, tscinvbit, bmi1, bmi2, adx

Memory: 4k page, physical 8301016k(914164k free), swap 8301016k(5444k free)

vm_info: OpenJDK 64-Bit Server VM (25.242-b01) for windows-amd64 JRE (1.8.0_242-release-1644-b01), built by "builder" with MS VC++ 10.0 (VS2010)

time: Fri Apr 30 15:59:10 2021
timezone: Hora oficial do Brasil
elapsed time: 2 seconds (0d 0h 0m 2s)

