#
# There is insufficient memory for the Java Runtime Environment to continue.
# Native memory allocation (malloc) failed to allocate 32744 bytes for ChunkPool::allocate
# Possible reasons:
#   The system is out of physical RAM or swap space
#   The process is running with CompressedOops enabled, and the Java Heap may be blocking the growth of the native heap
# Possible solutions:
#   Reduce memory load on the system
#   Increase physical memory or swap space
#   Check if swap backing store is full
#   Decrease Java heap size (-Xmx/-Xms)
#   Decrease number of Java threads
#   Decrease Java thread stack sizes (-Xss)
#   Set larger code cache with -XX:ReservedCodeCacheSize=
#   JVM is running with Unscaled Compressed Oops mode in which the Java heap is
#     placed in the first 4GB address space. The Java Heap base address is the
#     maximum limit for the native heap growth. Please use -XX:HeapBaseMinAddress
#     to set the Java Heap base and to place the Java Heap above 4GB virtual address.
# This output file may be truncated or incomplete.
#
#  Out of Memory Error (allocation.cpp:272), pid=1236, tid=0x000000000000046c
#
# JRE version: OpenJDK Runtime Environment (8.0_242-b01) (build 1.8.0_242-release-1644-b01)
# Java VM: OpenJDK 64-Bit Server VM (25.242-b01 mixed mode windows-amd64 compressed oops)
# Failed to write core dump. Minidumps are not enabled by default on client versions of Windows
#

---------------  T H R E A D  ---------------

Current thread (0x000000000237e800):  JavaThread "main" [_thread_in_vm, id=1132, stack(0x0000000002250000,0x0000000002350000)]

Stack: [0x0000000002250000,0x0000000002350000]
[error occurred during error reporting (printing stack bounds), id 0xc0000005]

Native frames: (J=compiled Java code, j=interpreted, Vv=VM code, C=native code)

Java frames: (J=compiled Java code, j=interpreted, Vv=VM code)
J 525  java.lang.ClassLoader.defineClass1(Ljava/lang/String;[BIILjava/security/ProtectionDomain;Ljava/lang/String;)Ljava/lang/Class; (0 bytes) @ 0x00000000026b971f [0x00000000026b9680+0x9f]
J 494 C1 java.lang.ClassLoader.defineClass(Ljava/lang/String;[BIILjava/security/ProtectionDomain;)Ljava/lang/Class; (43 bytes) @ 0x00000000026a3224 [0x00000000026a2c40+0x5e4]
J 438 C1 java.net.URLClassLoader.defineClass(Ljava/lang/String;Lsun/misc/Resource;)Ljava/lang/Class; (142 bytes) @ 0x0000000002672924 [0x0000000002670dc0+0x1b64]
J 364 C1 java.net.URLClassLoader$1.run()Ljava/lang/Class; (63 bytes) @ 0x000000000263ff2c [0x000000000263fc60+0x2cc]
J 363 C1 java.net.URLClassLoader$1.run()Ljava/lang/Object; (5 bytes) @ 0x000000000263f8cc [0x000000000263f840+0x8c]
v  ~StubRoutines::call_stub
J 315  java.security.AccessController.doPrivileged(Ljava/security/PrivilegedExceptionAction;Ljava/security/AccessControlContext;)Ljava/lang/Object; (0 bytes) @ 0x00000000026243a6 [0x0000000002624340+0x66]
J 333 C1 java.net.URLClassLoader.findClass(Ljava/lang/String;)Ljava/lang/Class; (47 bytes) @ 0x000000000262ec04 [0x000000000262ea80+0x184]
J 127 C1 java.lang.ClassLoader.loadClass(Ljava/lang/String;Z)Ljava/lang/Class; (122 bytes) @ 0x00000000025bfcec [0x00000000025bf380+0x96c]
J 309 C1 sun.misc.Launcher$AppClassLoader.loadClass(Ljava/lang/String;Z)Ljava/lang/Class; (85 bytes) @ 0x00000000026221ac [0x0000000002621800+0x9ac]
J 308 C1 java.lang.ClassLoader.loadClass(Ljava/lang/String;)Ljava/lang/Class; (7 bytes) @ 0x00000000026125cc [0x00000000026124c0+0x10c]
v  ~StubRoutines::call_stub
j  kotlin.reflect.jvm.internal.impl.serialization.deserialization.descriptors.DeserializedMemberScope$OptimizedImplementation.<init>(Lkotlin/reflect/jvm/internal/impl/serialization/deserialization/descriptors/DeserializedMemberScope;Ljava/util/List;Ljava/util/List;Ljava/util/List;)V+829
j  kotlin.reflect.jvm.internal.impl.serialization.deserialization.descriptors.DeserializedMemberScope.createImplementation(Ljava/util/List;Ljava/util/List;Ljava/util/List;)Lkotlin/reflect/jvm/internal/impl/serialization/deserialization/descriptors/DeserializedMemberScope$Implementation;+43
j  kotlin.reflect.jvm.internal.impl.serialization.deserialization.descriptors.DeserializedMemberScope.<init>(Lkotlin/reflect/jvm/internal/impl/serialization/deserialization/DeserializationContext;Ljava/util/List;Ljava/util/List;Ljava/util/List;Lkotlin/jvm/functions/Function0;)V+47
j  kotlin.reflect.jvm.internal.impl.serialization.deserialization.descriptors.DeserializedClassDescriptor$DeserializedClassMemberScope.<init>(Lkotlin/reflect/jvm/internal/impl/serialization/deserialization/descriptors/DeserializedClassDescriptor;Lkotlin/reflect/jvm/internal/impl/types/checker/KotlinTypeRefiner;)V+269
j  kotlin.reflect.jvm.internal.impl.serialization.deserialization.descriptors.DeserializedClassDescriptor$memberScopeHolder$1.invoke(Lkotlin/reflect/jvm/internal/impl/types/checker/KotlinTypeRefiner;)Lkotlin/reflect/jvm/internal/impl/serialization/deserialization/descriptors/DeserializedClassDescriptor$DeserializedClassMemberScope;+18
j  kotlin.reflect.jvm.internal.impl.serialization.deserialization.descriptors.DeserializedClassDescriptor$memberScopeHolder$1.invoke(Ljava/lang/Object;)Ljava/lang/Object;+5
j  kotlin.reflect.jvm.internal.impl.descriptors.ScopesHolderForClass$scopeForOwnerModule$2.invoke()Lkotlin/reflect/jvm/internal/impl/resolve/scopes/MemberScope;+14
j  kotlin.reflect.jvm.internal.impl.descriptors.ScopesHolderForClass$scopeForOwnerModule$2.invoke()Ljava/lang/Object;+1
j  kotlin.reflect.jvm.internal.impl.storage.LockBasedStorageManager$LockBasedLazyValue.invoke()Ljava/lang/Object;+156
j  kotlin.reflect.jvm.internal.impl.storage.LockBasedStorageManager$LockBasedNotNullLazyValue.invoke()Ljava/lang/Object;+1
j  kotlin.reflect.jvm.internal.impl.storage.StorageKt.getValue(Lkotlin/reflect/jvm/internal/impl/storage/NotNullLazyValue;Ljava/lang/Object;Lkotlin/reflect/KProperty;)Ljava/lang/Object;+13
j  kotlin.reflect.jvm.internal.impl.descriptors.ScopesHolderForClass.getScopeForOwnerModule()Lkotlin/reflect/jvm/internal/impl/resolve/scopes/MemberScope;+10
j  kotlin.reflect.jvm.internal.impl.descriptors.ScopesHolderForClass.getScope(Lkotlin/reflect/jvm/internal/impl/types/checker/KotlinTypeRefiner;)Lkotlin/reflect/jvm/internal/impl/resolve/scopes/MemberScope;+24
j  kotlin.reflect.jvm.internal.impl.serialization.deserialization.descriptors.DeserializedClassDescriptor.getUnsubstitutedMemberScope(Lkotlin/reflect/jvm/internal/impl/types/checker/KotlinTypeRefiner;)Lkotlin/reflect/jvm/internal/impl/resolve/scopes/MemberScope;+11
j  kotlin.reflect.jvm.internal.impl.descriptors.impl.AbstractClassDescriptor.getUnsubstitutedMemberScope()Lkotlin/reflect/jvm/internal/impl/resolve/scopes/MemberScope;+8
j  kotlin.reflect.jvm.internal.impl.descriptors.impl.AbstractClassDescriptor$1.invoke()Lkotlin/reflect/jvm/internal/impl/types/SimpleType;+8
j  kotlin.reflect.jvm.internal.impl.descriptors.impl.AbstractClassDescriptor$1.invoke()Ljava/lang/Object;+1
j  kotlin.reflect.jvm.internal.impl.storage.LockBasedStorageManager$LockBasedLazyValue.invoke()Ljava/lang/Object;+156
j  kotlin.reflect.jvm.internal.impl.storage.LockBasedStorageManager$LockBasedNotNullLazyValue.invoke()Ljava/lang/Object;+1
j  kotlin.reflect.jvm.internal.impl.descriptors.impl.AbstractClassDescriptor.getDefaultType()Lkotlin/reflect/jvm/internal/impl/types/SimpleType;+4
j  kotlin.reflect.jvm.internal.KClassImpl.getMemberScope$kotlin_reflection()Lkotlin/reflect/jvm/internal/impl/resolve/scopes/MemberScope;+4
j  kotlin.reflect.jvm.internal.KClassImpl$Data$declaredNonStaticMembers$2.invoke()Ljava/util/Collection;+14
j  kotlin.reflect.jvm.internal.KClassImpl$Data$declaredNonStaticMembers$2.invoke()Ljava/lang/Object;+1
j  kotlin.reflect.jvm.internal.ReflectProperties$LazySoftVal.invoke()Ljava/lang/Object;+28
j  kotlin.reflect.jvm.internal.ReflectProperties$Val.getValue(Ljava/lang/Object;Ljava/lang/Object;)Ljava/lang/Object;+1
j  kotlin.reflect.jvm.internal.KClassImpl$Data.getDeclaredNonStaticMembers()Ljava/util/Collection;+11
j  kotlin.reflect.jvm.internal.KClassImpl$Data$allNonStaticMembers$2.invoke()Ljava/util/List;+4
j  kotlin.reflect.jvm.internal.KClassImpl$Data$allNonStaticMembers$2.invoke()Ljava/lang/Object;+1
j  kotlin.reflect.jvm.internal.ReflectProperties$LazySoftVal.invoke()Ljava/lang/Object;+28
j  kotlin.reflect.jvm.internal.ReflectProperties$Val.getValue(Ljava/lang/Object;Ljava/lang/Object;)Ljava/lang/Object;+1
j  kotlin.reflect.jvm.internal.KClassImpl$Data.getAllNonStaticMembers()Ljava/util/Collection;+11
j  kotlin.reflect.full.KClasses.getMemberProperties(Lkotlin/reflect/KClass;)Ljava/util/Collection;+19
j  org.jetbrains.kotlin.cli.common.arguments.ParseCommandLineArgumentsKt.parsePreprocessedCommandLineArguments(Ljava/util/List;Lorg/jetbrains/kotlin/cli/common/arguments/CommonToolArguments;Lorg/jetbrains/kotlin/cli/common/arguments/ArgumentParseErrors;)V+7
j  org.jetbrains.kotlin.cli.common.arguments.ParseCommandLineArgumentsKt.parseCommandLineArguments(Ljava/util/List;Lorg/jetbrains/kotlin/cli/common/arguments/CommonToolArguments;)V+77
j  org.jetbrains.kotlin.cli.common.CLITool.exec(Ljava/io/PrintStream;Lorg/jetbrains/kotlin/config/Services;Lorg/jetbrains/kotlin/cli/common/messages/MessageRenderer;[Ljava/lang/String;)Lorg/jetbrains/kotlin/cli/common/ExitCode;+38
j  org.jetbrains.kotlin.cli.common.CLITool.exec(Ljava/io/PrintStream;Lorg/jetbrains/kotlin/cli/common/messages/MessageRenderer;[Ljava/lang/String;)Lorg/jetbrains/kotlin/cli/common/ExitCode;+25
j  org.jetbrains.kotlin.cli.common.CLITool$Companion.doMainNoExit(Lorg/jetbrains/kotlin/cli/common/CLITool;[Ljava/lang/String;Lorg/jetbrains/kotlin/cli/common/messages/MessageRenderer;)Lorg/jetbrains/kotlin/cli/common/ExitCode;+54
j  org.jetbrains.kotlin.cli.common.CLITool$Companion.doMainNoExit$default(Lorg/jetbrains/kotlin/cli/common/CLITool$Companion;Lorg/jetbrains/kotlin/cli/common/CLITool;[Ljava/lang/String;Lorg/jetbrains/kotlin/cli/common/messages/MessageRenderer;ILjava/lang/Object;)Lorg/jetbrains/kotlin/cli/common/ExitCode;+16
j  org.jetbrains.kotlin.cli.common.CLITool$Companion.doMain(Lorg/jetbrains/kotlin/cli/common/CLITool;[Ljava/lang/String;)V+53
j  org.jetbrains.kotlin.cli.jvm.K2JVMCompiler$Companion.main([Ljava/lang/String;)V+20
j  org.jetbrains.kotlin.cli.jvm.K2JVMCompiler.main([Ljava/lang/String;)V+4
v  ~StubRoutines::call_stub

---------------  P R O C E S S  ---------------

Java Threads: ( => current thread )
  0x000000001707d000 JavaThread "Service Thread" daemon [_thread_blocked, id=9696, stack(0x0000000018da0000,0x0000000018ea0000)]
  0x000000001703b800 JavaThread "C1 CompilerThread2" daemon [_thread_blocked, id=8352, stack(0x00000000188a0000,0x00000000189a0000)]
  0x000000001702b800 JavaThread "C2 CompilerThread1" daemon [_thread_in_native, id=5208, stack(0x00000000187a0000,0x00000000188a0000)]
  0x0000000017025000 JavaThread "C2 CompilerThread0" daemon [_thread_blocked, id=7684, stack(0x00000000186a0000,0x00000000187a0000)]
  0x0000000017023800 JavaThread "Attach Listener" daemon [_thread_blocked, id=7596, stack(0x00000000185a0000,0x00000000186a0000)]
  0x0000000017022800 JavaThread "Signal Dispatcher" daemon [_thread_blocked, id=9208, stack(0x00000000184a0000,0x00000000185a0000)]
  0x000000000247b800 JavaThread "Finalizer" daemon [_thread_blocked, id=3660, stack(0x0000000018280000,0x0000000018380000)]
  0x0000000017009000 JavaThread "Reference Handler" daemon [_thread_blocked, id=7476, stack(0x0000000018180000,0x0000000018280000)]
=>0x000000000237e800 JavaThread "main" [_thread_in_vm, id=1132, stack(0x0000000002250000,0x0000000002350000)]

Other Threads:
  0x0000000016fe5800 VMThread [stack: 0x0000000018080000,0x0000000018180000] [id=3772]
  0x000000001707d800 WatcherThread [stack: 0x0000000018ea0000,0x0000000018fa0000] [id=8360]

VM state:not at safepoint (normal execution)

VM Mutex/Monitor currently owned by a thread: None

heap address: 0x0000000081400000, size: 2028 MB, Compressed Oops mode: 32-bit
Narrow klass base: 0x0000000000000000, Narrow klass shift: 3
Compressed class space size: 1073741824 Address: 0x0000000100000000

Heap:
 PSYoungGen      total 38400K, used 29379K [0x00000000d5c00000, 0x00000000d8680000, 0x0000000100000000)
  eden space 33280K, 88% used [0x00000000d5c00000,0x00000000d78b0e20,0x00000000d7c80000)
  from space 5120K, 0% used [0x00000000d8180000,0x00000000d8180000,0x00000000d8680000)
  to   space 5120K, 0% used [0x00000000d7c80000,0x00000000d7c80000,0x00000000d8180000)
 ParOldGen       total 87552K, used 0K [0x0000000081400000, 0x0000000086980000, 0x00000000d5c00000)
  object space 87552K, 0% used [0x0000000081400000,0x0000000081400000,0x0000000086980000)
 Metaspace       used 9646K, capacity 9802K, committed 10112K, reserved 1058816K
  class space    used 1007K, capacity 1083K, committed 1152K, reserved 1048576K

Card table byte_map: [0x0000000011840000,0x0000000011c40000] byte_map_base: 0x0000000011436000

Marking Bits: (ParMarkBitMap*) 0x000000006157f030
 Begin Bits: [0x00000000122f0000, 0x00000000142a0000)
 End Bits:   [0x00000000142a0000, 0x0000000016250000)

Polling page: 0x0000000002230000

CodeCache: size=245760Kb used=2521Kb max_used=2536Kb free=243238Kb
 bounds [0x0000000002480000, 0x0000000002700000, 0x0000000011480000]
 total_blobs=970 nmethods=649 adapters=235
 compilation: enabled

Compilation events (10 events):
Event: 0.768 Thread 0x000000001703b800 nmethod 642 0x00000000026ebe90 code [0x00000000026ec020, 0x00000000026ec338]
Event: 0.768 Thread 0x000000001703b800  643       3       kotlin.reflect.jvm.internal.impl.protobuf.CodedOutputStream::writeInt32NoTag (19 bytes)
Event: 0.768 Thread 0x000000001703b800 nmethod 643 0x00000000026ec490 code [0x00000000026ec640, 0x00000000026ecd68]
Event: 0.768 Thread 0x000000001703b800  644       3       kotlin.reflect.jvm.internal.impl.protobuf.CodedOutputStream::writeInt32 (12 bytes)
Event: 0.768 Thread 0x000000001703b800 nmethod 644 0x00000000026ecf50 code [0x00000000026ed0e0, 0x00000000026ed6c8]
Event: 0.768 Thread 0x000000001703b800  645       3       kotlin.reflect.jvm.internal.impl.protobuf.CodedOutputStream::writeRawBytes (11 bytes)
Event: 0.769 Thread 0x000000001703b800 nmethod 645 0x00000000026ed890 code [0x00000000026eda00, 0x00000000026edcf8]
Event: 0.769 Thread 0x000000001703b800  646       3       kotlin.reflect.jvm.internal.impl.protobuf.CodedOutputStream::writeRawBytes (157 bytes)
Event: 0.769 Thread 0x000000001703b800 nmethod 646 0x00000000026eddd0 code [0x00000000026edf80, 0x00000000026ee548]
Event: 0.769 Thread 0x000000001703b800  647       3       kotlin.reflect.jvm.internal.impl.protobuf.ByteString::copyTo (220 bytes)

GC Heap History (0 events):
No events

Deoptimization events (6 events):
Event: 0.417 Thread 0x000000000237e800 Uncommon trap: reason=unstable_if action=reinterpret pc=0x000000000265621c method=java.io.BufferedReader.read()I @ 19
Event: 0.549 Thread 0x000000000237e800 Uncommon trap: reason=unstable_if action=reinterpret pc=0x000000000268eaf4 method=sun.misc.URLClassPath.getLoader(I)Lsun/misc/URLClassPath$Loader; @ 36
Event: 0.550 Thread 0x000000000237e800 Uncommon trap: reason=unstable_if action=reinterpret pc=0x00000000026823d8 method=sun.misc.URLClassPath.getLoader(I)Lsun/misc/URLClassPath$Loader; @ 36
Event: 0.553 Thread 0x000000000237e800 Uncommon trap: reason=unstable_if action=reinterpret pc=0x000000000264f208 method=java.lang.String.indexOf([CII[CIII)I @ 134
Event: 0.687 Thread 0x000000000237e800 Uncommon trap: reason=null_check action=make_not_entrant pc=0x00000000025fc694 method=java.lang.String.equals(Ljava/lang/Object;)Z @ 8
Event: 0.719 Thread 0x000000000237e800 Uncommon trap: reason=unstable_if action=reinterpret pc=0x000000000264a6f4 method=java.lang.Integer.valueOf(I)Ljava/lang/Integer; @ 10

Classes redefined (0 events):
No events

Internal exceptions (10 events):
Event: 0.037 Thread 0x000000000237e800 Exception <a 'java/lang/NoSuchMethodError': Method sun.misc.Unsafe.prefetchRead(Ljava/lang/Object;J)V name or signature does not match> (0x00000000d5c07fb0) thrown at [C:\src\AOSP-openjdk-git\hotspot\src\share\vm\prims\jni.cpp, line 4013]
Event: 0.225 Thread 0x000000000237e800 Exception <a 'java/lang/NoSuchFieldError': method resolution failed> (0x00000000d5f6e7a0) thrown at [C:\src\AOSP-openjdk-git\hotspot\src\share\vm\prims\methodHandles.cpp, line 1167]
Event: 0.232 Thread 0x000000000237e800 Exception <a 'java/lang/NoSuchFieldError': method resolution failed> (0x00000000d5f7bb20) thrown at [C:\src\AOSP-openjdk-git\hotspot\src\share\vm\prims\methodHandles.cpp, line 1167]
Event: 0.550 Thread 0x000000000237e800 Exception <a 'java/security/PrivilegedActionException'> (0x00000000d6c11748) thrown at [C:\src\AOSP-openjdk-git\hotspot\src\share\vm\prims\jvm.cpp, line 1502]
Event: 0.550 Thread 0x000000000237e800 Exception <a 'java/security/PrivilegedActionException'> (0x00000000d6c11b40) thrown at [C:\src\AOSP-openjdk-git\hotspot\src\share\vm\prims\jvm.cpp, line 1502]
Event: 0.551 Thread 0x000000000237e800 Exception <a 'java/security/PrivilegedActionException'> (0x00000000d6c15d00) thrown at [C:\src\AOSP-openjdk-git\hotspot\src\share\vm\prims\jvm.cpp, line 1502]
Event: 0.551 Thread 0x000000000237e800 Exception <a 'java/security/PrivilegedActionException'> (0x00000000d6c160f8) thrown at [C:\src\AOSP-openjdk-git\hotspot\src\share\vm\prims\jvm.cpp, line 1502]
Event: 0.552 Thread 0x000000000237e800 Exception <a 'java/security/PrivilegedActionException'> (0x00000000d6c17be8) thrown at [C:\src\AOSP-openjdk-git\hotspot\src\share\vm\prims\jvm.cpp, line 1502]
Event: 0.552 Thread 0x000000000237e800 Exception <a 'java/security/PrivilegedActionException'> (0x00000000d6c17fe0) thrown at [C:\src\AOSP-openjdk-git\hotspot\src\share\vm\prims\jvm.cpp, line 1502]
Event: 0.687 Thread 0x000000000237e800 Implicit null exception at 0x00000000025fc4db to 0x00000000025fc685

Events (10 events):
Event: 0.762 loading class kotlin/reflect/jvm/internal/impl/protobuf/SmallSortedMap$EntryIterator
Event: 0.762 loading class kotlin/reflect/jvm/internal/impl/protobuf/SmallSortedMap$EntryIterator done
Event: 0.769 loading class kotlin/reflect/jvm/internal/impl/serialization/deserialization/descriptors/DeserializedMemberScope$OptimizedImplementation$functions$1
Event: 0.769 loading class kotlin/reflect/jvm/internal/impl/serialization/deserialization/descriptors/DeserializedMemberScope$OptimizedImplementation$functions$1 done
Event: 0.770 loading class kotlin/reflect/jvm/internal/impl/serialization/deserialization/descriptors/DeserializedMemberScope$OptimizedImplementation$properties$1
Event: 0.770 loading class kotlin/reflect/jvm/internal/impl/serialization/deserialization/descriptors/DeserializedMemberScope$OptimizedImplementation$properties$1 done
Event: 0.770 loading class kotlin/reflect/jvm/internal/impl/serialization/deserialization/descriptors/DeserializedMemberScope$OptimizedImplementation$typeAliasByName$1
Event: 0.770 loading class kotlin/reflect/jvm/internal/impl/serialization/deserialization/descriptors/DeserializedMemberScope$OptimizedImplementation$typeAliasByName$1 done
Event: 0.770 loading class kotlin/reflect/jvm/internal/impl/serialization/deserialization/descriptors/DeserializedMemberScope$OptimizedImplementation$functionNames$2
Event: 0.770 loading class kotlin/reflect/jvm/internal/impl/serialization/deserialization/descriptors/DeserializedMemberScope$OptimizedImplementation$functionNames$2 done


Dynamic libraries:
0x00007ff6e4c60000 - 0x00007ff6e4c91000 	C:\Program Files\Android\Android Studio\jre\jre\bin\java.exe
0x00007fffc8d90000 - 0x00007fffc8f85000 	C:\WINDOWS\SYSTEM32\ntdll.dll
0x00007fffc88f0000 - 0x00007fffc89ad000 	C:\WINDOWS\System32\KERNEL32.DLL
0x00007fffc65b0000 - 0x00007fffc6878000 	C:\WINDOWS\System32\KERNELBASE.dll
0x00007fffc7860000 - 0x00007fffc790c000 	C:\WINDOWS\System32\ADVAPI32.dll
0x00007fffc7690000 - 0x00007fffc772e000 	C:\WINDOWS\System32\msvcrt.dll
0x00007fffc7140000 - 0x00007fffc71db000 	C:\WINDOWS\System32\sechost.dll
0x00007fffc7730000 - 0x00007fffc785b000 	C:\WINDOWS\System32\RPCRT4.dll
0x00007fffc6fa0000 - 0x00007fffc7140000 	C:\WINDOWS\System32\USER32.dll
0x00007fffc64d0000 - 0x00007fffc64f2000 	C:\WINDOWS\System32\win32u.dll
0x00007fffc8b90000 - 0x00007fffc8bba000 	C:\WINDOWS\System32\GDI32.dll
0x00007fffc6910000 - 0x00007fffc6a1b000 	C:\WINDOWS\System32\gdi32full.dll
0x00007fffc6d50000 - 0x00007fffc6ded000 	C:\WINDOWS\System32\msvcp_win.dll
0x00007fffc6a70000 - 0x00007fffc6b70000 	C:\WINDOWS\System32\ucrtbase.dll
0x00007fffb2880000 - 0x00007fffb2b1a000 	C:\WINDOWS\WinSxS\amd64_microsoft.windows.common-controls_6595b64144ccf1df_6.0.19041.844_none_ca00b6081b84eb1d\COMCTL32.dll
0x00007fffc7660000 - 0x00007fffc7690000 	C:\WINDOWS\System32\IMM32.DLL
0x0000000060cd0000 - 0x0000000060da2000 	C:\Program Files\Android\Android Studio\jre\jre\bin\msvcr100.dll
0x0000000060db0000 - 0x00000000615fb000 	C:\Program Files\Android\Android Studio\jre\jre\bin\server\jvm.dll
0x00007fffc7920000 - 0x00007fffc7928000 	C:\WINDOWS\System32\PSAPI.DLL
0x00007fffbeca0000 - 0x00007fffbeca9000 	C:\WINDOWS\SYSTEM32\WSOCK32.dll
0x00007fffb99c0000 - 0x00007fffb99e7000 	C:\WINDOWS\SYSTEM32\WINMM.dll
0x00007fffc8550000 - 0x00007fffc85bb000 	C:\WINDOWS\System32\WS2_32.dll
0x00007fffbaaa0000 - 0x00007fffbaaaa000 	C:\WINDOWS\SYSTEM32\VERSION.dll
0x00007fffbea60000 - 0x00007fffbea6f000 	C:\Program Files\Android\Android Studio\jre\jre\bin\verify.dll
0x00007fffb1a70000 - 0x00007fffb1a99000 	C:\Program Files\Android\Android Studio\jre\jre\bin\java.dll
0x00007fffb5620000 - 0x00007fffb5636000 	C:\Program Files\Android\Android Studio\jre\jre\bin\zip.dll
0x00007fffc7930000 - 0x00007fffc8072000 	C:\WINDOWS\System32\SHELL32.dll
0x00007fffc4620000 - 0x00007fffc4db0000 	C:\WINDOWS\SYSTEM32\windows.storage.dll
0x00007fffc71e0000 - 0x00007fffc7535000 	C:\WINDOWS\System32\combase.dll
0x00007fffc5f40000 - 0x00007fffc5f6c000 	C:\WINDOWS\SYSTEM32\Wldp.dll
0x00007fffc89b0000 - 0x00007fffc8a5e000 	C:\WINDOWS\System32\SHCORE.dll
0x00007fffc8bc0000 - 0x00007fffc8c15000 	C:\WINDOWS\System32\shlwapi.dll
0x00007fffc6410000 - 0x00007fffc642f000 	C:\WINDOWS\SYSTEM32\profapi.dll

VM Arguments:
java_command: org.jetbrains.kotlin.cli.jvm.K2JVMCompiler @D:\Development\GitHub\CifraCherry\app\build\20210518_6176536744505034417.compiler.options
java_class_path (initial): C:\Users\rafae\.gradle\caches\modules-2\files-2.1\org.jetbrains.kotlin\kotlin-compiler-embeddable\1.4.32\b4fc9be460ca88eecea2303e142ce2920bd14775\kotlin-compiler-embeddable-1.4.32.jar;C:\Users\rafae\.gradle\caches\modules-2\files-2.1\org.jetbrains.kotlin\kotlin-reflect\1.4.32\ce852b166d97f0f1991b5130c2bb02e2ef6c554e\kotlin-reflect-1.4.32.jar;C:\Users\rafae\.gradle\caches\modules-2\files-2.1\org.jetbrains.kotlin\kotlin-stdlib\1.4.32\461367948840adbb0839c51d91ed74ef4a9ccb52\kotlin-stdlib-1.4.32.jar;C:\Users\rafae\.gradle\caches\modules-2\files-2.1\org.jetbrains.kotlin\kotlin-script-runtime\1.4.32\bac50b0748be017dbc13fc1cb7231b1c9da0e106\kotlin-script-runtime-1.4.32.jar;C:\Users\rafae\.gradle\caches\modules-2\files-2.1\org.jetbrains.kotlin\kotlin-daemon-embeddable\1.4.32\b40c5de5adea26ebb4e5fc36945c482ac20acee2\kotlin-daemon-embeddable-1.4.32.jar;C:\Users\rafae\.gradle\caches\modules-2\files-2.1\org.jetbrains.intellij.deps\trove4j\1.0.20181211\216c2e14b070f334479d800987affe4054cd563f\trove4j-1.0.20181211.jar;C:\Users\rafae\.gradle\caches\modules-2\files-2.1\org.jetbrains.kotlin\kotlin-stdlib-common\1.4.32\ef50bfa2c0491a11dcc35d9822edbfd6170e1ea2\kotlin-stdlib-common-1.4.32.jar;C:\Users\rafae\.gradle\caches\modules-2\files-2.1\org.jetbrains\annotations\13.0\919f0dfe192fb4e063e7dacadee7f8bb9a2672a9\annotations-13.0.jar;C:\Program Files\Android\Android Studio\jre\lib\tools.jar
Launcher Type: SUN_STANDARD

Environment Variables:
JAVA_HOME=C:\Program Files\Java\jdk-16.0.1\jre
PATH=C:\WINDOWS\system32;C:\WINDOWS;C:\WINDOWS\System32\Wbem;C:\WINDOWS\System32\WindowsPowerShell\v1.0\;C:\WINDOWS\System32\OpenSSH\;C:\Program Files\Java\jdk-16\bin;C:\Program Files\Git\cmd;C:\Program Files\dotnet\;C:\Users\rafae\AppData\Local\Microsoft\WindowsApps;C:\Program Files\JetBrains\IntelliJ IDEA Community Edition 2021.1\bin;;C:\Users\rafae\AppData\Local\GitHubDesktop\bin
USERNAME=Rafael
OS=Windows_NT
PROCESSOR_IDENTIFIER=Intel64 Family 6 Model 61 Stepping 4, GenuineIntel



---------------  S Y S T E M  ---------------

OS: Windows 10.0 , 64 bit Build 19041 (10.0.19041.928)

CPU:total 4 (initial active 4) (2 cores per cpu, 2 threads per core) family 6 model 61 stepping 4, cmov, cx8, fxsr, mmx, sse, sse2, sse3, ssse3, sse4.1, sse4.2, popcnt, avx, avx2, aes, clmul, erms, 3dnowpref, lzcnt, ht, tsc, tscinvbit, bmi1, bmi2, adx

Memory: 4k page, physical 8301016k(899064k free), swap 8301016k(8356k free)

vm_info: OpenJDK 64-Bit Server VM (25.242-b01) for windows-amd64 JRE (1.8.0_242-release-1644-b01), built by "builder" with MS VC++ 10.0 (VS2010)

time: Tue May 18 20:20:16 2021
timezone: Hora oficial do Brasil
elapsed time: 0 seconds (0d 0h 0m 0s)

