#
# There is insufficient memory for the Java Runtime Environment to continue.
# Native memory allocation (malloc) failed to allocate 1259376 bytes for Chunk::new
# Possible reasons:
#   The system is out of physical RAM or swap space
#   The process is running with CompressedOops enabled, and the Java Heap may be blocking the growth of the native heap
# Possible solutions:
#   Reduce memory load on the system
#   Increase physical memory or swap space
#   Check if swap backing store is full
#   Decrease Java heap size (-Xmx/-Xms)
#   Decrease number of Java threads
#   Decrease Java thread stack sizes (-Xss)
#   Set larger code cache with -XX:ReservedCodeCacheSize=
#   JVM is running with Unscaled Compressed Oops mode in which the Java heap is
#     placed in the first 4GB address space. The Java Heap base address is the
#     maximum limit for the native heap growth. Please use -XX:HeapBaseMinAddress
#     to set the Java Heap base and to place the Java Heap above 4GB virtual address.
# This output file may be truncated or incomplete.
#
#  Out of Memory Error (allocation.cpp:389), pid=6816, tid=0x00000000000005c0
#
# JRE version: OpenJDK Runtime Environment (8.0_242-b01) (build 1.8.0_242-release-1644-b01)
# Java VM: OpenJDK 64-Bit Server VM (25.242-b01 mixed mode windows-amd64 compressed oops)
# Failed to write core dump. Minidumps are not enabled by default on client versions of Windows
#

---------------  T H R E A D  ---------------

Current thread (0x000000001721b000):  JavaThread "C2 CompilerThread1" daemon [_thread_in_native, id=1472, stack(0x0000000018990000,0x0000000018a90000)]

Stack: [0x0000000018990000,0x0000000018a90000]
[error occurred during error reporting (printing stack bounds), id 0xc0000005]

Native frames: (J=compiled Java code, j=interpreted, Vv=VM code, C=native code)


Current CompileTask:
C2:  13294 9315       4       org.jetbrains.kotlin.resolve.calls.tower.NoExplicitReceiverScopeTowerProcessor::simpleProcess (103 bytes)


---------------  P R O C E S S  ---------------

Java Threads: ( => current thread )
  0x0000000018bca000 JavaThread "Service Thread" daemon [_thread_blocked, id=2464, stack(0x0000000018f90000,0x0000000019090000)]
  0x0000000017229000 JavaThread "C1 CompilerThread2" daemon [_thread_in_native, id=8032, stack(0x0000000018a90000,0x0000000018b90000)]
=>0x000000001721b000 JavaThread "C2 CompilerThread1" daemon [_thread_in_native, id=1472, stack(0x0000000018990000,0x0000000018a90000)]
  0x0000000017214800 JavaThread "C2 CompilerThread0" daemon [_thread_in_native, id=8268, stack(0x0000000018890000,0x0000000018990000)]
  0x0000000017213000 JavaThread "Attach Listener" daemon [_thread_blocked, id=6480, stack(0x0000000018790000,0x0000000018890000)]
  0x0000000017212000 JavaThread "Signal Dispatcher" daemon [_thread_blocked, id=2756, stack(0x0000000018690000,0x0000000018790000)]
  0x000000000269c800 JavaThread "Finalizer" daemon [_thread_blocked, id=8456, stack(0x0000000018480000,0x0000000018580000)]
  0x00000000171f8800 JavaThread "Reference Handler" daemon [_thread_blocked, id=8064, stack(0x0000000018380000,0x0000000018480000)]
  0x00000000023ae800 JavaThread "main" [_thread_in_vm, id=292, stack(0x00000000024a0000,0x00000000025a0000)]

Other Threads:
  0x00000000171d5800 VMThread [stack: 0x0000000018280000,0x0000000018380000] [id=632]
  0x0000000018bcd800 WatcherThread [stack: 0x0000000019090000,0x0000000019190000] [id=3436]

VM state:not at safepoint (normal execution)

VM Mutex/Monitor currently owned by a thread: None

heap address: 0x0000000081400000, size: 2028 MB, Compressed Oops mode: 32-bit
Narrow klass base: 0x0000000000000000, Narrow klass shift: 3
Compressed class space size: 1073741824 Address: 0x0000000100000000

Heap:
 PSYoungGen      total 151552K, used 30790K [0x00000000d5c00000, 0x00000000e3380000, 0x0000000100000000)
  eden space 116224K, 26% used [0x00000000d5c00000,0x00000000d7a118a0,0x00000000dcd80000)
  from space 35328K, 0% used [0x00000000e1100000,0x00000000e1100000,0x00000000e3380000)
  to   space 27136K, 0% used [0x00000000dcd80000,0x00000000dcd80000,0x00000000de800000)
 ParOldGen       total 139264K, used 58362K [0x0000000081400000, 0x0000000089c00000, 0x00000000d5c00000)
  object space 139264K, 41% used [0x0000000081400000,0x0000000084cfebd8,0x0000000089c00000)
 Metaspace       used 59299K, capacity 60508K, committed 60632K, reserved 1101824K
  class space    used 7120K, capacity 7400K, committed 7424K, reserved 1048576K

Card table byte_map: [0x0000000011a60000,0x0000000011e60000] byte_map_base: 0x0000000011656000

Marking Bits: (ParMarkBitMap*) 0x000000005623f030
 Begin Bits: [0x0000000012510000, 0x00000000144c0000)
 End Bits:   [0x00000000144c0000, 0x0000000016470000)

Polling page: 0x00000000006e0000

CodeCache: size=245760Kb used=37212Kb max_used=37212Kb free=208547Kb
 bounds [0x00000000026a0000, 0x0000000004b10000, 0x00000000116a0000]
 total_blobs=9079 nmethods=8545 adapters=444
 compilation: enabled

Compilation events (10 events):
Event: 13.292 Thread 0x0000000017229000 nmethod 9497 0x0000000004b04290 code [0x0000000004b04560, 0x0000000004b057e8]
Event: 13.292 Thread 0x0000000017229000 9483       3       org.jetbrains.kotlin.resolve.bindingContextUtil.BindingContextUtilsKt::isUsedAsStatement (26 bytes)
Event: 13.293 Thread 0x0000000017229000 nmethod 9483 0x0000000004b06410 code [0x0000000004b06660, 0x0000000004b07248]
Event: 13.293 Thread 0x0000000017229000 9484       1       javaslang.collection.HashArrayMappedTrieModule$EmptyNode::hashCode (2 bytes)
Event: 13.293 Thread 0x0000000017229000 nmethod 9484 0x0000000004afb750 code [0x0000000004afb8a0, 0x0000000004afb9b0]
Event: 13.293 Thread 0x0000000017229000 9488       1       org.jetbrains.kotlin.cfg.variable.PseudocodeVariablesData::access$getBindingContext$p (5 bytes)
Event: 13.293 Thread 0x0000000017229000 nmethod 9488 0x0000000004b07990 code [0x0000000004b07ae0, 0x0000000004b07bd0]
Event: 13.293 Thread 0x0000000017229000 9505       3       org.jetbrains.kotlin.util.slicedMap.SetSlice::check (10 bytes)
Event: 13.293 Thread 0x0000000017229000 nmethod 9505 0x0000000004b07c50 code [0x0000000004b07dc0, 0x0000000004b080a8]
Event: 13.293 Thread 0x0000000017229000 9506       3       org.jetbrains.kotlin.util.slicedMap.SetSlice::check (69 bytes)

GC Heap History (10 events):
Event: 3.884 GC heap before
{Heap before GC invocations=7 (full 2):
 PSYoungGen      total 126464K, used 5091K [0x00000000d5c00000, 0x00000000dfd80000, 0x0000000100000000)
  eden space 121344K, 0% used [0x00000000d5c00000,0x00000000d5c00000,0x00000000dd280000)
  from space 5120K, 99% used [0x00000000dde00000,0x00000000de2f8c60,0x00000000de300000)
  to   space 22016K, 0% used [0x00000000de800000,0x00000000de800000,0x00000000dfd80000)
 ParOldGen       total 94720K, used 39650K [0x0000000081400000, 0x0000000087080000, 0x00000000d5c00000)
  object space 94720K, 41% used [0x0000000081400000,0x0000000083ab8810,0x0000000087080000)
 Metaspace       used 34659K, capacity 35138K, committed 35416K, reserved 1081344K
  class space    used 4333K, capacity 4476K, committed 4480K, reserved 1048576K
Event: 3.993 GC heap after
Heap after GC invocations=7 (full 2):
 PSYoungGen      total 126464K, used 0K [0x00000000d5c00000, 0x00000000dfd80000, 0x0000000100000000)
  eden space 121344K, 0% used [0x00000000d5c00000,0x00000000d5c00000,0x00000000dd280000)
  from space 5120K, 0% used [0x00000000dde00000,0x00000000dde00000,0x00000000de300000)
  to   space 22016K, 0% used [0x00000000de800000,0x00000000de800000,0x00000000dfd80000)
 ParOldGen       total 139264K, used 32989K [0x0000000081400000, 0x0000000089c00000, 0x00000000d5c00000)
  object space 139264K, 23% used [0x0000000081400000,0x0000000083437720,0x0000000089c00000)
 Metaspace       used 34659K, capacity 35138K, committed 35416K, reserved 1081344K
  class space    used 4333K, capacity 4476K, committed 4480K, reserved 1048576K
}
Event: 6.617 GC heap before
{Heap before GC invocations=8 (full 2):
 PSYoungGen      total 126464K, used 121344K [0x00000000d5c00000, 0x00000000dfd80000, 0x0000000100000000)
  eden space 121344K, 100% used [0x00000000d5c00000,0x00000000dd280000,0x00000000dd280000)
  from space 5120K, 0% used [0x00000000dde00000,0x00000000dde00000,0x00000000de300000)
  to   space 22016K, 0% used [0x00000000de800000,0x00000000de800000,0x00000000dfd80000)
 ParOldGen       total 139264K, used 32989K [0x0000000081400000, 0x0000000089c00000, 0x00000000d5c00000)
  object space 139264K, 23% used [0x0000000081400000,0x0000000083437720,0x0000000089c00000)
 Metaspace       used 47375K, capacity 48302K, committed 48600K, reserved 1091584K
  class space    used 5732K, capacity 6017K, committed 6144K, reserved 1048576K
Event: 6.648 GC heap after
Heap after GC invocations=8 (full 2):
 PSYoungGen      total 138240K, used 21984K [0x00000000d5c00000, 0x00000000e2d00000, 0x0000000100000000)
  eden space 116224K, 0% used [0x00000000d5c00000,0x00000000d5c00000,0x00000000dcd80000)
  from space 22016K, 99% used [0x00000000de800000,0x00000000dfd78038,0x00000000dfd80000)
  to   space 27136K, 0% used [0x00000000dcd80000,0x00000000dcd80000,0x00000000de800000)
 ParOldGen       total 139264K, used 36614K [0x0000000081400000, 0x0000000089c00000, 0x00000000d5c00000)
  object space 139264K, 26% used [0x0000000081400000,0x00000000837c1a20,0x0000000089c00000)
 Metaspace       used 47375K, capacity 48302K, committed 48600K, reserved 1091584K
  class space    used 5732K, capacity 6017K, committed 6144K, reserved 1048576K
}
Event: 10.432 GC heap before
{Heap before GC invocations=9 (full 2):
 PSYoungGen      total 138240K, used 138208K [0x00000000d5c00000, 0x00000000e2d00000, 0x0000000100000000)
  eden space 116224K, 100% used [0x00000000d5c00000,0x00000000dcd80000,0x00000000dcd80000)
  from space 22016K, 99% used [0x00000000de800000,0x00000000dfd78038,0x00000000dfd80000)
  to   space 27136K, 0% used [0x00000000dcd80000,0x00000000dcd80000,0x00000000de800000)
 ParOldGen       total 139264K, used 36614K [0x0000000081400000, 0x0000000089c00000, 0x00000000d5c00000)
  object space 139264K, 26% used [0x0000000081400000,0x00000000837c1a20,0x0000000089c00000)
 Metaspace       used 55375K, capacity 56460K, committed 56664K, reserved 1099776K
  class space    used 6696K, capacity 6976K, committed 7040K, reserved 1048576K
Event: 10.479 GC heap after
Heap after GC invocations=9 (full 2):
 PSYoungGen      total 143360K, used 27126K [0x00000000d5c00000, 0x00000000e3380000, 0x0000000100000000)
  eden space 116224K, 0% used [0x00000000d5c00000,0x00000000d5c00000,0x00000000dcd80000)
  from space 27136K, 99% used [0x00000000dcd80000,0x00000000de7fdbe0,0x00000000de800000)
  to   space 35328K, 0% used [0x00000000e1100000,0x00000000e1100000,0x00000000e3380000)
 ParOldGen       total 139264K, used 44212K [0x0000000081400000, 0x0000000089c00000, 0x00000000d5c00000)
  object space 139264K, 31% used [0x0000000081400000,0x0000000083f2d280,0x0000000089c00000)
 Metaspace       used 55375K, capacity 56460K, committed 56664K, reserved 1099776K
  class space    used 6696K, capacity 6976K, committed 7040K, reserved 1048576K
}
Event: 11.595 GC heap before
{Heap before GC invocations=10 (full 2):
 PSYoungGen      total 143360K, used 52572K [0x00000000d5c00000, 0x00000000e3380000, 0x0000000100000000)
  eden space 116224K, 21% used [0x00000000d5c00000,0x00000000d74d9658,0x00000000dcd80000)
  from space 27136K, 99% used [0x00000000dcd80000,0x00000000de7fdbe0,0x00000000de800000)
  to   space 35328K, 0% used [0x00000000e1100000,0x00000000e1100000,0x00000000e3380000)
 ParOldGen       total 139264K, used 44212K [0x0000000081400000, 0x0000000089c00000, 0x00000000d5c00000)
  object space 139264K, 31% used [0x0000000081400000,0x0000000083f2d280,0x0000000089c00000)
 Metaspace       used 57754K, capacity 58948K, committed 58968K, reserved 1101824K
  class space    used 6999K, capacity 7296K, committed 7296K, reserved 1048576K
Event: 11.643 GC heap after
Heap after GC invocations=10 (full 2):
 PSYoungGen      total 151552K, used 30495K [0x00000000d5c00000, 0x00000000e3380000, 0x0000000100000000)
  eden space 116224K, 0% used [0x00000000d5c00000,0x00000000d5c00000,0x00000000dcd80000)
  from space 35328K, 86% used [0x00000000e1100000,0x00000000e2ec7cb0,0x00000000e3380000)
  to   space 27136K, 0% used [0x00000000dcd80000,0x00000000dcd80000,0x00000000de800000)
 ParOldGen       total 139264K, used 44220K [0x0000000081400000, 0x0000000089c00000, 0x00000000d5c00000)
  object space 139264K, 31% used [0x0000000081400000,0x0000000083f2f280,0x0000000089c00000)
 Metaspace       used 57754K, capacity 58948K, committed 58968K, reserved 1101824K
  class space    used 6999K, capacity 7296K, committed 7296K, reserved 1048576K
}
Event: 11.643 GC heap before
{Heap before GC invocations=11 (full 3):
 PSYoungGen      total 151552K, used 30495K [0x00000000d5c00000, 0x00000000e3380000, 0x0000000100000000)
  eden space 116224K, 0% used [0x00000000d5c00000,0x00000000d5c00000,0x00000000dcd80000)
  from space 35328K, 86% used [0x00000000e1100000,0x00000000e2ec7cb0,0x00000000e3380000)
  to   space 27136K, 0% used [0x00000000dcd80000,0x00000000dcd80000,0x00000000de800000)
 ParOldGen       total 139264K, used 44220K [0x0000000081400000, 0x0000000089c00000, 0x00000000d5c00000)
  object space 139264K, 31% used [0x0000000081400000,0x0000000083f2f280,0x0000000089c00000)
 Metaspace       used 57754K, capacity 58948K, committed 58968K, reserved 1101824K
  class space    used 6999K, capacity 7296K, committed 7296K, reserved 1048576K
Event: 11.963 GC heap after
Heap after GC invocations=11 (full 3):
 PSYoungGen      total 151552K, used 0K [0x00000000d5c00000, 0x00000000e3380000, 0x0000000100000000)
  eden space 116224K, 0% used [0x00000000d5c00000,0x00000000d5c00000,0x00000000dcd80000)
  from space 35328K, 0% used [0x00000000e1100000,0x00000000e1100000,0x00000000e3380000)
  to   space 27136K, 0% used [0x00000000dcd80000,0x00000000dcd80000,0x00000000de800000)
 ParOldGen       total 139264K, used 58362K [0x0000000081400000, 0x0000000089c00000, 0x00000000d5c00000)
  object space 139264K, 41% used [0x0000000081400000,0x0000000084cfebd8,0x0000000089c00000)
 Metaspace       used 57754K, capacity 58948K, committed 58968K, reserved 1101824K
  class space    used 6999K, capacity 7296K, committed 7296K, reserved 1048576K
}

Deoptimization events (10 events):
Event: 13.176 Thread 0x00000000023ae800 Uncommon trap: reason=predicate action=maybe_recompile pc=0x0000000004363eb4 method=kotlin.collections.CollectionsKt__MutableCollectionsKt.addAll(Ljava/util/Collection;Ljava/lang/Iterable;)Z @ 52
Event: 13.179 Thread 0x00000000023ae800 Uncommon trap: reason=bimorphic action=maybe_recompile pc=0x000000000378ab34 method=org.jetbrains.kotlin.util.slicedMap.SlicedMapImpl.get(Lorg/jetbrains/kotlin/util/slicedMap/ReadOnlySlice;Ljava/lang/Object;)Ljava/lang/Object; @ 35
Event: 13.179 Thread 0x00000000023ae800 Uncommon trap: reason=bimorphic action=maybe_recompile pc=0x000000000378ab34 method=org.jetbrains.kotlin.util.slicedMap.SlicedMapImpl.get(Lorg/jetbrains/kotlin/util/slicedMap/ReadOnlySlice;Ljava/lang/Object;)Ljava/lang/Object; @ 35
Event: 13.179 Thread 0x00000000023ae800 Uncommon trap: reason=bimorphic action=maybe_recompile pc=0x000000000378ab34 method=org.jetbrains.kotlin.util.slicedMap.SlicedMapImpl.get(Lorg/jetbrains/kotlin/util/slicedMap/ReadOnlySlice;Ljava/lang/Object;)Ljava/lang/Object; @ 35
Event: 13.179 Thread 0x00000000023ae800 Uncommon trap: reason=bimorphic action=maybe_recompile pc=0x0000000004747af8 method=org.jetbrains.kotlin.util.slicedMap.SlicedMapImpl.get(Lorg/jetbrains/kotlin/util/slicedMap/ReadOnlySlice;Ljava/lang/Object;)Ljava/lang/Object; @ 35
Event: 13.184 Thread 0x00000000023ae800 Uncommon trap: reason=unstable_if action=reinterpret pc=0x0000000003138e10 method=org.jetbrains.kotlin.util.slicedMap.SlicedMapImpl.put(Lorg/jetbrains/kotlin/util/slicedMap/WritableSlice;Ljava/lang/Object;Ljava/lang/Object;)V @ 8
Event: 13.199 Thread 0x00000000023ae800 Uncommon trap: reason=bimorphic action=maybe_recompile pc=0x00000000031ed288 method=java.util.Collections$UnmodifiableCollection$1.hasNext()Z @ 4
Event: 13.199 Thread 0x00000000023ae800 Uncommon trap: reason=bimorphic action=maybe_recompile pc=0x00000000031ed288 method=java.util.Collections$UnmodifiableCollection$1.hasNext()Z @ 4
Event: 13.199 Thread 0x00000000023ae800 Uncommon trap: reason=bimorphic action=maybe_recompile pc=0x00000000031ed288 method=java.util.Collections$UnmodifiableCollection$1.hasNext()Z @ 4
Event: 13.199 Thread 0x00000000023ae800 Uncommon trap: reason=bimorphic action=maybe_recompile pc=0x00000000031ed288 method=java.util.Collections$UnmodifiableCollection$1.hasNext()Z @ 4

Classes redefined (0 events):
No events

Internal exceptions (10 events):
Event: 11.176 Thread 0x00000000023ae800 Implicit null exception at 0x0000000003d48dd3 to 0x0000000003d48f6d
Event: 11.176 Thread 0x00000000023ae800 Implicit null exception at 0x0000000003072ff7 to 0x0000000003073521
Event: 11.228 Thread 0x00000000023ae800 Exception <a 'java/lang/NoSuchMethodError': java.lang.Object.lambda$static$0(I)[Lorg/jetbrains/kotlin/com/intellij/psi/PsiParameter;> (0x00000000d6b759d0) thrown at [C:\src\AOSP-openjdk-git\hotspot\src\share\vm\interpreter\linkResolver.cpp, line 620]
Event: 11.261 Thread 0x00000000023ae800 Exception <a 'java/lang/NoSuchMethodError': java.lang.Object.lambda$static$0(I)I> (0x00000000d6c27020) thrown at [C:\src\AOSP-openjdk-git\hotspot\src\share\vm\interpreter\linkResolver.cpp, line 620]
Event: 11.303 Thread 0x00000000023ae800 Exception <a 'java/lang/NoSuchMethodError': java.lang.Object.lambda$static$0(I)[Lorg/jetbrains/kotlin/com/intellij/psi/PsiNameValuePair;> (0x00000000d6d2ab98) thrown at [C:\src\AOSP-openjdk-git\hotspot\src\share\vm\interpreter\linkResolver.cpp, line 620]
Event: 11.308 Thread 0x00000000023ae800 Exception <a 'java/lang/NoSuchMethodError': java.lang.Object.lambda$static$0(I)[Lorg/jetbrains/kotlin/com/intellij/psi/PsiAnnotationMemberValue;> (0x00000000d6d46ba0) thrown at [C:\src\AOSP-openjdk-git\hotspot\src\share\vm\interpreter\linkResolver.cpp, li
Event: 11.361 Thread 0x00000000023ae800 Exception <a 'java/lang/IncompatibleClassChangeError': Found class java.lang.Object, but interface was expected> (0x00000000d6e62ab0) thrown at [C:\src\AOSP-openjdk-git\hotspot\src\share\vm\interpreter\linkResolver.cpp, line 653]
Event: 11.510 Thread 0x00000000023ae800 Implicit null exception at 0x00000000042ab83e to 0x00000000042ab976
Event: 12.259 Thread 0x00000000023ae800 Implicit null exception at 0x000000000484bd30 to 0x000000000484bd95
Event: 13.156 Thread 0x00000000023ae800 Implicit null exception at 0x00000000028fc855 to 0x00000000028fca41

Events (10 events):
Event: 13.230 loading class org/jetbrains/kotlin/cfg/LeakingThisDescriptor
Event: 13.230 loading class org/jetbrains/kotlin/cfg/LeakingThisDescriptor done
Event: 13.289 loading class org/jetbrains/kotlin/cfg/pseudocode/instructions/jumps/ConditionalJumpInstruction
Event: 13.289 loading class org/jetbrains/kotlin/cfg/pseudocode/instructions/jumps/ConditionalJumpInstruction done
Event: 13.291 loading class org/jetbrains/kotlin/cfg/pseudocode/instructions/jumps/UnconditionalJumpInstruction
Event: 13.291 loading class org/jetbrains/kotlin/cfg/pseudocode/instructions/jumps/UnconditionalJumpInstruction done
Event: 13.292 loading class org/jetbrains/kotlin/cfg/ControlFlowInformationProvider$markAnnotationArguments$2
Event: 13.292 loading class org/jetbrains/kotlin/cfg/ControlFlowInformationProvider$markAnnotationArguments$2 done
Event: 13.293 loading class org/jetbrains/kotlin/cfg/ControlFlowInformationProvider$markAnnotationArguments$$inlined$forEachDescendantOfType$1
Event: 13.293 loading class org/jetbrains/kotlin/cfg/ControlFlowInformationProvider$markAnnotationArguments$$inlined$forEachDescendantOfType$1 done


Dynamic libraries:
0x00007ff7f8ff0000 - 0x00007ff7f9021000 	C:\Program Files\Android\Android Studio\jre\jre\bin\java.exe
0x00007ffa0a490000 - 0x00007ffa0a685000 	C:\WINDOWS\SYSTEM32\ntdll.dll
0x00007ffa09790000 - 0x00007ffa0984d000 	C:\WINDOWS\System32\KERNEL32.DLL
0x00007ffa080d0000 - 0x00007ffa08398000 	C:\WINDOWS\System32\KERNELBASE.dll
0x00007ffa08fb0000 - 0x00007ffa0905c000 	C:\WINDOWS\System32\ADVAPI32.dll
0x00007ffa094d0000 - 0x00007ffa0956e000 	C:\WINDOWS\System32\msvcrt.dll
0x00007ffa099e0000 - 0x00007ffa09a7b000 	C:\WINDOWS\System32\sechost.dll
0x00007ffa0a0c0000 - 0x00007ffa0a1eb000 	C:\WINDOWS\System32\RPCRT4.dll
0x00007ffa09c70000 - 0x00007ffa09e10000 	C:\WINDOWS\System32\USER32.dll
0x00007ffa07d90000 - 0x00007ffa07db2000 	C:\WINDOWS\System32\win32u.dll
0x00007ffa0a3c0000 - 0x00007ffa0a3ea000 	C:\WINDOWS\System32\GDI32.dll
0x00007ffa07ee0000 - 0x00007ffa07feb000 	C:\WINDOWS\System32\gdi32full.dll
0x00007ffa07dc0000 - 0x00007ffa07e5d000 	C:\WINDOWS\System32\msvcp_win.dll
0x00007ffa083a0000 - 0x00007ffa084a0000 	C:\WINDOWS\System32\ucrtbase.dll
0x00007ff9f5410000 - 0x00007ff9f56aa000 	C:\WINDOWS\WinSxS\amd64_microsoft.windows.common-controls_6595b64144ccf1df_6.0.19041.844_none_ca00b6081b84eb1d\COMCTL32.dll
0x00007ffa09a80000 - 0x00007ffa09ab0000 	C:\WINDOWS\System32\IMM32.DLL
0x0000000055990000 - 0x0000000055a62000 	C:\Program Files\Android\Android Studio\jre\jre\bin\msvcr100.dll
0x0000000055a70000 - 0x00000000562bb000 	C:\Program Files\Android\Android Studio\jre\jre\bin\server\jvm.dll
0x00007ffa09ab0000 - 0x00007ffa09ab8000 	C:\WINDOWS\System32\PSAPI.DLL
0x00007ff9fcfb0000 - 0x00007ff9fcfba000 	C:\WINDOWS\SYSTEM32\VERSION.dll
0x00007ff9fbbe0000 - 0x00007ff9fbc07000 	C:\WINDOWS\SYSTEM32\WINMM.dll
0x00007ff9f7630000 - 0x00007ff9f7639000 	C:\WINDOWS\SYSTEM32\WSOCK32.dll
0x00007ffa09e10000 - 0x00007ffa09e7b000 	C:\WINDOWS\System32\WS2_32.dll
0x00007ff9f6a60000 - 0x00007ff9f6a6f000 	C:\Program Files\Android\Android Studio\jre\jre\bin\verify.dll
0x00007ff9e3110000 - 0x00007ff9e3139000 	C:\Program Files\Android\Android Studio\jre\jre\bin\java.dll
0x00007ff9ea270000 - 0x00007ff9ea286000 	C:\Program Files\Android\Android Studio\jre\jre\bin\zip.dll
0x00007ffa08860000 - 0x00007ffa08fa2000 	C:\WINDOWS\System32\SHELL32.dll
0x00007ffa05d10000 - 0x00007ffa064a1000 	C:\WINDOWS\SYSTEM32\windows.storage.dll
0x00007ffa08500000 - 0x00007ffa08855000 	C:\WINDOWS\System32\combase.dll
0x00007ffa07640000 - 0x00007ffa0766c000 	C:\WINDOWS\SYSTEM32\Wldp.dll
0x00007ffa0a010000 - 0x00007ffa0a0be000 	C:\WINDOWS\System32\SHCORE.dll
0x00007ffa09730000 - 0x00007ffa09785000 	C:\WINDOWS\System32\shlwapi.dll
0x00007ffa07b10000 - 0x00007ffa07b2f000 	C:\WINDOWS\SYSTEM32\profapi.dll
0x00007ff9e9a40000 - 0x00007ff9e9a5a000 	C:\Program Files\Android\Android Studio\jre\jre\bin\net.dll
0x00007ffa073b0000 - 0x00007ffa0741a000 	C:\WINDOWS\system32\mswsock.dll
0x00007ff9e30f0000 - 0x00007ff9e3103000 	C:\Program Files\Android\Android Studio\jre\jre\bin\nio.dll

VM Arguments:
java_command: org.jetbrains.kotlin.cli.jvm.K2JVMCompiler @D:\Development\GitHub\CifraCherry\app\build\20210512_7648791977112253588.compiler.options
java_class_path (initial): C:\Users\rafae\.gradle\caches\modules-2\files-2.1\org.jetbrains.kotlin\kotlin-compiler-embeddable\1.4.32\b4fc9be460ca88eecea2303e142ce2920bd14775\kotlin-compiler-embeddable-1.4.32.jar;C:\Users\rafae\.gradle\caches\modules-2\files-2.1\org.jetbrains.kotlin\kotlin-reflect\1.4.32\ce852b166d97f0f1991b5130c2bb02e2ef6c554e\kotlin-reflect-1.4.32.jar;C:\Users\rafae\.gradle\caches\modules-2\files-2.1\org.jetbrains.kotlin\kotlin-stdlib\1.4.32\461367948840adbb0839c51d91ed74ef4a9ccb52\kotlin-stdlib-1.4.32.jar;C:\Users\rafae\.gradle\caches\modules-2\files-2.1\org.jetbrains.kotlin\kotlin-script-runtime\1.4.32\bac50b0748be017dbc13fc1cb7231b1c9da0e106\kotlin-script-runtime-1.4.32.jar;C:\Users\rafae\.gradle\caches\modules-2\files-2.1\org.jetbrains.kotlin\kotlin-daemon-embeddable\1.4.32\b40c5de5adea26ebb4e5fc36945c482ac20acee2\kotlin-daemon-embeddable-1.4.32.jar;C:\Users\rafae\.gradle\caches\modules-2\files-2.1\org.jetbrains.intellij.deps\trove4j\1.0.20181211\216c2e14b070f334479d800987affe4054cd563f\trove4j-1.0.20181211.jar;C:\Users\rafae\.gradle\caches\modules-2\files-2.1\org.jetbrains.kotlin\kotlin-stdlib-common\1.4.32\ef50bfa2c0491a11dcc35d9822edbfd6170e1ea2\kotlin-stdlib-common-1.4.32.jar;C:\Users\rafae\.gradle\caches\modules-2\files-2.1\org.jetbrains\annotations\13.0\919f0dfe192fb4e063e7dacadee7f8bb9a2672a9\annotations-13.0.jar;C:\Program Files\Android\Android Studio\jre\lib\tools.jar
Launcher Type: SUN_STANDARD

Environment Variables:
JAVA_HOME=C:\Program Files\Java\jdk-16.0.1\jre
PATH=C:\WINDOWS\system32;C:\WINDOWS;C:\WINDOWS\System32\Wbem;C:\WINDOWS\System32\WindowsPowerShell\v1.0\;C:\WINDOWS\System32\OpenSSH\;C:\Program Files\Java\jdk-16\bin;C:\Program Files\Git\cmd;C:\Program Files\dotnet\;C:\Users\rafae\AppData\Local\Microsoft\WindowsApps;C:\Program Files\JetBrains\IntelliJ IDEA Community Edition 2021.1\bin;;C:\Users\rafae\AppData\Local\GitHubDesktop\bin
USERNAME=Rafael
OS=Windows_NT
PROCESSOR_IDENTIFIER=Intel64 Family 6 Model 61 Stepping 4, GenuineIntel



---------------  S Y S T E M  ---------------

OS: Windows 10.0 , 64 bit Build 19041 (10.0.19041.928)

CPU:total 4 (initial active 4) (2 cores per cpu, 2 threads per core) family 6 model 61 stepping 4, cmov, cx8, fxsr, mmx, sse, sse2, sse3, ssse3, sse4.1, sse4.2, popcnt, avx, avx2, aes, clmul, erms, 3dnowpref, lzcnt, ht, tsc, tscinvbit, bmi1, bmi2, adx

Memory: 4k page, physical 8301016k(623952k free), swap 8301016k(6384k free)

vm_info: OpenJDK 64-Bit Server VM (25.242-b01) for windows-amd64 JRE (1.8.0_242-release-1644-b01), built by "builder" with MS VC++ 10.0 (VS2010)

time: Wed May 12 15:53:16 2021
timezone: Hora oficial do Brasil
elapsed time: 13 seconds (0d 0h 0m 13s)

