#
# There is insufficient memory for the Java Runtime Environment to continue.
# Native memory allocation (malloc) failed to allocate 32744 bytes for ChunkPool::allocate
# Possible reasons:
#   The system is out of physical RAM or swap space
#   The process is running with CompressedOops enabled, and the Java Heap may be blocking the growth of the native heap
# Possible solutions:
#   Reduce memory load on the system
#   Increase physical memory or swap space
#   Check if swap backing store is full
#   Decrease Java heap size (-Xmx/-Xms)
#   Decrease number of Java threads
#   Decrease Java thread stack sizes (-Xss)
#   Set larger code cache with -XX:ReservedCodeCacheSize=
#   JVM is running with Unscaled Compressed Oops mode in which the Java heap is
#     placed in the first 4GB address space. The Java Heap base address is the
#     maximum limit for the native heap growth. Please use -XX:HeapBaseMinAddress
#     to set the Java Heap base and to place the Java Heap above 4GB virtual address.
# This output file may be truncated or incomplete.
#
#  Out of Memory Error (allocation.cpp:272), pid=7512, tid=0x0000000000002044
#
# JRE version: OpenJDK Runtime Environment (8.0_242-b01) (build 1.8.0_242-release-1644-b01)
# Java VM: OpenJDK 64-Bit Server VM (25.242-b01 mixed mode windows-amd64 compressed oops)
# Failed to write core dump. Minidumps are not enabled by default on client versions of Windows
#

---------------  T H R E A D  ---------------

Current thread (0x0000000017986000):  JavaThread "C2 CompilerThread0" daemon [_thread_in_native, id=8260, stack(0x0000000018ff0000,0x00000000190f0000)]

Stack: [0x0000000018ff0000,0x00000000190f0000]
[error occurred during error reporting (printing stack bounds), id 0xc0000005]

Native frames: (J=compiled Java code, j=interpreted, Vv=VM code, C=native code)


Current CompileTask:
C2: 744066 29369       4       org.gradle.api.internal.artifacts.ivyservice.resolveengine.graph.builder.DependencyGraphBuilder::resolveEdges (43 bytes)


---------------  P R O C E S S  ---------------

Java Threads: ( => current thread )
  0x0000000019f1b000 JavaThread "RMI TCP Connection(4)-127.0.0.1" daemon [_thread_in_native, id=1224, stack(0x000000002ea40000,0x000000002eb40000)]
  0x0000000019f1a800 JavaThread "RMI RenewClean-[127.0.0.1:17118,org.jetbrains.kotlin.daemon.common.LoopbackNetworkInterface$ClientLoopbackSocketFactory@19c38c2d]" daemon [_thread_blocked, id=3736, stack(0x000000002e6b0000,0x000000002e7b0000)]
  0x0000000019f18000 JavaThread "Cache worker for execution history cache (D:\Development\GitHub\CifraCherry\.gradle\6.5\executionHistory)" [_thread_blocked, id=3832, stack(0x000000002e2d0000,0x000000002e3d0000)]
  0x0000000019f19800 JavaThread "Execution worker for ':' Thread 3" [_thread_blocked, id=6116, stack(0x000000002c8e0000,0x000000002c9e0000)]
  0x0000000019f1c000 JavaThread "Execution worker for ':' Thread 2" [_thread_blocked, id=5268, stack(0x000000002c7e0000,0x000000002c8e0000)]
  0x0000000019f1d800 JavaThread "Execution worker for ':'" [_thread_in_native, id=8024, stack(0x000000002c6e0000,0x000000002c7e0000)]
  0x0000000019f10000 JavaThread "Cache worker for file content cache (D:\Development\GitHub\CifraCherry\.gradle\6.5\fileContent)" [_thread_blocked, id=772, stack(0x000000002c5e0000,0x000000002c6e0000)]
  0x0000000019f0f000 JavaThread "pool-12-thread-1" [_thread_blocked, id=8860, stack(0x000000002c4e0000,0x000000002c5e0000)]
  0x0000000019f16000 JavaThread "Cache worker for Build Output Cleanup Cache (D:\Development\GitHub\CifraCherry\.gradle\buildOutputCleanup)" [_thread_blocked, id=1460, stack(0x000000002bbe0000,0x000000002bce0000)]
  0x0000000019f15000 JavaThread "jar transforms Thread 684" [_thread_blocked, id=7164, stack(0x000000002bae0000,0x000000002bbe0000)]
  0x0000000019f12000 JavaThread "jar transforms Thread 683" [_thread_blocked, id=2200, stack(0x000000002b9e0000,0x000000002bae0000)]
  0x0000000019f0e800 JavaThread "jar transforms Thread 682" [_thread_blocked, id=4156, stack(0x000000002b8e0000,0x000000002b9e0000)]
  0x000000001f6da800 JavaThread "jar transforms Thread 681" [_thread_blocked, id=6348, stack(0x000000002b3e0000,0x000000002b4e0000)]
  0x000000001f6d9800 JavaThread "jar transforms Thread 680" [_thread_blocked, id=7772, stack(0x0000000028e60000,0x0000000028f60000)]
  0x000000001f6d7800 JavaThread "jar transforms Thread 679" [_thread_blocked, id=4544, stack(0x0000000028b60000,0x0000000028c60000)]
  0x000000001f6d6800 JavaThread "jar transforms Thread 678" [_thread_blocked, id=7608, stack(0x00000000287f0000,0x00000000288f0000)]
  0x000000001f6dd800 JavaThread "jar transforms Thread 677" [_thread_blocked, id=2424, stack(0x00000000286f0000,0x00000000287f0000)]
  0x000000001f6d9000 JavaThread "jar transforms Thread 676" [_thread_blocked, id=916, stack(0x00000000285f0000,0x00000000286f0000)]
  0x000000001f6dc000 JavaThread "jar transforms Thread 675" [_thread_blocked, id=2868, stack(0x00000000284f0000,0x00000000285f0000)]
  0x000000001f6db000 JavaThread "jar transforms Thread 674" [_thread_blocked, id=7088, stack(0x00000000283f0000,0x00000000284f0000)]
  0x000000001f6dc800 JavaThread "jar transforms Thread 673" [_thread_blocked, id=5156, stack(0x00000000282f0000,0x00000000283f0000)]
  0x000000001f6d8000 JavaThread "jar transforms Thread 672" [_thread_blocked, id=392, stack(0x00000000281f0000,0x00000000282f0000)]
  0x000000001f6cf000 JavaThread "jar transforms Thread 671" [_thread_blocked, id=7000, stack(0x00000000280f0000,0x00000000281f0000)]
  0x000000001f6d6000 JavaThread "jar transforms Thread 670" [_thread_blocked, id=3792, stack(0x0000000027ff0000,0x00000000280f0000)]
  0x000000001f6ce800 JavaThread "jar transforms Thread 669" [_thread_blocked, id=2440, stack(0x0000000027ef0000,0x0000000027ff0000)]
  0x000000001f6d5000 JavaThread "jar transforms Thread 668" [_thread_blocked, id=2272, stack(0x0000000027df0000,0x0000000027ef0000)]
  0x000000001f6d3800 JavaThread "jar transforms Thread 667" [_thread_blocked, id=4764, stack(0x0000000027cf0000,0x0000000027df0000)]
  0x000000001f6d4800 JavaThread "jar transforms Thread 666" [_thread_blocked, id=7856, stack(0x0000000027bf0000,0x0000000027cf0000)]
  0x000000001f6d3000 JavaThread "jar transforms Thread 665" [_thread_blocked, id=6332, stack(0x0000000027af0000,0x0000000027bf0000)]
  0x000000003eadf800 JavaThread "jar transforms Thread 664" [_thread_blocked, id=5660, stack(0x00000000279f0000,0x0000000027af0000)]
  0x000000003eade800 JavaThread "jar transforms Thread 663" [_thread_blocked, id=5576, stack(0x00000000278f0000,0x00000000279f0000)]
  0x000000003eadd000 JavaThread "jar transforms Thread 662" [_thread_blocked, id=2300, stack(0x00000000277f0000,0x00000000278f0000)]
  0x000000003eadb800 JavaThread "jar transforms Thread 661" [_thread_blocked, id=8892, stack(0x00000000276f0000,0x00000000277f0000)]
  0x000000003ead4000 JavaThread "jar transforms Thread 660" [_thread_blocked, id=1892, stack(0x00000000275f0000,0x00000000276f0000)]
  0x000000003eadb000 JavaThread "jar transforms Thread 659" [_thread_blocked, id=8692, stack(0x00000000274f0000,0x00000000275f0000)]
  0x000000003ead3800 JavaThread "jar transforms Thread 658" [_thread_blocked, id=884, stack(0x00000000273f0000,0x00000000274f0000)]
  0x000000003eada000 JavaThread "jar transforms Thread 657" [_thread_blocked, id=7340, stack(0x00000000272f0000,0x00000000273f0000)]
  0x000000003ead9800 JavaThread "jar transforms Thread 656" [_thread_blocked, id=6264, stack(0x00000000271f0000,0x00000000272f0000)]
  0x000000003ead6800 JavaThread "jar transforms Thread 655" [_thread_blocked, id=3776, stack(0x00000000270f0000,0x00000000271f0000)]
  0x000000003ead5800 JavaThread "jar transforms Thread 654" [_thread_blocked, id=7264, stack(0x0000000026ff0000,0x00000000270f0000)]
  0x000000003ead2000 JavaThread "jar transforms Thread 653" [_thread_blocked, id=8612, stack(0x0000000026ef0000,0x0000000026ff0000)]
  0x000000003ead8800 JavaThread "jar transforms Thread 652" [_thread_blocked, id=2188, stack(0x0000000026df0000,0x0000000026ef0000)]
  0x000000003ead1000 JavaThread "jar transforms Thread 651" [_thread_blocked, id=8700, stack(0x0000000026cf0000,0x0000000026df0000)]
  0x000000003ead8000 JavaThread "jar transforms Thread 650" [_thread_blocked, id=2704, stack(0x0000000026bf0000,0x0000000026cf0000)]
  0x000000003ead0800 JavaThread "jar transforms Thread 649" [_thread_blocked, id=8472, stack(0x0000000026af0000,0x0000000026bf0000)]
  0x000000003ead2800 JavaThread "jar transforms Thread 648" [_thread_blocked, id=520, stack(0x00000000269f0000,0x0000000026af0000)]
  0x000000002b091000 JavaThread "jar transforms Thread 647" [_thread_blocked, id=6048, stack(0x00000000268f0000,0x00000000269f0000)]
  0x000000002b095000 JavaThread "jar transforms Thread 646" [_thread_blocked, id=1772, stack(0x00000000267f0000,0x00000000268f0000)]
  0x000000002b094000 JavaThread "jar transforms Thread 645" [_thread_blocked, id=8524, stack(0x00000000266f0000,0x00000000267f0000)]
  0x000000002b093800 JavaThread "jar transforms Thread 644" [_thread_blocked, id=8256, stack(0x00000000265f0000,0x00000000266f0000)]
  0x000000002b092000 JavaThread "jar transforms Thread 643" [_thread_blocked, id=7936, stack(0x00000000264f0000,0x00000000265f0000)]
  0x000000002b089800 JavaThread "jar transforms Thread 642" [_thread_blocked, id=5980, stack(0x00000000263f0000,0x00000000264f0000)]
  0x000000002b090800 JavaThread "jar transforms Thread 641" [_thread_blocked, id=3432, stack(0x00000000262f0000,0x00000000263f0000)]
  0x000000002b089000 JavaThread "jar transforms Thread 640" [_thread_blocked, id=1708, stack(0x00000000261f0000,0x00000000262f0000)]
  0x000000002b08f800 JavaThread "jar transforms Thread 639" [_thread_blocked, id=456, stack(0x00000000260f0000,0x00000000261f0000)]
  0x000000002b08f000 JavaThread "jar transforms Thread 638" [_thread_blocked, id=1028, stack(0x0000000025ff0000,0x00000000260f0000)]
  0x000000002b08e000 JavaThread "jar transforms Thread 637" [_thread_blocked, id=4836, stack(0x0000000025ef0000,0x0000000025ff0000)]
  0x000000002b086800 JavaThread "jar transforms Thread 636" [_thread_blocked, id=8052, stack(0x0000000025df0000,0x0000000025ef0000)]
  0x000000002b088000 JavaThread "jar transforms Thread 635" [_thread_blocked, id=4696, stack(0x0000000025cf0000,0x0000000025df0000)]
  0x000000002b08d800 JavaThread "jar transforms Thread 634" [_thread_blocked, id=7596, stack(0x0000000025bf0000,0x0000000025cf0000)]
  0x000000002b086000 JavaThread "jar transforms Thread 633" [_thread_blocked, id=8188, stack(0x0000000025af0000,0x0000000025bf0000)]
  0x000000002b08b000 JavaThread "jar transforms Thread 632" [_thread_blocked, id=3724, stack(0x00000000259f0000,0x0000000025af0000)]
  0x000000002b087800 JavaThread "jar transforms Thread 631" [_thread_blocked, id=6584, stack(0x00000000258f0000,0x00000000259f0000)]
  0x000000002b08a800 JavaThread "jar transforms Thread 630" [_thread_blocked, id=7688, stack(0x00000000257f0000,0x00000000258f0000)]
  0x000000002ad0b800 JavaThread "jar transforms Thread 629" [_thread_blocked, id=4572, stack(0x00000000256f0000,0x00000000257f0000)]
  0x000000002ad07000 JavaThread "jar transforms Thread 628" [_thread_blocked, id=1920, stack(0x00000000255f0000,0x00000000256f0000)]
  0x000000002ad09800 JavaThread "jar transforms Thread 627" [_thread_blocked, id=1572, stack(0x00000000254f0000,0x00000000255f0000)]
  0x000000002ad0c800 JavaThread "jar transforms Thread 626" [_thread_blocked, id=8420, stack(0x00000000253f0000,0x00000000254f0000)]
  0x000000002ad08000 JavaThread "jar transforms Thread 625" [_thread_blocked, id=2752, stack(0x00000000252f0000,0x00000000253f0000)]
  0x000000002ad0b000 JavaThread "jar transforms Thread 624" [_thread_blocked, id=6916, stack(0x00000000251f0000,0x00000000252f0000)]
  0x000000002ad06800 JavaThread "jar transforms Thread 623" [_thread_blocked, id=1100, stack(0x00000000250f0000,0x00000000251f0000)]
  0x000000002ad05800 JavaThread "jar transforms Thread 622" [_thread_blocked, id=8704, stack(0x0000000024ff0000,0x00000000250f0000)]
  0x000000002ad08800 JavaThread "jar transforms Thread 621" [_thread_blocked, id=5284, stack(0x0000000024ef0000,0x0000000024ff0000)]
  0x000000002acfe000 JavaThread "jar transforms Thread 620" [_thread_blocked, id=8404, stack(0x0000000024df0000,0x0000000024ef0000)]
  0x000000002ad01000 JavaThread "jar transforms Thread 619" [_thread_blocked, id=7816, stack(0x0000000024cf0000,0x0000000024df0000)]
  0x000000002ad05000 JavaThread "jar transforms Thread 618" [_thread_blocked, id=4980, stack(0x0000000024bf0000,0x0000000024cf0000)]
  0x000000002ad00800 JavaThread "jar transforms Thread 617" [_thread_blocked, id=4436, stack(0x0000000024af0000,0x0000000024bf0000)]
  0x000000002acff800 JavaThread "jar transforms Thread 616" [_thread_blocked, id=9196, stack(0x00000000249f0000,0x0000000024af0000)]
  0x000000002ad04000 JavaThread "jar transforms Thread 615" [_thread_blocked, id=5016, stack(0x00000000248f0000,0x00000000249f0000)]
  0x000000002ad03800 JavaThread "jar transforms Thread 614" [_thread_blocked, id=3548, stack(0x00000000247f0000,0x00000000248f0000)]
  0x000000002acff000 JavaThread "jar transforms Thread 613" [_thread_blocked, id=2740, stack(0x00000000246f0000,0x00000000247f0000)]
  0x000000002acfd800 JavaThread "jar transforms Thread 612" [_thread_blocked, id=2204, stack(0x00000000245f0000,0x00000000246f0000)]
  0x000000001a740800 JavaThread "jar transforms Thread 611" [_thread_blocked, id=612, stack(0x00000000244f0000,0x00000000245f0000)]
  0x000000001a740000 JavaThread "jar transforms Thread 610" [_thread_blocked, id=7940, stack(0x00000000243f0000,0x00000000244f0000)]
  0x000000001a73e800 JavaThread "jar transforms Thread 609" [_thread_blocked, id=8628, stack(0x00000000242f0000,0x00000000243f0000)]
  0x000000001a745000 JavaThread "jar transforms Thread 608" [_thread_blocked, id=396, stack(0x00000000241f0000,0x00000000242f0000)]
  0x000000001a73f000 JavaThread "jar transforms Thread 607" [_thread_blocked, id=1152, stack(0x00000000240f0000,0x00000000241f0000)]
  0x000000001a742000 JavaThread "jar transforms Thread 606" [_thread_blocked, id=8484, stack(0x0000000023ff0000,0x00000000240f0000)]
  0x000000001a744800 JavaThread "jar transforms Thread 605" [_thread_blocked, id=4100, stack(0x0000000023ef0000,0x0000000023ff0000)]
  0x000000001a743800 JavaThread "jar transforms Thread 604" [_thread_blocked, id=6196, stack(0x0000000023df0000,0x0000000023ef0000)]
  0x000000001a743000 JavaThread "jar transforms Thread 603" [_thread_blocked, id=2064, stack(0x0000000023cf0000,0x0000000023df0000)]
  0x000000001a737000 JavaThread "jar transforms Thread 602" [_thread_blocked, id=9084, stack(0x0000000023bf0000,0x0000000023cf0000)]
  0x000000001a73d800 JavaThread "jar transforms Thread 601" [_thread_blocked, id=6164, stack(0x0000000023af0000,0x0000000023bf0000)]
  0x000000001a73c000 JavaThread "jar transforms Thread 600" [_thread_blocked, id=1096, stack(0x00000000239f0000,0x0000000023af0000)]
  0x000000001a73b800 JavaThread "jar transforms Thread 599" [_thread_blocked, id=8984, stack(0x00000000238f0000,0x00000000239f0000)]
  0x000000001a736000 JavaThread "jar transforms Thread 598" [_thread_blocked, id=864, stack(0x00000000237f0000,0x00000000238f0000)]
  0x000000001a73a800 JavaThread "jar transforms Thread 597" [_thread_blocked, id=1968, stack(0x00000000236f0000,0x00000000237f0000)]
  0x000000001a73a000 JavaThread "jar transforms Thread 596" [_thread_blocked, id=2792, stack(0x00000000235f0000,0x00000000236f0000)]
  0x000000001a739000 JavaThread "jar transforms Thread 595" [_thread_blocked, id=2492, stack(0x00000000234f0000,0x00000000235f0000)]
  0x000000001a738800 JavaThread "jar transforms Thread 594" [_thread_blocked, id=2892, stack(0x0000000023160000,0x0000000023260000)]
  0x000000002a8ff000 JavaThread "jar transforms Thread 593" [_thread_blocked, id=5376, stack(0x0000000023060000,0x0000000023160000)]
  0x000000002a8fe800 JavaThread "jar transforms Thread 592" [_thread_blocked, id=3580, stack(0x0000000022f60000,0x0000000023060000)]
  0x000000002a8fd800 JavaThread "jar transforms Thread 591" [_thread_blocked, id=6424, stack(0x0000000022e60000,0x0000000022f60000)]
  0x000000002a8fd000 JavaThread "jar transforms Thread 590" [_thread_blocked, id=7708, stack(0x0000000022d60000,0x0000000022e60000)]
  0x000000002a900000 JavaThread "jar transforms Thread 589" [_thread_blocked, id=6376, stack(0x0000000022c60000,0x0000000022d60000)]
  0x000000002a903800 JavaThread "jar transforms Thread 588" [_thread_blocked, id=8344, stack(0x0000000022b60000,0x0000000022c60000)]
  0x000000002a900800 JavaThread "jar transforms Thread 587" [_thread_blocked, id=7956, stack(0x0000000022a60000,0x0000000022b60000)]
  0x000000002a902000 JavaThread "jar transforms Thread 586" [_thread_blocked, id=5192, stack(0x0000000022960000,0x0000000022a60000)]
  0x000000002a901800 JavaThread "jar transforms Thread 585" [_thread_blocked, id=5212, stack(0x0000000022860000,0x0000000022960000)]
  0x000000002a903000 JavaThread "jar transforms Thread 584" [_thread_blocked, id=956, stack(0x0000000022760000,0x0000000022860000)]
  0x000000002a8f5800 JavaThread "jar transforms Thread 583" [_thread_blocked, id=1788, stack(0x0000000022660000,0x0000000022760000)]
  0x000000002a8fc000 JavaThread "jar transforms Thread 582" [_thread_blocked, id=8948, stack(0x0000000022560000,0x0000000022660000)]
  0x000000002a8fb800 JavaThread "jar transforms Thread 581" [_thread_blocked, id=9020, stack(0x0000000022460000,0x0000000022560000)]
  0x000000002a8fa800 JavaThread "jar transforms Thread 580" [_thread_blocked, id=5704, stack(0x0000000022360000,0x0000000022460000)]
  0x000000002a8f7000 JavaThread "jar transforms Thread 579" [_thread_blocked, id=4176, stack(0x0000000022260000,0x0000000022360000)]
  0x000000002a8fa000 JavaThread "jar transforms Thread 578" [_thread_blocked, id=216, stack(0x0000000022160000,0x0000000022260000)]
  0x000000002a8f4800 JavaThread "jar transforms Thread 577" [_thread_blocked, id=5108, stack(0x0000000021ed0000,0x0000000021fd0000)]
  0x000000002a8f9000 JavaThread "jar transforms Thread 576" [_thread_blocked, id=6480, stack(0x0000000021dd0000,0x0000000021ed0000)]
  0x000000002a8f6000 JavaThread "jar transforms Thread 575" [_thread_blocked, id=6636, stack(0x0000000021cd0000,0x0000000021dd0000)]
  0x0000000030c1d800 JavaThread "jar transforms Thread 574" [_thread_blocked, id=1436, stack(0x0000000021bd0000,0x0000000021cd0000)]
  0x0000000030c1d000 JavaThread "jar transforms Thread 573" [_thread_blocked, id=8888, stack(0x0000000021ad0000,0x0000000021bd0000)]
  0x0000000030c1c000 JavaThread "jar transforms Thread 572" [_thread_blocked, id=9004, stack(0x00000000219d0000,0x0000000021ad0000)]
  0x0000000030c20000 JavaThread "jar transforms Thread 571" [_thread_blocked, id=2324, stack(0x00000000218d0000,0x00000000219d0000)]
  0x0000000030c1f000 JavaThread "Build operations Thread 4" [_thread_blocked, id=212, stack(0x0000000021560000,0x0000000021660000)]
  0x0000000030c14800 JavaThread "Build operations Thread 3" [_thread_blocked, id=8576, stack(0x0000000021460000,0x0000000021560000)]
  0x0000000030c1b800 JavaThread "Build operations Thread 2" [_thread_blocked, id=8360, stack(0x0000000021360000,0x0000000021460000)]
  0x0000000030c14000 JavaThread "Build operations" [_thread_blocked, id=3868, stack(0x0000000020b60000,0x0000000020c60000)]
  0x0000000030c1a800 JavaThread "Cache worker for cache directory md-rule (C:\Users\rafae\.gradle\caches\6.5\md-rule)" [_thread_blocked, id=764, stack(0x000000001ef00000,0x000000001f000000)]
  0x0000000030c1a000 JavaThread "Cache worker for cache directory md-supplier (C:\Users\rafae\.gradle\caches\6.5\md-supplier)" [_thread_blocked, id=5552, stack(0x000000001ee00000,0x000000001ef00000)]
  0x0000000030c19000 JavaThread "Cache worker for checksums cache (D:\Development\GitHub\CifraCherry\.gradle\checksums)" [_thread_blocked, id=6600, stack(0x000000001d430000,0x000000001d530000)]
  0x0000000030c11800 JavaThread "Cache worker for file hash cache (D:\Development\GitHub\CifraCherry\.gradle\6.5\fileHashes)" [_thread_blocked, id=3488, stack(0x000000001d330000,0x000000001d430000)]
  0x0000000030c18800 JavaThread "Thread-721" [_thread_blocked, id=6816, stack(0x000000001d230000,0x000000001d330000)]
  0x0000000030c17000 JavaThread "Stdin handler" [_thread_blocked, id=3136, stack(0x000000001d130000,0x000000001d230000)]
  0x0000000030c13000 JavaThread "Asynchronous log dispatcher for DefaultDaemonConnection: socket connection from /127.0.0.1:60451 to /127.0.0.1:60562" [_thread_blocked, id=9132, stack(0x000000001c7d0000,0x000000001c8d0000)]
  0x0000000030c16000 JavaThread "Daemon worker Thread 5" [_thread_blocked, id=1072, stack(0x000000001c6d0000,0x000000001c7d0000)]
  0x0000000030c11000 JavaThread "Cancel handler" [_thread_blocked, id=8424, stack(0x0000000001130000,0x0000000001230000)]
  0x0000000030c15800 JavaThread "Handler for socket connection from /127.0.0.1:60451 to /127.0.0.1:60562" [_thread_in_native, id=7844, stack(0x0000000001030000,0x0000000001130000)]
  0x0000000030c17800 JavaThread "Daemon Thread 5" [_thread_blocked, id=972, stack(0x0000000000f30000,0x0000000001030000)]
  0x0000000030c12800 JavaThread "RMI RenewClean-[127.0.0.1:17118,org.jetbrains.kotlin.daemon.common.LoopbackNetworkInterface$ClientLoopbackSocketFactory@9acdbea]" daemon [_thread_blocked, id=6232, stack(0x000000001ce30000,0x000000001cf30000)]
  0x0000000019f14800 JavaThread "RMI Reaper" [_thread_blocked, id=8876, stack(0x0000000043b50000,0x0000000043c50000)]
  0x0000000019f13800 JavaThread "RMI TCP Accept-0" daemon [_thread_in_native, id=3152, stack(0x0000000043a50000,0x0000000043b50000)]
  0x0000000019f13000 JavaThread "GC Daemon" daemon [_thread_blocked, id=8680, stack(0x0000000043950000,0x0000000043a50000)]
  0x0000000019f11800 JavaThread "RMI Scheduler(0)" daemon [_thread_blocked, id=6832, stack(0x0000000043750000,0x0000000043850000)]
  0x000000002b08c800 JavaThread "MarlinRenderer Disposer" daemon [_thread_blocked, id=2800, stack(0x000000002d000000,0x000000002d100000)]
  0x000000002b08c000 JavaThread "Java2D Disposer" daemon [_thread_blocked, id=5524, stack(0x000000002c9e0000,0x000000002cae0000)]
  0x0000000019f17800 JavaThread "Memory manager" [_thread_blocked, id=252, stack(0x0000000029d60000,0x0000000029e60000)]
  0x000000001b71b800 JavaThread "Cache worker for file content cache (C:\Users\rafae\.gradle\caches\6.5\fileContent)" [_thread_blocked, id=2584, stack(0x0000000020c60000,0x0000000020d60000)]
  0x000000001b71f000 JavaThread "Cache worker for execution history cache (C:\Users\rafae\.gradle\caches\6.5\executionHistory)" [_thread_blocked, id=1496, stack(0x0000000020460000,0x0000000020560000)]
  0x000000001b71a000 JavaThread "Cache worker for file hash cache (C:\Users\rafae\.gradle\caches\6.5\fileHashes)" [_thread_blocked, id=7912, stack(0x000000001d930000,0x000000001da30000)]
  0x000000001b718800 JavaThread "File lock request listener" [_thread_in_native, id=4924, stack(0x000000001d830000,0x000000001d930000)]
  0x000000001b6dc800 JavaThread "Cache worker for journal cache (C:\Users\rafae\.gradle\caches\journal-1)" [_thread_blocked, id=4540, stack(0x000000001d730000,0x000000001d830000)]
  0x000000001b4b8800 JavaThread "Daemon periodic checks" [_thread_blocked, id=7268, stack(0x000000001cb30000,0x000000001cc30000)]
  0x000000001b45d000 JavaThread "Incoming local TCP Connector on port 60451" [_thread_in_native, id=2304, stack(0x000000001c8d0000,0x000000001c9d0000)]
  0x000000001b377800 JavaThread "Daemon health stats" [_thread_blocked, id=5944, stack(0x000000001c290000,0x000000001c390000)]
  0x0000000019320800 JavaThread "Service Thread" daemon [_thread_blocked, id=5456, stack(0x00000000196f0000,0x00000000197f0000)]
  0x0000000017992000 JavaThread "C1 CompilerThread2" daemon [_thread_blocked, id=4800, stack(0x00000000191f0000,0x00000000192f0000)]
  0x000000001798a000 JavaThread "C2 CompilerThread1" daemon [_thread_in_native, id=8952, stack(0x00000000190f0000,0x00000000191f0000)]
=>0x0000000017986000 JavaThread "C2 CompilerThread0" daemon [_thread_in_native, id=8260, stack(0x0000000018ff0000,0x00000000190f0000)]
  0x0000000017985000 JavaThread "Attach Listener" daemon [_thread_blocked, id=7124, stack(0x0000000018ef0000,0x0000000018ff0000)]
  0x0000000017982000 JavaThread "Signal Dispatcher" daemon [_thread_blocked, id=2668, stack(0x0000000018df0000,0x0000000018ef0000)]
  0x0000000002d58800 JavaThread "Finalizer" daemon [_thread_blocked, id=1292, stack(0x0000000018be0000,0x0000000018ce0000)]
  0x0000000002d53000 JavaThread "Reference Handler" daemon [_thread_blocked, id=5436, stack(0x0000000018ae0000,0x0000000018be0000)]
  0x0000000002c3e000 JavaThread "main" [_thread_blocked, id=1700, stack(0x0000000002a90000,0x0000000002b90000)]

Other Threads:
  0x0000000017945800 VMThread [stack: 0x00000000189e0000,0x0000000018ae0000] [id=6016]
  0x0000000019325000 WatcherThread [stack: 0x00000000197f0000,0x00000000198f0000] [id=6328]

VM state:not at safepoint (normal execution)

VM Mutex/Monitor currently owned by a thread: None

heap address: 0x0000000080000000, size: 2048 MB, Compressed Oops mode: 32-bit
Narrow klass base: 0x0000000000000000, Narrow klass shift: 3
Compressed class space size: 1073741824 Address: 0x0000000100000000

Heap:
 PSYoungGen      total 612864K, used 304447K [0x00000000d5580000, 0x0000000100000000, 0x0000000100000000)
  eden space 530944K, 57% used [0x00000000d5580000,0x00000000e7ecffd8,0x00000000f5c00000)
  from space 81920K, 0% used [0x00000000f5c00000,0x00000000f5c00000,0x00000000fac00000)
  to   space 86016K, 0% used [0x00000000fac00000,0x00000000fac00000,0x0000000100000000)
 ParOldGen       total 388608K, used 212935K [0x0000000080000000, 0x0000000097b80000, 0x00000000d5580000)
  object space 388608K, 54% used [0x0000000080000000,0x000000008cff1c60,0x0000000097b80000)
 Metaspace       used 129013K, capacity 135824K, committed 136088K, reserved 1167360K
  class space    used 16290K, capacity 17539K, committed 17560K, reserved 1048576K

Card table byte_map: [0x0000000012120000,0x0000000012530000] byte_map_base: 0x0000000011d20000

Marking Bits: (ParMarkBitMap*) 0x0000000054b6f030
 Begin Bits: [0x0000000012be0000, 0x0000000014be0000)
 End Bits:   [0x0000000014be0000, 0x0000000016be0000)

Polling page: 0x00000000012c0000

CodeCache: size=245760Kb used=81104Kb max_used=82091Kb free=164655Kb
 bounds [0x0000000002d60000, 0x0000000007df0000, 0x0000000011d60000]
 total_blobs=22787 nmethods=21742 adapters=953
 compilation: enabled

Compilation events (10 events):
Event: 743.521 Thread 0x0000000017992000 29477       3       org.jetbrains.kotlin.gradle.internal.Kapt3GradleSubplugin::access$getKaptIncrementalDataDir (6 bytes)
Event: 743.521 Thread 0x0000000017992000 nmethod 29477 0x000000000350d450 code [0x000000000350d5c0, 0x000000000350d7a8]
Event: 743.521 Thread 0x0000000017992000 29478       3       org.jetbrains.kotlin.gradle.internal.Kapt3GradleSubplugin::getKaptIncrementalDataDir (10 bytes)
Event: 743.521 Thread 0x0000000017992000 nmethod 29478 0x000000000307b510 code [0x000000000307b680, 0x000000000307b828]
Event: 743.524 Thread 0x0000000017992000 29480       3       org.jetbrains.kotlin.cli.common.arguments.ParseCommandLineArgumentsKt$parsePreprocessedCommandLineArguments$ArgumentField::<init> (27 bytes)
Event: 743.525 Thread 0x0000000017992000 nmethod 29480 0x0000000007954150 code [0x0000000007954380, 0x0000000007954e78]
Event: 743.549 Thread 0x0000000017992000 29481       1       java.lang.reflect.Proxy$Key2::hashCode (5 bytes)
Event: 743.549 Thread 0x0000000017992000 nmethod 29481 0x000000000307b210 code [0x000000000307b360, 0x000000000307b470]
Event: 743.552 Thread 0x0000000017992000 29482       3       java.net.SocketOutputStream::write (8 bytes)
Event: 743.552 Thread 0x0000000017992000 nmethod 29482 0x0000000003889990 code [0x0000000003889b00, 0x0000000003889c88]

GC Heap History (10 events):
Event: 404.599 GC heap before
{Heap before GC invocations=78 (full 6):
 PSYoungGen      total 612352K, used 611932K [0x00000000d5580000, 0x0000000100000000, 0x0000000100000000)
  eden space 547328K, 100% used [0x00000000d5580000,0x00000000f6c00000,0x00000000f6c00000)
  from space 65024K, 99% used [0x00000000f6c00000,0x00000000fab17208,0x00000000fab80000)
  to   space 81408K, 0% used [0x00000000fb080000,0x00000000fb080000,0x0000000100000000)
 ParOldGen       total 359936K, used 256405K [0x0000000080000000, 0x0000000095f80000, 0x00000000d5580000)
  object space 359936K, 71% used [0x0000000080000000,0x000000008fa65630,0x0000000095f80000)
 Metaspace       used 97225K, capacity 102270K, committed 102424K, reserved 1138688K
  class space    used 12466K, capacity 13328K, committed 13336K, reserved 1048576K
Event: 404.663 GC heap after
Heap after GC invocations=78 (full 6):
 PSYoungGen      total 608256K, used 64320K [0x00000000d5580000, 0x0000000100000000, 0x0000000100000000)
  eden space 526848K, 0% used [0x00000000d5580000,0x00000000d5580000,0x00000000f5800000)
  from space 81408K, 79% used [0x00000000fb080000,0x00000000fef50018,0x0000000100000000)
  to   space 86016K, 0% used [0x00000000f5800000,0x00000000f5800000,0x00000000fac00000)
 ParOldGen       total 359936K, used 257773K [0x0000000080000000, 0x0000000095f80000, 0x00000000d5580000)
  object space 359936K, 71% used [0x0000000080000000,0x000000008fbbb630,0x0000000095f80000)
 Metaspace       used 97225K, capacity 102270K, committed 102424K, reserved 1138688K
  class space    used 12466K, capacity 13328K, committed 13336K, reserved 1048576K
}
Event: 490.585 GC heap before
{Heap before GC invocations=79 (full 6):
 PSYoungGen      total 608256K, used 591168K [0x00000000d5580000, 0x0000000100000000, 0x0000000100000000)
  eden space 526848K, 100% used [0x00000000d5580000,0x00000000f5800000,0x00000000f5800000)
  from space 81408K, 79% used [0x00000000fb080000,0x00000000fef50018,0x0000000100000000)
  to   space 86016K, 0% used [0x00000000f5800000,0x00000000f5800000,0x00000000fac00000)
 ParOldGen       total 359936K, used 257773K [0x0000000080000000, 0x0000000095f80000, 0x00000000d5580000)
  object space 359936K, 71% used [0x0000000080000000,0x000000008fbbb630,0x0000000095f80000)
 Metaspace       used 103846K, capacity 109504K, committed 109848K, reserved 1144832K
  class space    used 13446K, capacity 14521K, committed 14616K, reserved 1048576K
Event: 490.646 GC heap after
Heap after GC invocations=79 (full 6):
 PSYoungGen      total 612864K, used 42789K [0x00000000d5580000, 0x00000000ffc80000, 0x0000000100000000)
  eden space 526848K, 0% used [0x00000000d5580000,0x00000000d5580000,0x00000000f5800000)
  from space 86016K, 49% used [0x00000000f5800000,0x00000000f81c96a8,0x00000000fac00000)
  to   space 81920K, 0% used [0x00000000fac80000,0x00000000fac80000,0x00000000ffc80000)
 ParOldGen       total 359936K, used 258965K [0x0000000080000000, 0x0000000095f80000, 0x00000000d5580000)
  object space 359936K, 71% used [0x0000000080000000,0x000000008fce5630,0x0000000095f80000)
 Metaspace       used 103846K, capacity 109504K, committed 109848K, reserved 1144832K
  class space    used 13446K, capacity 14521K, committed 14616K, reserved 1048576K
}
Event: 528.714 GC heap before
{Heap before GC invocations=80 (full 6):
 PSYoungGen      total 612864K, used 569637K [0x00000000d5580000, 0x00000000ffc80000, 0x0000000100000000)
  eden space 526848K, 100% used [0x00000000d5580000,0x00000000f5800000,0x00000000f5800000)
  from space 86016K, 49% used [0x00000000f5800000,0x00000000f81c96a8,0x00000000fac00000)
  to   space 81920K, 0% used [0x00000000fac80000,0x00000000fac80000,0x00000000ffc80000)
 ParOldGen       total 359936K, used 258965K [0x0000000080000000, 0x0000000095f80000, 0x00000000d5580000)
  object space 359936K, 71% used [0x0000000080000000,0x000000008fce5630,0x0000000095f80000)
 Metaspace       used 110483K, capacity 117044K, committed 117272K, reserved 1150976K
  class space    used 14318K, capacity 15539K, committed 15640K, reserved 1048576K
Event: 528.782 GC heap after
Heap after GC invocations=80 (full 6):
 PSYoungGen      total 612352K, used 54607K [0x00000000d5580000, 0x00000000ffc00000, 0x0000000100000000)
  eden space 530944K, 0% used [0x00000000d5580000,0x00000000d5580000,0x00000000f5c00000)
  from space 81408K, 67% used [0x00000000fac80000,0x00000000fe1d3d58,0x00000000ffc00000)
  to   space 81920K, 0% used [0x00000000f5c00000,0x00000000f5c00000,0x00000000fac00000)
 ParOldGen       total 359936K, used 258973K [0x0000000080000000, 0x0000000095f80000, 0x00000000d5580000)
  object space 359936K, 71% used [0x0000000080000000,0x000000008fce7630,0x0000000095f80000)
 Metaspace       used 110483K, capacity 117044K, committed 117272K, reserved 1150976K
  class space    used 14318K, capacity 15539K, committed 15640K, reserved 1048576K
}
Event: 584.560 GC heap before
{Heap before GC invocations=81 (full 6):
 PSYoungGen      total 612352K, used 585551K [0x00000000d5580000, 0x00000000ffc00000, 0x0000000100000000)
  eden space 530944K, 100% used [0x00000000d5580000,0x00000000f5c00000,0x00000000f5c00000)
  from space 81408K, 67% used [0x00000000fac80000,0x00000000fe1d3d58,0x00000000ffc00000)
  to   space 81920K, 0% used [0x00000000f5c00000,0x00000000f5c00000,0x00000000fac00000)
 ParOldGen       total 359936K, used 258973K [0x0000000080000000, 0x0000000095f80000, 0x00000000d5580000)
  object space 359936K, 71% used [0x0000000080000000,0x000000008fce7630,0x0000000095f80000)
 Metaspace       used 128637K, capacity 135482K, committed 135832K, reserved 1167360K
  class space    used 16270K, capacity 17514K, committed 17560K, reserved 1048576K
Event: 584.720 GC heap after
Heap after GC invocations=81 (full 6):
 PSYoungGen      total 612864K, used 81911K [0x00000000d5580000, 0x0000000100000000, 0x0000000100000000)
  eden space 530944K, 0% used [0x00000000d5580000,0x00000000d5580000,0x00000000f5c00000)
  from space 81920K, 99% used [0x00000000f5c00000,0x00000000fabfde50,0x00000000fac00000)
  to   space 86016K, 0% used [0x00000000fac00000,0x00000000fac00000,0x0000000100000000)
 ParOldGen       total 359936K, used 356596K [0x0000000080000000, 0x0000000095f80000, 0x00000000d5580000)
  object space 359936K, 99% used [0x0000000080000000,0x0000000095c3d3c8,0x0000000095f80000)
 Metaspace       used 128637K, capacity 135482K, committed 135832K, reserved 1167360K
  class space    used 16270K, capacity 17514K, committed 17560K, reserved 1048576K
}
Event: 584.720 GC heap before
{Heap before GC invocations=82 (full 7):
 PSYoungGen      total 612864K, used 81911K [0x00000000d5580000, 0x0000000100000000, 0x0000000100000000)
  eden space 530944K, 0% used [0x00000000d5580000,0x00000000d5580000,0x00000000f5c00000)
  from space 81920K, 99% used [0x00000000f5c00000,0x00000000fabfde50,0x00000000fac00000)
  to   space 86016K, 0% used [0x00000000fac00000,0x00000000fac00000,0x0000000100000000)
 ParOldGen       total 359936K, used 356596K [0x0000000080000000, 0x0000000095f80000, 0x00000000d5580000)
  object space 359936K, 99% used [0x0000000080000000,0x0000000095c3d3c8,0x0000000095f80000)
 Metaspace       used 128637K, capacity 135482K, committed 135832K, reserved 1167360K
  class space    used 16270K, capacity 17514K, committed 17560K, reserved 1048576K
Event: 585.514 GC heap after
Heap after GC invocations=82 (full 7):
 PSYoungGen      total 612864K, used 0K [0x00000000d5580000, 0x0000000100000000, 0x0000000100000000)
  eden space 530944K, 0% used [0x00000000d5580000,0x00000000d5580000,0x00000000f5c00000)
  from space 81920K, 0% used [0x00000000f5c00000,0x00000000f5c00000,0x00000000fac00000)
  to   space 86016K, 0% used [0x00000000fac00000,0x00000000fac00000,0x0000000100000000)
 ParOldGen       total 388608K, used 212935K [0x0000000080000000, 0x0000000097b80000, 0x00000000d5580000)
  object space 388608K, 54% used [0x0000000080000000,0x000000008cff1c60,0x0000000097b80000)
 Metaspace       used 128637K, capacity 135482K, committed 135832K, reserved 1167360K
  class space    used 16270K, capacity 17514K, committed 17560K, reserved 1048576K
}

Deoptimization events (10 events):
Event: 741.415 Thread 0x0000000030c16000 Uncommon trap: reason=predicate action=maybe_recompile pc=0x0000000006d3ff64 method=com.google.common.collect.RegularImmutableMap.fromEntryArray(I[Ljava/util/Map$Entry;)Lcom/google/common/collect/ImmutableMap; @ 62
Event: 741.495 Thread 0x0000000030c16000 Uncommon trap: reason=class_check action=maybe_recompile pc=0x0000000006d593ac method=com.google.common.collect.Iterables.castOrCopyToCollection(Ljava/lang/Iterable;)Ljava/util/Collection; @ 1
Event: 741.499 Thread 0x0000000030c16000 Uncommon trap: reason=class_check action=maybe_recompile pc=0x0000000006d593ac method=com.google.common.collect.Iterables.castOrCopyToCollection(Ljava/lang/Iterable;)Ljava/util/Collection; @ 1
Event: 741.501 Thread 0x0000000030c16000 Uncommon trap: reason=class_check action=maybe_recompile pc=0x0000000006d593ac method=com.google.common.collect.Iterables.castOrCopyToCollection(Ljava/lang/Iterable;)Ljava/util/Collection; @ 1
Event: 741.502 Thread 0x0000000030c16000 Uncommon trap: reason=class_check action=maybe_recompile pc=0x0000000006d593ac method=com.google.common.collect.Iterables.castOrCopyToCollection(Ljava/lang/Iterable;)Ljava/util/Collection; @ 1
Event: 741.667 Thread 0x0000000030c16000 Uncommon trap: reason=bimorphic action=maybe_recompile pc=0x0000000007854180 method=kotlin.collections.CollectionsKt___CollectionsKt.sorted(Ljava/lang/Iterable;)Ljava/util/List; @ 18
Event: 741.667 Thread 0x0000000030c16000 Uncommon trap: reason=bimorphic action=maybe_recompile pc=0x0000000007854180 method=kotlin.collections.CollectionsKt___CollectionsKt.sorted(Ljava/lang/Iterable;)Ljava/util/List; @ 18
Event: 742.529 Thread 0x0000000019f19800 Uncommon trap: reason=class_check action=maybe_recompile pc=0x0000000003a1f918 method=org.gradle.internal.snapshot.AbstractCompleteFileSystemLocationSnapshot.getSnapshot(Lorg/gradle/internal/snapshot/VfsRelativePath;Lorg/gradle/internal/snapshot/CaseSensi
Event: 743.439 Thread 0x0000000019f1d800 Uncommon trap: reason=speculate_class_check action=maybe_recompile pc=0x0000000004dad4f8 method=org.gradle.internal.snapshot.AbstractIncompleteSnapshotWithChildren$2.handleNewChild(I)Lorg/gradle/internal/snapshot/FileSystemNode; @ 62
Event: 743.562 Thread 0x0000000019f1b000 Uncommon trap: reason=class_check action=maybe_recompile pc=0x0000000003c5f288 method=java.lang.ThreadLocal.set(Ljava/lang/Object;)V @ 26

Classes redefined (0 events):
No events

Internal exceptions (10 events):
Event: 586.151 Thread 0x000000002a902000 Exception <a 'sun/nio/fs/WindowsException'> (0x00000000dce45e98) thrown at [C:\src\AOSP-openjdk-git\hotspot\src\share\vm\prims\jni.cpp, line 710]
Event: 586.151 Thread 0x000000002a902000 Exception <a 'sun/nio/fs/WindowsException'> (0x00000000dce46b68) thrown at [C:\src\AOSP-openjdk-git\hotspot\src\share\vm\prims\jni.cpp, line 710]
Event: 587.294 Thread 0x0000000030c12800 Exception <a 'java/lang/InterruptedException'> (0x00000000dd325968) thrown at [C:\src\AOSP-openjdk-git\hotspot\src\share\vm\runtime\objectMonitor.cpp, line 1680]
Event: 593.019 Thread 0x000000002a902000 Exception <a 'java/lang/reflect/InvocationTargetException'> (0x00000000dd5f0b00) thrown at [C:\src\AOSP-openjdk-git\hotspot\src\share\vm\runtime\reflection.cpp, line 1092]
Event: 593.042 Thread 0x0000000019f15000 Implicit null exception at 0x0000000003889832 to 0x00000000038899f9
Event: 741.425 Thread 0x0000000030c16000 Exception <a 'sun/nio/fs/WindowsException'> (0x00000000dfdbfb80) thrown at [C:\src\AOSP-openjdk-git\hotspot\src\share\vm\prims\jni.cpp, line 710]
Event: 741.674 Thread 0x0000000030c16000 Exception <a 'sun/nio/fs/WindowsException'> (0x00000000e0b6f538) thrown at [C:\src\AOSP-openjdk-git\hotspot\src\share\vm\prims\jni.cpp, line 710]
Event: 743.432 Thread 0x0000000019f1d800 Exception <a 'sun/nio/fs/WindowsException'> (0x00000000e7644058) thrown at [C:\src\AOSP-openjdk-git\hotspot\src\share\vm\prims\jni.cpp, line 710]
Event: 743.432 Thread 0x0000000019f1d800 Exception <a 'sun/nio/fs/WindowsException'> (0x00000000e7644d18) thrown at [C:\src\AOSP-openjdk-git\hotspot\src\share\vm\prims\jni.cpp, line 710]
Event: 743.546 Thread 0x0000000019f1a800 Exception <a 'java/lang/InterruptedException'> (0x00000000e7c481c8) thrown at [C:\src\AOSP-openjdk-git\hotspot\src\share\vm\runtime\objectMonitor.cpp, line 1680]

Events (10 events):
Event: 743.548 Executing VM operation: RevokeBias
Event: 743.549 Executing VM operation: RevokeBias done
Event: 743.558 Thread 0x0000000019f1b000 Thread added: 0x0000000019f1b000
Event: 743.562 Executing VM operation: RevokeBias
Event: 743.562 Executing VM operation: RevokeBias done
Event: 743.562 Thread 0x0000000019f1b000 Uncommon trap: trap_request=0xffffffde fr.pc=0x0000000003c5f288
Event: 743.562 Thread 0x0000000019f1b000 DEOPT PACKING pc=0x0000000003c5f288 sp=0x000000002eb3e7b0
Event: 743.562 Thread 0x0000000019f1b000 DEOPT UNPACKING pc=0x0000000002da557b sp=0x000000002eb3e758 mode 2
Event: 743.563 Executing VM operation: RevokeBias
Event: 743.564 Executing VM operation: RevokeBias done


Dynamic libraries:
0x00007ff67a8f0000 - 0x00007ff67a921000 	C:\Program Files\Android\Android Studio\jre\bin\java.exe
0x00007ff805ab0000 - 0x00007ff805ca5000 	C:\WINDOWS\SYSTEM32\ntdll.dll
0x00007ff805000000 - 0x00007ff8050bd000 	C:\WINDOWS\System32\KERNEL32.DLL
0x00007ff803400000 - 0x00007ff8036c8000 	C:\WINDOWS\System32\KERNELBASE.dll
0x00007ff804110000 - 0x00007ff8041bc000 	C:\WINDOWS\System32\ADVAPI32.dll
0x00007ff804070000 - 0x00007ff80410e000 	C:\WINDOWS\System32\msvcrt.dll
0x00007ff803b10000 - 0x00007ff803bab000 	C:\WINDOWS\System32\sechost.dll
0x00007ff8050c0000 - 0x00007ff8051eb000 	C:\WINDOWS\System32\RPCRT4.dll
0x00007ff804260000 - 0x00007ff804400000 	C:\WINDOWS\System32\USER32.dll
0x00007ff8032a0000 - 0x00007ff8032c2000 	C:\WINDOWS\System32\win32u.dll
0x00007ff804040000 - 0x00007ff80406a000 	C:\WINDOWS\System32\GDI32.dll
0x00007ff8036d0000 - 0x00007ff8037db000 	C:\WINDOWS\System32\gdi32full.dll
0x00007ff8037e0000 - 0x00007ff80387d000 	C:\WINDOWS\System32\msvcp_win.dll
0x00007ff803a10000 - 0x00007ff803b10000 	C:\WINDOWS\System32\ucrtbase.dll
0x00007fffeff90000 - 0x00007ffff022a000 	C:\WINDOWS\WinSxS\amd64_microsoft.windows.common-controls_6595b64144ccf1df_6.0.19041.844_none_ca00b6081b84eb1d\COMCTL32.dll
0x00007ff804ad0000 - 0x00007ff804b00000 	C:\WINDOWS\System32\IMM32.DLL
0x00000000542c0000 - 0x0000000054392000 	C:\Program Files\Android\Android Studio\jre\jre\bin\msvcr100.dll
0x00000000543a0000 - 0x0000000054beb000 	C:\Program Files\Android\Android Studio\jre\jre\bin\server\jvm.dll
0x00007ff804250000 - 0x00007ff804258000 	C:\WINDOWS\System32\PSAPI.DLL
0x00007ffff8200000 - 0x00007ffff820a000 	C:\WINDOWS\SYSTEM32\VERSION.dll
0x00007ffff7d90000 - 0x00007ffff7db7000 	C:\WINDOWS\SYSTEM32\WINMM.dll
0x00007ffff41d0000 - 0x00007ffff41d9000 	C:\WINDOWS\SYSTEM32\WSOCK32.dll
0x00007ff805940000 - 0x00007ff8059ab000 	C:\WINDOWS\System32\WS2_32.dll
0x00007ffff41c0000 - 0x00007ffff41cf000 	C:\Program Files\Android\Android Studio\jre\jre\bin\verify.dll
0x00007ffff4190000 - 0x00007ffff41b9000 	C:\Program Files\Android\Android Studio\jre\jre\bin\java.dll
0x00007ffff4170000 - 0x00007ffff4186000 	C:\Program Files\Android\Android Studio\jre\jre\bin\zip.dll
0x00007ff8051f0000 - 0x00007ff805932000 	C:\WINDOWS\System32\SHELL32.dll
0x00007ff801330000 - 0x00007ff801ac1000 	C:\WINDOWS\SYSTEM32\windows.storage.dll
0x00007ff803ce0000 - 0x00007ff804035000 	C:\WINDOWS\System32\combase.dll
0x00007ff802c60000 - 0x00007ff802c8c000 	C:\WINDOWS\SYSTEM32\Wldp.dll
0x00007ff8044d0000 - 0x00007ff80457e000 	C:\WINDOWS\System32\SHCORE.dll
0x00007ff8046d0000 - 0x00007ff804725000 	C:\WINDOWS\System32\shlwapi.dll
0x00007ff803130000 - 0x00007ff80314f000 	C:\WINDOWS\SYSTEM32\profapi.dll
0x00007ffff3730000 - 0x00007ffff374a000 	C:\Program Files\Android\Android Studio\jre\jre\bin\net.dll
0x00007ff8029d0000 - 0x00007ff802a3a000 	C:\WINDOWS\system32\mswsock.dll
0x00007ffff17d0000 - 0x00007ffff17e3000 	C:\Program Files\Android\Android Studio\jre\jre\bin\nio.dll
0x00007ffffcbc0000 - 0x00007ffffcbe7000 	C:\Users\rafae\.gradle\native\f6784746aeab05261644944871eae4fe03e0ef1612fff0a4a95f87b438bc6780\windows-amd64\native-platform.dll
0x00007ffff4160000 - 0x00007ffff416d000 	C:\Program Files\Android\Android Studio\jre\jre\bin\management.dll
0x00007ff802ba0000 - 0x00007ff802bb8000 	C:\WINDOWS\SYSTEM32\CRYPTSP.dll
0x00007ff802300000 - 0x00007ff802334000 	C:\WINDOWS\system32\rsaenh.dll
0x00007ff8039e0000 - 0x00007ff803a07000 	C:\WINDOWS\System32\bcrypt.dll
0x00007ff8030b0000 - 0x00007ff8030de000 	C:\WINDOWS\SYSTEM32\USERENV.dll
0x00007ff8032d0000 - 0x00007ff803350000 	C:\WINDOWS\System32\bcryptprimitives.dll
0x00007ff802bc0000 - 0x00007ff802bcc000 	C:\WINDOWS\SYSTEM32\CRYPTBASE.dll
0x00007ff802670000 - 0x00007ff8026ab000 	C:\WINDOWS\SYSTEM32\IPHLPAPI.DLL
0x00007ff8046c0000 - 0x00007ff8046c8000 	C:\WINDOWS\System32\NSI.dll
0x00007ffff9cd0000 - 0x00007ffff9ce7000 	C:\WINDOWS\SYSTEM32\dhcpcsvc6.DLL
0x00007ffff9da0000 - 0x00007ffff9dbd000 	C:\WINDOWS\SYSTEM32\dhcpcsvc.DLL
0x00007ff8026b0000 - 0x00007ff80277c000 	C:\WINDOWS\SYSTEM32\DNSAPI.dll
0x00007ffffb1b0000 - 0x00007ffffb1bb000 	C:\WINDOWS\SYSTEM32\WINNSI.DLL
0x00007fffde670000 - 0x00007fffde80c000 	C:\Program Files\Android\Android Studio\jre\jre\bin\awt.dll
0x00007ff804400000 - 0x00007ff8044cd000 	C:\WINDOWS\System32\OLEAUT32.dll
0x00007ff800e40000 - 0x00007ff800e6f000 	C:\WINDOWS\SYSTEM32\dwmapi.dll
0x00007fffff840000 - 0x00007fffffe00000 	C:\WINDOWS\SYSTEM32\d2d1.dll
0x00007ff800bc0000 - 0x00007ff800c50000 	C:\WINDOWS\SYSTEM32\apphelp.dll
0x00007ff800c70000 - 0x00007ff800d0e000 	C:\WINDOWS\system32\uxtheme.dll
0x00007ffff4140000 - 0x00007ffff415e000 	C:\Users\rafae\AppData\Local\Temp\native-platform918388686029316207dir\native-platform.dll

VM Arguments:
jvm_args: -Xmx2048m -Dfile.encoding=UTF-8 -Duser.country=BR -Duser.language=pt -Duser.variant 
java_command: org.gradle.launcher.daemon.bootstrap.GradleDaemon 6.5
java_class_path (initial): C:\Users\rafae\.gradle\wrapper\dists\gradle-6.5-all\2oz4ud9k3tuxjg84bbf55q0tn\gradle-6.5\lib\gradle-launcher-6.5.jar
Launcher Type: SUN_STANDARD

Environment Variables:
JAVA_HOME=C:\Program Files\Java\jdk-16.0.1\jre
PATH=C:\WINDOWS\system32;C:\WINDOWS;C:\WINDOWS\System32\Wbem;C:\WINDOWS\System32\WindowsPowerShell\v1.0\;C:\WINDOWS\System32\OpenSSH\;C:\Program Files\Java\jdk-16\bin;C:\Program Files\Git\cmd;C:\Program Files\dotnet\;C:\Users\rafae\AppData\Local\Microsoft\WindowsApps;C:\Program Files\JetBrains\IntelliJ IDEA Community Edition 2021.1\bin;;C:\Users\rafae\AppData\Local\GitHubDesktop\bin
USERNAME=Rafael
OS=Windows_NT
PROCESSOR_IDENTIFIER=Intel64 Family 6 Model 61 Stepping 4, GenuineIntel



---------------  S Y S T E M  ---------------

OS: Windows 10.0 , 64 bit Build 19041 (10.0.19041.928)

CPU:total 4 (initial active 4) (2 cores per cpu, 2 threads per core) family 6 model 61 stepping 4, cmov, cx8, fxsr, mmx, sse, sse2, sse3, ssse3, sse4.1, sse4.2, popcnt, avx, avx2, aes, clmul, erms, 3dnowpref, lzcnt, ht, tsc, tscinvbit, bmi1, bmi2, adx

Memory: 4k page, physical 8301016k(632180k free), swap 8301016k(6648k free)

vm_info: OpenJDK 64-Bit Server VM (25.242-b01) for windows-amd64 JRE (1.8.0_242-release-1644-b01), built by "builder" with MS VC++ 10.0 (VS2010)

time: Fri May 07 16:31:35 2021
timezone: Hora oficial do Brasil
elapsed time: 744 seconds (0d 0h 12m 24s)

