#
# There is insufficient memory for the Java Runtime Environment to continue.
# Native memory allocation (malloc) failed to allocate 1670496 bytes for Chunk::new
# Possible reasons:
#   The system is out of physical RAM or swap space
#   The process is running with CompressedOops enabled, and the Java Heap may be blocking the growth of the native heap
# Possible solutions:
#   Reduce memory load on the system
#   Increase physical memory or swap space
#   Check if swap backing store is full
#   Decrease Java heap size (-Xmx/-Xms)
#   Decrease number of Java threads
#   Decrease Java thread stack sizes (-Xss)
#   Set larger code cache with -XX:ReservedCodeCacheSize=
#   JVM is running with Unscaled Compressed Oops mode in which the Java heap is
#     placed in the first 4GB address space. The Java Heap base address is the
#     maximum limit for the native heap growth. Please use -XX:HeapBaseMinAddress
#     to set the Java Heap base and to place the Java Heap above 4GB virtual address.
# This output file may be truncated or incomplete.
#
#  Out of Memory Error (allocation.cpp:389), pid=3848, tid=0x00000000000019ac
#
# JRE version: OpenJDK Runtime Environment (8.0_242-b01) (build 1.8.0_242-release-1644-b01)
# Java VM: OpenJDK 64-Bit Server VM (25.242-b01 mixed mode windows-amd64 compressed oops)
# Failed to write core dump. Minidumps are not enabled by default on client versions of Windows
#

---------------  T H R E A D  ---------------

Current thread (0x0000000017135800):  JavaThread "C2 CompilerThread0" daemon [_thread_in_native, id=6572, stack(0x00000000187a0000,0x00000000188a0000)]

Stack: [0x00000000187a0000,0x00000000188a0000]
[error occurred during error reporting (printing stack bounds), id 0xc0000005]

Native frames: (J=compiled Java code, j=interpreted, Vv=VM code, C=native code)


Current CompileTask:
C2:8262741 17027       4       com.android.tools.r8.dex.n::a (910 bytes)


---------------  P R O C E S S  ---------------

Java Threads: ( => current thread )
  0x000000001f1a8000 JavaThread "ForkJoinPool-2-worker-0" daemon [_thread_blocked, id=636, stack(0x0000000023d60000,0x0000000023e60000)]
  0x000000001f1a5000 JavaThread "ForkJoinPool-2-worker-3" daemon [_thread_in_Java, id=6760, stack(0x00000000228d0000,0x00000000229d0000)]
  0x000000001f1a6800 JavaThread "ForkJoinPool-2-worker-2" daemon [_thread_in_Java, id=9980, stack(0x0000000022390000,0x0000000022490000)]
  0x000000001f1a4800 JavaThread "ForkJoinPool-2-worker-1" daemon [_thread_in_Java, id=1460, stack(0x000000001c5e0000,0x000000001c6e0000)]
  0x000000001f1a3000 JavaThread "RMI TCP Connection(1)-127.0.0.1" daemon [_thread_in_native, id=3704, stack(0x000000002efb0000,0x000000002f0b0000)]
  0x0000000019f25800 JavaThread "RMI Reaper" [_thread_blocked, id=3136, stack(0x000000002eeb0000,0x000000002efb0000)]
  0x0000000019f29800 JavaThread "RMI TCP Accept-0" daemon [_thread_in_native, id=9432, stack(0x000000002edb0000,0x000000002eeb0000)]
  0x0000000019f28000 JavaThread "GC Daemon" daemon [_thread_blocked, id=7084, stack(0x000000002ecb0000,0x000000002edb0000)]
  0x0000000019c7f000 JavaThread "RMI Scheduler(0)" daemon [_thread_blocked, id=9524, stack(0x000000002eab0000,0x000000002ebb0000)]
  0x0000000019c7d000 JavaThread "WorkerExecutor Queue Thread 7" [_thread_blocked, id=9676, stack(0x000000002e4b0000,0x000000002e5b0000)]
  0x0000000019c7c000 JavaThread "WorkerExecutor Queue Thread 6" [_thread_in_vm, id=3992, stack(0x000000002c9e0000,0x000000002cae0000)]
  0x0000000019c78800 JavaThread "stdout" [_thread_in_native, id=2144, stack(0x000000002dfb0000,0x000000002e0b0000)]
  0x0000000019c77000 JavaThread "stderr" [_thread_in_native, id=7812, stack(0x000000002deb0000,0x000000002dfb0000)]
  0x0000000019c73000 JavaThread "stdout" [_thread_in_native, id=9604, stack(0x000000002ddb0000,0x000000002deb0000)]
  0x0000000019c7a000 JavaThread "stderr" [_thread_in_native, id=7956, stack(0x000000002dcb0000,0x000000002ddb0000)]
  0x0000000019c74000 JavaThread "stdout" [_thread_in_native, id=2636, stack(0x000000002dbb0000,0x000000002dcb0000)]
  0x0000000019c77800 JavaThread "stderr" [_thread_in_native, id=1096, stack(0x000000002dab0000,0x000000002dbb0000)]
  0x0000000019c72800 JavaThread "stdout" [_thread_in_native, id=10008, stack(0x000000002d9b0000,0x000000002dab0000)]
  0x0000000019c71800 JavaThread "stderr" [_thread_in_native, id=6116, stack(0x000000002d750000,0x000000002d850000)]
  0x0000000019c76000 JavaThread "pool-4-thread-1" [_thread_blocked, id=516, stack(0x000000002d8b0000,0x000000002d9b0000)]
  0x0000000019c71000 JavaThread "MarlinRenderer Disposer" daemon [_thread_blocked, id=9516, stack(0x000000002d250000,0x000000002d350000)]
  0x0000000019c75800 JavaThread "Java2D Disposer" daemon [_thread_blocked, id=8732, stack(0x000000002d150000,0x000000002d250000)]
  0x0000000019f25000 JavaThread "WorkerExecutor Queue Thread 4" [_thread_blocked, id=5916, stack(0x000000002cd50000,0x000000002ce50000)]
  0x0000000019f1d800 JavaThread "WorkerExecutor Queue" [_thread_blocked, id=1044, stack(0x000000002c6e0000,0x000000002c7e0000)]
  0x0000000019f1e000 JavaThread "Cache worker for execution history cache (D:\Development\GitHub\CifraCherry\.gradle\6.5\executionHistory)" [_thread_blocked, id=2228, stack(0x000000002c3e0000,0x000000002c4e0000)]
  0x0000000019f23800 JavaThread "Execution worker for ':' Thread 3" [_thread_blocked, id=8376, stack(0x000000002a530000,0x000000002a630000)]
  0x0000000019f22800 JavaThread "Execution worker for ':' Thread 2" [_thread_blocked, id=3928, stack(0x0000000029590000,0x0000000029690000)]
  0x0000000019f1b000 JavaThread "Execution worker for ':'" [_thread_blocked, id=7856, stack(0x0000000029390000,0x0000000029490000)]
  0x0000000019f1a800 JavaThread "Cache worker for file content cache (D:\Development\GitHub\CifraCherry\.gradle\6.5\fileContent)" [_thread_blocked, id=6012, stack(0x0000000029090000,0x0000000029190000)]
  0x0000000019f21000 JavaThread "pool-3-thread-1" [_thread_blocked, id=2740, stack(0x0000000028f90000,0x0000000029090000)]
  0x0000000019f1c000 JavaThread "Cache worker for Build Output Cleanup Cache (D:\Development\GitHub\CifraCherry\.gradle\buildOutputCleanup)" [_thread_blocked, id=2632, stack(0x0000000028e90000,0x0000000028f90000)]
  0x000000001e4d7000 JavaThread "Build operations Thread 4" [_thread_blocked, id=8888, stack(0x0000000020db0000,0x0000000020eb0000)]
  0x000000001e4d5000 JavaThread "Build operations Thread 3" [_thread_blocked, id=448, stack(0x000000001f980000,0x000000001fa80000)]
  0x000000001e4d9000 JavaThread "Build operations Thread 2" [_thread_blocked, id=8236, stack(0x000000001f780000,0x000000001f880000)]
  0x000000001e4d7800 JavaThread "Build operations" [_thread_blocked, id=6268, stack(0x000000001f680000,0x000000001f780000)]
  0x000000001e4cb800 JavaThread "Cache worker for cache directory md-rule (C:\Users\rafae\.gradle\caches\6.5\md-rule)" [_thread_blocked, id=1704, stack(0x000000001f580000,0x000000001f680000)]
  0x000000001e4d1800 JavaThread "Cache worker for cache directory md-supplier (C:\Users\rafae\.gradle\caches\6.5\md-supplier)" [_thread_blocked, id=7240, stack(0x000000001cbe0000,0x000000001cce0000)]
  0x000000001e4d0800 JavaThread "Cache worker for checksums cache (D:\Development\GitHub\CifraCherry\.gradle\checksums)" [_thread_blocked, id=1200, stack(0x000000001cae0000,0x000000001cbe0000)]
  0x000000001e4cf000 JavaThread "Cache worker for file hash cache (D:\Development\GitHub\CifraCherry\.gradle\6.5\fileHashes)" [_thread_blocked, id=2784, stack(0x000000001c9e0000,0x000000001cae0000)]
  0x000000001e4cc000 JavaThread "Thread-281" [_thread_blocked, id=9320, stack(0x000000001c8e0000,0x000000001c9e0000)]
  0x000000001e4d2000 JavaThread "Asynchronous log dispatcher for DefaultDaemonConnection: socket connection from /127.0.0.1:63699 to /127.0.0.1:64123" [_thread_blocked, id=8140, stack(0x000000001bf80000,0x000000001c080000)]
  0x000000001e4ca800 JavaThread "Daemon worker Thread 3" [_thread_blocked, id=8548, stack(0x000000001be80000,0x000000001bf80000)]
  0x000000001e4ce800 JavaThread "Cancel handler" [_thread_blocked, id=8812, stack(0x00000000007e0000,0x00000000008e0000)]
  0x000000001e4cd800 JavaThread "Handler for socket connection from /127.0.0.1:63699 to /127.0.0.1:64123" [_thread_in_native, id=7156, stack(0x00000000006e0000,0x00000000007e0000)]
  0x000000001e4cd000 JavaThread "Daemon Thread 3" [_thread_blocked, id=7164, stack(0x00000000004d0000,0x00000000005d0000)]
  0x000000001e4d4800 JavaThread "Memory manager" [_thread_blocked, id=5276, stack(0x000000002ab10000,0x000000002ac10000)]
  0x000000001ac20000 JavaThread "Cache worker for file content cache (C:\Users\rafae\.gradle\caches\6.5\fileContent)" [_thread_blocked, id=9148, stack(0x0000000020cb0000,0x0000000020db0000)]
  0x000000001ac22800 JavaThread "Cache worker for execution history cache (C:\Users\rafae\.gradle\caches\6.5\executionHistory)" [_thread_blocked, id=8300, stack(0x000000001f880000,0x000000001f980000)]
  0x000000001ac25800 JavaThread "Cache worker for file hash cache (C:\Users\rafae\.gradle\caches\6.5\fileHashes)" [_thread_blocked, id=5340, stack(0x000000001d0e0000,0x000000001d1e0000)]
  0x000000001ac24000 JavaThread "File lock request listener" [_thread_in_native, id=9736, stack(0x000000001cfe0000,0x000000001d0e0000)]
  0x000000001ab12800 JavaThread "Cache worker for journal cache (C:\Users\rafae\.gradle\caches\journal-1)" [_thread_blocked, id=5124, stack(0x000000001cee0000,0x000000001cfe0000)]
  0x000000001aabc800 JavaThread "Daemon periodic checks" [_thread_blocked, id=960, stack(0x000000001c2e0000,0x000000001c3e0000)]
  0x000000001aaaf000 JavaThread "Incoming local TCP Connector on port 63699" [_thread_in_native, id=10088, stack(0x000000001c080000,0x000000001c180000)]
  0x00000000190ee000 JavaThread "Daemon health stats" [_thread_blocked, id=1824, stack(0x000000001ba40000,0x000000001bb40000)]
  0x0000000018ac8800 JavaThread "Service Thread" daemon [_thread_blocked, id=5052, stack(0x0000000018ea0000,0x0000000018fa0000)]
  0x000000001714a000 JavaThread "C1 CompilerThread2" daemon [_thread_blocked, id=8212, stack(0x00000000189a0000,0x0000000018aa0000)]
  0x0000000017139800 JavaThread "C2 CompilerThread1" daemon [_thread_in_native, id=4808, stack(0x00000000188a0000,0x00000000189a0000)]
=>0x0000000017135800 JavaThread "C2 CompilerThread0" daemon [_thread_in_native, id=6572, stack(0x00000000187a0000,0x00000000188a0000)]
  0x0000000017134000 JavaThread "Attach Listener" daemon [_thread_blocked, id=8088, stack(0x00000000186a0000,0x00000000187a0000)]
  0x0000000017130800 JavaThread "Signal Dispatcher" daemon [_thread_blocked, id=7536, stack(0x00000000185a0000,0x00000000186a0000)]
  0x000000000250b000 JavaThread "Finalizer" daemon [_thread_blocked, id=8524, stack(0x0000000018390000,0x0000000018490000)]
  0x0000000017119000 JavaThread "Reference Handler" daemon [_thread_blocked, id=4520, stack(0x0000000018290000,0x0000000018390000)]
  0x000000000222e000 JavaThread "main" [_thread_blocked, id=7580, stack(0x0000000002310000,0x0000000002410000)]

Other Threads:
  0x00000000170f6000 VMThread [stack: 0x0000000018190000,0x0000000018290000] [id=3452]
  0x000000001718d800 WatcherThread [stack: 0x0000000018fa0000,0x00000000190a0000] [id=5292]

VM state:not at safepoint (normal execution)

VM Mutex/Monitor currently owned by a thread: None

heap address: 0x0000000080000000, size: 2048 MB, Compressed Oops mode: 32-bit
Narrow klass base: 0x0000000000000000, Narrow klass shift: 3
Compressed class space size: 1073741824 Address: 0x0000000100000000

Heap:
 PSYoungGen      total 435200K, used 221147K [0x00000000d5580000, 0x00000000f2300000, 0x0000000100000000)
  eden space 397824K, 48% used [0x00000000d5580000,0x00000000e1323d28,0x00000000eda00000)
  from space 37376K, 72% used [0x00000000eda00000,0x00000000ef4530a0,0x00000000efe80000)
  to   space 36864K, 0% used [0x00000000eff00000,0x00000000eff00000,0x00000000f2300000)
 ParOldGen       total 120832K, used 120584K [0x0000000080000000, 0x0000000087600000, 0x00000000d5580000)
  object space 120832K, 99% used [0x0000000080000000,0x00000000875c2208,0x0000000087600000)
 Metaspace       used 107888K, capacity 112048K, committed 112344K, reserved 1146880K
  class space    used 13739K, capacity 14521K, committed 14592K, reserved 1048576K

Card table byte_map: [0x00000000118d0000,0x0000000011ce0000] byte_map_base: 0x00000000114d0000

Marking Bits: (ParMarkBitMap*) 0x000000006157f030
 Begin Bits: [0x0000000012390000, 0x0000000014390000)
 End Bits:   [0x0000000014390000, 0x0000000016390000)

Polling page: 0x0000000000920000

CodeCache: size=245760Kb used=47753Kb max_used=47753Kb free=198006Kb
 bounds [0x0000000002510000, 0x00000000053f0000, 0x0000000011510000]
 total_blobs=15548 nmethods=14515 adapters=944
 compilation: enabled

Compilation events (10 events):
Event: 8262.710 Thread 0x000000001714a000 nmethod 17232 0x00000000053ddd50 code [0x00000000053ddec0, 0x00000000053de158]
Event: 8262.710 Thread 0x000000001714a000 17233       2       com.android.tools.r8.code.T0::hashCode (21 bytes)
Event: 8262.710 Thread 0x000000001714a000 nmethod 17233 0x00000000053de450 code [0x00000000053de5c0, 0x00000000053de768]
Event: 8262.714 Thread 0x000000001714a000 17234       2       com.android.tools.r8.code.w0::<init> (97 bytes)
Event: 8262.715 Thread 0x000000001714a000 nmethod 17234 0x00000000053de810 code [0x00000000053de9c0, 0x00000000053deef8]
Event: 8262.715 Thread 0x000000001714a000 17235       2       java.util.Arrays::hashCode (44 bytes)
Event: 8262.715 Thread 0x000000001714a000 nmethod 17235 0x00000000053df450 code [0x00000000053df5a0, 0x00000000053df770]
Event: 8262.726 Thread 0x000000001714a000 17238       2       com.android.tools.r8.code.M0::hashCode (28 bytes)
Event: 8262.727 Thread 0x000000001714a000 nmethod 17238 0x00000000053df890 code [0x00000000053dfa00, 0x00000000053dfba8]
Event: 8262.727 Thread 0x000000001714a000 17239       2       com.android.tools.r8.code.e0::<init> (30 bytes)

GC Heap History (10 events):
Event: 8230.924 GC heap before
{Heap before GC invocations=18 (full 3):
 PSYoungGen      total 353792K, used 353784K [0x00000000d5580000, 0x00000000ef100000, 0x0000000100000000)
  eden space 328192K, 100% used [0x00000000d5580000,0x00000000e9600000,0x00000000e9600000)
  from space 25600K, 99% used [0x00000000ebb80000,0x00000000ed47e348,0x00000000ed480000)
  to   space 38400K, 0% used [0x00000000e9600000,0x00000000e9600000,0x00000000ebb80000)
 ParOldGen       total 120832K, used 63072K [0x0000000080000000, 0x0000000087600000, 0x00000000d5580000)
  object space 120832K, 52% used [0x0000000080000000,0x0000000083d98378,0x0000000087600000)
 Metaspace       used 85948K, capacity 89592K, committed 89816K, reserved 1128448K
  class space    used 11065K, capacity 11761K, committed 11776K, reserved 1048576K
Event: 8230.989 GC heap after
Heap after GC invocations=18 (full 3):
 PSYoungGen      total 366592K, used 19819K [0x00000000d5580000, 0x00000000f2400000, 0x0000000100000000)
  eden space 328192K, 0% used [0x00000000d5580000,0x00000000d5580000,0x00000000e9600000)
  from space 38400K, 51% used [0x00000000e9600000,0x00000000ea95acd0,0x00000000ebb80000)
  to   space 37888K, 0% used [0x00000000eff00000,0x00000000eff00000,0x00000000f2400000)
 ParOldGen       total 120832K, used 84136K [0x0000000080000000, 0x0000000087600000, 0x00000000d5580000)
  object space 120832K, 69% used [0x0000000080000000,0x000000008522a010,0x0000000087600000)
 Metaspace       used 85948K, capacity 89592K, committed 89816K, reserved 1128448K
  class space    used 11065K, capacity 11761K, committed 11776K, reserved 1048576K
}
Event: 8235.015 GC heap before
{Heap before GC invocations=19 (full 3):
 PSYoungGen      total 366592K, used 93817K [0x00000000d5580000, 0x00000000f2400000, 0x0000000100000000)
  eden space 328192K, 22% used [0x00000000d5580000,0x00000000d9dc39d8,0x00000000e9600000)
  from space 38400K, 51% used [0x00000000e9600000,0x00000000ea95acd0,0x00000000ebb80000)
  to   space 37888K, 0% used [0x00000000eff00000,0x00000000eff00000,0x00000000f2400000)
 ParOldGen       total 120832K, used 84136K [0x0000000080000000, 0x0000000087600000, 0x00000000d5580000)
  object space 120832K, 69% used [0x0000000080000000,0x000000008522a010,0x0000000087600000)
 Metaspace       used 89166K, capacity 92902K, committed 93144K, reserved 1130496K
  class space    used 11500K, capacity 12203K, committed 12288K, reserved 1048576K
Event: 8235.040 GC heap after
Heap after GC invocations=19 (full 3):
 PSYoungGen      total 434688K, used 20413K [0x00000000d5580000, 0x00000000f2300000, 0x0000000100000000)
  eden space 397824K, 0% used [0x00000000d5580000,0x00000000d5580000,0x00000000eda00000)
  from space 36864K, 55% used [0x00000000eff00000,0x00000000f12ef750,0x00000000f2300000)
  to   space 37376K, 0% used [0x00000000eda00000,0x00000000eda00000,0x00000000efe80000)
 ParOldGen       total 120832K, used 84144K [0x0000000080000000, 0x0000000087600000, 0x00000000d5580000)
  object space 120832K, 69% used [0x0000000080000000,0x000000008522c010,0x0000000087600000)
 Metaspace       used 89166K, capacity 92902K, committed 93144K, reserved 1130496K
  class space    used 11500K, capacity 12203K, committed 12288K, reserved 1048576K
}
Event: 8235.040 GC heap before
{Heap before GC invocations=20 (full 4):
 PSYoungGen      total 434688K, used 20413K [0x00000000d5580000, 0x00000000f2300000, 0x0000000100000000)
  eden space 397824K, 0% used [0x00000000d5580000,0x00000000d5580000,0x00000000eda00000)
  from space 36864K, 55% used [0x00000000eff00000,0x00000000f12ef750,0x00000000f2300000)
  to   space 37376K, 0% used [0x00000000eda00000,0x00000000eda00000,0x00000000efe80000)
 ParOldGen       total 120832K, used 84144K [0x0000000080000000, 0x0000000087600000, 0x00000000d5580000)
  object space 120832K, 69% used [0x0000000080000000,0x000000008522c010,0x0000000087600000)
 Metaspace       used 89166K, capacity 92902K, committed 93144K, reserved 1130496K
  class space    used 11500K, capacity 12203K, committed 12288K, reserved 1048576K
Event: 8235.483 GC heap after
Heap after GC invocations=20 (full 4):
 PSYoungGen      total 434688K, used 0K [0x00000000d5580000, 0x00000000f2300000, 0x0000000100000000)
  eden space 397824K, 0% used [0x00000000d5580000,0x00000000d5580000,0x00000000eda00000)
  from space 36864K, 0% used [0x00000000eff00000,0x00000000eff00000,0x00000000f2300000)
  to   space 37376K, 0% used [0x00000000eda00000,0x00000000eda00000,0x00000000efe80000)
 ParOldGen       total 120832K, used 60517K [0x0000000080000000, 0x0000000087600000, 0x00000000d5580000)
  object space 120832K, 50% used [0x0000000080000000,0x0000000083b197e0,0x0000000087600000)
 Metaspace       used 89073K, capacity 92668K, committed 93144K, reserved 1130496K
  class space    used 11471K, capacity 12150K, committed 12288K, reserved 1048576K
}
Event: 8257.459 GC heap before
{Heap before GC invocations=21 (full 4):
 PSYoungGen      total 434688K, used 397824K [0x00000000d5580000, 0x00000000f2300000, 0x0000000100000000)
  eden space 397824K, 100% used [0x00000000d5580000,0x00000000eda00000,0x00000000eda00000)
  from space 36864K, 0% used [0x00000000eff00000,0x00000000eff00000,0x00000000f2300000)
  to   space 37376K, 0% used [0x00000000eda00000,0x00000000eda00000,0x00000000efe80000)
 ParOldGen       total 120832K, used 60517K [0x0000000080000000, 0x0000000087600000, 0x00000000d5580000)
  object space 120832K, 50% used [0x0000000080000000,0x0000000083b197e0,0x0000000087600000)
 Metaspace       used 102030K, capacity 105980K, committed 106328K, reserved 1142784K
  class space    used 12860K, capacity 13611K, committed 13696K, reserved 1048576K
Event: 8257.571 GC heap after
Heap after GC invocations=21 (full 4):
 PSYoungGen      total 435200K, used 37347K [0x00000000d5580000, 0x00000000f2300000, 0x0000000100000000)
  eden space 397824K, 0% used [0x00000000d5580000,0x00000000d5580000,0x00000000eda00000)
  from space 37376K, 99% used [0x00000000eda00000,0x00000000efe78f88,0x00000000efe80000)
  to   space 36864K, 0% used [0x00000000eff00000,0x00000000eff00000,0x00000000f2300000)
 ParOldGen       total 120832K, used 117398K [0x0000000080000000, 0x0000000087600000, 0x00000000d5580000)
  object space 120832K, 97% used [0x0000000080000000,0x00000000872a5bc8,0x0000000087600000)
 Metaspace       used 102030K, capacity 105980K, committed 106328K, reserved 1142784K
  class space    used 12860K, capacity 13611K, committed 13696K, reserved 1048576K
}
Event: 8257.571 GC heap before
{Heap before GC invocations=22 (full 5):
 PSYoungGen      total 435200K, used 37347K [0x00000000d5580000, 0x00000000f2300000, 0x0000000100000000)
  eden space 397824K, 0% used [0x00000000d5580000,0x00000000d5580000,0x00000000eda00000)
  from space 37376K, 99% used [0x00000000eda00000,0x00000000efe78f88,0x00000000efe80000)
  to   space 36864K, 0% used [0x00000000eff00000,0x00000000eff00000,0x00000000f2300000)
 ParOldGen       total 120832K, used 117398K [0x0000000080000000, 0x0000000087600000, 0x00000000d5580000)
  object space 120832K, 97% used [0x0000000080000000,0x00000000872a5bc8,0x0000000087600000)
 Metaspace       used 102030K, capacity 105980K, committed 106328K, reserved 1142784K
  class space    used 12860K, capacity 13611K, committed 13696K, reserved 1048576K
Event: 8258.368 GC heap after
Heap after GC invocations=22 (full 5):
 PSYoungGen      total 435200K, used 26956K [0x00000000d5580000, 0x00000000f2300000, 0x0000000100000000)
  eden space 397824K, 0% used [0x00000000d5580000,0x00000000d5580000,0x00000000eda00000)
  from space 37376K, 72% used [0x00000000eda00000,0x00000000ef4530a0,0x00000000efe80000)
  to   space 36864K, 0% used [0x00000000eff00000,0x00000000eff00000,0x00000000f2300000)
 ParOldGen       total 120832K, used 120584K [0x0000000080000000, 0x0000000087600000, 0x00000000d5580000)
  object space 120832K, 99% used [0x0000000080000000,0x00000000875c2208,0x0000000087600000)
 Metaspace       used 102030K, capacity 105980K, committed 106328K, reserved 1142784K
  class space    used 12860K, capacity 13611K, committed 13696K, reserved 1048576K
}

Deoptimization events (10 events):
Event: 8261.830 Thread 0x0000000019c7c000 Uncommon trap: reason=bimorphic action=maybe_recompile pc=0x0000000005162658 method=com.sun.org.apache.xerces.internal.parsers.AbstractSAXParser.endElement(Lcom/sun/org/apache/xerces/internal/xni/QName;Lcom/sun/org/apache/xerces/internal/xni/Augmentations
Event: 8261.830 Thread 0x0000000019c7c000 Uncommon trap: reason=bimorphic action=maybe_recompile pc=0x0000000005162658 method=com.sun.org.apache.xerces.internal.parsers.AbstractSAXParser.endElement(Lcom/sun/org/apache/xerces/internal/xni/QName;Lcom/sun/org/apache/xerces/internal/xni/Augmentations
Event: 8261.973 Thread 0x000000001f1a5000 Uncommon trap: reason=unstable_if action=reinterpret pc=0x0000000002e81970 method=java.util.Arrays.hashCode([Ljava/lang/Object;)I @ 1
Event: 8261.973 Thread 0x000000001f1a6800 Uncommon trap: reason=unstable_if action=reinterpret pc=0x0000000002e81970 method=java.util.Arrays.hashCode([Ljava/lang/Object;)I @ 1
Event: 8261.973 Thread 0x000000001f1a8000 Uncommon trap: reason=unstable_if action=reinterpret pc=0x0000000002e81970 method=java.util.Arrays.hashCode([Ljava/lang/Object;)I @ 1
Event: 8261.973 Thread 0x000000001f1a4800 Uncommon trap: reason=unstable_if action=reinterpret pc=0x0000000002e81970 method=java.util.Arrays.hashCode([Ljava/lang/Object;)I @ 1
Event: 8261.974 Thread 0x000000001f1a8000 Uncommon trap: reason=unstable_if action=reinterpret pc=0x0000000003a0cf50 method=java.util.concurrent.ConcurrentLinkedQueue.offer(Ljava/lang/Object;)Z @ 40
Event: 8262.176 Thread 0x000000001f1a6800 Uncommon trap: reason=unstable_if action=reinterpret pc=0x000000000536cbf8 method=com.android.tools.r8.dex.n.i()Lcom/android/tools/r8/graph/l0; @ 33
Event: 8262.204 Thread 0x000000001f1a8000 Uncommon trap: reason=unstable_if action=reinterpret pc=0x00000000052d4730 method=com.android.tools.r8.t.a.a.a.f.X.d(I)V @ 38
Event: 8262.533 Thread 0x000000001f1a8000 Uncommon trap: reason=unstable_if action=reinterpret pc=0x00000000053c2534 method=com.android.tools.r8.dex.n.i()Lcom/android/tools/r8/graph/l0; @ 43

Classes redefined (0 events):
No events

Internal exceptions (10 events):
Event: 8255.428 Thread 0x0000000019c7c000 Exception <a 'java/security/PrivilegedActionException'> (0x00000000e69fbf48) thrown at [C:\src\AOSP-openjdk-git\hotspot\src\share\vm\prims\jvm.cpp, line 1502]
Event: 8255.428 Thread 0x0000000019c7c000 Exception <a 'java/security/PrivilegedActionException'> (0x00000000e69fdca0) thrown at [C:\src\AOSP-openjdk-git\hotspot\src\share\vm\prims\jvm.cpp, line 1502]
Event: 8255.428 Thread 0x0000000019c7c000 Exception <a 'java/security/PrivilegedActionException'> (0x00000000e69fe280) thrown at [C:\src\AOSP-openjdk-git\hotspot\src\share\vm\prims\jvm.cpp, line 1502]
Event: 8256.447 Thread 0x0000000019f25000 Exception <a 'sun/nio/fs/WindowsException'> (0x00000000e82cd3f0) thrown at [C:\src\AOSP-openjdk-git\hotspot\src\share\vm\prims\jni.cpp, line 710]
Event: 8258.371 Thread 0x0000000019f25000 Implicit null exception at 0x00000000042a8e8e to 0x00000000042a9a11
Event: 8258.567 Thread 0x0000000019c7c000 Exception <a 'java/lang/NullPointerException'> (0x00000000d5b129d8) thrown at [C:\src\AOSP-openjdk-git\hotspot\src\share\vm\interpreter\linkResolver.cpp, line 1287]
Event: 8261.973 Thread 0x000000001f1a5000 Implicit null exception at 0x0000000002e8186f to 0x0000000002e81961
Event: 8261.973 Thread 0x000000001f1a8000 Implicit null exception at 0x0000000002e8186f to 0x0000000002e81961
Event: 8261.973 Thread 0x000000001f1a6800 Implicit null exception at 0x0000000002e8186f to 0x0000000002e81961
Event: 8261.973 Thread 0x000000001f1a4800 Implicit null exception at 0x0000000002e8186f to 0x0000000002e81961

Events (10 events):
Event: 8262.682 loading class android/databinding/tool/ExpressionParser$1
Event: 8262.682 loading class android/databinding/tool/ExpressionParser$1 done
Event: 8262.683 loading class org/antlr/v4/runtime/tree/TerminalNode
Event: 8262.683 loading class org/antlr/v4/runtime/tree/TerminalNode done
Event: 8262.683 loading class org/antlr/v4/runtime/tree/ErrorNode
Event: 8262.683 loading class org/antlr/v4/runtime/tree/ErrorNode done
Event: 8262.684 loading class org/antlr/v4/runtime/atn/ArrayPredictionContext
Event: 8262.684 loading class org/antlr/v4/runtime/atn/ArrayPredictionContext done
Event: 8262.685 loading class org/antlr/v4/runtime/misc/MurmurHash
Event: 8262.685 loading class org/antlr/v4/runtime/misc/MurmurHash done


Dynamic libraries:
0x00007ff6426a0000 - 0x00007ff6426d1000 	C:\Program Files\Android\Android Studio\jre\bin\java.exe
0x00007fffc8d90000 - 0x00007fffc8f85000 	C:\WINDOWS\SYSTEM32\ntdll.dll
0x00007fffc88f0000 - 0x00007fffc89ad000 	C:\WINDOWS\System32\KERNEL32.DLL
0x00007fffc65b0000 - 0x00007fffc6878000 	C:\WINDOWS\System32\KERNELBASE.dll
0x00007fffc7860000 - 0x00007fffc790c000 	C:\WINDOWS\System32\ADVAPI32.dll
0x00007fffc7690000 - 0x00007fffc772e000 	C:\WINDOWS\System32\msvcrt.dll
0x00007fffc7140000 - 0x00007fffc71db000 	C:\WINDOWS\System32\sechost.dll
0x00007fffc7730000 - 0x00007fffc785b000 	C:\WINDOWS\System32\RPCRT4.dll
0x00007fffc6fa0000 - 0x00007fffc7140000 	C:\WINDOWS\System32\USER32.dll
0x00007fffc64d0000 - 0x00007fffc64f2000 	C:\WINDOWS\System32\win32u.dll
0x00007fffc8b90000 - 0x00007fffc8bba000 	C:\WINDOWS\System32\GDI32.dll
0x00007fffc6910000 - 0x00007fffc6a1b000 	C:\WINDOWS\System32\gdi32full.dll
0x00007fffc6d50000 - 0x00007fffc6ded000 	C:\WINDOWS\System32\msvcp_win.dll
0x00007fffc6a70000 - 0x00007fffc6b70000 	C:\WINDOWS\System32\ucrtbase.dll
0x00007fffb2880000 - 0x00007fffb2b1a000 	C:\WINDOWS\WinSxS\amd64_microsoft.windows.common-controls_6595b64144ccf1df_6.0.19041.844_none_ca00b6081b84eb1d\COMCTL32.dll
0x00007fffc7660000 - 0x00007fffc7690000 	C:\WINDOWS\System32\IMM32.DLL
0x0000000060cd0000 - 0x0000000060da2000 	C:\Program Files\Android\Android Studio\jre\jre\bin\msvcr100.dll
0x0000000060db0000 - 0x00000000615fb000 	C:\Program Files\Android\Android Studio\jre\jre\bin\server\jvm.dll
0x00007fffc7920000 - 0x00007fffc7928000 	C:\WINDOWS\System32\PSAPI.DLL
0x00007fffbaaa0000 - 0x00007fffbaaaa000 	C:\WINDOWS\SYSTEM32\VERSION.dll
0x00007fffb99c0000 - 0x00007fffb99e7000 	C:\WINDOWS\SYSTEM32\WINMM.dll
0x00007fffbeca0000 - 0x00007fffbeca9000 	C:\WINDOWS\SYSTEM32\WSOCK32.dll
0x00007fffc8550000 - 0x00007fffc85bb000 	C:\WINDOWS\System32\WS2_32.dll
0x00007fffbea60000 - 0x00007fffbea6f000 	C:\Program Files\Android\Android Studio\jre\jre\bin\verify.dll
0x00007fffb1a70000 - 0x00007fffb1a99000 	C:\Program Files\Android\Android Studio\jre\jre\bin\java.dll
0x00007fffb5620000 - 0x00007fffb5636000 	C:\Program Files\Android\Android Studio\jre\jre\bin\zip.dll
0x00007fffc7930000 - 0x00007fffc8072000 	C:\WINDOWS\System32\SHELL32.dll
0x00007fffc4620000 - 0x00007fffc4db0000 	C:\WINDOWS\SYSTEM32\windows.storage.dll
0x00007fffc71e0000 - 0x00007fffc7535000 	C:\WINDOWS\System32\combase.dll
0x00007fffc5f40000 - 0x00007fffc5f6c000 	C:\WINDOWS\SYSTEM32\Wldp.dll
0x00007fffc89b0000 - 0x00007fffc8a5e000 	C:\WINDOWS\System32\SHCORE.dll
0x00007fffc8bc0000 - 0x00007fffc8c15000 	C:\WINDOWS\System32\shlwapi.dll
0x00007fffc6410000 - 0x00007fffc642f000 	C:\WINDOWS\SYSTEM32\profapi.dll
0x00007fffbca30000 - 0x00007fffbca4a000 	C:\Program Files\Android\Android Studio\jre\jre\bin\net.dll
0x00007fffc5cb0000 - 0x00007fffc5d1a000 	C:\WINDOWS\system32\mswsock.dll
0x00007fffb0f20000 - 0x00007fffb0f33000 	C:\Program Files\Android\Android Studio\jre\jre\bin\nio.dll
0x00007fffc08f0000 - 0x00007fffc0917000 	C:\Users\rafae\.gradle\native\f6784746aeab05261644944871eae4fe03e0ef1612fff0a4a95f87b438bc6780\windows-amd64\native-platform.dll
0x00007fffbd9c0000 - 0x00007fffbd9cd000 	C:\Program Files\Android\Android Studio\jre\jre\bin\management.dll
0x00007fffc5e80000 - 0x00007fffc5e98000 	C:\WINDOWS\SYSTEM32\CRYPTSP.dll
0x00007fffc55e0000 - 0x00007fffc5614000 	C:\WINDOWS\system32\rsaenh.dll
0x00007fffc68e0000 - 0x00007fffc6907000 	C:\WINDOWS\System32\bcrypt.dll
0x00007fffc6390000 - 0x00007fffc63be000 	C:\WINDOWS\SYSTEM32\USERENV.dll
0x00007fffc6cd0000 - 0x00007fffc6d50000 	C:\WINDOWS\System32\bcryptprimitives.dll
0x00007fffc5ea0000 - 0x00007fffc5eac000 	C:\WINDOWS\SYSTEM32\CRYPTBASE.dll
0x00007fffc5950000 - 0x00007fffc598b000 	C:\WINDOWS\SYSTEM32\IPHLPAPI.DLL
0x00007fffc7650000 - 0x00007fffc7658000 	C:\WINDOWS\System32\NSI.dll
0x00007fffbe2e0000 - 0x00007fffbe2f7000 	C:\WINDOWS\SYSTEM32\dhcpcsvc6.DLL
0x00007fffbf200000 - 0x00007fffbf21d000 	C:\WINDOWS\SYSTEM32\dhcpcsvc.DLL
0x00007fffc5990000 - 0x00007fffc5a5c000 	C:\WINDOWS\SYSTEM32\DNSAPI.dll
0x00007fffbf220000 - 0x00007fffbf22b000 	C:\WINDOWS\SYSTEM32\WINNSI.DLL
0x00007fffc5210000 - 0x00007fffc5243000 	C:\WINDOWS\SYSTEM32\ntmarta.dll
0x00007fffa09f0000 - 0x00007fffa0b8c000 	C:\Program Files\Android\Android Studio\jre\jre\bin\awt.dll
0x00007fffc8c80000 - 0x00007fffc8d4d000 	C:\WINDOWS\System32\OLEAUT32.dll
0x00007fffc4310000 - 0x00007fffc433f000 	C:\WINDOWS\SYSTEM32\dwmapi.dll
0x00007fffc2540000 - 0x00007fffc2b00000 	C:\WINDOWS\SYSTEM32\d2d1.dll
0x00007fffc3eb0000 - 0x00007fffc3f40000 	C:\WINDOWS\SYSTEM32\apphelp.dll
0x00007fffc4050000 - 0x00007fffc40ee000 	C:\WINDOWS\system32\uxtheme.dll
0x00007fffc08d0000 - 0x00007fffc08ee000 	C:\Users\rafae\AppData\Local\Temp\native-platform3160875176420131105dir\native-platform.dll

VM Arguments:
jvm_args: -Xmx2048m -Dfile.encoding=UTF-8 -Duser.country=BR -Duser.language=pt -Duser.variant 
java_command: org.gradle.launcher.daemon.bootstrap.GradleDaemon 6.5
java_class_path (initial): C:\Users\rafae\.gradle\wrapper\dists\gradle-6.5-all\2oz4ud9k3tuxjg84bbf55q0tn\gradle-6.5\lib\gradle-launcher-6.5.jar
Launcher Type: SUN_STANDARD

Environment Variables:
JAVA_HOME=C:\Program Files\Java\jdk-16.0.1\jre
PATH=C:\WINDOWS\system32;C:\WINDOWS;C:\WINDOWS\System32\Wbem;C:\WINDOWS\System32\WindowsPowerShell\v1.0\;C:\WINDOWS\System32\OpenSSH\;C:\Program Files\Java\jdk-16\bin;C:\Program Files\Git\cmd;C:\Program Files\dotnet\;C:\Users\rafae\AppData\Local\Microsoft\WindowsApps;C:\Program Files\JetBrains\IntelliJ IDEA Community Edition 2021.1\bin;;C:\Users\rafae\AppData\Local\GitHubDesktop\bin
USERNAME=Rafael
OS=Windows_NT
PROCESSOR_IDENTIFIER=Intel64 Family 6 Model 61 Stepping 4, GenuineIntel



---------------  S Y S T E M  ---------------

OS: Windows 10.0 , 64 bit Build 19041 (10.0.19041.928)

CPU:total 4 (initial active 4) (2 cores per cpu, 2 threads per core) family 6 model 61 stepping 4, cmov, cx8, fxsr, mmx, sse, sse2, sse3, ssse3, sse4.1, sse4.2, popcnt, avx, avx2, aes, clmul, erms, 3dnowpref, lzcnt, ht, tsc, tscinvbit, bmi1, bmi2, adx

Memory: 4k page, physical 8301016k(631628k free), swap 8301016k(5404k free)

vm_info: OpenJDK 64-Bit Server VM (25.242-b01) for windows-amd64 JRE (1.8.0_242-release-1644-b01), built by "builder" with MS VC++ 10.0 (VS2010)

time: Tue May 18 20:19:04 2021
timezone: Hora oficial do Brasil
elapsed time: 8262 seconds (0d 2h 17m 42s)

