#
# There is insufficient memory for the Java Runtime Environment to continue.
# Native memory allocation (malloc) failed to allocate 1006256 bytes for Chunk::new
# Possible reasons:
#   The system is out of physical RAM or swap space
#   The process is running with CompressedOops enabled, and the Java Heap may be blocking the growth of the native heap
# Possible solutions:
#   Reduce memory load on the system
#   Increase physical memory or swap space
#   Check if swap backing store is full
#   Decrease Java heap size (-Xmx/-Xms)
#   Decrease number of Java threads
#   Decrease Java thread stack sizes (-Xss)
#   Set larger code cache with -XX:ReservedCodeCacheSize=
#   JVM is running with Unscaled Compressed Oops mode in which the Java heap is
#     placed in the first 4GB address space. The Java Heap base address is the
#     maximum limit for the native heap growth. Please use -XX:HeapBaseMinAddress
#     to set the Java Heap base and to place the Java Heap above 4GB virtual address.
# This output file may be truncated or incomplete.
#
#  Out of Memory Error (allocation.cpp:389), pid=8788, tid=0x0000000000000564
#
# JRE version: OpenJDK Runtime Environment (8.0_242-b01) (build 1.8.0_242-release-1644-b01)
# Java VM: OpenJDK 64-Bit Server VM (25.242-b01 mixed mode windows-amd64 compressed oops)
# Failed to write core dump. Minidumps are not enabled by default on client versions of Windows
#

---------------  T H R E A D  ---------------

Current thread (0x00000000177ea800):  JavaThread "C2 CompilerThread1" daemon [_thread_in_native, id=1380, stack(0x0000000018f50000,0x0000000019050000)]

Stack: [0x0000000018f50000,0x0000000019050000]
[error occurred during error reporting (printing stack bounds), id 0xc0000005]

Native frames: (J=compiled Java code, j=interpreted, Vv=VM code, C=native code)


Current CompileTask:
C2:  17143 8242       4       org.jetbrains.kotlin.types.model.TypeSystemCommonSuperTypesContext$DefaultImpls::typeDepth (114 bytes)


---------------  P R O C E S S  ---------------

Java Threads: ( => current thread )
  0x0000000019189000 JavaThread "Service Thread" daemon [_thread_blocked, id=2392, stack(0x0000000019550000,0x0000000019650000)]
  0x00000000177fa800 JavaThread "C1 CompilerThread2" daemon [_thread_in_native, id=2288, stack(0x0000000019050000,0x0000000019150000)]
=>0x00000000177ea800 JavaThread "C2 CompilerThread1" daemon [_thread_in_native, id=1380, stack(0x0000000018f50000,0x0000000019050000)]
  0x00000000177e4000 JavaThread "C2 CompilerThread0" daemon [_thread_in_native, id=3232, stack(0x0000000018e50000,0x0000000018f50000)]
  0x00000000177e2800 JavaThread "Attach Listener" daemon [_thread_blocked, id=4608, stack(0x0000000018d50000,0x0000000018e50000)]
  0x00000000177e1800 JavaThread "Signal Dispatcher" daemon [_thread_blocked, id=8680, stack(0x0000000018c50000,0x0000000018d50000)]
  0x0000000002c6b800 JavaThread "Finalizer" daemon [_thread_blocked, id=6184, stack(0x0000000018a40000,0x0000000018b40000)]
  0x00000000177c8800 JavaThread "Reference Handler" daemon [_thread_blocked, id=7508, stack(0x0000000018940000,0x0000000018a40000)]
  0x0000000002b6e800 JavaThread "main" [_thread_in_Java, id=5696, stack(0x0000000002990000,0x0000000002a90000)]

Other Threads:
  0x00000000177a5800 VMThread [stack: 0x0000000018840000,0x0000000018940000] [id=1684]
  0x0000000019189800 WatcherThread [stack: 0x0000000019650000,0x0000000019750000] [id=6012]

VM state:not at safepoint (normal execution)

VM Mutex/Monitor currently owned by a thread:  ([mutex/lock_event])
[0x0000000002b71850] CompiledIC_lock - owner thread: 0x0000000000000000

heap address: 0x0000000081400000, size: 2028 MB, Compressed Oops mode: 32-bit
Narrow klass base: 0x0000000000000000, Narrow klass shift: 3
Compressed class space size: 1073741824 Address: 0x0000000100000000

Heap:
 PSYoungGen      total 125440K, used 31069K [0x00000000d5c00000, 0x00000000e1400000, 0x0000000100000000)
  eden space 98304K, 4% used [0x00000000d5c00000,0x00000000d5fdc848,0x00000000dbc00000)
  from space 27136K, 99% used [0x00000000dbc00000,0x00000000dd67acc0,0x00000000dd680000)
  to   space 34304K, 0% used [0x00000000df280000,0x00000000df280000,0x00000000e1400000)
 ParOldGen       total 124928K, used 37433K [0x0000000081400000, 0x0000000088e00000, 0x00000000d5c00000)
  object space 124928K, 29% used [0x0000000081400000,0x000000008388e7b8,0x0000000088e00000)
 Metaspace       used 56315K, capacity 57458K, committed 57816K, reserved 1099776K
  class space    used 6772K, capacity 7051K, committed 7168K, reserved 1048576K

Card table byte_map: [0x0000000012030000,0x0000000012430000] byte_map_base: 0x0000000011c26000

Marking Bits: (ParMarkBitMap*) 0x000000005623f030
 Begin Bits: [0x0000000012ae0000, 0x0000000014a90000)
 End Bits:   [0x0000000014a90000, 0x0000000016a40000)

Polling page: 0x0000000002930000

CodeCache: size=245760Kb used=30912Kb max_used=31102Kb free=214847Kb
 bounds [0x0000000002c70000, 0x0000000004af0000, 0x0000000011c70000]
 total_blobs=8025 nmethods=7493 adapters=444
 compilation: enabled

Compilation events (10 events):
Event: 17.131 Thread 0x00000000177fa800 8366       3       org.jetbrains.kotlin.resolve.calls.util.CallMaker$CallImpl::getTypeArguments (13 bytes)
Event: 17.132 Thread 0x00000000177fa800 nmethod 8366 0x0000000002f7ee90 code [0x0000000002f7f000, 0x0000000002f7f1d0]
Event: 17.132 Thread 0x00000000177fa800 8363       3       org.jetbrains.kotlin.types.typeUtil.TypeUtilsKt::expandIntersectionTypeIfNecessary (165 bytes)
Event: 17.135 Thread 0x00000000177fa800 nmethod 8363 0x0000000004021d50 code [0x0000000004022220, 0x0000000004024aa8]
Event: 17.135 Thread 0x00000000177fa800 8364       3       org.jetbrains.kotlin.descriptors.SupertypeLoopChecker$EMPTY::findLoopsInSupertypesAndDisconnect (27 bytes)
Event: 17.137 Thread 0x00000000177fa800 nmethod 8364 0x000000000379f190 code [0x000000000379f4c0, 0x00000000037a0a58]
Event: 17.138 Thread 0x00000000177fa800 8373       3       org.jetbrains.kotlin.resolve.diagnostics.BindingContextSuppressCache::<init> (16 bytes)
Event: 17.138 Thread 0x00000000177fa800 nmethod 8373 0x0000000002e81f50 code [0x0000000002e82120, 0x0000000002e82808]
Event: 17.139 Thread 0x00000000177fa800 8377       3       org.jetbrains.kotlin.resolve.calls.tower.SyntheticScopeBasedTowerLevel::getVariables (152 bytes)
Event: 17.142 Thread 0x00000000177fa800 nmethod 8377 0x0000000002ee5390 code [0x0000000002ee5700, 0x0000000002ee71d8]

GC Heap History (10 events):
Event: 6.835 GC heap before
{Heap before GC invocations=7 (full 1):
 PSYoungGen      total 71680K, used 17065K [0x00000000d5c00000, 0x00000000dd280000, 0x0000000100000000)
  eden space 66560K, 17% used [0x00000000d5c00000,0x00000000d67b1928,0x00000000d9d00000)
  from space 5120K, 99% used [0x00000000d9d00000,0x00000000da1f8c60,0x00000000da200000)
  to   space 24576K, 0% used [0x00000000dba80000,0x00000000dba80000,0x00000000dd280000)
 ParOldGen       total 89088K, used 36637K [0x0000000081400000, 0x0000000086b00000, 0x00000000d5c00000)
  object space 89088K, 41% used [0x0000000081400000,0x00000000837c7408,0x0000000086b00000)
 Metaspace       used 34704K, capacity 35202K, committed 35416K, reserved 1081344K
  class space    used 4334K, capacity 4476K, committed 4480K, reserved 1048576K
Event: 6.850 GC heap after
Heap after GC invocations=7 (full 1):
 PSYoungGen      total 97280K, used 7262K [0x00000000d5c00000, 0x00000000de880000, 0x0000000100000000)
  eden space 72704K, 0% used [0x00000000d5c00000,0x00000000d5c00000,0x00000000da300000)
  from space 24576K, 29% used [0x00000000dba80000,0x00000000dc197898,0x00000000dd280000)
  to   space 24064K, 0% used [0x00000000da300000,0x00000000da300000,0x00000000dba80000)
 ParOldGen       total 89088K, used 36645K [0x0000000081400000, 0x0000000086b00000, 0x00000000d5c00000)
  object space 89088K, 41% used [0x0000000081400000,0x00000000837c9408,0x0000000086b00000)
 Metaspace       used 34704K, capacity 35202K, committed 35416K, reserved 1081344K
  class space    used 4334K, capacity 4476K, committed 4480K, reserved 1048576K
}
Event: 6.850 GC heap before
{Heap before GC invocations=8 (full 2):
 PSYoungGen      total 97280K, used 7262K [0x00000000d5c00000, 0x00000000de880000, 0x0000000100000000)
  eden space 72704K, 0% used [0x00000000d5c00000,0x00000000d5c00000,0x00000000da300000)
  from space 24576K, 29% used [0x00000000dba80000,0x00000000dc197898,0x00000000dd280000)
  to   space 24064K, 0% used [0x00000000da300000,0x00000000da300000,0x00000000dba80000)
 ParOldGen       total 89088K, used 36645K [0x0000000081400000, 0x0000000086b00000, 0x00000000d5c00000)
  object space 89088K, 41% used [0x0000000081400000,0x00000000837c9408,0x0000000086b00000)
 Metaspace       used 34704K, capacity 35202K, committed 35416K, reserved 1081344K
  class space    used 4334K, capacity 4476K, committed 4480K, reserved 1048576K
Event: 6.987 GC heap after
Heap after GC invocations=8 (full 2):
 PSYoungGen      total 97280K, used 0K [0x00000000d5c00000, 0x00000000de880000, 0x0000000100000000)
  eden space 72704K, 0% used [0x00000000d5c00000,0x00000000d5c00000,0x00000000da300000)
  from space 24576K, 0% used [0x00000000dba80000,0x00000000dba80000,0x00000000dd280000)
  to   space 24064K, 0% used [0x00000000da300000,0x00000000da300000,0x00000000dba80000)
 ParOldGen       total 124928K, used 29904K [0x0000000081400000, 0x0000000088e00000, 0x00000000d5c00000)
  object space 124928K, 23% used [0x0000000081400000,0x00000000831342f0,0x0000000088e00000)
 Metaspace       used 34704K, capacity 35202K, committed 35416K, reserved 1081344K
  class space    used 4334K, capacity 4476K, committed 4480K, reserved 1048576K
}
Event: 9.957 GC heap before
{Heap before GC invocations=9 (full 2):
 PSYoungGen      total 97280K, used 72704K [0x00000000d5c00000, 0x00000000de880000, 0x0000000100000000)
  eden space 72704K, 100% used [0x00000000d5c00000,0x00000000da300000,0x00000000da300000)
  from space 24576K, 0% used [0x00000000dba80000,0x00000000dba80000,0x00000000dd280000)
  to   space 24064K, 0% used [0x00000000da300000,0x00000000da300000,0x00000000dba80000)
 ParOldGen       total 124928K, used 29904K [0x0000000081400000, 0x0000000088e00000, 0x00000000d5c00000)
  object space 124928K, 23% used [0x0000000081400000,0x00000000831342f0,0x0000000088e00000)
 Metaspace       used 43566K, capacity 44394K, committed 44760K, reserved 1089536K
  class space    used 5332K, capacity 5605K, committed 5632K, reserved 1048576K
Event: 9.973 GC heap after
Heap after GC invocations=9 (full 2):
 PSYoungGen      total 96768K, used 14359K [0x00000000d5c00000, 0x00000000ded80000, 0x0000000100000000)
  eden space 72704K, 0% used [0x00000000d5c00000,0x00000000d5c00000,0x00000000da300000)
  from space 24064K, 59% used [0x00000000da300000,0x00000000db105cf8,0x00000000dba80000)
  to   space 23552K, 0% used [0x00000000dd680000,0x00000000dd680000,0x00000000ded80000)
 ParOldGen       total 124928K, used 29912K [0x0000000081400000, 0x0000000088e00000, 0x00000000d5c00000)
  object space 124928K, 23% used [0x0000000081400000,0x00000000831362f0,0x0000000088e00000)
 Metaspace       used 43566K, capacity 44394K, committed 44760K, reserved 1089536K
  class space    used 5332K, capacity 5605K, committed 5632K, reserved 1048576K
}
Event: 12.698 GC heap before
{Heap before GC invocations=10 (full 2):
 PSYoungGen      total 96768K, used 87063K [0x00000000d5c00000, 0x00000000ded80000, 0x0000000100000000)
  eden space 72704K, 100% used [0x00000000d5c00000,0x00000000da300000,0x00000000da300000)
  from space 24064K, 59% used [0x00000000da300000,0x00000000db105cf8,0x00000000dba80000)
  to   space 23552K, 0% used [0x00000000dd680000,0x00000000dd680000,0x00000000ded80000)
 ParOldGen       total 124928K, used 29912K [0x0000000081400000, 0x0000000088e00000, 0x00000000d5c00000)
  object space 124928K, 23% used [0x0000000081400000,0x00000000831362f0,0x0000000088e00000)
 Metaspace       used 48377K, capacity 49262K, committed 49624K, reserved 1093632K
  class space    used 5760K, capacity 6017K, committed 6144K, reserved 1048576K
Event: 12.740 GC heap after
Heap after GC invocations=10 (full 2):
 PSYoungGen      total 121856K, used 23050K [0x00000000d5c00000, 0x00000000df280000, 0x0000000100000000)
  eden space 98304K, 0% used [0x00000000d5c00000,0x00000000d5c00000,0x00000000dbc00000)
  from space 23552K, 97% used [0x00000000dd680000,0x00000000ded02b78,0x00000000ded80000)
  to   space 27136K, 0% used [0x00000000dbc00000,0x00000000dbc00000,0x00000000dd680000)
 ParOldGen       total 124928K, used 29920K [0x0000000081400000, 0x0000000088e00000, 0x00000000d5c00000)
  object space 124928K, 23% used [0x0000000081400000,0x00000000831382f0,0x0000000088e00000)
 Metaspace       used 48377K, capacity 49262K, committed 49624K, reserved 1093632K
  class space    used 5760K, capacity 6017K, committed 6144K, reserved 1048576K
}
Event: 16.869 GC heap before
{Heap before GC invocations=11 (full 2):
 PSYoungGen      total 121856K, used 121354K [0x00000000d5c00000, 0x00000000df280000, 0x0000000100000000)
  eden space 98304K, 100% used [0x00000000d5c00000,0x00000000dbc00000,0x00000000dbc00000)
  from space 23552K, 97% used [0x00000000dd680000,0x00000000ded02b78,0x00000000ded80000)
  to   space 27136K, 0% used [0x00000000dbc00000,0x00000000dbc00000,0x00000000dd680000)
 ParOldGen       total 124928K, used 29920K [0x0000000081400000, 0x0000000088e00000, 0x00000000d5c00000)
  object space 124928K, 23% used [0x0000000081400000,0x00000000831382f0,0x0000000088e00000)
 Metaspace       used 56154K, capacity 57330K, committed 57560K, reserved 1099776K
  class space    used 6764K, capacity 7051K, committed 7168K, reserved 1048576K
Event: 16.938 GC heap after
Heap after GC invocations=11 (full 2):
 PSYoungGen      total 125440K, used 27115K [0x00000000d5c00000, 0x00000000e1400000, 0x0000000100000000)
  eden space 98304K, 0% used [0x00000000d5c00000,0x00000000d5c00000,0x00000000dbc00000)
  from space 27136K, 99% used [0x00000000dbc00000,0x00000000dd67acc0,0x00000000dd680000)
  to   space 34304K, 0% used [0x00000000df280000,0x00000000df280000,0x00000000e1400000)
 ParOldGen       total 124928K, used 37433K [0x0000000081400000, 0x0000000088e00000, 0x00000000d5c00000)
  object space 124928K, 29% used [0x0000000081400000,0x000000008388e7b8,0x0000000088e00000)
 Metaspace       used 56154K, capacity 57330K, committed 57560K, reserved 1099776K
  class space    used 6764K, capacity 7051K, committed 7168K, reserved 1048576K
}

Deoptimization events (10 events):
Event: 17.043 Thread 0x0000000002b6e800 Uncommon trap: reason=class_check action=maybe_recompile pc=0x000000000493e2c8 method=org.jetbrains.kotlin.types.TypeWithEnhancementKt.getEnhancement(Lorg/jetbrains/kotlin/types/KotlinType;)Lorg/jetbrains/kotlin/types/KotlinType; @ 16
Event: 17.043 Thread 0x0000000002b6e800 Uncommon trap: reason=class_check action=maybe_recompile pc=0x000000000493e2c8 method=org.jetbrains.kotlin.types.TypeWithEnhancementKt.getEnhancement(Lorg/jetbrains/kotlin/types/KotlinType;)Lorg/jetbrains/kotlin/types/KotlinType; @ 16
Event: 17.043 Thread 0x0000000002b6e800 Uncommon trap: reason=class_check action=maybe_recompile pc=0x000000000493e2c8 method=org.jetbrains.kotlin.types.TypeWithEnhancementKt.getEnhancement(Lorg/jetbrains/kotlin/types/KotlinType;)Lorg/jetbrains/kotlin/types/KotlinType; @ 16
Event: 17.068 Thread 0x0000000002b6e800 Uncommon trap: reason=class_check action=maybe_recompile pc=0x00000000037f05f8 method=org.jetbrains.kotlin.resolve.calls.tower.PSIKotlinCallsKt.getPsiKotlinCall(Lorg/jetbrains/kotlin/resolve/calls/model/KotlinCall;)Lorg/jetbrains/kotlin/resolve/calls/towe
Event: 17.075 Thread 0x0000000002b6e800 Uncommon trap: reason=unstable_if action=reinterpret pc=0x000000000364b378 method=kotlin.text.StringsKt__StringsKt.substringAfter(Ljava/lang/String;Ljava/lang/String;Ljava/lang/String;)Ljava/lang/String; @ 37
Event: 17.076 Thread 0x0000000002b6e800 Uncommon trap: reason=unstable_if action=reinterpret pc=0x00000000033255c8 method=kotlin.text.StringsKt__StringsKt.substringAfter(Ljava/lang/String;Ljava/lang/String;Ljava/lang/String;)Ljava/lang/String; @ 37
Event: 17.078 Thread 0x0000000002b6e800 Uncommon trap: reason=class_check action=maybe_recompile pc=0x00000000037f05f8 method=org.jetbrains.kotlin.resolve.calls.tower.PSIKotlinCallsKt.getPsiKotlinCall(Lorg/jetbrains/kotlin/resolve/calls/model/KotlinCall;)Lorg/jetbrains/kotlin/resolve/calls/towe
Event: 17.081 Thread 0x0000000002b6e800 Uncommon trap: reason=class_check action=maybe_recompile pc=0x00000000037f05f8 method=org.jetbrains.kotlin.resolve.calls.tower.PSIKotlinCallsKt.getPsiKotlinCall(Lorg/jetbrains/kotlin/resolve/calls/model/KotlinCall;)Lorg/jetbrains/kotlin/resolve/calls/towe
Event: 17.081 Thread 0x0000000002b6e800 Uncommon trap: reason=class_check action=maybe_recompile pc=0x00000000037f05f8 method=org.jetbrains.kotlin.resolve.calls.tower.PSIKotlinCallsKt.getPsiKotlinCall(Lorg/jetbrains/kotlin/resolve/calls/model/KotlinCall;)Lorg/jetbrains/kotlin/resolve/calls/towe
Event: 17.084 Thread 0x0000000002b6e800 Uncommon trap: reason=class_check action=maybe_recompile pc=0x00000000049bdc44 method=org.jetbrains.kotlin.resolve.calls.tower.PSIKotlinCallsKt.getPsiKotlinCall(Lorg/jetbrains/kotlin/resolve/calls/model/KotlinCall;)Lorg/jetbrains/kotlin/resolve/calls/towe

Classes redefined (0 events):
No events

Internal exceptions (10 events):
Event: 15.504 Thread 0x0000000002b6e800 Implicit null exception at 0x0000000003b131f8 to 0x0000000003b1436d
Event: 15.504 Thread 0x0000000002b6e800 Implicit null exception at 0x0000000003b131f8 to 0x0000000003b1436d
Event: 15.504 Thread 0x0000000002b6e800 Implicit null exception at 0x0000000003b131f8 to 0x0000000003b1436d
Event: 15.504 Thread 0x0000000002b6e800 Implicit null exception at 0x0000000003b131f8 to 0x0000000003b1436d
Event: 15.504 Thread 0x0000000002b6e800 Implicit null exception at 0x0000000003958a8b to 0x0000000003959ee1
Event: 15.506 Thread 0x0000000002b6e800 Implicit null exception at 0x0000000003111e9e to 0x00000000031128d5
Event: 15.530 Thread 0x0000000002b6e800 Exception <a 'java/lang/IncompatibleClassChangeError': Found class java.lang.Object, but interface was expected> (0x00000000da586848) thrown at [C:\src\AOSP-openjdk-git\hotspot\src\share\vm\interpreter\linkResolver.cpp, line 653]
Event: 15.627 Thread 0x0000000002b6e800 Implicit null exception at 0x0000000002f9d116 to 0x0000000002f9d4b1
Event: 15.681 Thread 0x0000000002b6e800 Implicit null exception at 0x0000000002e90b56 to 0x0000000002e90eed
Event: 15.856 Thread 0x0000000002b6e800 Implicit null exception at 0x0000000003f9847c to 0x0000000003f99051

Events (10 events):
Event: 17.084 Thread 0x0000000002b6e800 DEOPT UNPACKING pc=0x0000000002cb557b sp=0x0000000002a8c298 mode 2
Event: 17.118 loading class org/jetbrains/kotlin/resolve/calls/smartcasts/MultipleSmartCasts
Event: 17.118 loading class org/jetbrains/kotlin/resolve/calls/smartcasts/MultipleSmartCasts done
Event: 17.135 Executing VM operation: ForceSafepoint
Event: 17.136 Executing VM operation: ForceSafepoint done
Event: 17.138 Thread 0x00000000177fa800 flushing nmethod 0x0000000002e6d050
Event: 17.138 Thread 0x00000000177fa800 flushing nmethod 0x0000000002ea3490
Event: 17.139 Thread 0x00000000177fa800 flushing nmethod 0x0000000002ecb250
Event: 17.139 Thread 0x00000000177fa800 flushing nmethod 0x0000000002f3e690
Event: 17.142 Thread 0x00000000177fa800 flushing nmethod 0x0000000002fa1b90


Dynamic libraries:
0x00007ff7f8ff0000 - 0x00007ff7f9021000 	C:\Program Files\Android\Android Studio\jre\jre\bin\java.exe
0x00007ffa0a490000 - 0x00007ffa0a685000 	C:\WINDOWS\SYSTEM32\ntdll.dll
0x00007ffa09790000 - 0x00007ffa0984d000 	C:\WINDOWS\System32\KERNEL32.DLL
0x00007ffa080d0000 - 0x00007ffa08398000 	C:\WINDOWS\System32\KERNELBASE.dll
0x00007ffa08fb0000 - 0x00007ffa0905c000 	C:\WINDOWS\System32\ADVAPI32.dll
0x00007ffa094d0000 - 0x00007ffa0956e000 	C:\WINDOWS\System32\msvcrt.dll
0x00007ffa099e0000 - 0x00007ffa09a7b000 	C:\WINDOWS\System32\sechost.dll
0x00007ffa0a0c0000 - 0x00007ffa0a1eb000 	C:\WINDOWS\System32\RPCRT4.dll
0x00007ffa09c70000 - 0x00007ffa09e10000 	C:\WINDOWS\System32\USER32.dll
0x00007ffa07d90000 - 0x00007ffa07db2000 	C:\WINDOWS\System32\win32u.dll
0x00007ffa0a3c0000 - 0x00007ffa0a3ea000 	C:\WINDOWS\System32\GDI32.dll
0x00007ffa07ee0000 - 0x00007ffa07feb000 	C:\WINDOWS\System32\gdi32full.dll
0x00007ffa07dc0000 - 0x00007ffa07e5d000 	C:\WINDOWS\System32\msvcp_win.dll
0x00007ffa083a0000 - 0x00007ffa084a0000 	C:\WINDOWS\System32\ucrtbase.dll
0x00007ff9f5410000 - 0x00007ff9f56aa000 	C:\WINDOWS\WinSxS\amd64_microsoft.windows.common-controls_6595b64144ccf1df_6.0.19041.844_none_ca00b6081b84eb1d\COMCTL32.dll
0x00007ffa09a80000 - 0x00007ffa09ab0000 	C:\WINDOWS\System32\IMM32.DLL
0x0000000055990000 - 0x0000000055a62000 	C:\Program Files\Android\Android Studio\jre\jre\bin\msvcr100.dll
0x0000000055a70000 - 0x00000000562bb000 	C:\Program Files\Android\Android Studio\jre\jre\bin\server\jvm.dll
0x00007ffa09ab0000 - 0x00007ffa09ab8000 	C:\WINDOWS\System32\PSAPI.DLL
0x00007ff9f7630000 - 0x00007ff9f7639000 	C:\WINDOWS\SYSTEM32\WSOCK32.dll
0x00007ff9fbbe0000 - 0x00007ff9fbc07000 	C:\WINDOWS\SYSTEM32\WINMM.dll
0x00007ffa09e10000 - 0x00007ffa09e7b000 	C:\WINDOWS\System32\WS2_32.dll
0x00007ff9fcfb0000 - 0x00007ff9fcfba000 	C:\WINDOWS\SYSTEM32\VERSION.dll
0x00007ff9f6a60000 - 0x00007ff9f6a6f000 	C:\Program Files\Android\Android Studio\jre\jre\bin\verify.dll
0x00007ff9e3110000 - 0x00007ff9e3139000 	C:\Program Files\Android\Android Studio\jre\jre\bin\java.dll
0x00007ff9ea270000 - 0x00007ff9ea286000 	C:\Program Files\Android\Android Studio\jre\jre\bin\zip.dll
0x00007ffa08860000 - 0x00007ffa08fa2000 	C:\WINDOWS\System32\SHELL32.dll
0x00007ffa05d10000 - 0x00007ffa064a1000 	C:\WINDOWS\SYSTEM32\windows.storage.dll
0x00007ffa08500000 - 0x00007ffa08855000 	C:\WINDOWS\System32\combase.dll
0x00007ffa07640000 - 0x00007ffa0766c000 	C:\WINDOWS\SYSTEM32\Wldp.dll
0x00007ffa0a010000 - 0x00007ffa0a0be000 	C:\WINDOWS\System32\SHCORE.dll
0x00007ffa09730000 - 0x00007ffa09785000 	C:\WINDOWS\System32\shlwapi.dll
0x00007ffa07b10000 - 0x00007ffa07b2f000 	C:\WINDOWS\SYSTEM32\profapi.dll
0x00007ff9e9a40000 - 0x00007ff9e9a5a000 	C:\Program Files\Android\Android Studio\jre\jre\bin\net.dll
0x00007ffa073b0000 - 0x00007ffa0741a000 	C:\WINDOWS\system32\mswsock.dll
0x00007ff9e30f0000 - 0x00007ff9e3103000 	C:\Program Files\Android\Android Studio\jre\jre\bin\nio.dll

VM Arguments:
java_command: org.jetbrains.kotlin.cli.jvm.K2JVMCompiler @D:\Development\GitHub\CifraCherry\app\build\20210512_1435622519701097323.compiler.options
java_class_path (initial): C:\Users\rafae\.gradle\caches\modules-2\files-2.1\org.jetbrains.kotlin\kotlin-compiler-embeddable\1.4.32\b4fc9be460ca88eecea2303e142ce2920bd14775\kotlin-compiler-embeddable-1.4.32.jar;C:\Users\rafae\.gradle\caches\modules-2\files-2.1\org.jetbrains.kotlin\kotlin-reflect\1.4.32\ce852b166d97f0f1991b5130c2bb02e2ef6c554e\kotlin-reflect-1.4.32.jar;C:\Users\rafae\.gradle\caches\modules-2\files-2.1\org.jetbrains.kotlin\kotlin-stdlib\1.4.32\461367948840adbb0839c51d91ed74ef4a9ccb52\kotlin-stdlib-1.4.32.jar;C:\Users\rafae\.gradle\caches\modules-2\files-2.1\org.jetbrains.kotlin\kotlin-script-runtime\1.4.32\bac50b0748be017dbc13fc1cb7231b1c9da0e106\kotlin-script-runtime-1.4.32.jar;C:\Users\rafae\.gradle\caches\modules-2\files-2.1\org.jetbrains.kotlin\kotlin-daemon-embeddable\1.4.32\b40c5de5adea26ebb4e5fc36945c482ac20acee2\kotlin-daemon-embeddable-1.4.32.jar;C:\Users\rafae\.gradle\caches\modules-2\files-2.1\org.jetbrains.intellij.deps\trove4j\1.0.20181211\216c2e14b070f334479d800987affe4054cd563f\trove4j-1.0.20181211.jar;C:\Users\rafae\.gradle\caches\modules-2\files-2.1\org.jetbrains.kotlin\kotlin-stdlib-common\1.4.32\ef50bfa2c0491a11dcc35d9822edbfd6170e1ea2\kotlin-stdlib-common-1.4.32.jar;C:\Users\rafae\.gradle\caches\modules-2\files-2.1\org.jetbrains\annotations\13.0\919f0dfe192fb4e063e7dacadee7f8bb9a2672a9\annotations-13.0.jar;C:\Program Files\Android\Android Studio\jre\lib\tools.jar
Launcher Type: SUN_STANDARD

Environment Variables:
JAVA_HOME=C:\Program Files\Java\jdk-16.0.1\jre
PATH=C:\WINDOWS\system32;C:\WINDOWS;C:\WINDOWS\System32\Wbem;C:\WINDOWS\System32\WindowsPowerShell\v1.0\;C:\WINDOWS\System32\OpenSSH\;C:\Program Files\Java\jdk-16\bin;C:\Program Files\Git\cmd;C:\Program Files\dotnet\;C:\Users\rafae\AppData\Local\Microsoft\WindowsApps;C:\Program Files\JetBrains\IntelliJ IDEA Community Edition 2021.1\bin;;C:\Users\rafae\AppData\Local\GitHubDesktop\bin
USERNAME=Rafael
OS=Windows_NT
PROCESSOR_IDENTIFIER=Intel64 Family 6 Model 61 Stepping 4, GenuineIntel



---------------  S Y S T E M  ---------------

OS: Windows 10.0 , 64 bit Build 19041 (10.0.19041.928)

CPU:total 4 (initial active 4) (2 cores per cpu, 2 threads per core) family 6 model 61 stepping 4, cmov, cx8, fxsr, mmx, sse, sse2, sse3, ssse3, sse4.1, sse4.2, popcnt, avx, avx2, aes, clmul, erms, 3dnowpref, lzcnt, ht, tsc, tscinvbit, bmi1, bmi2, adx

Memory: 4k page, physical 8301016k(627712k free), swap 8301016k(5652k free)

vm_info: OpenJDK 64-Bit Server VM (25.242-b01) for windows-amd64 JRE (1.8.0_242-release-1644-b01), built by "builder" with MS VC++ 10.0 (VS2010)

time: Wed May 12 15:52:09 2021
timezone: Hora oficial do Brasil
elapsed time: 17 seconds (0d 0h 0m 17s)

