#
# There is insufficient memory for the Java Runtime Environment to continue.
# Native memory allocation (malloc) failed to allocate 2579376 bytes for Chunk::new
# Possible reasons:
#   The system is out of physical RAM or swap space
#   The process is running with CompressedOops enabled, and the Java Heap may be blocking the growth of the native heap
# Possible solutions:
#   Reduce memory load on the system
#   Increase physical memory or swap space
#   Check if swap backing store is full
#   Decrease Java heap size (-Xmx/-Xms)
#   Decrease number of Java threads
#   Decrease Java thread stack sizes (-Xss)
#   Set larger code cache with -XX:ReservedCodeCacheSize=
#   JVM is running with Unscaled Compressed Oops mode in which the Java heap is
#     placed in the first 4GB address space. The Java Heap base address is the
#     maximum limit for the native heap growth. Please use -XX:HeapBaseMinAddress
#     to set the Java Heap base and to place the Java Heap above 4GB virtual address.
# This output file may be truncated or incomplete.
#
#  Out of Memory Error (allocation.cpp:389), pid=1132, tid=0x00000000000010e4
#
# JRE version: OpenJDK Runtime Environment (8.0_242-b01) (build 1.8.0_242-release-1644-b01)
# Java VM: OpenJDK 64-Bit Server VM (25.242-b01 mixed mode windows-amd64 compressed oops)
# Failed to write core dump. Minidumps are not enabled by default on client versions of Windows
#

---------------  T H R E A D  ---------------

Current thread (0x0000000017adc800):  JavaThread "C2 CompilerThread1" daemon [_thread_in_native, id=4324, stack(0x0000000019230000,0x0000000019330000)]

Stack: [0x0000000019230000,0x0000000019330000]
[error occurred during error reporting (printing stack bounds), id 0xc0000005]

Native frames: (J=compiled Java code, j=interpreted, Vv=VM code, C=native code)


Current CompileTask:
C2:2240809 26882   !   4       com.android.tools.r8.dex.r::c (2729 bytes)


---------------  P R O C E S S  ---------------

Java Threads: ( => current thread )
  0x0000000021d40000 JavaThread "ForkJoinPool-9-worker-0" daemon [_thread_blocked, id=7824, stack(0x0000000036440000,0x0000000036540000)]
  0x0000000021d41000 JavaThread "ForkJoinPool-9-worker-3" daemon [_thread_in_Java, id=6340, stack(0x0000000036340000,0x0000000036440000)]
  0x000000001cafa800 JavaThread "ForkJoinPool-9-worker-2" daemon [_thread_blocked, id=10180, stack(0x0000000036240000,0x0000000036340000)]
  0x000000001caf9800 JavaThread "ForkJoinPool-9-worker-1" daemon [_thread_blocked, id=8008, stack(0x0000000035850000,0x0000000035950000)]
  0x000000001cafc000 JavaThread "WorkerExecutor Queue Thread 4" [_thread_blocked, id=7820, stack(0x0000000035540000,0x0000000035640000)]
  0x000000001cafb000 JavaThread "WorkerExecutor Queue Thread 3" [_thread_blocked, id=10224, stack(0x000000002fd40000,0x000000002fe40000)]
  0x000000001cafe000 JavaThread "ForkJoinPool.commonPool-worker-3" daemon [_thread_blocked, id=9936, stack(0x0000000035750000,0x0000000035850000)]
  0x000000001cafd800 JavaThread "ForkJoinPool.commonPool-worker-2" daemon [_thread_blocked, id=6628, stack(0x0000000035650000,0x0000000035750000)]
  0x000000001caff000 JavaThread "Cache worker for Java compile cache (D:\Development\GitHub\CifraCherry\.gradle\6.5\javaCompile)" [_thread_blocked, id=9000, stack(0x0000000032c70000,0x0000000032d70000)]
  0x000000001caf5000 JavaThread "RMI TCP Connection(30)-127.0.0.1" daemon [_thread_in_native, id=10156, stack(0x0000000031bb0000,0x0000000031cb0000)]
  0x000000001caf8000 JavaThread "WorkerExecutor Queue Thread 2" [_thread_blocked, id=8104, stack(0x0000000031f20000,0x0000000032020000)]
  0x0000000021462800 JavaThread "stdout" [_thread_in_native, id=7832, stack(0x00000000318b0000,0x00000000319b0000)]
  0x0000000021460000 JavaThread "stderr" [_thread_in_native, id=6540, stack(0x0000000030140000,0x0000000030240000)]
  0x0000000021466000 JavaThread "pool-15-thread-1" [_thread_blocked, id=5684, stack(0x0000000030040000,0x0000000030140000)]
  0x0000000021465800 JavaThread "WorkerExecutor Queue" [_thread_blocked, id=1252, stack(0x000000002ff40000,0x0000000030040000)]
  0x000000002145e000 JavaThread "Cache worker for execution history cache (D:\Development\GitHub\CifraCherry\.gradle\6.5\executionHistory)" [_thread_blocked, id=8876, stack(0x000000002fe40000,0x000000002ff40000)]
  0x000000002145d000 JavaThread "Execution worker for ':' Thread 3" [_thread_blocked, id=6040, stack(0x000000002fc40000,0x000000002fd40000)]
  0x000000002145c800 JavaThread "Execution worker for ':' Thread 2" [_thread_blocked, id=6380, stack(0x000000002fb40000,0x000000002fc40000)]
  0x000000002145b800 JavaThread "Execution worker for ':'" [_thread_blocked, id=8592, stack(0x000000002fa40000,0x000000002fb40000)]
  0x000000002145b000 JavaThread "Cache worker for file content cache (D:\Development\GitHub\CifraCherry\.gradle\6.5\fileContent)" [_thread_blocked, id=5192, stack(0x000000002f940000,0x000000002fa40000)]
  0x0000000021459800 JavaThread "pool-14-thread-1" [_thread_blocked, id=2348, stack(0x000000002f840000,0x000000002f940000)]
  0x0000000021458000 JavaThread "Cache worker for Build Output Cleanup Cache (D:\Development\GitHub\CifraCherry\.gradle\buildOutputCleanup)" [_thread_blocked, id=5964, stack(0x000000002f740000,0x000000002f840000)]
  0x000000001a4dd000 JavaThread "jar transforms Thread 798" [_thread_blocked, id=4840, stack(0x000000002f640000,0x000000002f740000)]
  0x000000001a4dc800 JavaThread "jar transforms Thread 797" [_thread_blocked, id=10040, stack(0x000000002f540000,0x000000002f640000)]
  0x000000001a4de000 JavaThread "jar transforms Thread 796" [_thread_blocked, id=2300, stack(0x000000002f440000,0x000000002f540000)]
  0x000000001a4db800 JavaThread "jar transforms Thread 795" [_thread_blocked, id=928, stack(0x000000002f340000,0x000000002f440000)]
  0x000000001a4db000 JavaThread "jar transforms Thread 794" [_thread_blocked, id=10072, stack(0x000000002e840000,0x000000002e940000)]
  0x000000001a4da000 JavaThread "jar transforms Thread 793" [_thread_blocked, id=10076, stack(0x000000002e440000,0x000000002e540000)]
  0x000000001a4de800 JavaThread "jar transforms Thread 792" [_thread_blocked, id=2308, stack(0x000000002de40000,0x000000002df40000)]
  0x000000001a4e1000 JavaThread "jar transforms Thread 791" [_thread_blocked, id=6996, stack(0x000000002d8d0000,0x000000002d9d0000)]
  0x000000001a4df800 JavaThread "jar transforms Thread 790" [_thread_blocked, id=9092, stack(0x000000002d7d0000,0x000000002d8d0000)]
  0x000000001a4e0000 JavaThread "jar transforms Thread 789" [_thread_blocked, id=3732, stack(0x000000002d6d0000,0x000000002d7d0000)]
  0x000000001a4d2800 JavaThread "jar transforms Thread 788" [_thread_blocked, id=1052, stack(0x000000002d5d0000,0x000000002d6d0000)]
  0x000000001a4d9800 JavaThread "jar transforms Thread 787" [_thread_blocked, id=9648, stack(0x000000002cdd0000,0x000000002ced0000)]
  0x000000001a4d2000 JavaThread "jar transforms Thread 786" [_thread_blocked, id=1904, stack(0x000000002ccd0000,0x000000002cdd0000)]
  0x000000001a4d5000 JavaThread "jar transforms Thread 785" [_thread_blocked, id=9832, stack(0x000000002cbd0000,0x000000002ccd0000)]
  0x000000001a4d8800 JavaThread "jar transforms Thread 784" [_thread_blocked, id=4336, stack(0x000000002b310000,0x000000002b410000)]
  0x000000001a4d8000 JavaThread "jar transforms Thread 783" [_thread_blocked, id=5864, stack(0x000000002af60000,0x000000002b060000)]
  0x000000001a4d7000 JavaThread "jar transforms Thread 782" [_thread_blocked, id=9184, stack(0x0000000029fa0000,0x000000002a0a0000)]
  0x000000001a4d4000 JavaThread "jar transforms Thread 781" [_thread_blocked, id=3084, stack(0x0000000029ca0000,0x0000000029da0000)]
  0x000000001cac2000 JavaThread "jar transforms Thread 780" [_thread_blocked, id=9368, stack(0x0000000029970000,0x0000000029a70000)]
  0x000000001cac1800 JavaThread "jar transforms Thread 779" [_thread_blocked, id=4800, stack(0x0000000029870000,0x0000000029970000)]
  0x000000001cac6000 JavaThread "jar transforms Thread 778" [_thread_blocked, id=9640, stack(0x0000000029770000,0x0000000029870000)]
  0x000000001cac5000 JavaThread "jar transforms Thread 777" [_thread_blocked, id=4564, stack(0x0000000029670000,0x0000000029770000)]
  0x000000001cac4800 JavaThread "jar transforms Thread 776" [_thread_blocked, id=1080, stack(0x0000000029570000,0x0000000029670000)]
  0x000000001cac7800 JavaThread "jar transforms Thread 775" [_thread_blocked, id=9060, stack(0x0000000029470000,0x0000000029570000)]
  0x000000001cac3000 JavaThread "jar transforms Thread 774" [_thread_blocked, id=2476, stack(0x0000000029370000,0x0000000029470000)]
  0x000000001cac3800 JavaThread "jar transforms Thread 773" [_thread_blocked, id=4356, stack(0x0000000029270000,0x0000000029370000)]
  0x000000001caba800 JavaThread "jar transforms Thread 772" [_thread_blocked, id=7204, stack(0x0000000029170000,0x0000000029270000)]
  0x000000001caba000 JavaThread "jar transforms Thread 771" [_thread_blocked, id=8536, stack(0x0000000029070000,0x0000000029170000)]
  0x000000001cabd000 JavaThread "jar transforms Thread 770" [_thread_blocked, id=988, stack(0x0000000028f70000,0x0000000029070000)]
  0x000000001cac0800 JavaThread "jar transforms Thread 769" [_thread_blocked, id=7352, stack(0x0000000028e70000,0x0000000028f70000)]
  0x000000001cabb800 JavaThread "jar transforms Thread 768" [_thread_blocked, id=3852, stack(0x0000000028d70000,0x0000000028e70000)]
  0x000000001cac0000 JavaThread "jar transforms Thread 767" [_thread_blocked, id=8308, stack(0x0000000028c70000,0x0000000028d70000)]
  0x000000001cab8800 JavaThread "jar transforms Thread 766" [_thread_blocked, id=4788, stack(0x0000000028b70000,0x0000000028c70000)]
  0x000000001cab9000 JavaThread "jar transforms Thread 765" [_thread_blocked, id=2708, stack(0x0000000028a70000,0x0000000028b70000)]
  0x000000001cabc000 JavaThread "jar transforms Thread 764" [_thread_blocked, id=9624, stack(0x0000000028970000,0x0000000028a70000)]
  0x000000001cabd800 JavaThread "jar transforms Thread 763" [_thread_blocked, id=6084, stack(0x0000000028870000,0x0000000028970000)]
  0x000000001cabe800 JavaThread "jar transforms Thread 762" [_thread_blocked, id=948, stack(0x0000000028770000,0x0000000028870000)]
  0x000000001f720800 JavaThread "jar transforms Thread 761" [_thread_blocked, id=5428, stack(0x0000000028670000,0x0000000028770000)]
  0x000000001f727800 JavaThread "jar transforms Thread 760" [_thread_blocked, id=9556, stack(0x0000000028570000,0x0000000028670000)]
  0x000000001f726800 JavaThread "jar transforms Thread 759" [_thread_blocked, id=6364, stack(0x0000000028470000,0x0000000028570000)]
  0x000000001f726000 JavaThread "jar transforms Thread 758" [_thread_blocked, id=284, stack(0x0000000028370000,0x0000000028470000)]
  0x000000001f725000 JavaThread "jar transforms Thread 757" [_thread_blocked, id=6212, stack(0x0000000028270000,0x0000000028370000)]
  0x000000001f721000 JavaThread "jar transforms Thread 756" [_thread_blocked, id=1452, stack(0x0000000028170000,0x0000000028270000)]
  0x000000001f724800 JavaThread "jar transforms Thread 755" [_thread_blocked, id=10080, stack(0x0000000028070000,0x0000000028170000)]
  0x000000001f722000 JavaThread "jar transforms Thread 754" [_thread_blocked, id=7264, stack(0x0000000027f70000,0x0000000028070000)]
  0x000000001f722800 JavaThread "jar transforms Thread 753" [_thread_blocked, id=6584, stack(0x0000000027e70000,0x0000000027f70000)]
  0x000000001f723800 JavaThread "jar transforms Thread 752" [_thread_blocked, id=9692, stack(0x0000000027d70000,0x0000000027e70000)]
  0x000000001f719800 JavaThread "jar transforms Thread 751" [_thread_blocked, id=6260, stack(0x0000000027c70000,0x0000000027d70000)]
  0x000000001f71c800 JavaThread "jar transforms Thread 750" [_thread_blocked, id=9488, stack(0x0000000027b70000,0x0000000027c70000)]
  0x000000001f71f800 JavaThread "jar transforms Thread 749" [_thread_blocked, id=4412, stack(0x0000000027a70000,0x0000000027b70000)]
  0x000000001f71f000 JavaThread "jar transforms Thread 748" [_thread_blocked, id=4284, stack(0x0000000027970000,0x0000000027a70000)]
  0x000000001f71e000 JavaThread "jar transforms Thread 747" [_thread_blocked, id=9508, stack(0x0000000027870000,0x0000000027970000)]
  0x000000001f719000 JavaThread "jar transforms Thread 746" [_thread_blocked, id=7632, stack(0x0000000027770000,0x0000000027870000)]
  0x000000001f71c000 JavaThread "jar transforms Thread 745" [_thread_blocked, id=5552, stack(0x0000000027670000,0x0000000027770000)]
  0x000000001f71d800 JavaThread "jar transforms Thread 744" [_thread_blocked, id=6464, stack(0x0000000027570000,0x0000000027670000)]
  0x000000001f71b000 JavaThread "jar transforms Thread 743" [_thread_blocked, id=8712, stack(0x0000000027470000,0x0000000027570000)]
  0x000000001f71a800 JavaThread "jar transforms Thread 742" [_thread_blocked, id=7848, stack(0x0000000027370000,0x0000000027470000)]
  0x0000000021775000 JavaThread "jar transforms Thread 741" [_thread_blocked, id=9008, stack(0x0000000027270000,0x0000000027370000)]
  0x0000000021772000 JavaThread "jar transforms Thread 740" [_thread_blocked, id=8448, stack(0x0000000027170000,0x0000000027270000)]
  0x0000000021771000 JavaThread "jar transforms Thread 739" [_thread_blocked, id=2556, stack(0x0000000027070000,0x0000000027170000)]
  0x0000000021774000 JavaThread "jar transforms Thread 738" [_thread_blocked, id=6352, stack(0x0000000026f70000,0x0000000027070000)]
  0x0000000021776800 JavaThread "jar transforms Thread 737" [_thread_blocked, id=3332, stack(0x0000000026e70000,0x0000000026f70000)]
  0x0000000021775800 JavaThread "jar transforms Thread 736" [_thread_blocked, id=4880, stack(0x0000000026d70000,0x0000000026e70000)]
  0x0000000021772800 JavaThread "jar transforms Thread 735" [_thread_blocked, id=6416, stack(0x0000000026c70000,0x0000000026d70000)]
  0x0000000021770800 JavaThread "jar transforms Thread 734" [_thread_blocked, id=8196, stack(0x0000000026b70000,0x0000000026c70000)]
  0x0000000021769000 JavaThread "jar transforms Thread 733" [_thread_blocked, id=7292, stack(0x0000000026a70000,0x0000000026b70000)]
  0x000000002176f800 JavaThread "jar transforms Thread 732" [_thread_blocked, id=6688, stack(0x0000000026970000,0x0000000026a70000)]
  0x000000002176f000 JavaThread "jar transforms Thread 731" [_thread_blocked, id=8304, stack(0x0000000026870000,0x0000000026970000)]
  0x000000002176a800 JavaThread "jar transforms Thread 730" [_thread_blocked, id=4808, stack(0x0000000026770000,0x0000000026870000)]
  0x0000000021768000 JavaThread "jar transforms Thread 729" [_thread_blocked, id=10064, stack(0x0000000026670000,0x0000000026770000)]
  0x0000000021767800 JavaThread "jar transforms Thread 728" [_thread_blocked, id=10048, stack(0x0000000026570000,0x0000000026670000)]
  0x0000000021769800 JavaThread "jar transforms Thread 727" [_thread_blocked, id=6420, stack(0x0000000026470000,0x0000000026570000)]
  0x000000002176e000 JavaThread "jar transforms Thread 726" [_thread_blocked, id=5324, stack(0x0000000026370000,0x0000000026470000)]
  0x000000002176d800 JavaThread "jar transforms Thread 725" [_thread_blocked, id=7284, stack(0x0000000026270000,0x0000000026370000)]
  0x000000002176c800 JavaThread "jar transforms Thread 724" [_thread_blocked, id=9096, stack(0x0000000026170000,0x0000000026270000)]
  0x000000002176c000 JavaThread "jar transforms Thread 723" [_thread_blocked, id=9628, stack(0x0000000026070000,0x0000000026170000)]
  0x000000002176b000 JavaThread "jar transforms Thread 722" [_thread_blocked, id=524, stack(0x0000000025f70000,0x0000000026070000)]
  0x0000000021f6d000 JavaThread "jar transforms Thread 721" [_thread_blocked, id=3436, stack(0x0000000025e70000,0x0000000025f70000)]
  0x0000000021f6c000 JavaThread "jar transforms Thread 720" [_thread_blocked, id=6256, stack(0x0000000025d70000,0x0000000025e70000)]
  0x0000000021f6b800 JavaThread "jar transforms Thread 719" [_thread_blocked, id=8168, stack(0x0000000025c70000,0x0000000025d70000)]
  0x0000000021f69000 JavaThread "jar transforms Thread 718" [_thread_blocked, id=548, stack(0x0000000025b70000,0x0000000025c70000)]
  0x0000000021f64000 JavaThread "jar transforms Thread 717" [_thread_blocked, id=240, stack(0x0000000025a70000,0x0000000025b70000)]
  0x0000000021f6a800 JavaThread "jar transforms Thread 716" [_thread_blocked, id=7816, stack(0x0000000025970000,0x0000000025a70000)]
  0x0000000021f63000 JavaThread "jar transforms Thread 715" [_thread_blocked, id=8776, stack(0x0000000025870000,0x0000000025970000)]
  0x0000000021f68800 JavaThread "jar transforms Thread 714" [_thread_blocked, id=4340, stack(0x0000000025770000,0x0000000025870000)]
  0x0000000021f67800 JavaThread "jar transforms Thread 713" [_thread_blocked, id=3536, stack(0x0000000025670000,0x0000000025770000)]
  0x0000000021f67000 JavaThread "jar transforms Thread 712" [_thread_blocked, id=6160, stack(0x0000000025570000,0x0000000025670000)]
  0x0000000021f66000 JavaThread "jar transforms Thread 711" [_thread_blocked, id=7836, stack(0x0000000025470000,0x0000000025570000)]
  0x0000000021f65800 JavaThread "jar transforms Thread 710" [_thread_blocked, id=452, stack(0x0000000025370000,0x0000000025470000)]
  0x0000000021f6a000 JavaThread "jar transforms Thread 709" [_thread_blocked, id=3752, stack(0x0000000025270000,0x0000000025370000)]
  0x0000000021f64800 JavaThread "jar transforms Thread 708" [_thread_blocked, id=9020, stack(0x0000000025170000,0x0000000025270000)]
  0x0000000021f5b800 JavaThread "jar transforms Thread 707" [_thread_blocked, id=2484, stack(0x0000000025070000,0x0000000025170000)]
  0x0000000021f62800 JavaThread "jar transforms Thread 706" [_thread_blocked, id=824, stack(0x0000000024f70000,0x0000000025070000)]
  0x0000000021f61800 JavaThread "jar transforms Thread 705" [_thread_blocked, id=8616, stack(0x0000000024e70000,0x0000000024f70000)]
  0x0000000021f5a000 JavaThread "jar transforms Thread 704" [_thread_blocked, id=9016, stack(0x0000000024d70000,0x0000000024e70000)]
  0x0000000021f60000 JavaThread "jar transforms Thread 703" [_thread_blocked, id=5836, stack(0x0000000024c70000,0x0000000024d70000)]
  0x0000000021f5e800 JavaThread "jar transforms Thread 702" [_thread_blocked, id=2656, stack(0x0000000024b70000,0x0000000024c70000)]
  0x0000000021f5e000 JavaThread "jar transforms Thread 701" [_thread_blocked, id=4148, stack(0x0000000024a70000,0x0000000024b70000)]
  0x0000000021f61000 JavaThread "jar transforms Thread 700" [_thread_blocked, id=2324, stack(0x0000000024970000,0x0000000024a70000)]
  0x0000000021f5d000 JavaThread "jar transforms Thread 699" [_thread_blocked, id=6152, stack(0x0000000024870000,0x0000000024970000)]
  0x0000000021f5b000 JavaThread "jar transforms Thread 698" [_thread_blocked, id=10112, stack(0x0000000024770000,0x0000000024870000)]
  0x0000000021f5f800 JavaThread "jar transforms Thread 697" [_thread_blocked, id=8732, stack(0x0000000024670000,0x0000000024770000)]
  0x0000000021f59800 JavaThread "jar transforms Thread 696" [_thread_blocked, id=7568, stack(0x0000000024570000,0x0000000024670000)]
  0x0000000021f5c800 JavaThread "jar transforms Thread 695" [_thread_blocked, id=1120, stack(0x0000000024470000,0x0000000024570000)]
  0x0000000021f52000 JavaThread "jar transforms Thread 694" [_thread_blocked, id=9496, stack(0x0000000024370000,0x0000000024470000)]
  0x0000000021f58000 JavaThread "jar transforms Thread 693" [_thread_blocked, id=6580, stack(0x0000000024270000,0x0000000024370000)]
  0x0000000021f58800 JavaThread "jar transforms Thread 692" [_thread_blocked, id=1312, stack(0x00000000230a0000,0x00000000231a0000)]
  0x0000000021f50800 JavaThread "jar transforms Thread 691" [_thread_blocked, id=7704, stack(0x0000000022fa0000,0x00000000230a0000)]
  0x0000000021f57000 JavaThread "jar transforms Thread 690" [_thread_blocked, id=5020, stack(0x0000000022ea0000,0x0000000022fa0000)]
  0x0000000021f56800 JavaThread "jar transforms Thread 689" [_thread_blocked, id=6288, stack(0x0000000022da0000,0x0000000022ea0000)]
  0x0000000021f51000 JavaThread "jar transforms Thread 688" [_thread_blocked, id=5148, stack(0x0000000022ca0000,0x0000000022da0000)]
  0x0000000021f4f000 JavaThread "jar transforms Thread 687" [_thread_blocked, id=6992, stack(0x0000000022ba0000,0x0000000022ca0000)]
  0x0000000021f55800 JavaThread "jar transforms Thread 686" [_thread_blocked, id=1100, stack(0x0000000022aa0000,0x0000000022ba0000)]
  0x0000000021f55000 JavaThread "jar transforms Thread 685" [_thread_blocked, id=5888, stack(0x00000000227a0000,0x00000000228a0000)]
  0x0000000021f54000 JavaThread "Build operations Thread 4" [_thread_blocked, id=2560, stack(0x00000000226a0000,0x00000000227a0000)]
  0x0000000021f53800 JavaThread "Build operations Thread 3" [_thread_blocked, id=8852, stack(0x00000000225a0000,0x00000000226a0000)]
  0x0000000021f52800 JavaThread "Build operations Thread 2" [_thread_blocked, id=7272, stack(0x00000000224a0000,0x00000000225a0000)]
  0x0000000021f4e000 JavaThread "Build operations" [_thread_blocked, id=9940, stack(0x0000000020cd0000,0x0000000020dd0000)]
  0x000000001a27a800 JavaThread "Cache worker for cache directory md-rule (C:\Users\rafae\.gradle\caches\6.5\md-rule)" [_thread_blocked, id=2940, stack(0x00000000204d0000,0x00000000205d0000)]
  0x000000001a27a000 JavaThread "Cache worker for cache directory md-supplier (C:\Users\rafae\.gradle\caches\6.5\md-supplier)" [_thread_blocked, id=6612, stack(0x00000000203d0000,0x00000000204d0000)]
  0x000000001a279000 JavaThread "Cache worker for checksums cache (D:\Development\GitHub\CifraCherry\.gradle\checksums)" [_thread_blocked, id=5664, stack(0x000000001f0a0000,0x000000001f1a0000)]
  0x000000001a278800 JavaThread "Cache worker for file hash cache (D:\Development\GitHub\CifraCherry\.gradle\6.5\fileHashes)" [_thread_blocked, id=6876, stack(0x000000001efa0000,0x000000001f0a0000)]
  0x000000001a270800 JavaThread "Thread-847" [_thread_blocked, id=1772, stack(0x000000001d5d0000,0x000000001d6d0000)]
  0x000000001a277800 JavaThread "Stdin handler" [_thread_blocked, id=7256, stack(0x000000001d4d0000,0x000000001d5d0000)]
  0x000000001a277000 JavaThread "Asynchronous log dispatcher for DefaultDaemonConnection: socket connection from /127.0.0.1:60283 to /127.0.0.1:60537" [_thread_blocked, id=9952, stack(0x000000001d3d0000,0x000000001d4d0000)]
  0x000000001a275800 JavaThread "Daemon worker Thread 6" [_thread_blocked, id=6788, stack(0x000000001d2d0000,0x000000001d3d0000)]
  0x000000001a274800 JavaThread "Cancel handler" [_thread_blocked, id=2788, stack(0x000000001cfd0000,0x000000001d0d0000)]
  0x000000001a26c000 JavaThread "Handler for socket connection from /127.0.0.1:60283 to /127.0.0.1:60537" [_thread_in_native, id=8548, stack(0x000000001b9a0000,0x000000001baa0000)]
  0x000000001a26d000 JavaThread "Daemon Thread 6" [_thread_blocked, id=8808, stack(0x00000000010e0000,0x00000000011e0000)]
  0x000000001a26b800 JavaThread "RMI TCP Connection(29)-127.0.0.1" daemon [_thread_in_native, id=5172, stack(0x000000001b8a0000,0x000000001b9a0000)]
  0x000000002145f800 JavaThread "RMI TCP Connection(27)-127.0.0.1" daemon [_thread_in_native, id=7152, stack(0x0000000030240000,0x0000000030340000)]
  0x0000000021463000 JavaThread "RMI TCP Connection(28)-127.0.0.1" daemon [_thread_in_native, id=4244, stack(0x0000000030a40000,0x0000000030b40000)]
  0x0000000021464800 JavaThread "Cache worker for Java compile cache (C:\Users\rafae\.gradle\caches\6.5\javaCompile)" [_thread_blocked, id=5012, stack(0x00000000317b0000,0x00000000318b0000)]
  0x0000000021d49000 JavaThread "RMI Reaper" [_thread_blocked, id=6168, stack(0x000000002e740000,0x000000002e840000)]
  0x0000000021d47800 JavaThread "RMI TCP Accept-0" daemon [_thread_in_native, id=9316, stack(0x000000002e640000,0x000000002e740000)]
  0x0000000021d47000 JavaThread "GC Daemon" daemon [_thread_blocked, id=4276, stack(0x000000002e540000,0x000000002e640000)]
  0x0000000021d3a000 JavaThread "RMI Scheduler(0)" daemon [_thread_blocked, id=8728, stack(0x000000002e140000,0x000000002e240000)]
  0x000000001f728000 JavaThread "Memory manager" [_thread_blocked, id=5712, stack(0x000000002b500000,0x000000002b600000)]
  0x0000000017ae4000 JavaThread "Cache worker for file content cache (C:\Users\rafae\.gradle\caches\6.5\fileContent)" [_thread_blocked, id=5996, stack(0x0000000020dd0000,0x0000000020ed0000)]
  0x0000000017ae5000 JavaThread "Cache worker for execution history cache (C:\Users\rafae\.gradle\caches\6.5\executionHistory)" [_thread_blocked, id=4444, stack(0x00000000205d0000,0x00000000206d0000)]
  0x0000000017ae7000 JavaThread "Cache worker for file hash cache (C:\Users\rafae\.gradle\caches\6.5\fileHashes)" [_thread_blocked, id=9472, stack(0x000000001dad0000,0x000000001dbd0000)]
  0x0000000017ae5800 JavaThread "File lock request listener" [_thread_in_native, id=6796, stack(0x000000001d9d0000,0x000000001dad0000)]
  0x000000001bdd9800 JavaThread "Cache worker for journal cache (C:\Users\rafae\.gradle\caches\journal-1)" [_thread_blocked, id=6916, stack(0x000000001d8d0000,0x000000001d9d0000)]
  0x000000001b45c800 JavaThread "Daemon periodic checks" [_thread_blocked, id=10152, stack(0x000000001ccd0000,0x000000001cdd0000)]
  0x000000001b40d800 JavaThread "Incoming local TCP Connector on port 60283" [_thread_in_native, id=3304, stack(0x000000001baa0000,0x000000001bba0000)]
  0x0000000019501000 JavaThread "Daemon health stats" [_thread_blocked, id=1512, stack(0x000000001b460000,0x000000001b560000)]
  0x0000000017b2d000 JavaThread "Service Thread" daemon [_thread_blocked, id=4952, stack(0x0000000019830000,0x0000000019930000)]
  0x0000000017ae6800 JavaThread "C1 CompilerThread2" daemon [_thread_blocked, id=5536, stack(0x0000000019330000,0x0000000019430000)]
=>0x0000000017adc800 JavaThread "C2 CompilerThread1" daemon [_thread_in_native, id=4324, stack(0x0000000019230000,0x0000000019330000)]
  0x0000000017ad2000 JavaThread "C2 CompilerThread0" daemon [_thread_in_native, id=3060, stack(0x0000000019130000,0x0000000019230000)]
  0x0000000017ad0800 JavaThread "Attach Listener" daemon [_thread_blocked, id=4892, stack(0x0000000019030000,0x0000000019130000)]
  0x0000000017ad6800 JavaThread "Signal Dispatcher" daemon [_thread_blocked, id=4012, stack(0x0000000018f30000,0x0000000019030000)]
  0x0000000002eab000 JavaThread "Finalizer" daemon [_thread_blocked, id=8224, stack(0x0000000018d20000,0x0000000018e20000)]
  0x0000000017ab9000 JavaThread "Reference Handler" daemon [_thread_blocked, id=4116, stack(0x0000000018c20000,0x0000000018d20000)]
  0x0000000002c3d800 JavaThread "main" [_thread_blocked, id=2432, stack(0x0000000002cb0000,0x0000000002db0000)]

Other Threads:
  0x0000000017a96000 VMThread [stack: 0x0000000018b20000,0x0000000018c20000] [id=8100]
  0x0000000017b2d800 WatcherThread [stack: 0x0000000019930000,0x0000000019a30000] [id=7112]

VM state:not at safepoint (normal execution)

VM Mutex/Monitor currently owned by a thread: None

heap address: 0x0000000080000000, size: 2048 MB, Compressed Oops mode: 32-bit
Narrow klass base: 0x0000000000000000, Narrow klass shift: 3
Compressed class space size: 1073741824 Address: 0x0000000100000000

Heap:
 PSYoungGen      total 404992K, used 158538K [0x00000000d5580000, 0x00000000fef80000, 0x0000000100000000)
  eden space 365568K, 32% used [0x00000000d5580000,0x00000000dca1b638,0x00000000eba80000)
  from space 39424K, 99% used [0x00000000eba80000,0x00000000ee0b7448,0x00000000ee100000)
  to   space 158208K, 0% used [0x00000000f5500000,0x00000000f5500000,0x00000000fef80000)
 ParOldGen       total 243200K, used 176580K [0x0000000080000000, 0x000000008ed80000, 0x00000000d5580000)
  object space 243200K, 72% used [0x0000000080000000,0x000000008ac71108,0x000000008ed80000)
 Metaspace       used 161880K, capacity 168818K, committed 169128K, reserved 1198080K
  class space    used 20060K, capacity 21349K, committed 21424K, reserved 1048576K

Card table byte_map: [0x0000000012270000,0x0000000012680000] byte_map_base: 0x0000000011e70000

Marking Bits: (ParMarkBitMap*) 0x0000000073e0f030
 Begin Bits: [0x0000000012d30000, 0x0000000014d30000)
 End Bits:   [0x0000000014d30000, 0x0000000016d30000)

Polling page: 0x00000000015c0000

CodeCache: size=245760Kb used=71022Kb max_used=71226Kb free=174737Kb
 bounds [0x0000000002eb0000, 0x00000000074b0000, 0x0000000011eb0000]
 total_blobs=22185 nmethods=21249 adapters=848
 compilation: enabled

Compilation events (10 events):
Event: 2240.653 Thread 0x0000000017ad2000 nmethod 26901% 0x00000000046a80d0 code [0x00000000046a8240, 0x00000000046a8808]
Event: 2240.654 Thread 0x0000000017ad2000 26922       4       com.android.tools.r8.code.v1::a (4137 bytes)
Event: 2240.783 Thread 0x0000000017ae6800 26926 %     3       com.android.tools.r8.code.w0::<init> @ 71 (97 bytes)
Event: 2240.784 Thread 0x0000000017ae6800 nmethod 26926% 0x00000000046e1510 code [0x00000000046e1740, 0x00000000046e24f8]
Event: 2240.786 Thread 0x0000000017ae6800 26927 %     3       java.util.Arrays::hashCode @ 16 (44 bytes)
Event: 2240.787 Thread 0x0000000017ae6800 nmethod 26927% 0x00000000040c8290 code [0x00000000040c8400, 0x00000000040c86b0]
Event: 2240.790 Thread 0x0000000017ae6800 26928       2       com.android.tools.r8.code.I3::<init> (7 bytes)
Event: 2240.791 Thread 0x0000000017ae6800 nmethod 26928 0x00000000034a0750 code [0x00000000034a08a0, 0x00000000034a0a50]
Event: 2240.793 Thread 0x0000000017ae6800 26930       2       com.android.tools.r8.code.l0::<init> (7 bytes)
Event: 2240.793 Thread 0x0000000017ae6800 nmethod 26930 0x00000000032ce890 code [0x00000000032cea00, 0x00000000032cec98]

GC Heap History (10 events):
Event: 781.655 GC heap before
{Heap before GC invocations=36 (full 5):
 PSYoungGen      total 493056K, used 436847K [0x00000000d5580000, 0x00000000fc580000, 0x0000000100000000)
  eden space 358400K, 100% used [0x00000000d5580000,0x00000000eb380000,0x00000000eb380000)
  from space 134656K, 58% used [0x00000000f4200000,0x00000000f8e9bc60,0x00000000fc580000)
  to   space 140288K, 0% used [0x00000000eb380000,0x00000000eb380000,0x00000000f3c80000)
 ParOldGen       total 243200K, used 122181K [0x0000000080000000, 0x000000008ed80000, 0x00000000d5580000)
  object space 243200K, 50% used [0x0000000080000000,0x0000000087751620,0x000000008ed80000)
 Metaspace       used 144757K, capacity 150790K, committed 151208K, reserved 1181696K
  class space    used 18168K, capacity 19327K, committed 19376K, reserved 1048576K
Event: 781.803 GC heap after
Heap after GC invocations=36 (full 5):
 PSYoungGen      total 498688K, used 140284K [0x00000000d5580000, 0x0000000100000000, 0x0000000100000000)
  eden space 358400K, 0% used [0x00000000d5580000,0x00000000d5580000,0x00000000eb380000)
  from space 140288K, 99% used [0x00000000eb380000,0x00000000f3c7f018,0x00000000f3c80000)
  to   space 163840K, 0% used [0x00000000f6000000,0x00000000f6000000,0x0000000100000000)
 ParOldGen       total 243200K, used 124599K [0x0000000080000000, 0x000000008ed80000, 0x00000000d5580000)
  object space 243200K, 51% used [0x0000000080000000,0x00000000879adcd8,0x000000008ed80000)
 Metaspace       used 144757K, capacity 150790K, committed 151208K, reserved 1181696K
  class space    used 18168K, capacity 19327K, committed 19376K, reserved 1048576K
}
Event: 2142.934 GC heap before
{Heap before GC invocations=37 (full 5):
 PSYoungGen      total 498688K, used 498684K [0x00000000d5580000, 0x0000000100000000, 0x0000000100000000)
  eden space 358400K, 100% used [0x00000000d5580000,0x00000000eb380000,0x00000000eb380000)
  from space 140288K, 99% used [0x00000000eb380000,0x00000000f3c7f018,0x00000000f3c80000)
  to   space 163840K, 0% used [0x00000000f6000000,0x00000000f6000000,0x0000000100000000)
 ParOldGen       total 243200K, used 124599K [0x0000000080000000, 0x000000008ed80000, 0x00000000d5580000)
  object space 243200K, 51% used [0x0000000080000000,0x00000000879adcd8,0x000000008ed80000)
 Metaspace       used 145224K, capacity 151410K, committed 151592K, reserved 1181696K
  class space    used 18202K, capacity 19387K, committed 19504K, reserved 1048576K
Event: 2143.043 GC heap after
Heap after GC invocations=37 (full 5):
 PSYoungGen      total 538112K, used 25653K [0x00000000d5580000, 0x0000000100000000, 0x0000000100000000)
  eden space 374272K, 0% used [0x00000000d5580000,0x00000000d5580000,0x00000000ec300000)
  from space 163840K, 15% used [0x00000000f6000000,0x00000000f790d488,0x0000000100000000)
  to   space 160768K, 0% used [0x00000000ec300000,0x00000000ec300000,0x00000000f6000000)
 ParOldGen       total 243200K, used 176556K [0x0000000080000000, 0x000000008ed80000, 0x00000000d5580000)
  object space 243200K, 72% used [0x0000000080000000,0x000000008ac6b108,0x000000008ed80000)
 Metaspace       used 145224K, capacity 151410K, committed 151592K, reserved 1181696K
  class space    used 18202K, capacity 19387K, committed 19504K, reserved 1048576K
}
Event: 2149.942 GC heap before
{Heap before GC invocations=38 (full 5):
 PSYoungGen      total 538112K, used 399925K [0x00000000d5580000, 0x0000000100000000, 0x0000000100000000)
  eden space 374272K, 100% used [0x00000000d5580000,0x00000000ec300000,0x00000000ec300000)
  from space 163840K, 15% used [0x00000000f6000000,0x00000000f790d488,0x0000000100000000)
  to   space 160768K, 0% used [0x00000000ec300000,0x00000000ec300000,0x00000000f6000000)
 ParOldGen       total 243200K, used 176556K [0x0000000080000000, 0x000000008ed80000, 0x00000000d5580000)
  object space 243200K, 72% used [0x0000000080000000,0x000000008ac6b108,0x000000008ed80000)
 Metaspace       used 153266K, capacity 160020K, committed 160296K, reserved 1189888K
  class space    used 19149K, capacity 20412K, committed 20528K, reserved 1048576K
Event: 2150.050 GC heap after
Heap after GC invocations=38 (full 5):
 PSYoungGen      total 485888K, used 111218K [0x00000000d5580000, 0x0000000100000000, 0x0000000100000000)
  eden space 374272K, 0% used [0x00000000d5580000,0x00000000d5580000,0x00000000ec300000)
  from space 111616K, 99% used [0x00000000ec300000,0x00000000f2f9cb30,0x00000000f3000000)
  to   space 168960K, 0% used [0x00000000f5b00000,0x00000000f5b00000,0x0000000100000000)
 ParOldGen       total 243200K, used 176564K [0x0000000080000000, 0x000000008ed80000, 0x00000000d5580000)
  object space 243200K, 72% used [0x0000000080000000,0x000000008ac6d108,0x000000008ed80000)
 Metaspace       used 153266K, capacity 160020K, committed 160296K, reserved 1189888K
  class space    used 19149K, capacity 20412K, committed 20528K, reserved 1048576K
}
Event: 2234.603 GC heap before
{Heap before GC invocations=39 (full 5):
 PSYoungGen      total 485888K, used 485481K [0x00000000d5580000, 0x0000000100000000, 0x0000000100000000)
  eden space 374272K, 99% used [0x00000000d5580000,0x00000000ec2fdb48,0x00000000ec300000)
  from space 111616K, 99% used [0x00000000ec300000,0x00000000f2f9cb30,0x00000000f3000000)
  to   space 168960K, 0% used [0x00000000f5b00000,0x00000000f5b00000,0x0000000100000000)
 ParOldGen       total 243200K, used 176564K [0x0000000080000000, 0x000000008ed80000, 0x00000000d5580000)
  object space 243200K, 72% used [0x0000000080000000,0x000000008ac6d108,0x000000008ed80000)
 Metaspace       used 153656K, capacity 160480K, committed 160808K, reserved 1189888K
  class space    used 19162K, capacity 20424K, committed 20528K, reserved 1048576K
Event: 2234.660 GC heap after
Heap after GC invocations=39 (full 5):
 PSYoungGen      total 534528K, used 35512K [0x00000000d5580000, 0x0000000100000000, 0x0000000100000000)
  eden space 365568K, 0% used [0x00000000d5580000,0x00000000d5580000,0x00000000eba80000)
  from space 168960K, 21% used [0x00000000f5b00000,0x00000000f7dae340,0x0000000100000000)
  to   space 164352K, 0% used [0x00000000eba80000,0x00000000eba80000,0x00000000f5b00000)
 ParOldGen       total 243200K, used 176572K [0x0000000080000000, 0x000000008ed80000, 0x00000000d5580000)
  object space 243200K, 72% used [0x0000000080000000,0x000000008ac6f108,0x000000008ed80000)
 Metaspace       used 153656K, capacity 160480K, committed 160808K, reserved 1189888K
  class space    used 19162K, capacity 20424K, committed 20528K, reserved 1048576K
}
Event: 2238.537 GC heap before
{Heap before GC invocations=40 (full 5):
 PSYoungGen      total 534528K, used 401080K [0x00000000d5580000, 0x0000000100000000, 0x0000000100000000)
  eden space 365568K, 100% used [0x00000000d5580000,0x00000000eba80000,0x00000000eba80000)
  from space 168960K, 21% used [0x00000000f5b00000,0x00000000f7dae340,0x0000000100000000)
  to   space 164352K, 0% used [0x00000000eba80000,0x00000000eba80000,0x00000000f5b00000)
 ParOldGen       total 243200K, used 176572K [0x0000000080000000, 0x000000008ed80000, 0x00000000d5580000)
  object space 243200K, 72% used [0x0000000080000000,0x000000008ac6f108,0x000000008ed80000)
 Metaspace       used 161533K, capacity 168484K, committed 168616K, reserved 1196032K
  class space    used 20058K, capacity 21348K, committed 21424K, reserved 1048576K
Event: 2238.587 GC heap after
Heap after GC invocations=40 (full 5):
 PSYoungGen      total 404992K, used 39133K [0x00000000d5580000, 0x00000000fef80000, 0x0000000100000000)
  eden space 365568K, 0% used [0x00000000d5580000,0x00000000d5580000,0x00000000eba80000)
  from space 39424K, 99% used [0x00000000eba80000,0x00000000ee0b7448,0x00000000ee100000)
  to   space 158208K, 0% used [0x00000000f5500000,0x00000000f5500000,0x00000000fef80000)
 ParOldGen       total 243200K, used 176580K [0x0000000080000000, 0x000000008ed80000, 0x00000000d5580000)
  object space 243200K, 72% used [0x0000000080000000,0x000000008ac71108,0x000000008ed80000)
 Metaspace       used 161533K, capacity 168484K, committed 168616K, reserved 1196032K
  class space    used 20058K, capacity 21348K, committed 21424K, reserved 1048576K
}

Deoptimization events (10 events):
Event: 2239.862 Thread 0x0000000021465800 Uncommon trap: reason=unstable_if action=reinterpret pc=0x00000000060ccc50 method=com.android.tools.r8.t.a.a.a.f.X.a(ILjava/lang/Object;)Ljava/lang/Object; @ 8
Event: 2240.052 Thread 0x0000000021465800 Uncommon trap: reason=bimorphic action=maybe_recompile pc=0x00000000062c1844 method=com.android.tools.r8.q.a.a.b.J0.k()Ljava/lang/Object; @ 27
Event: 2240.052 Thread 0x0000000021465800 Uncommon trap: reason=bimorphic action=maybe_recompile pc=0x00000000062c1844 method=com.android.tools.r8.q.a.a.b.J0.k()Ljava/lang/Object; @ 27
Event: 2240.052 Thread 0x0000000021465800 Uncommon trap: reason=bimorphic action=maybe_recompile pc=0x00000000062c1844 method=com.android.tools.r8.q.a.a.b.J0.k()Ljava/lang/Object; @ 27
Event: 2240.052 Thread 0x0000000021465800 Uncommon trap: reason=bimorphic action=maybe_recompile pc=0x00000000062c1844 method=com.android.tools.r8.q.a.a.b.J0.k()Ljava/lang/Object; @ 27
Event: 2240.057 Thread 0x0000000021465800 Uncommon trap: reason=unstable_if action=reinterpret pc=0x00000000062e9908 method=com.android.tools.r8.utils.T.a(Ljava/lang/String;Lcom/android/tools/r8/naming/b;)Ljava/lang/String; @ 9
Event: 2240.058 Thread 0x0000000021465800 Uncommon trap: reason=class_check action=maybe_recompile pc=0x000000000640ab8c method=com.android.tools.r8.dex.r.a(Ljava/util/Collection;ILjava/util/function/Consumer;)V @ 29
Event: 2240.058 Thread 0x0000000021465800 Uncommon trap: reason=class_check action=maybe_recompile pc=0x000000000640ab8c method=com.android.tools.r8.dex.r.a(Ljava/util/Collection;ILjava/util/function/Consumer;)V @ 29
Event: 2240.065 Thread 0x0000000021465800 Uncommon trap: reason=unstable_if action=reinterpret pc=0x000000000611baec method=com.android.tools.r8.dex.r.c()Lcom/android/tools/r8/dex/r$a; @ 522
Event: 2240.399 Thread 0x000000001cafb000 Uncommon trap: reason=bimorphic action=maybe_recompile pc=0x00000000042b2464 method=java.util.stream.StreamOpFlag.fromCharacteristics(Ljava/util/Spliterator;)I @ 14

Classes redefined (0 events):
No events

Internal exceptions (10 events):
Event: 2238.449 Thread 0x000000001a275800 Exception <a 'sun/nio/fs/WindowsException'> (0x00000000eb214650) thrown at [C:\src\AOSP-openjdk-git\hotspot\src\share\vm\prims\jni.cpp, line 710]
Event: 2239.580 Thread 0x0000000021465800 Exception <a 'sun/nio/fs/WindowsException'> (0x00000000d651efc8) thrown at [C:\src\AOSP-openjdk-git\hotspot\src\share\vm\prims\jni.cpp, line 710]
Event: 2240.059 Thread 0x0000000021465800 Exception <a 'sun/nio/fs/WindowsException'> (0x00000000d7be2198) thrown at [C:\src\AOSP-openjdk-git\hotspot\src\share\vm\prims\jni.cpp, line 710]
Event: 2240.062 Thread 0x0000000021465800 Exception <a 'sun/nio/fs/WindowsException'> (0x00000000d7c32688) thrown at [C:\src\AOSP-openjdk-git\hotspot\src\share\vm\prims\jni.cpp, line 710]
Event: 2240.066 Thread 0x0000000021465800 Exception <a 'sun/nio/fs/WindowsException'> (0x00000000d7c7d8c0) thrown at [C:\src\AOSP-openjdk-git\hotspot\src\share\vm\prims\jni.cpp, line 710]
Event: 2240.068 Thread 0x0000000021465800 Exception <a 'sun/nio/fs/WindowsException'> (0x00000000d7cd3cc8) thrown at [C:\src\AOSP-openjdk-git\hotspot\src\share\vm\prims\jni.cpp, line 710]
Event: 2240.071 Thread 0x0000000021465800 Exception <a 'sun/nio/fs/WindowsException'> (0x00000000d7d1ce48) thrown at [C:\src\AOSP-openjdk-git\hotspot\src\share\vm\prims\jni.cpp, line 710]
Event: 2240.073 Thread 0x0000000021465800 Exception <a 'sun/nio/fs/WindowsException'> (0x00000000d7d25d30) thrown at [C:\src\AOSP-openjdk-git\hotspot\src\share\vm\prims\jni.cpp, line 710]
Event: 2240.075 Thread 0x0000000021465800 Exception <a 'sun/nio/fs/WindowsException'> (0x00000000d7d2f050) thrown at [C:\src\AOSP-openjdk-git\hotspot\src\share\vm\prims\jni.cpp, line 710]
Event: 2240.398 Thread 0x000000001cafb000 Exception <a 'sun/nio/fs/WindowsException'> (0x00000000d7ef6c38) thrown at [C:\src\AOSP-openjdk-git\hotspot\src\share\vm\prims\jni.cpp, line 710]

Events (10 events):
Event: 2240.786 Thread 0x0000000021d41000 DEOPT PACKING pc=0x00000000061d9a5d sp=0x000000003643e930
Event: 2240.786 Thread 0x0000000021d41000 DEOPT UNPACKING pc=0x0000000002ef75d0 sp=0x000000003643ee38 mode 0
Event: 2240.791 Thread 0x0000000017ae6800 flushing nmethod 0x0000000004459290
Event: 2240.791 Thread 0x0000000017ae6800 flushing nmethod 0x000000000445a9d0
Event: 2240.792 Thread 0x0000000017ae6800 flushing nmethod 0x00000000045dcb90
Event: 2240.792 Thread 0x0000000017ae6800 flushing nmethod 0x00000000045de190
Event: 2240.792 Thread 0x0000000021d41000 DEOPT PACKING pc=0x00000000061d9a5d sp=0x000000003643e920
Event: 2240.792 Thread 0x0000000021d41000 DEOPT UNPACKING pc=0x0000000002ef75d0 sp=0x000000003643ee28 mode 0
Event: 2240.793 Thread 0x0000000017ae6800 flushing nmethod 0x0000000004782910
Event: 2240.794 Thread 0x0000000017ae6800 flushing nmethod 0x00000000047cb610


Dynamic libraries:
0x00007ff66f310000 - 0x00007ff66f341000 	C:\Program Files\Android\Android Studio\jre\bin\java.exe
0x00007ff80c4b0000 - 0x00007ff80c6a5000 	C:\WINDOWS\SYSTEM32\ntdll.dll
0x00007ff80c3b0000 - 0x00007ff80c46d000 	C:\WINDOWS\System32\KERNEL32.DLL
0x00007ff809bf0000 - 0x00007ff809eb8000 	C:\WINDOWS\System32\KERNELBASE.dll
0x00007ff80bde0000 - 0x00007ff80be8c000 	C:\WINDOWS\System32\ADVAPI32.dll
0x00007ff80bbc0000 - 0x00007ff80bc5e000 	C:\WINDOWS\System32\msvcrt.dll
0x00007ff80ba90000 - 0x00007ff80bb2b000 	C:\WINDOWS\System32\sechost.dll
0x00007ff80c280000 - 0x00007ff80c3ab000 	C:\WINDOWS\System32\RPCRT4.dll
0x00007ff80b1d0000 - 0x00007ff80b370000 	C:\WINDOWS\System32\USER32.dll
0x00007ff809f70000 - 0x00007ff809f92000 	C:\WINDOWS\System32\win32u.dll
0x00007ff80a650000 - 0x00007ff80a67a000 	C:\WINDOWS\System32\GDI32.dll
0x00007ff80a020000 - 0x00007ff80a12b000 	C:\WINDOWS\System32\gdi32full.dll
0x00007ff80a310000 - 0x00007ff80a3ad000 	C:\WINDOWS\System32\msvcp_win.dll
0x00007ff80a410000 - 0x00007ff80a510000 	C:\WINDOWS\System32\ucrtbase.dll
0x00007ffff76e0000 - 0x00007ffff797a000 	C:\WINDOWS\WinSxS\amd64_microsoft.windows.common-controls_6595b64144ccf1df_6.0.19041.844_none_ca00b6081b84eb1d\COMCTL32.dll
0x00007ff80be90000 - 0x00007ff80bec0000 	C:\WINDOWS\System32\IMM32.DLL
0x0000000073560000 - 0x0000000073632000 	C:\Program Files\Android\Android Studio\jre\jre\bin\msvcr100.dll
0x0000000073640000 - 0x0000000073e8b000 	C:\Program Files\Android\Android Studio\jre\jre\bin\server\jvm.dll
0x00007ff80a820000 - 0x00007ff80a828000 	C:\WINDOWS\System32\PSAPI.DLL
0x00007ff8005b0000 - 0x00007ff8005d7000 	C:\WINDOWS\SYSTEM32\WINMM.dll
0x00007ff8021d0000 - 0x00007ff8021da000 	C:\WINDOWS\SYSTEM32\VERSION.dll
0x00007ff8040e0000 - 0x00007ff8040e9000 	C:\WINDOWS\SYSTEM32\WSOCK32.dll
0x00007ff80b370000 - 0x00007ff80b3db000 	C:\WINDOWS\System32\WS2_32.dll
0x00007ff801670000 - 0x00007ff80167f000 	C:\Program Files\Android\Android Studio\jre\jre\bin\verify.dll
0x00007fffffe20000 - 0x00007fffffe49000 	C:\Program Files\Android\Android Studio\jre\jre\bin\java.dll
0x00007fffffc00000 - 0x00007fffffc16000 	C:\Program Files\Android\Android Studio\jre\jre\bin\zip.dll
0x00007ff80a950000 - 0x00007ff80b092000 	C:\WINDOWS\System32\SHELL32.dll
0x00007ff807d30000 - 0x00007ff8084c1000 	C:\WINDOWS\SYSTEM32\windows.storage.dll
0x00007ff80bf20000 - 0x00007ff80c275000 	C:\WINDOWS\System32\combase.dll
0x00007ff809590000 - 0x00007ff8095bc000 	C:\WINDOWS\SYSTEM32\Wldp.dll
0x00007ff80a5a0000 - 0x00007ff80a64e000 	C:\WINDOWS\System32\SHCORE.dll
0x00007ff80a540000 - 0x00007ff80a595000 	C:\WINDOWS\System32\shlwapi.dll
0x00007ff809b30000 - 0x00007ff809b4f000 	C:\WINDOWS\SYSTEM32\profapi.dll
0x00007fffff9e0000 - 0x00007fffff9fa000 	C:\Program Files\Android\Android Studio\jre\jre\bin\net.dll
0x00007ff809300000 - 0x00007ff80936a000 	C:\WINDOWS\system32\mswsock.dll
0x00007fffff760000 - 0x00007fffff773000 	C:\Program Files\Android\Android Studio\jre\jre\bin\nio.dll
0x00007ff800210000 - 0x00007ff800237000 	C:\Users\rafae\.gradle\native\f6784746aeab05261644944871eae4fe03e0ef1612fff0a4a95f87b438bc6780\windows-amd64\native-platform.dll
0x00007fffff9d0000 - 0x00007fffff9dd000 	C:\Program Files\Android\Android Studio\jre\jre\bin\management.dll
0x00007ff8094d0000 - 0x00007ff8094e8000 	C:\WINDOWS\SYSTEM32\CRYPTSP.dll
0x00007ff808ca0000 - 0x00007ff808cd4000 	C:\WINDOWS\system32\rsaenh.dll
0x00007ff809fa0000 - 0x00007ff809fc7000 	C:\WINDOWS\System32\bcrypt.dll
0x00007ff809af0000 - 0x00007ff809b1e000 	C:\WINDOWS\SYSTEM32\USERENV.dll
0x00007ff80a130000 - 0x00007ff80a1b0000 	C:\WINDOWS\System32\bcryptprimitives.dll
0x00007ff8094f0000 - 0x00007ff8094fc000 	C:\WINDOWS\SYSTEM32\CRYPTBASE.dll
0x00007ff808ff0000 - 0x00007ff80902b000 	C:\WINDOWS\SYSTEM32\IPHLPAPI.DLL
0x00007ff80a510000 - 0x00007ff80a518000 	C:\WINDOWS\System32\NSI.dll
0x00007ff8040f0000 - 0x00007ff804107000 	C:\WINDOWS\SYSTEM32\dhcpcsvc6.DLL
0x00007ff8041f0000 - 0x00007ff80420d000 	C:\WINDOWS\SYSTEM32\dhcpcsvc.DLL
0x00007ff809030000 - 0x00007ff8090fc000 	C:\WINDOWS\SYSTEM32\DNSAPI.dll
0x00007ff804300000 - 0x00007ff80430b000 	C:\WINDOWS\SYSTEM32\WINNSI.DLL
0x00007ff806e20000 - 0x00007ff806e3e000 	C:\Users\rafae\AppData\Local\Temp\native-platform5175033513112187598dir\native-platform.dll

VM Arguments:
jvm_args: -Xmx2048m -Dfile.encoding=UTF-8 -Duser.country=BR -Duser.language=pt -Duser.variant 
java_command: org.gradle.launcher.daemon.bootstrap.GradleDaemon 6.5
java_class_path (initial): C:\Users\rafae\.gradle\wrapper\dists\gradle-6.5-all\2oz4ud9k3tuxjg84bbf55q0tn\gradle-6.5\lib\gradle-launcher-6.5.jar
Launcher Type: SUN_STANDARD

Environment Variables:
JAVA_HOME=C:\Program Files\Android\Android Studio\jre
PATH=C:\WINDOWS\system32;C:\WINDOWS;C:\WINDOWS\System32\Wbem;C:\WINDOWS\System32\WindowsPowerShell\v1.0\;C:\WINDOWS\System32\OpenSSH\;C:\Program Files\Java\jdk-16\bin;C:\Program Files\Git\cmd;C:\Program Files\dotnet\;C:\Users\rafae\AppData\Local\Microsoft\WindowsApps;C:\Program Files\JetBrains\IntelliJ IDEA Community Edition 2021.1\bin;;C:\Users\rafae\AppData\Local\GitHubDesktop\bin
USERNAME=Rafael
OS=Windows_NT
PROCESSOR_IDENTIFIER=Intel64 Family 6 Model 61 Stepping 4, GenuineIntel



---------------  S Y S T E M  ---------------

OS: Windows 10.0 , 64 bit Build 19041 (10.0.19041.928)

CPU:total 4 (initial active 4) (2 cores per cpu, 2 threads per core) family 6 model 61 stepping 4, cmov, cx8, fxsr, mmx, sse, sse2, sse3, ssse3, sse4.1, sse4.2, popcnt, avx, avx2, aes, clmul, erms, 3dnowpref, lzcnt, ht, tsc, tscinvbit, bmi1, bmi2, adx

Memory: 4k page, physical 8301016k(572724k free), swap 8301016k(5756k free)

vm_info: OpenJDK 64-Bit Server VM (25.242-b01) for windows-amd64 JRE (1.8.0_242-release-1644-b01), built by "builder" with MS VC++ 10.0 (VS2010)

time: Thu Apr 29 13:52:04 2021
timezone: Hora oficial do Brasil
elapsed time: 2240 seconds (0d 0h 37m 20s)

